Using MAPPING_STR=01010101, VERSION_DIR=v2
Running /platform/source/s01/v2/m01010101/m01010101_q10_t2.sh
Reading package lists... 0%Reading package lists... 0%Reading package lists... 0%Reading package lists... 6%Reading package lists... 6%Reading package lists... 6%Reading package lists... 6%Reading package lists... 61%Reading package lists... 61%Reading package lists... 61%Reading package lists... 61%Reading package lists... 75%Reading package lists... 75%Reading package lists... 75%Reading package lists... 75%Reading package lists... 82%Reading package lists... 82%Reading package lists... 82%Reading package lists... 82%Reading package lists... 82%Reading package lists... 82%Reading package lists... 82%Reading package lists... 82%Reading package lists... 94%Reading package lists... 94%Reading package lists... 94%Reading package lists... 94%Reading package lists... 99%Reading package lists... 99%Reading package lists... 99%Reading package lists... 99%Reading package lists... Done
Building dependency tree... 0%Building dependency tree... 0%Building dependency tree... 50%Building dependency tree... 50%Building dependency tree       
Reading state information... 0%Reading state information... 0%Reading state information... Done
python3 is already the newest version (3.8.2-0ubuntu2).
python3 set to manually installed.
python3-pip is already the newest version (20.0.2-5ubuntu1.9).
0 upgraded, 0 newly installed, 0 to remove and 0 not upgraded.
Requirement already satisfied: pandas in /usr/local/lib/python3.8/dist-packages (2.0.3)
Requirement already satisfied: numpy>=1.20.3; python_version < "3.10" in /usr/local/lib/python3.8/dist-packages (from pandas) (1.24.4)
Requirement already satisfied: tzdata>=2022.1 in /usr/local/lib/python3.8/dist-packages (from pandas) (2023.3)
Requirement already satisfied: pytz>=2020.1 in /usr/local/lib/python3.8/dist-packages (from pandas) (2023.3.post1)
Requirement already satisfied: python-dateutil>=2.8.2 in /usr/local/lib/python3.8/dist-packages (from pandas) (2.8.2)
Requirement already satisfied: six>=1.5 in /usr/local/lib/python3.8/dist-packages (from python-dateutil>=2.8.2->pandas) (1.16.0)
Collecting mysql-connector-python
  Downloading mysql_connector_python-8.2.0-py2.py3-none-any.whl (593 kB)
[?25l[K     |‚ñå                               | 10 kB 32.8 MB/s eta 0:00:01[K     |‚ñà                               | 20 kB 2.5 MB/s eta 0:00:01[K     |‚ñà‚ñã                              | 30 kB 3.6 MB/s eta 0:00:01[K     |‚ñà‚ñà‚ñè                             | 40 kB 2.5 MB/s eta 0:00:01[K     |‚ñà‚ñà‚ñä                             | 51 kB 2.7 MB/s eta 0:00:01[K     |‚ñà‚ñà‚ñà‚ñé                            | 61 kB 3.2 MB/s eta 0:00:01[K     |‚ñà‚ñà‚ñà‚ñâ                            | 71 kB 3.6 MB/s eta 0:00:01[K     |‚ñà‚ñà‚ñà‚ñà‚ñç                           | 81 kB 3.5 MB/s eta 0:00:01[K     |‚ñà‚ñà‚ñà‚ñà‚ñà                           | 92 kB 3.9 MB/s eta 0:00:01[K     |‚ñà‚ñà‚ñà‚ñà‚ñà‚ñå                          | 102 kB 4.0 MB/s eta 0:00:01[K     |‚ñà‚ñà‚ñà‚ñà‚ñà‚ñà                          | 112 kB 4.0 MB/s eta 0:00:01[K     |‚ñà‚ñà‚ñà‚ñà‚ñà‚ñà‚ñã                         | 122 kB 4.0 MB/s eta 0:00:01[K     |‚ñà‚ñà‚ñà‚ñà‚ñà‚ñà‚ñà‚ñè                        | 133 kB 4.0 MB/s eta 0:00:01[K     |‚ñà‚ñà‚ñà‚ñà‚ñà‚ñà‚ñà‚ñä                        | 143 kB 4.0 MB/s eta 0:00:01[K     |‚ñà‚ñà‚ñà‚ñà‚ñà‚ñà‚ñà‚ñà‚ñé                       | 153 kB 4.0 MB/s eta 0:00:01[K     |‚ñà‚ñà‚ñà‚ñà‚ñà‚ñà‚ñà‚ñà‚ñâ                       | 163 kB 4.0 MB/s eta 0:00:01[K     |‚ñà‚ñà‚ñà‚ñà‚ñà‚ñà‚ñà‚ñà‚ñà‚ñç                      | 174 kB 4.0 MB/s eta 0:00:01[K     |‚ñà‚ñà‚ñà‚ñà‚ñà‚ñà‚ñà‚ñà‚ñà‚ñà                      | 184 kB 4.0 MB/s eta 0:00:01[K     |‚ñà‚ñà‚ñà‚ñà‚ñà‚ñà‚ñà‚ñà‚ñà‚ñà‚ñå                     | 194 kB 4.0 MB/s eta 0:00:01[K     |‚ñà‚ñà‚ñà‚ñà‚ñà‚ñà‚ñà‚ñà‚ñà‚ñà‚ñà                     | 204 kB 4.0 MB/s eta 0:00:01[K     |‚ñà‚ñà‚ñà‚ñà‚ñà‚ñà‚ñà‚ñà‚ñà‚ñà‚ñà‚ñã                    | 215 kB 4.0 MB/s eta 0:00:01[K     |‚ñà‚ñà‚ñà‚ñà‚ñà‚ñà‚ñà‚ñà‚ñà‚ñà‚ñà‚ñà‚ñè                   | 225 kB 4.0 MB/s eta 0:00:01[K     |‚ñà‚ñà‚ñà‚ñà‚ñà‚ñà‚ñà‚ñà‚ñà‚ñà‚ñà‚ñà‚ñä                   | 235 kB 4.0 MB/s eta 0:00:01[K     |‚ñà‚ñà‚ñà‚ñà‚ñà‚ñà‚ñà‚ñà‚ñà‚ñà‚ñà‚ñà‚ñà‚ñé                  | 245 kB 4.0 MB/s eta 0:00:01[K     |‚ñà‚ñà‚ñà‚ñà‚ñà‚ñà‚ñà‚ñà‚ñà‚ñà‚ñà‚ñà‚ñà‚ñâ                  | 256 kB 4.0 MB/s eta 0:00:01[K     |‚ñà‚ñà‚ñà‚ñà‚ñà‚ñà‚ñà‚ñà‚ñà‚ñà‚ñà‚ñà‚ñà‚ñà‚ñç                 | 266 kB 4.0 MB/s eta 0:00:01[K     |‚ñà‚ñà‚ñà‚ñà‚ñà‚ñà‚ñà‚ñà‚ñà‚ñà‚ñà‚ñà‚ñà‚ñà‚ñà                 | 276 kB 4.0 MB/s eta 0:00:01[K     |‚ñà‚ñà‚ñà‚ñà‚ñà‚ñà‚ñà‚ñà‚ñà‚ñà‚ñà‚ñà‚ñà‚ñà‚ñà‚ñå                | 286 kB 4.0 MB/s eta 0:00:01[K     |‚ñà‚ñà‚ñà‚ñà‚ñà‚ñà‚ñà‚ñà‚ñà‚ñà‚ñà‚ñà‚ñà‚ñà‚ñà‚ñà                | 296 kB 4.0 MB/s eta 0:00:01[K     |‚ñà‚ñà‚ñà‚ñà‚ñà‚ñà‚ñà‚ñà‚ñà‚ñà‚ñà‚ñà‚ñà‚ñà‚ñà‚ñà‚ñã               | 307 kB 4.0 MB/s eta 0:00:01[K     |‚ñà‚ñà‚ñà‚ñà‚ñà‚ñà‚ñà‚ñà‚ñà‚ñà‚ñà‚ñà‚ñà‚ñà‚ñà‚ñà‚ñà‚ñè              | 317 kB 4.0 MB/s eta 0:00:01[K     |‚ñà‚ñà‚ñà‚ñà‚ñà‚ñà‚ñà‚ñà‚ñà‚ñà‚ñà‚ñà‚ñà‚ñà‚ñà‚ñà‚ñà‚ñä              | 327 kB 4.0 MB/s eta 0:00:01[K     |‚ñà‚ñà‚ñà‚ñà‚ñà‚ñà‚ñà‚ñà‚ñà‚ñà‚ñà‚ñà‚ñà‚ñà‚ñà‚ñà‚ñà‚ñà‚ñé             | 337 kB 4.0 MB/s eta 0:00:01[K     |‚ñà‚ñà‚ñà‚ñà‚ñà‚ñà‚ñà‚ñà‚ñà‚ñà‚ñà‚ñà‚ñà‚ñà‚ñà‚ñà‚ñà‚ñà‚ñä             | 348 kB 4.0 MB/s eta 0:00:01[K     |‚ñà‚ñà‚ñà‚ñà‚ñà‚ñà‚ñà‚ñà‚ñà‚ñà‚ñà‚ñà‚ñà‚ñà‚ñà‚ñà‚ñà‚ñà‚ñà‚ñé            | 358 kB 4.0 MB/s eta 0:00:01[K     |‚ñà‚ñà‚ñà‚ñà‚ñà‚ñà‚ñà‚ñà‚ñà‚ñà‚ñà‚ñà‚ñà‚ñà‚ñà‚ñà‚ñà‚ñà‚ñà‚ñâ            | 368 kB 4.0 MB/s eta 0:00:01[K     |‚ñà‚ñà‚ñà‚ñà‚ñà‚ñà‚ñà‚ñà‚ñà‚ñà‚ñà‚ñà‚ñà‚ñà‚ñà‚ñà‚ñà‚ñà‚ñà‚ñà‚ñç           | 378 kB 4.0 MB/s eta 0:00:01[K     |‚ñà‚ñà‚ñà‚ñà‚ñà‚ñà‚ñà‚ñà‚ñà‚ñà‚ñà‚ñà‚ñà‚ñà‚ñà‚ñà‚ñà‚ñà‚ñà‚ñà‚ñà           | 389 kB 4.0 MB/s eta 0:00:01[K     |‚ñà‚ñà‚ñà‚ñà‚ñà‚ñà‚ñà‚ñà‚ñà‚ñà‚ñà‚ñà‚ñà‚ñà‚ñà‚ñà‚ñà‚ñà‚ñà‚ñà‚ñà‚ñå          | 399 kB 4.0 MB/s eta 0:00:01[K     |‚ñà‚ñà‚ñà‚ñà‚ñà‚ñà‚ñà‚ñà‚ñà‚ñà‚ñà‚ñà‚ñà‚ñà‚ñà‚ñà‚ñà‚ñà‚ñà‚ñà‚ñà‚ñà          | 409 kB 4.0 MB/s eta 0:00:01[K     |‚ñà‚ñà‚ñà‚ñà‚ñà‚ñà‚ñà‚ñà‚ñà‚ñà‚ñà‚ñà‚ñà‚ñà‚ñà‚ñà‚ñà‚ñà‚ñà‚ñà‚ñà‚ñà‚ñã         | 419 kB 4.0 MB/s eta 0:00:01[K     |‚ñà‚ñà‚ñà‚ñà‚ñà‚ñà‚ñà‚ñà‚ñà‚ñà‚ñà‚ñà‚ñà‚ñà‚ñà‚ñà‚ñà‚ñà‚ñà‚ñà‚ñà‚ñà‚ñà‚ñè        | 430 kB 4.0 MB/s eta 0:00:01[K     |‚ñà‚ñà‚ñà‚ñà‚ñà‚ñà‚ñà‚ñà‚ñà‚ñà‚ñà‚ñà‚ñà‚ñà‚ñà‚ñà‚ñà‚ñà‚ñà‚ñà‚ñà‚ñà‚ñà‚ñä        | 440 kB 4.0 MB/s eta 0:00:01[K     |‚ñà‚ñà‚ñà‚ñà‚ñà‚ñà‚ñà‚ñà‚ñà‚ñà‚ñà‚ñà‚ñà‚ñà‚ñà‚ñà‚ñà‚ñà‚ñà‚ñà‚ñà‚ñà‚ñà‚ñà‚ñé       | 450 kB 4.0 MB/s eta 0:00:01[K     |‚ñà‚ñà‚ñà‚ñà‚ñà‚ñà‚ñà‚ñà‚ñà‚ñà‚ñà‚ñà‚ñà‚ñà‚ñà‚ñà‚ñà‚ñà‚ñà‚ñà‚ñà‚ñà‚ñà‚ñà‚ñâ       | 460 kB 4.0 MB/s eta 0:00:01[K     |‚ñà‚ñà‚ñà‚ñà‚ñà‚ñà‚ñà‚ñà‚ñà‚ñà‚ñà‚ñà‚ñà‚ñà‚ñà‚ñà‚ñà‚ñà‚ñà‚ñà‚ñà‚ñà‚ñà‚ñà‚ñà‚ñç      | 471 kB 4.0 MB/s eta 0:00:01[K     |‚ñà‚ñà‚ñà‚ñà‚ñà‚ñà‚ñà‚ñà‚ñà‚ñà‚ñà‚ñà‚ñà‚ñà‚ñà‚ñà‚ñà‚ñà‚ñà‚ñà‚ñà‚ñà‚ñà‚ñà‚ñà‚ñà      | 481 kB 4.0 MB/s eta 0:00:01[K     |‚ñà‚ñà‚ñà‚ñà‚ñà‚ñà‚ñà‚ñà‚ñà‚ñà‚ñà‚ñà‚ñà‚ñà‚ñà‚ñà‚ñà‚ñà‚ñà‚ñà‚ñà‚ñà‚ñà‚ñà‚ñà‚ñà‚ñå     | 491 kB 4.0 MB/s eta 0:00:01[K     |‚ñà‚ñà‚ñà‚ñà‚ñà‚ñà‚ñà‚ñà‚ñà‚ñà‚ñà‚ñà‚ñà‚ñà‚ñà‚ñà‚ñà‚ñà‚ñà‚ñà‚ñà‚ñà‚ñà‚ñà‚ñà‚ñà‚ñà     | 501 kB 4.0 MB/s eta 0:00:01[K     |‚ñà‚ñà‚ñà‚ñà‚ñà‚ñà‚ñà‚ñà‚ñà‚ñà‚ñà‚ñà‚ñà‚ñà‚ñà‚ñà‚ñà‚ñà‚ñà‚ñà‚ñà‚ñà‚ñà‚ñà‚ñà‚ñà‚ñà‚ñã    | 512 kB 4.0 MB/s eta 0:00:01[K     |‚ñà‚ñà‚ñà‚ñà‚ñà‚ñà‚ñà‚ñà‚ñà‚ñà‚ñà‚ñà‚ñà‚ñà‚ñà‚ñà‚ñà‚ñà‚ñà‚ñà‚ñà‚ñà‚ñà‚ñà‚ñà‚ñà‚ñà‚ñà‚ñè   | 522 kB 4.0 MB/s eta 0:00:01[K     |‚ñà‚ñà‚ñà‚ñà‚ñà‚ñà‚ñà‚ñà‚ñà‚ñà‚ñà‚ñà‚ñà‚ñà‚ñà‚ñà‚ñà‚ñà‚ñà‚ñà‚ñà‚ñà‚ñà‚ñà‚ñà‚ñà‚ñà‚ñà‚ñä   | 532 kB 4.0 MB/s eta 0:00:01[K     |‚ñà‚ñà‚ñà‚ñà‚ñà‚ñà‚ñà‚ñà‚ñà‚ñà‚ñà‚ñà‚ñà‚ñà‚ñà‚ñà‚ñà‚ñà‚ñà‚ñà‚ñà‚ñà‚ñà‚ñà‚ñà‚ñà‚ñà‚ñà‚ñà‚ñé  | 542 kB 4.0 MB/s eta 0:00:01[K     |‚ñà‚ñà‚ñà‚ñà‚ñà‚ñà‚ñà‚ñà‚ñà‚ñà‚ñà‚ñà‚ñà‚ñà‚ñà‚ñà‚ñà‚ñà‚ñà‚ñà‚ñà‚ñà‚ñà‚ñà‚ñà‚ñà‚ñà‚ñà‚ñà‚ñâ  | 552 kB 4.0 MB/s eta 0:00:01[K     |‚ñà‚ñà‚ñà‚ñà‚ñà‚ñà‚ñà‚ñà‚ñà‚ñà‚ñà‚ñà‚ñà‚ñà‚ñà‚ñà‚ñà‚ñà‚ñà‚ñà‚ñà‚ñà‚ñà‚ñà‚ñà‚ñà‚ñà‚ñà‚ñà‚ñà‚ñç | 563 kB 4.0 MB/s eta 0:00:01[K     |‚ñà‚ñà‚ñà‚ñà‚ñà‚ñà‚ñà‚ñà‚ñà‚ñà‚ñà‚ñà‚ñà‚ñà‚ñà‚ñà‚ñà‚ñà‚ñà‚ñà‚ñà‚ñà‚ñà‚ñà‚ñà‚ñà‚ñà‚ñà‚ñà‚ñà‚ñà | 573 kB 4.0 MB/s eta 0:00:01[K     |‚ñà‚ñà‚ñà‚ñà‚ñà‚ñà‚ñà‚ñà‚ñà‚ñà‚ñà‚ñà‚ñà‚ñà‚ñà‚ñà‚ñà‚ñà‚ñà‚ñà‚ñà‚ñà‚ñà‚ñà‚ñà‚ñà‚ñà‚ñà‚ñà‚ñà‚ñà‚ñå| 583 kB 4.0 MB/s eta 0:00:01[K     |‚ñà‚ñà‚ñà‚ñà‚ñà‚ñà‚ñà‚ñà‚ñà‚ñà‚ñà‚ñà‚ñà‚ñà‚ñà‚ñà‚ñà‚ñà‚ñà‚ñà‚ñà‚ñà‚ñà‚ñà‚ñà‚ñà‚ñà‚ñà‚ñà‚ñà‚ñà‚ñà| 593 kB 4.0 MB/s 
[?25hCollecting protobuf<=4.21.12,>=4.21.1
  Downloading protobuf-4.21.12-cp37-abi3-manylinux2014_aarch64.whl (405 kB)
[?25l[K     |‚ñâ                               | 10 kB 4.7 MB/s eta 0:00:01[K     |‚ñà‚ñã                              | 20 kB 6.8 MB/s eta 0:00:01[K     |‚ñà‚ñà‚ñç                             | 30 kB 10.0 MB/s eta 0:00:01[K     |‚ñà‚ñà‚ñà‚ñé                            | 40 kB 8.2 MB/s eta 0:00:01[K     |‚ñà‚ñà‚ñà‚ñà                            | 51 kB 10.1 MB/s eta 0:00:01[K     |‚ñà‚ñà‚ñà‚ñà‚ñâ                           | 61 kB 12.0 MB/s eta 0:00:01[K     |‚ñà‚ñà‚ñà‚ñà‚ñà‚ñã                          | 71 kB 7.4 MB/s eta 0:00:01[K     |‚ñà‚ñà‚ñà‚ñà‚ñà‚ñà‚ñå                         | 81 kB 8.4 MB/s eta 0:00:01[K     |‚ñà‚ñà‚ñà‚ñà‚ñà‚ñà‚ñà‚ñé                        | 92 kB 9.4 MB/s eta 0:00:01[K     |‚ñà‚ñà‚ñà‚ñà‚ñà‚ñà‚ñà‚ñà                        | 102 kB 8.2 MB/s eta 0:00:01[K     |‚ñà‚ñà‚ñà‚ñà‚ñà‚ñà‚ñà‚ñà‚ñà                       | 112 kB 8.2 MB/s eta 0:00:01[K     |‚ñà‚ñà‚ñà‚ñà‚ñà‚ñà‚ñà‚ñà‚ñà‚ñä                      | 122 kB 8.2 MB/s eta 0:00:01[K     |‚ñà‚ñà‚ñà‚ñà‚ñà‚ñà‚ñà‚ñà‚ñà‚ñà‚ñå                     | 133 kB 8.2 MB/s eta 0:00:01[K     |‚ñà‚ñà‚ñà‚ñà‚ñà‚ñà‚ñà‚ñà‚ñà‚ñà‚ñà‚ñé                    | 143 kB 8.2 MB/s eta 0:00:01[K     |‚ñà‚ñà‚ñà‚ñà‚ñà‚ñà‚ñà‚ñà‚ñà‚ñà‚ñà‚ñà‚ñè                   | 153 kB 8.2 MB/s eta 0:00:01[K     |‚ñà‚ñà‚ñà‚ñà‚ñà‚ñà‚ñà‚ñà‚ñà‚ñà‚ñà‚ñà‚ñà                   | 163 kB 8.2 MB/s eta 0:00:01[K     |‚ñà‚ñà‚ñà‚ñà‚ñà‚ñà‚ñà‚ñà‚ñà‚ñà‚ñà‚ñà‚ñà‚ñä                  | 174 kB 8.2 MB/s eta 0:00:01[K     |‚ñà‚ñà‚ñà‚ñà‚ñà‚ñà‚ñà‚ñà‚ñà‚ñà‚ñà‚ñà‚ñà‚ñà‚ñã                 | 184 kB 8.2 MB/s eta 0:00:01[K     |‚ñà‚ñà‚ñà‚ñà‚ñà‚ñà‚ñà‚ñà‚ñà‚ñà‚ñà‚ñà‚ñà‚ñà‚ñà‚ñç                | 194 kB 8.2 MB/s eta 0:00:01[K     |‚ñà‚ñà‚ñà‚ñà‚ñà‚ñà‚ñà‚ñà‚ñà‚ñà‚ñà‚ñà‚ñà‚ñà‚ñà‚ñà‚ñè               | 204 kB 8.2 MB/s eta 0:00:01[K     |‚ñà‚ñà‚ñà‚ñà‚ñà‚ñà‚ñà‚ñà‚ñà‚ñà‚ñà‚ñà‚ñà‚ñà‚ñà‚ñà‚ñà               | 215 kB 8.2 MB/s eta 0:00:01[K     |‚ñà‚ñà‚ñà‚ñà‚ñà‚ñà‚ñà‚ñà‚ñà‚ñà‚ñà‚ñà‚ñà‚ñà‚ñà‚ñà‚ñà‚ñâ              | 225 kB 8.2 MB/s eta 0:00:01[K     |‚ñà‚ñà‚ñà‚ñà‚ñà‚ñà‚ñà‚ñà‚ñà‚ñà‚ñà‚ñà‚ñà‚ñà‚ñà‚ñà‚ñà‚ñà‚ñã             | 235 kB 8.2 MB/s eta 0:00:01[K     |‚ñà‚ñà‚ñà‚ñà‚ñà‚ñà‚ñà‚ñà‚ñà‚ñà‚ñà‚ñà‚ñà‚ñà‚ñà‚ñà‚ñà‚ñà‚ñà‚ñç            | 245 kB 8.2 MB/s eta 0:00:01[K     |‚ñà‚ñà‚ñà‚ñà‚ñà‚ñà‚ñà‚ñà‚ñà‚ñà‚ñà‚ñà‚ñà‚ñà‚ñà‚ñà‚ñà‚ñà‚ñà‚ñà‚ñè           | 256 kB 8.2 MB/s eta 0:00:01[K     |‚ñà‚ñà‚ñà‚ñà‚ñà‚ñà‚ñà‚ñà‚ñà‚ñà‚ñà‚ñà‚ñà‚ñà‚ñà‚ñà‚ñà‚ñà‚ñà‚ñà‚ñà           | 266 kB 8.2 MB/s eta 0:00:01[K     |‚ñà‚ñà‚ñà‚ñà‚ñà‚ñà‚ñà‚ñà‚ñà‚ñà‚ñà‚ñà‚ñà‚ñà‚ñà‚ñà‚ñà‚ñà‚ñà‚ñà‚ñà‚ñâ          | 276 kB 8.2 MB/s eta 0:00:01[K     |‚ñà‚ñà‚ñà‚ñà‚ñà‚ñà‚ñà‚ñà‚ñà‚ñà‚ñà‚ñà‚ñà‚ñà‚ñà‚ñà‚ñà‚ñà‚ñà‚ñà‚ñà‚ñà‚ñã         | 286 kB 8.2 MB/s eta 0:00:01[K     |‚ñà‚ñà‚ñà‚ñà‚ñà‚ñà‚ñà‚ñà‚ñà‚ñà‚ñà‚ñà‚ñà‚ñà‚ñà‚ñà‚ñà‚ñà‚ñà‚ñà‚ñà‚ñà‚ñà‚ñå        | 296 kB 8.2 MB/s eta 0:00:01[K     |‚ñà‚ñà‚ñà‚ñà‚ñà‚ñà‚ñà‚ñà‚ñà‚ñà‚ñà‚ñà‚ñà‚ñà‚ñà‚ñà‚ñà‚ñà‚ñà‚ñà‚ñà‚ñà‚ñà‚ñà‚ñé       | 307 kB 8.2 MB/s eta 0:00:01[K     |‚ñà‚ñà‚ñà‚ñà‚ñà‚ñà‚ñà‚ñà‚ñà‚ñà‚ñà‚ñà‚ñà‚ñà‚ñà‚ñà‚ñà‚ñà‚ñà‚ñà‚ñà‚ñà‚ñà‚ñà‚ñà       | 317 kB 8.2 MB/s eta 0:00:01[K     |‚ñà‚ñà‚ñà‚ñà‚ñà‚ñà‚ñà‚ñà‚ñà‚ñà‚ñà‚ñà‚ñà‚ñà‚ñà‚ñà‚ñà‚ñà‚ñà‚ñà‚ñà‚ñà‚ñà‚ñà‚ñà‚ñâ      | 327 kB 8.2 MB/s eta 0:00:01[K     |‚ñà‚ñà‚ñà‚ñà‚ñà‚ñà‚ñà‚ñà‚ñà‚ñà‚ñà‚ñà‚ñà‚ñà‚ñà‚ñà‚ñà‚ñà‚ñà‚ñà‚ñà‚ñà‚ñà‚ñà‚ñà‚ñà‚ñä     | 337 kB 8.2 MB/s eta 0:00:01[K     |‚ñà‚ñà‚ñà‚ñà‚ñà‚ñà‚ñà‚ñà‚ñà‚ñà‚ñà‚ñà‚ñà‚ñà‚ñà‚ñà‚ñà‚ñà‚ñà‚ñà‚ñà‚ñà‚ñà‚ñà‚ñà‚ñà‚ñà‚ñå    | 348 kB 8.2 MB/s eta 0:00:01[K     |‚ñà‚ñà‚ñà‚ñà‚ñà‚ñà‚ñà‚ñà‚ñà‚ñà‚ñà‚ñà‚ñà‚ñà‚ñà‚ñà‚ñà‚ñà‚ñà‚ñà‚ñà‚ñà‚ñà‚ñà‚ñà‚ñà‚ñà‚ñà‚ñé   | 358 kB 8.2 MB/s eta 0:00:01[K     |‚ñà‚ñà‚ñà‚ñà‚ñà‚ñà‚ñà‚ñà‚ñà‚ñà‚ñà‚ñà‚ñà‚ñà‚ñà‚ñà‚ñà‚ñà‚ñà‚ñà‚ñà‚ñà‚ñà‚ñà‚ñà‚ñà‚ñà‚ñà‚ñà‚ñè  | 368 kB 8.2 MB/s eta 0:00:01[K     |‚ñà‚ñà‚ñà‚ñà‚ñà‚ñà‚ñà‚ñà‚ñà‚ñà‚ñà‚ñà‚ñà‚ñà‚ñà‚ñà‚ñà‚ñà‚ñà‚ñà‚ñà‚ñà‚ñà‚ñà‚ñà‚ñà‚ñà‚ñà‚ñà‚ñà  | 378 kB 8.2 MB/s eta 0:00:01[K     |‚ñà‚ñà‚ñà‚ñà‚ñà‚ñà‚ñà‚ñà‚ñà‚ñà‚ñà‚ñà‚ñà‚ñà‚ñà‚ñà‚ñà‚ñà‚ñà‚ñà‚ñà‚ñà‚ñà‚ñà‚ñà‚ñà‚ñà‚ñà‚ñà‚ñà‚ñä | 389 kB 8.2 MB/s eta 0:00:01[K     |‚ñà‚ñà‚ñà‚ñà‚ñà‚ñà‚ñà‚ñà‚ñà‚ñà‚ñà‚ñà‚ñà‚ñà‚ñà‚ñà‚ñà‚ñà‚ñà‚ñà‚ñà‚ñà‚ñà‚ñà‚ñà‚ñà‚ñà‚ñà‚ñà‚ñà‚ñà‚ñå| 399 kB 8.2 MB/s eta 0:00:01[K     |‚ñà‚ñà‚ñà‚ñà‚ñà‚ñà‚ñà‚ñà‚ñà‚ñà‚ñà‚ñà‚ñà‚ñà‚ñà‚ñà‚ñà‚ñà‚ñà‚ñà‚ñà‚ñà‚ñà‚ñà‚ñà‚ñà‚ñà‚ñà‚ñà‚ñà‚ñà‚ñà| 405 kB 8.2 MB/s 
[?25hInstalling collected packages: protobuf, mysql-connector-python
Successfully installed mysql-connector-python-8.2.0 protobuf-4.21.12
Requirement already satisfied: pymongo in /usr/local/lib/python3.8/dist-packages (4.6.0)
Requirement already satisfied: dnspython<3.0.0,>=1.16.0 in /usr/local/lib/python3.8/dist-packages (from pymongo) (2.4.2)
Collecting sqlalchemy
  Downloading SQLAlchemy-2.0.23-cp38-cp38-manylinux_2_17_aarch64.manylinux2014_aarch64.whl (3.1 MB)
[?25l[K     |                                | 10 kB 30.0 MB/s eta 0:00:01[K     |‚ñè                               | 20 kB 10.4 MB/s eta 0:00:01[K     |‚ñé                               | 30 kB 14.5 MB/s eta 0:00:01[K     |‚ñç                               | 40 kB 3.3 MB/s eta 0:00:01[K     |‚ñå                               | 51 kB 3.7 MB/s eta 0:00:01[K     |‚ñã                               | 61 kB 4.4 MB/s eta 0:00:01[K     |‚ñä                               | 71 kB 4.6 MB/s eta 0:00:01[K     |‚ñâ                               | 81 kB 5.1 MB/s eta 0:00:01[K     |‚ñà                               | 92 kB 5.6 MB/s eta 0:00:01[K     |‚ñà                               | 102 kB 5.2 MB/s eta 0:00:01[K     |‚ñà‚ñè                              | 112 kB 5.2 MB/s eta 0:00:01[K     |‚ñà‚ñé                              | 122 kB 5.2 MB/s eta 0:00:01[K     |‚ñà‚ñç                              | 133 kB 5.2 MB/s eta 0:00:01[K     |‚ñà‚ñå                              | 143 kB 5.2 MB/s eta 0:00:01[K     |‚ñà‚ñã                              | 153 kB 5.2 MB/s eta 0:00:01[K     |‚ñà‚ñä                              | 163 kB 5.2 MB/s eta 0:00:01[K     |‚ñà‚ñâ                              | 174 kB 5.2 MB/s eta 0:00:01[K     |‚ñà‚ñà                              | 184 kB 5.2 MB/s eta 0:00:01[K     |‚ñà‚ñà                              | 194 kB 5.2 MB/s eta 0:00:01[K     |‚ñà‚ñà‚ñè                             | 204 kB 5.2 MB/s eta 0:00:01[K     |‚ñà‚ñà‚ñé                             | 215 kB 5.2 MB/s eta 0:00:01[K     |‚ñà‚ñà‚ñç                             | 225 kB 5.2 MB/s eta 0:00:01[K     |‚ñà‚ñà‚ñå                             | 235 kB 5.2 MB/s eta 0:00:01[K     |‚ñà‚ñà‚ñã                             | 245 kB 5.2 MB/s eta 0:00:01[K     |‚ñà‚ñà‚ñä                             | 256 kB 5.2 MB/s eta 0:00:01[K     |‚ñà‚ñà‚ñâ                             | 266 kB 5.2 MB/s eta 0:00:01[K     |‚ñà‚ñà‚ñà                             | 276 kB 5.2 MB/s eta 0:00:01[K     |‚ñà‚ñà‚ñà                             | 286 kB 5.2 MB/s eta 0:00:01[K     |‚ñà‚ñà‚ñà                             | 296 kB 5.2 MB/s eta 0:00:01[K     |‚ñà‚ñà‚ñà‚ñè                            | 307 kB 5.2 MB/s eta 0:00:01[K     |‚ñà‚ñà‚ñà‚ñé                            | 317 kB 5.2 MB/s eta 0:00:01[K     |‚ñà‚ñà‚ñà‚ñç                            | 327 kB 5.2 MB/s eta 0:00:01[K     |‚ñà‚ñà‚ñà‚ñå                            | 337 kB 5.2 MB/s eta 0:00:01[K     |‚ñà‚ñà‚ñà‚ñã                            | 348 kB 5.2 MB/s eta 0:00:01[K     |‚ñà‚ñà‚ñà‚ñä                            | 358 kB 5.2 MB/s eta 0:00:01[K     |‚ñà‚ñà‚ñà‚ñâ                            | 368 kB 5.2 MB/s eta 0:00:01[K     |‚ñà‚ñà‚ñà‚ñà                            | 378 kB 5.2 MB/s eta 0:00:01[K     |‚ñà‚ñà‚ñà‚ñà                            | 389 kB 5.2 MB/s eta 0:00:01[K     |‚ñà‚ñà‚ñà‚ñà‚ñè                           | 399 kB 5.2 MB/s eta 0:00:01[K     |‚ñà‚ñà‚ñà‚ñà‚ñé                           | 409 kB 5.2 MB/s eta 0:00:01[K     |‚ñà‚ñà‚ñà‚ñà‚ñç                           | 419 kB 5.2 MB/s eta 0:00:01[K     |‚ñà‚ñà‚ñà‚ñà‚ñå                           | 430 kB 5.2 MB/s eta 0:00:01[K     |‚ñà‚ñà‚ñà‚ñà‚ñã                           | 440 kB 5.2 MB/s eta 0:00:01[K     |‚ñà‚ñà‚ñà‚ñà‚ñä                           | 450 kB 5.2 MB/s eta 0:00:01[K     |‚ñà‚ñà‚ñà‚ñà‚ñâ                           | 460 kB 5.2 MB/s eta 0:00:01[K     |‚ñà‚ñà‚ñà‚ñà‚ñà                           | 471 kB 5.2 MB/s eta 0:00:01[K     |‚ñà‚ñà‚ñà‚ñà‚ñà                           | 481 kB 5.2 MB/s eta 0:00:01[K     |‚ñà‚ñà‚ñà‚ñà‚ñà‚ñè                          | 491 kB 5.2 MB/s eta 0:00:01[K     |‚ñà‚ñà‚ñà‚ñà‚ñà‚ñé                          | 501 kB 5.2 MB/s eta 0:00:01[K     |‚ñà‚ñà‚ñà‚ñà‚ñà‚ñç                          | 512 kB 5.2 MB/s eta 0:00:01[K     |‚ñà‚ñà‚ñà‚ñà‚ñà‚ñå                          | 522 kB 5.2 MB/s eta 0:00:01[K     |‚ñà‚ñà‚ñà‚ñà‚ñà‚ñã                          | 532 kB 5.2 MB/s eta 0:00:01[K     |‚ñà‚ñà‚ñà‚ñà‚ñà‚ñä                          | 542 kB 5.2 MB/s eta 0:00:01[K     |‚ñà‚ñà‚ñà‚ñà‚ñà‚ñâ                          | 552 kB 5.2 MB/s eta 0:00:01[K     |‚ñà‚ñà‚ñà‚ñà‚ñà‚ñâ                          | 563 kB 5.2 MB/s eta 0:00:01[K     |‚ñà‚ñà‚ñà‚ñà‚ñà‚ñà                          | 573 kB 5.2 MB/s eta 0:00:01[K     |‚ñà‚ñà‚ñà‚ñà‚ñà‚ñà                          | 583 kB 5.2 MB/s eta 0:00:01[K     |‚ñà‚ñà‚ñà‚ñà‚ñà‚ñà‚ñè                         | 593 kB 5.2 MB/s eta 0:00:01[K     |‚ñà‚ñà‚ñà‚ñà‚ñà‚ñà‚ñé                         | 604 kB 5.2 MB/s eta 0:00:01[K     |‚ñà‚ñà‚ñà‚ñà‚ñà‚ñà‚ñç                         | 614 kB 5.2 MB/s eta 0:00:01[K     |‚ñà‚ñà‚ñà‚ñà‚ñà‚ñà‚ñå                         | 624 kB 5.2 MB/s eta 0:00:01[K     |‚ñà‚ñà‚ñà‚ñà‚ñà‚ñà‚ñã                         | 634 kB 5.2 MB/s eta 0:00:01[K     |‚ñà‚ñà‚ñà‚ñà‚ñà‚ñà‚ñä                         | 645 kB 5.2 MB/s eta 0:00:01[K     |‚ñà‚ñà‚ñà‚ñà‚ñà‚ñà‚ñâ                         | 655 kB 5.2 MB/s eta 0:00:01[K     |‚ñà‚ñà‚ñà‚ñà‚ñà‚ñà‚ñà                         | 665 kB 5.2 MB/s eta 0:00:01[K     |‚ñà‚ñà‚ñà‚ñà‚ñà‚ñà‚ñà                         | 675 kB 5.2 MB/s eta 0:00:01[K     |‚ñà‚ñà‚ñà‚ñà‚ñà‚ñà‚ñà‚ñè                        | 686 kB 5.2 MB/s eta 0:00:01[K     |‚ñà‚ñà‚ñà‚ñà‚ñà‚ñà‚ñà‚ñé                        | 696 kB 5.2 MB/s eta 0:00:01[K     |‚ñà‚ñà‚ñà‚ñà‚ñà‚ñà‚ñà‚ñç                        | 706 kB 5.2 MB/s eta 0:00:01[K     |‚ñà‚ñà‚ñà‚ñà‚ñà‚ñà‚ñà‚ñå                        | 716 kB 5.2 MB/s eta 0:00:01[K     |‚ñà‚ñà‚ñà‚ñà‚ñà‚ñà‚ñà‚ñã                        | 727 kB 5.2 MB/s eta 0:00:01[K     |‚ñà‚ñà‚ñà‚ñà‚ñà‚ñà‚ñà‚ñä                        | 737 kB 5.2 MB/s eta 0:00:01[K     |‚ñà‚ñà‚ñà‚ñà‚ñà‚ñà‚ñà‚ñâ                        | 747 kB 5.2 MB/s eta 0:00:01[K     |‚ñà‚ñà‚ñà‚ñà‚ñà‚ñà‚ñà‚ñà                        | 757 kB 5.2 MB/s eta 0:00:01[K     |‚ñà‚ñà‚ñà‚ñà‚ñà‚ñà‚ñà‚ñà                        | 768 kB 5.2 MB/s eta 0:00:01[K     |‚ñà‚ñà‚ñà‚ñà‚ñà‚ñà‚ñà‚ñà‚ñè                       | 778 kB 5.2 MB/s eta 0:00:01[K     |‚ñà‚ñà‚ñà‚ñà‚ñà‚ñà‚ñà‚ñà‚ñé                       | 788 kB 5.2 MB/s eta 0:00:01[K     |‚ñà‚ñà‚ñà‚ñà‚ñà‚ñà‚ñà‚ñà‚ñç                       | 798 kB 5.2 MB/s eta 0:00:01[K     |‚ñà‚ñà‚ñà‚ñà‚ñà‚ñà‚ñà‚ñà‚ñå                       | 808 kB 5.2 MB/s eta 0:00:01[K     |‚ñà‚ñà‚ñà‚ñà‚ñà‚ñà‚ñà‚ñà‚ñã                       | 819 kB 5.2 MB/s eta 0:00:01[K     |‚ñà‚ñà‚ñà‚ñà‚ñà‚ñà‚ñà‚ñà‚ñä                       | 829 kB 5.2 MB/s eta 0:00:01[K     |‚ñà‚ñà‚ñà‚ñà‚ñà‚ñà‚ñà‚ñà‚ñâ                       | 839 kB 5.2 MB/s eta 0:00:01[K     |‚ñà‚ñà‚ñà‚ñà‚ñà‚ñà‚ñà‚ñà‚ñâ                       | 849 kB 5.2 MB/s eta 0:00:01[K     |‚ñà‚ñà‚ñà‚ñà‚ñà‚ñà‚ñà‚ñà‚ñà                       | 860 kB 5.2 MB/s eta 0:00:01[K     |‚ñà‚ñà‚ñà‚ñà‚ñà‚ñà‚ñà‚ñà‚ñà                       | 870 kB 5.2 MB/s eta 0:00:01[K     |‚ñà‚ñà‚ñà‚ñà‚ñà‚ñà‚ñà‚ñà‚ñà‚ñè                      | 880 kB 5.2 MB/s eta 0:00:01[K     |‚ñà‚ñà‚ñà‚ñà‚ñà‚ñà‚ñà‚ñà‚ñà‚ñé                      | 890 kB 5.2 MB/s eta 0:00:01[K     |‚ñà‚ñà‚ñà‚ñà‚ñà‚ñà‚ñà‚ñà‚ñà‚ñç                      | 901 kB 5.2 MB/s eta 0:00:01[K     |‚ñà‚ñà‚ñà‚ñà‚ñà‚ñà‚ñà‚ñà‚ñà‚ñå                      | 911 kB 5.2 MB/s eta 0:00:01[K     |‚ñà‚ñà‚ñà‚ñà‚ñà‚ñà‚ñà‚ñà‚ñà‚ñã                      | 921 kB 5.2 MB/s eta 0:00:01[K     |‚ñà‚ñà‚ñà‚ñà‚ñà‚ñà‚ñà‚ñà‚ñà‚ñä                      | 931 kB 5.2 MB/s eta 0:00:01[K     |‚ñà‚ñà‚ñà‚ñà‚ñà‚ñà‚ñà‚ñà‚ñà‚ñâ                      | 942 kB 5.2 MB/s eta 0:00:01[K     |‚ñà‚ñà‚ñà‚ñà‚ñà‚ñà‚ñà‚ñà‚ñà‚ñà                      | 952 kB 5.2 MB/s eta 0:00:01[K     |‚ñà‚ñà‚ñà‚ñà‚ñà‚ñà‚ñà‚ñà‚ñà‚ñà                      | 962 kB 5.2 MB/s eta 0:00:01[K     |‚ñà‚ñà‚ñà‚ñà‚ñà‚ñà‚ñà‚ñà‚ñà‚ñà‚ñè                     | 972 kB 5.2 MB/s eta 0:00:01[K     |‚ñà‚ñà‚ñà‚ñà‚ñà‚ñà‚ñà‚ñà‚ñà‚ñà‚ñé                     | 983 kB 5.2 MB/s eta 0:00:01[K     |‚ñà‚ñà‚ñà‚ñà‚ñà‚ñà‚ñà‚ñà‚ñà‚ñà‚ñç                     | 993 kB 5.2 MB/s eta 0:00:01[K     |‚ñà‚ñà‚ñà‚ñà‚ñà‚ñà‚ñà‚ñà‚ñà‚ñà‚ñå                     | 1.0 MB 5.2 MB/s eta 0:00:01[K     |‚ñà‚ñà‚ñà‚ñà‚ñà‚ñà‚ñà‚ñà‚ñà‚ñà‚ñã                     | 1.0 MB 5.2 MB/s eta 0:00:01[K     |‚ñà‚ñà‚ñà‚ñà‚ñà‚ñà‚ñà‚ñà‚ñà‚ñà‚ñä                     | 1.0 MB 5.2 MB/s eta 0:00:01[K     |‚ñà‚ñà‚ñà‚ñà‚ñà‚ñà‚ñà‚ñà‚ñà‚ñà‚ñâ                     | 1.0 MB 5.2 MB/s eta 0:00:01[K     |‚ñà‚ñà‚ñà‚ñà‚ñà‚ñà‚ñà‚ñà‚ñà‚ñà‚ñà                     | 1.0 MB 5.2 MB/s eta 0:00:01[K     |‚ñà‚ñà‚ñà‚ñà‚ñà‚ñà‚ñà‚ñà‚ñà‚ñà‚ñà                     | 1.1 MB 5.2 MB/s eta 0:00:01[K     |‚ñà‚ñà‚ñà‚ñà‚ñà‚ñà‚ñà‚ñà‚ñà‚ñà‚ñà‚ñè                    | 1.1 MB 5.2 MB/s eta 0:00:01[K     |‚ñà‚ñà‚ñà‚ñà‚ñà‚ñà‚ñà‚ñà‚ñà‚ñà‚ñà‚ñé                    | 1.1 MB 5.2 MB/s eta 0:00:01[K     |‚ñà‚ñà‚ñà‚ñà‚ñà‚ñà‚ñà‚ñà‚ñà‚ñà‚ñà‚ñç                    | 1.1 MB 5.2 MB/s eta 0:00:01[K     |‚ñà‚ñà‚ñà‚ñà‚ñà‚ñà‚ñà‚ñà‚ñà‚ñà‚ñà‚ñå                    | 1.1 MB 5.2 MB/s eta 0:00:01[K     |‚ñà‚ñà‚ñà‚ñà‚ñà‚ñà‚ñà‚ñà‚ñà‚ñà‚ñà‚ñã                    | 1.1 MB 5.2 MB/s eta 0:00:01[K     |‚ñà‚ñà‚ñà‚ñà‚ñà‚ñà‚ñà‚ñà‚ñà‚ñà‚ñà‚ñä                    | 1.1 MB 5.2 MB/s eta 0:00:01[K     |‚ñà‚ñà‚ñà‚ñà‚ñà‚ñà‚ñà‚ñà‚ñà‚ñà‚ñà‚ñä                    | 1.1 MB 5.2 MB/s eta 0:00:01[K     |‚ñà‚ñà‚ñà‚ñà‚ñà‚ñà‚ñà‚ñà‚ñà‚ñà‚ñà‚ñâ                    | 1.1 MB 5.2 MB/s eta 0:00:01[K     |‚ñà‚ñà‚ñà‚ñà‚ñà‚ñà‚ñà‚ñà‚ñà‚ñà‚ñà‚ñà                    | 1.1 MB 5.2 MB/s eta 0:00:01[K     |‚ñà‚ñà‚ñà‚ñà‚ñà‚ñà‚ñà‚ñà‚ñà‚ñà‚ñà‚ñà                    | 1.2 MB 5.2 MB/s eta 0:00:01[K     |‚ñà‚ñà‚ñà‚ñà‚ñà‚ñà‚ñà‚ñà‚ñà‚ñà‚ñà‚ñà‚ñè                   | 1.2 MB 5.2 MB/s eta 0:00:01[K     |‚ñà‚ñà‚ñà‚ñà‚ñà‚ñà‚ñà‚ñà‚ñà‚ñà‚ñà‚ñà‚ñé                   | 1.2 MB 5.2 MB/s eta 0:00:01[K     |‚ñà‚ñà‚ñà‚ñà‚ñà‚ñà‚ñà‚ñà‚ñà‚ñà‚ñà‚ñà‚ñç                   | 1.2 MB 5.2 MB/s eta 0:00:01[K     |‚ñà‚ñà‚ñà‚ñà‚ñà‚ñà‚ñà‚ñà‚ñà‚ñà‚ñà‚ñà‚ñå                   | 1.2 MB 5.2 MB/s eta 0:00:01[K     |‚ñà‚ñà‚ñà‚ñà‚ñà‚ñà‚ñà‚ñà‚ñà‚ñà‚ñà‚ñà‚ñã                   | 1.2 MB 5.2 MB/s eta 0:00:01[K     |‚ñà‚ñà‚ñà‚ñà‚ñà‚ñà‚ñà‚ñà‚ñà‚ñà‚ñà‚ñà‚ñä                   | 1.2 MB 5.2 MB/s eta 0:00:01[K     |‚ñà‚ñà‚ñà‚ñà‚ñà‚ñà‚ñà‚ñà‚ñà‚ñà‚ñà‚ñà‚ñâ                   | 1.2 MB 5.2 MB/s eta 0:00:01[K     |‚ñà‚ñà‚ñà‚ñà‚ñà‚ñà‚ñà‚ñà‚ñà‚ñà‚ñà‚ñà‚ñà                   | 1.2 MB 5.2 MB/s eta 0:00:01[K     |‚ñà‚ñà‚ñà‚ñà‚ñà‚ñà‚ñà‚ñà‚ñà‚ñà‚ñà‚ñà‚ñà                   | 1.2 MB 5.2 MB/s eta 0:00:01[K     |‚ñà‚ñà‚ñà‚ñà‚ñà‚ñà‚ñà‚ñà‚ñà‚ñà‚ñà‚ñà‚ñà‚ñè                  | 1.3 MB 5.2 MB/s eta 0:00:01[K     |‚ñà‚ñà‚ñà‚ñà‚ñà‚ñà‚ñà‚ñà‚ñà‚ñà‚ñà‚ñà‚ñà‚ñé                  | 1.3 MB 5.2 MB/s eta 0:00:01[K     |‚ñà‚ñà‚ñà‚ñà‚ñà‚ñà‚ñà‚ñà‚ñà‚ñà‚ñà‚ñà‚ñà‚ñç                  | 1.3 MB 5.2 MB/s eta 0:00:01[K     |‚ñà‚ñà‚ñà‚ñà‚ñà‚ñà‚ñà‚ñà‚ñà‚ñà‚ñà‚ñà‚ñà‚ñå                  | 1.3 MB 5.2 MB/s eta 0:00:01[K     |‚ñà‚ñà‚ñà‚ñà‚ñà‚ñà‚ñà‚ñà‚ñà‚ñà‚ñà‚ñà‚ñà‚ñã                  | 1.3 MB 5.2 MB/s eta 0:00:01[K     |‚ñà‚ñà‚ñà‚ñà‚ñà‚ñà‚ñà‚ñà‚ñà‚ñà‚ñà‚ñà‚ñà‚ñä                  | 1.3 MB 5.2 MB/s eta 0:00:01[K     |‚ñà‚ñà‚ñà‚ñà‚ñà‚ñà‚ñà‚ñà‚ñà‚ñà‚ñà‚ñà‚ñà‚ñâ                  | 1.3 MB 5.2 MB/s eta 0:00:01[K     |‚ñà‚ñà‚ñà‚ñà‚ñà‚ñà‚ñà‚ñà‚ñà‚ñà‚ñà‚ñà‚ñà‚ñà                  | 1.3 MB 5.2 MB/s eta 0:00:01[K     |‚ñà‚ñà‚ñà‚ñà‚ñà‚ñà‚ñà‚ñà‚ñà‚ñà‚ñà‚ñà‚ñà‚ñà                  | 1.3 MB 5.2 MB/s eta 0:00:01[K     |‚ñà‚ñà‚ñà‚ñà‚ñà‚ñà‚ñà‚ñà‚ñà‚ñà‚ñà‚ñà‚ñà‚ñà‚ñè                 | 1.4 MB 5.2 MB/s eta 0:00:01[K     |‚ñà‚ñà‚ñà‚ñà‚ñà‚ñà‚ñà‚ñà‚ñà‚ñà‚ñà‚ñà‚ñà‚ñà‚ñé                 | 1.4 MB 5.2 MB/s eta 0:00:01[K     |‚ñà‚ñà‚ñà‚ñà‚ñà‚ñà‚ñà‚ñà‚ñà‚ñà‚ñà‚ñà‚ñà‚ñà‚ñç                 | 1.4 MB 5.2 MB/s eta 0:00:01[K     |‚ñà‚ñà‚ñà‚ñà‚ñà‚ñà‚ñà‚ñà‚ñà‚ñà‚ñà‚ñà‚ñà‚ñà‚ñå                 | 1.4 MB 5.2 MB/s eta 0:00:01[K     |‚ñà‚ñà‚ñà‚ñà‚ñà‚ñà‚ñà‚ñà‚ñà‚ñà‚ñà‚ñà‚ñà‚ñà‚ñã                 | 1.4 MB 5.2 MB/s eta 0:00:01[K     |‚ñà‚ñà‚ñà‚ñà‚ñà‚ñà‚ñà‚ñà‚ñà‚ñà‚ñà‚ñà‚ñà‚ñà‚ñã                 | 1.4 MB 5.2 MB/s eta 0:00:01[K     |‚ñà‚ñà‚ñà‚ñà‚ñà‚ñà‚ñà‚ñà‚ñà‚ñà‚ñà‚ñà‚ñà‚ñà‚ñä                 | 1.4 MB 5.2 MB/s eta 0:00:01[K     |‚ñà‚ñà‚ñà‚ñà‚ñà‚ñà‚ñà‚ñà‚ñà‚ñà‚ñà‚ñà‚ñà‚ñà‚ñâ                 | 1.4 MB 5.2 MB/s eta 0:00:01[K     |‚ñà‚ñà‚ñà‚ñà‚ñà‚ñà‚ñà‚ñà‚ñà‚ñà‚ñà‚ñà‚ñà‚ñà‚ñà                 | 1.4 MB 5.2 MB/s eta 0:00:01[K     |‚ñà‚ñà‚ñà‚ñà‚ñà‚ñà‚ñà‚ñà‚ñà‚ñà‚ñà‚ñà‚ñà‚ñà‚ñà                 | 1.4 MB 5.2 MB/s eta 0:00:01[K     |‚ñà‚ñà‚ñà‚ñà‚ñà‚ñà‚ñà‚ñà‚ñà‚ñà‚ñà‚ñà‚ñà‚ñà‚ñà‚ñè                | 1.5 MB 5.2 MB/s eta 0:00:01[K     |‚ñà‚ñà‚ñà‚ñà‚ñà‚ñà‚ñà‚ñà‚ñà‚ñà‚ñà‚ñà‚ñà‚ñà‚ñà‚ñé                | 1.5 MB 5.2 MB/s eta 0:00:01[K     |‚ñà‚ñà‚ñà‚ñà‚ñà‚ñà‚ñà‚ñà‚ñà‚ñà‚ñà‚ñà‚ñà‚ñà‚ñà‚ñç                | 1.5 MB 5.2 MB/s eta 0:00:01[K     |‚ñà‚ñà‚ñà‚ñà‚ñà‚ñà‚ñà‚ñà‚ñà‚ñà‚ñà‚ñà‚ñà‚ñà‚ñà‚ñå                | 1.5 MB 5.2 MB/s eta 0:00:01[K     |‚ñà‚ñà‚ñà‚ñà‚ñà‚ñà‚ñà‚ñà‚ñà‚ñà‚ñà‚ñà‚ñà‚ñà‚ñà‚ñã                | 1.5 MB 5.2 MB/s eta 0:00:01[K     |‚ñà‚ñà‚ñà‚ñà‚ñà‚ñà‚ñà‚ñà‚ñà‚ñà‚ñà‚ñà‚ñà‚ñà‚ñà‚ñä                | 1.5 MB 5.2 MB/s eta 0:00:01[K     |‚ñà‚ñà‚ñà‚ñà‚ñà‚ñà‚ñà‚ñà‚ñà‚ñà‚ñà‚ñà‚ñà‚ñà‚ñà‚ñâ                | 1.5 MB 5.2 MB/s eta 0:00:01[K     |‚ñà‚ñà‚ñà‚ñà‚ñà‚ñà‚ñà‚ñà‚ñà‚ñà‚ñà‚ñà‚ñà‚ñà‚ñà‚ñà                | 1.5 MB 5.2 MB/s eta 0:00:01[K     |‚ñà‚ñà‚ñà‚ñà‚ñà‚ñà‚ñà‚ñà‚ñà‚ñà‚ñà‚ñà‚ñà‚ñà‚ñà‚ñà                | 1.5 MB 5.2 MB/s eta 0:00:01[K     |‚ñà‚ñà‚ñà‚ñà‚ñà‚ñà‚ñà‚ñà‚ñà‚ñà‚ñà‚ñà‚ñà‚ñà‚ñà‚ñà‚ñè               | 1.5 MB 5.2 MB/s eta 0:00:01[K     |‚ñà‚ñà‚ñà‚ñà‚ñà‚ñà‚ñà‚ñà‚ñà‚ñà‚ñà‚ñà‚ñà‚ñà‚ñà‚ñà‚ñé               | 1.6 MB 5.2 MB/s eta 0:00:01[K     |‚ñà‚ñà‚ñà‚ñà‚ñà‚ñà‚ñà‚ñà‚ñà‚ñà‚ñà‚ñà‚ñà‚ñà‚ñà‚ñà‚ñç               | 1.6 MB 5.2 MB/s eta 0:00:01[K     |‚ñà‚ñà‚ñà‚ñà‚ñà‚ñà‚ñà‚ñà‚ñà‚ñà‚ñà‚ñà‚ñà‚ñà‚ñà‚ñà‚ñå               | 1.6 MB 5.2 MB/s eta 0:00:01[K     |‚ñà‚ñà‚ñà‚ñà‚ñà‚ñà‚ñà‚ñà‚ñà‚ñà‚ñà‚ñà‚ñà‚ñà‚ñà‚ñà‚ñã               | 1.6 MB 5.2 MB/s eta 0:00:01[K     |‚ñà‚ñà‚ñà‚ñà‚ñà‚ñà‚ñà‚ñà‚ñà‚ñà‚ñà‚ñà‚ñà‚ñà‚ñà‚ñà‚ñä               | 1.6 MB 5.2 MB/s eta 0:00:01[K     |‚ñà‚ñà‚ñà‚ñà‚ñà‚ñà‚ñà‚ñà‚ñà‚ñà‚ñà‚ñà‚ñà‚ñà‚ñà‚ñà‚ñâ               | 1.6 MB 5.2 MB/s eta 0:00:01[K     |‚ñà‚ñà‚ñà‚ñà‚ñà‚ñà‚ñà‚ñà‚ñà‚ñà‚ñà‚ñà‚ñà‚ñà‚ñà‚ñà‚ñà               | 1.6 MB 5.2 MB/s eta 0:00:01[K     |‚ñà‚ñà‚ñà‚ñà‚ñà‚ñà‚ñà‚ñà‚ñà‚ñà‚ñà‚ñà‚ñà‚ñà‚ñà‚ñà‚ñà               | 1.6 MB 5.2 MB/s eta 0:00:01[K     |‚ñà‚ñà‚ñà‚ñà‚ñà‚ñà‚ñà‚ñà‚ñà‚ñà‚ñà‚ñà‚ñà‚ñà‚ñà‚ñà‚ñà‚ñè              | 1.6 MB 5.2 MB/s eta 0:00:01[K     |‚ñà‚ñà‚ñà‚ñà‚ñà‚ñà‚ñà‚ñà‚ñà‚ñà‚ñà‚ñà‚ñà‚ñà‚ñà‚ñà‚ñà‚ñé              | 1.6 MB 5.2 MB/s eta 0:00:01[K     |‚ñà‚ñà‚ñà‚ñà‚ñà‚ñà‚ñà‚ñà‚ñà‚ñà‚ñà‚ñà‚ñà‚ñà‚ñà‚ñà‚ñà‚ñç              | 1.7 MB 5.2 MB/s eta 0:00:01[K     |‚ñà‚ñà‚ñà‚ñà‚ñà‚ñà‚ñà‚ñà‚ñà‚ñà‚ñà‚ñà‚ñà‚ñà‚ñà‚ñà‚ñà‚ñå              | 1.7 MB 5.2 MB/s eta 0:00:01[K     |‚ñà‚ñà‚ñà‚ñà‚ñà‚ñà‚ñà‚ñà‚ñà‚ñà‚ñà‚ñà‚ñà‚ñà‚ñà‚ñà‚ñà‚ñã              | 1.7 MB 5.2 MB/s eta 0:00:01[K     |‚ñà‚ñà‚ñà‚ñà‚ñà‚ñà‚ñà‚ñà‚ñà‚ñà‚ñà‚ñà‚ñà‚ñà‚ñà‚ñà‚ñà‚ñã              | 1.7 MB 5.2 MB/s eta 0:00:01[K     |‚ñà‚ñà‚ñà‚ñà‚ñà‚ñà‚ñà‚ñà‚ñà‚ñà‚ñà‚ñà‚ñà‚ñà‚ñà‚ñà‚ñà‚ñä              | 1.7 MB 5.2 MB/s eta 0:00:01[K     |‚ñà‚ñà‚ñà‚ñà‚ñà‚ñà‚ñà‚ñà‚ñà‚ñà‚ñà‚ñà‚ñà‚ñà‚ñà‚ñà‚ñà‚ñâ              | 1.7 MB 5.2 MB/s eta 0:00:01[K     |‚ñà‚ñà‚ñà‚ñà‚ñà‚ñà‚ñà‚ñà‚ñà‚ñà‚ñà‚ñà‚ñà‚ñà‚ñà‚ñà‚ñà‚ñà              | 1.7 MB 5.2 MB/s eta 0:00:01[K     |‚ñà‚ñà‚ñà‚ñà‚ñà‚ñà‚ñà‚ñà‚ñà‚ñà‚ñà‚ñà‚ñà‚ñà‚ñà‚ñà‚ñà‚ñà              | 1.7 MB 5.2 MB/s eta 0:00:01[K     |‚ñà‚ñà‚ñà‚ñà‚ñà‚ñà‚ñà‚ñà‚ñà‚ñà‚ñà‚ñà‚ñà‚ñà‚ñà‚ñà‚ñà‚ñà‚ñè             | 1.7 MB 5.2 MB/s eta 0:00:01[K     |‚ñà‚ñà‚ñà‚ñà‚ñà‚ñà‚ñà‚ñà‚ñà‚ñà‚ñà‚ñà‚ñà‚ñà‚ñà‚ñà‚ñà‚ñà‚ñé             | 1.8 MB 5.2 MB/s eta 0:00:01[K     |‚ñà‚ñà‚ñà‚ñà‚ñà‚ñà‚ñà‚ñà‚ñà‚ñà‚ñà‚ñà‚ñà‚ñà‚ñà‚ñà‚ñà‚ñà‚ñç             | 1.8 MB 5.2 MB/s eta 0:00:01[K     |‚ñà‚ñà‚ñà‚ñà‚ñà‚ñà‚ñà‚ñà‚ñà‚ñà‚ñà‚ñà‚ñà‚ñà‚ñà‚ñà‚ñà‚ñà‚ñå             | 1.8 MB 5.2 MB/s eta 0:00:01[K     |‚ñà‚ñà‚ñà‚ñà‚ñà‚ñà‚ñà‚ñà‚ñà‚ñà‚ñà‚ñà‚ñà‚ñà‚ñà‚ñà‚ñà‚ñà‚ñã             | 1.8 MB 5.2 MB/s eta 0:00:01[K     |‚ñà‚ñà‚ñà‚ñà‚ñà‚ñà‚ñà‚ñà‚ñà‚ñà‚ñà‚ñà‚ñà‚ñà‚ñà‚ñà‚ñà‚ñà‚ñä             | 1.8 MB 5.2 MB/s eta 0:00:01[K     |‚ñà‚ñà‚ñà‚ñà‚ñà‚ñà‚ñà‚ñà‚ñà‚ñà‚ñà‚ñà‚ñà‚ñà‚ñà‚ñà‚ñà‚ñà‚ñâ             | 1.8 MB 5.2 MB/s eta 0:00:01[K     |‚ñà‚ñà‚ñà‚ñà‚ñà‚ñà‚ñà‚ñà‚ñà‚ñà‚ñà‚ñà‚ñà‚ñà‚ñà‚ñà‚ñà‚ñà‚ñà             | 1.8 MB 5.2 MB/s eta 0:00:01[K     |‚ñà‚ñà‚ñà‚ñà‚ñà‚ñà‚ñà‚ñà‚ñà‚ñà‚ñà‚ñà‚ñà‚ñà‚ñà‚ñà‚ñà‚ñà‚ñà             | 1.8 MB 5.2 MB/s eta 0:00:01[K     |‚ñà‚ñà‚ñà‚ñà‚ñà‚ñà‚ñà‚ñà‚ñà‚ñà‚ñà‚ñà‚ñà‚ñà‚ñà‚ñà‚ñà‚ñà‚ñà‚ñè            | 1.8 MB 5.2 MB/s eta 0:00:01[K     |‚ñà‚ñà‚ñà‚ñà‚ñà‚ñà‚ñà‚ñà‚ñà‚ñà‚ñà‚ñà‚ñà‚ñà‚ñà‚ñà‚ñà‚ñà‚ñà‚ñé            | 1.8 MB 5.2 MB/s eta 0:00:01[K     |‚ñà‚ñà‚ñà‚ñà‚ñà‚ñà‚ñà‚ñà‚ñà‚ñà‚ñà‚ñà‚ñà‚ñà‚ñà‚ñà‚ñà‚ñà‚ñà‚ñç            | 1.9 MB 5.2 MB/s eta 0:00:01[K     |‚ñà‚ñà‚ñà‚ñà‚ñà‚ñà‚ñà‚ñà‚ñà‚ñà‚ñà‚ñà‚ñà‚ñà‚ñà‚ñà‚ñà‚ñà‚ñà‚ñå            | 1.9 MB 5.2 MB/s eta 0:00:01[K     |‚ñà‚ñà‚ñà‚ñà‚ñà‚ñà‚ñà‚ñà‚ñà‚ñà‚ñà‚ñà‚ñà‚ñà‚ñà‚ñà‚ñà‚ñà‚ñà‚ñã            | 1.9 MB 5.2 MB/s eta 0:00:01[K     |‚ñà‚ñà‚ñà‚ñà‚ñà‚ñà‚ñà‚ñà‚ñà‚ñà‚ñà‚ñà‚ñà‚ñà‚ñà‚ñà‚ñà‚ñà‚ñà‚ñä            | 1.9 MB 5.2 MB/s eta 0:00:01[K     |‚ñà‚ñà‚ñà‚ñà‚ñà‚ñà‚ñà‚ñà‚ñà‚ñà‚ñà‚ñà‚ñà‚ñà‚ñà‚ñà‚ñà‚ñà‚ñà‚ñâ            | 1.9 MB 5.2 MB/s eta 0:00:01[K     |‚ñà‚ñà‚ñà‚ñà‚ñà‚ñà‚ñà‚ñà‚ñà‚ñà‚ñà‚ñà‚ñà‚ñà‚ñà‚ñà‚ñà‚ñà‚ñà‚ñà            | 1.9 MB 5.2 MB/s eta 0:00:01[K     |‚ñà‚ñà‚ñà‚ñà‚ñà‚ñà‚ñà‚ñà‚ñà‚ñà‚ñà‚ñà‚ñà‚ñà‚ñà‚ñà‚ñà‚ñà‚ñà‚ñà            | 1.9 MB 5.2 MB/s eta 0:00:01[K     |‚ñà‚ñà‚ñà‚ñà‚ñà‚ñà‚ñà‚ñà‚ñà‚ñà‚ñà‚ñà‚ñà‚ñà‚ñà‚ñà‚ñà‚ñà‚ñà‚ñà‚ñè           | 1.9 MB 5.2 MB/s eta 0:00:01[K     |‚ñà‚ñà‚ñà‚ñà‚ñà‚ñà‚ñà‚ñà‚ñà‚ñà‚ñà‚ñà‚ñà‚ñà‚ñà‚ñà‚ñà‚ñà‚ñà‚ñà‚ñé           | 1.9 MB 5.2 MB/s eta 0:00:01[K     |‚ñà‚ñà‚ñà‚ñà‚ñà‚ñà‚ñà‚ñà‚ñà‚ñà‚ñà‚ñà‚ñà‚ñà‚ñà‚ñà‚ñà‚ñà‚ñà‚ñà‚ñç           | 1.9 MB 5.2 MB/s eta 0:00:01[K     |‚ñà‚ñà‚ñà‚ñà‚ñà‚ñà‚ñà‚ñà‚ñà‚ñà‚ñà‚ñà‚ñà‚ñà‚ñà‚ñà‚ñà‚ñà‚ñà‚ñà‚ñå           | 2.0 MB 5.2 MB/s eta 0:00:01[K     |‚ñà‚ñà‚ñà‚ñà‚ñà‚ñà‚ñà‚ñà‚ñà‚ñà‚ñà‚ñà‚ñà‚ñà‚ñà‚ñà‚ñà‚ñà‚ñà‚ñà‚ñå           | 2.0 MB 5.2 MB/s eta 0:00:01[K     |‚ñà‚ñà‚ñà‚ñà‚ñà‚ñà‚ñà‚ñà‚ñà‚ñà‚ñà‚ñà‚ñà‚ñà‚ñà‚ñà‚ñà‚ñà‚ñà‚ñà‚ñã           | 2.0 MB 5.2 MB/s eta 0:00:01[K     |‚ñà‚ñà‚ñà‚ñà‚ñà‚ñà‚ñà‚ñà‚ñà‚ñà‚ñà‚ñà‚ñà‚ñà‚ñà‚ñà‚ñà‚ñà‚ñà‚ñà‚ñä           | 2.0 MB 5.2 MB/s eta 0:00:01[K     |‚ñà‚ñà‚ñà‚ñà‚ñà‚ñà‚ñà‚ñà‚ñà‚ñà‚ñà‚ñà‚ñà‚ñà‚ñà‚ñà‚ñà‚ñà‚ñà‚ñà‚ñâ           | 2.0 MB 5.2 MB/s eta 0:00:01[K     |‚ñà‚ñà‚ñà‚ñà‚ñà‚ñà‚ñà‚ñà‚ñà‚ñà‚ñà‚ñà‚ñà‚ñà‚ñà‚ñà‚ñà‚ñà‚ñà‚ñà‚ñà           | 2.0 MB 5.2 MB/s eta 0:00:01[K     |‚ñà‚ñà‚ñà‚ñà‚ñà‚ñà‚ñà‚ñà‚ñà‚ñà‚ñà‚ñà‚ñà‚ñà‚ñà‚ñà‚ñà‚ñà‚ñà‚ñà‚ñà           | 2.0 MB 5.2 MB/s eta 0:00:01[K     |‚ñà‚ñà‚ñà‚ñà‚ñà‚ñà‚ñà‚ñà‚ñà‚ñà‚ñà‚ñà‚ñà‚ñà‚ñà‚ñà‚ñà‚ñà‚ñà‚ñà‚ñà‚ñè          | 2.0 MB 5.2 MB/s eta 0:00:01[K     |‚ñà‚ñà‚ñà‚ñà‚ñà‚ñà‚ñà‚ñà‚ñà‚ñà‚ñà‚ñà‚ñà‚ñà‚ñà‚ñà‚ñà‚ñà‚ñà‚ñà‚ñà‚ñé          | 2.0 MB 5.2 MB/s eta 0:00:01[K     |‚ñà‚ñà‚ñà‚ñà‚ñà‚ñà‚ñà‚ñà‚ñà‚ñà‚ñà‚ñà‚ñà‚ñà‚ñà‚ñà‚ñà‚ñà‚ñà‚ñà‚ñà‚ñç          | 2.0 MB 5.2 MB/s eta 0:00:01[K     |‚ñà‚ñà‚ñà‚ñà‚ñà‚ñà‚ñà‚ñà‚ñà‚ñà‚ñà‚ñà‚ñà‚ñà‚ñà‚ñà‚ñà‚ñà‚ñà‚ñà‚ñà‚ñå          | 2.1 MB 5.2 MB/s eta 0:00:01[K     |‚ñà‚ñà‚ñà‚ñà‚ñà‚ñà‚ñà‚ñà‚ñà‚ñà‚ñà‚ñà‚ñà‚ñà‚ñà‚ñà‚ñà‚ñà‚ñà‚ñà‚ñà‚ñã          | 2.1 MB 5.2 MB/s eta 0:00:01[K     |‚ñà‚ñà‚ñà‚ñà‚ñà‚ñà‚ñà‚ñà‚ñà‚ñà‚ñà‚ñà‚ñà‚ñà‚ñà‚ñà‚ñà‚ñà‚ñà‚ñà‚ñà‚ñä          | 2.1 MB 5.2 MB/s eta 0:00:01[K     |‚ñà‚ñà‚ñà‚ñà‚ñà‚ñà‚ñà‚ñà‚ñà‚ñà‚ñà‚ñà‚ñà‚ñà‚ñà‚ñà‚ñà‚ñà‚ñà‚ñà‚ñà‚ñâ          | 2.1 MB 5.2 MB/s eta 0:00:01[K     |‚ñà‚ñà‚ñà‚ñà‚ñà‚ñà‚ñà‚ñà‚ñà‚ñà‚ñà‚ñà‚ñà‚ñà‚ñà‚ñà‚ñà‚ñà‚ñà‚ñà‚ñà‚ñà          | 2.1 MB 5.2 MB/s eta 0:00:01[K     |‚ñà‚ñà‚ñà‚ñà‚ñà‚ñà‚ñà‚ñà‚ñà‚ñà‚ñà‚ñà‚ñà‚ñà‚ñà‚ñà‚ñà‚ñà‚ñà‚ñà‚ñà‚ñà          | 2.1 MB 5.2 MB/s eta 0:00:01[K     |‚ñà‚ñà‚ñà‚ñà‚ñà‚ñà‚ñà‚ñà‚ñà‚ñà‚ñà‚ñà‚ñà‚ñà‚ñà‚ñà‚ñà‚ñà‚ñà‚ñà‚ñà‚ñà‚ñè         | 2.1 MB 5.2 MB/s eta 0:00:01[K     |‚ñà‚ñà‚ñà‚ñà‚ñà‚ñà‚ñà‚ñà‚ñà‚ñà‚ñà‚ñà‚ñà‚ñà‚ñà‚ñà‚ñà‚ñà‚ñà‚ñà‚ñà‚ñà‚ñé         | 2.1 MB 5.2 MB/s eta 0:00:01[K     |‚ñà‚ñà‚ñà‚ñà‚ñà‚ñà‚ñà‚ñà‚ñà‚ñà‚ñà‚ñà‚ñà‚ñà‚ñà‚ñà‚ñà‚ñà‚ñà‚ñà‚ñà‚ñà‚ñç         | 2.1 MB 5.2 MB/s eta 0:00:01[K     |‚ñà‚ñà‚ñà‚ñà‚ñà‚ñà‚ñà‚ñà‚ñà‚ñà‚ñà‚ñà‚ñà‚ñà‚ñà‚ñà‚ñà‚ñà‚ñà‚ñà‚ñà‚ñà‚ñå         | 2.2 MB 5.2 MB/s eta 0:00:01[K     |‚ñà‚ñà‚ñà‚ñà‚ñà‚ñà‚ñà‚ñà‚ñà‚ñà‚ñà‚ñà‚ñà‚ñà‚ñà‚ñà‚ñà‚ñà‚ñà‚ñà‚ñà‚ñà‚ñã         | 2.2 MB 5.2 MB/s eta 0:00:01[K     |‚ñà‚ñà‚ñà‚ñà‚ñà‚ñà‚ñà‚ñà‚ñà‚ñà‚ñà‚ñà‚ñà‚ñà‚ñà‚ñà‚ñà‚ñà‚ñà‚ñà‚ñà‚ñà‚ñä         | 2.2 MB 5.2 MB/s eta 0:00:01[K     |‚ñà‚ñà‚ñà‚ñà‚ñà‚ñà‚ñà‚ñà‚ñà‚ñà‚ñà‚ñà‚ñà‚ñà‚ñà‚ñà‚ñà‚ñà‚ñà‚ñà‚ñà‚ñà‚ñâ         | 2.2 MB 5.2 MB/s eta 0:00:01[K     |‚ñà‚ñà‚ñà‚ñà‚ñà‚ñà‚ñà‚ñà‚ñà‚ñà‚ñà‚ñà‚ñà‚ñà‚ñà‚ñà‚ñà‚ñà‚ñà‚ñà‚ñà‚ñà‚ñà         | 2.2 MB 5.2 MB/s eta 0:00:01[K     |‚ñà‚ñà‚ñà‚ñà‚ñà‚ñà‚ñà‚ñà‚ñà‚ñà‚ñà‚ñà‚ñà‚ñà‚ñà‚ñà‚ñà‚ñà‚ñà‚ñà‚ñà‚ñà‚ñà         | 2.2 MB 5.2 MB/s eta 0:00:01[K     |‚ñà‚ñà‚ñà‚ñà‚ñà‚ñà‚ñà‚ñà‚ñà‚ñà‚ñà‚ñà‚ñà‚ñà‚ñà‚ñà‚ñà‚ñà‚ñà‚ñà‚ñà‚ñà‚ñà‚ñè        | 2.2 MB 5.2 MB/s eta 0:00:01[K     |‚ñà‚ñà‚ñà‚ñà‚ñà‚ñà‚ñà‚ñà‚ñà‚ñà‚ñà‚ñà‚ñà‚ñà‚ñà‚ñà‚ñà‚ñà‚ñà‚ñà‚ñà‚ñà‚ñà‚ñé        | 2.2 MB 5.2 MB/s eta 0:00:01[K     |‚ñà‚ñà‚ñà‚ñà‚ñà‚ñà‚ñà‚ñà‚ñà‚ñà‚ñà‚ñà‚ñà‚ñà‚ñà‚ñà‚ñà‚ñà‚ñà‚ñà‚ñà‚ñà‚ñà‚ñç        | 2.2 MB 5.2 MB/s eta 0:00:01[K     |‚ñà‚ñà‚ñà‚ñà‚ñà‚ñà‚ñà‚ñà‚ñà‚ñà‚ñà‚ñà‚ñà‚ñà‚ñà‚ñà‚ñà‚ñà‚ñà‚ñà‚ñà‚ñà‚ñà‚ñå        | 2.2 MB 5.2 MB/s eta 0:00:01[K     |‚ñà‚ñà‚ñà‚ñà‚ñà‚ñà‚ñà‚ñà‚ñà‚ñà‚ñà‚ñà‚ñà‚ñà‚ñà‚ñà‚ñà‚ñà‚ñà‚ñà‚ñà‚ñà‚ñà‚ñå        | 2.3 MB 5.2 MB/s eta 0:00:01[K     |‚ñà‚ñà‚ñà‚ñà‚ñà‚ñà‚ñà‚ñà‚ñà‚ñà‚ñà‚ñà‚ñà‚ñà‚ñà‚ñà‚ñà‚ñà‚ñà‚ñà‚ñà‚ñà‚ñà‚ñã        | 2.3 MB 5.2 MB/s eta 0:00:01[K     |‚ñà‚ñà‚ñà‚ñà‚ñà‚ñà‚ñà‚ñà‚ñà‚ñà‚ñà‚ñà‚ñà‚ñà‚ñà‚ñà‚ñà‚ñà‚ñà‚ñà‚ñà‚ñà‚ñà‚ñä        | 2.3 MB 5.2 MB/s eta 0:00:01[K     |‚ñà‚ñà‚ñà‚ñà‚ñà‚ñà‚ñà‚ñà‚ñà‚ñà‚ñà‚ñà‚ñà‚ñà‚ñà‚ñà‚ñà‚ñà‚ñà‚ñà‚ñà‚ñà‚ñà‚ñâ        | 2.3 MB 5.2 MB/s eta 0:00:01[K     |‚ñà‚ñà‚ñà‚ñà‚ñà‚ñà‚ñà‚ñà‚ñà‚ñà‚ñà‚ñà‚ñà‚ñà‚ñà‚ñà‚ñà‚ñà‚ñà‚ñà‚ñà‚ñà‚ñà‚ñà        | 2.3 MB 5.2 MB/s eta 0:00:01[K     |‚ñà‚ñà‚ñà‚ñà‚ñà‚ñà‚ñà‚ñà‚ñà‚ñà‚ñà‚ñà‚ñà‚ñà‚ñà‚ñà‚ñà‚ñà‚ñà‚ñà‚ñà‚ñà‚ñà‚ñà        | 2.3 MB 5.2 MB/s eta 0:00:01[K     |‚ñà‚ñà‚ñà‚ñà‚ñà‚ñà‚ñà‚ñà‚ñà‚ñà‚ñà‚ñà‚ñà‚ñà‚ñà‚ñà‚ñà‚ñà‚ñà‚ñà‚ñà‚ñà‚ñà‚ñà‚ñè       | 2.3 MB 5.2 MB/s eta 0:00:01[K     |‚ñà‚ñà‚ñà‚ñà‚ñà‚ñà‚ñà‚ñà‚ñà‚ñà‚ñà‚ñà‚ñà‚ñà‚ñà‚ñà‚ñà‚ñà‚ñà‚ñà‚ñà‚ñà‚ñà‚ñà‚ñé       | 2.3 MB 5.2 MB/s eta 0:00:01[K     |‚ñà‚ñà‚ñà‚ñà‚ñà‚ñà‚ñà‚ñà‚ñà‚ñà‚ñà‚ñà‚ñà‚ñà‚ñà‚ñà‚ñà‚ñà‚ñà‚ñà‚ñà‚ñà‚ñà‚ñà‚ñç       | 2.3 MB 5.2 MB/s eta 0:00:01[K     |‚ñà‚ñà‚ñà‚ñà‚ñà‚ñà‚ñà‚ñà‚ñà‚ñà‚ñà‚ñà‚ñà‚ñà‚ñà‚ñà‚ñà‚ñà‚ñà‚ñà‚ñà‚ñà‚ñà‚ñà‚ñå       | 2.3 MB 5.2 MB/s eta 0:00:01[K     |‚ñà‚ñà‚ñà‚ñà‚ñà‚ñà‚ñà‚ñà‚ñà‚ñà‚ñà‚ñà‚ñà‚ñà‚ñà‚ñà‚ñà‚ñà‚ñà‚ñà‚ñà‚ñà‚ñà‚ñà‚ñã       | 2.4 MB 5.2 MB/s eta 0:00:01[K     |‚ñà‚ñà‚ñà‚ñà‚ñà‚ñà‚ñà‚ñà‚ñà‚ñà‚ñà‚ñà‚ñà‚ñà‚ñà‚ñà‚ñà‚ñà‚ñà‚ñà‚ñà‚ñà‚ñà‚ñà‚ñä       | 2.4 MB 5.2 MB/s eta 0:00:01[K     |‚ñà‚ñà‚ñà‚ñà‚ñà‚ñà‚ñà‚ñà‚ñà‚ñà‚ñà‚ñà‚ñà‚ñà‚ñà‚ñà‚ñà‚ñà‚ñà‚ñà‚ñà‚ñà‚ñà‚ñà‚ñâ       | 2.4 MB 5.2 MB/s eta 0:00:01[K     |‚ñà‚ñà‚ñà‚ñà‚ñà‚ñà‚ñà‚ñà‚ñà‚ñà‚ñà‚ñà‚ñà‚ñà‚ñà‚ñà‚ñà‚ñà‚ñà‚ñà‚ñà‚ñà‚ñà‚ñà‚ñà       | 2.4 MB 5.2 MB/s eta 0:00:01[K     |‚ñà‚ñà‚ñà‚ñà‚ñà‚ñà‚ñà‚ñà‚ñà‚ñà‚ñà‚ñà‚ñà‚ñà‚ñà‚ñà‚ñà‚ñà‚ñà‚ñà‚ñà‚ñà‚ñà‚ñà‚ñà       | 2.4 MB 5.2 MB/s eta 0:00:01[K     |‚ñà‚ñà‚ñà‚ñà‚ñà‚ñà‚ñà‚ñà‚ñà‚ñà‚ñà‚ñà‚ñà‚ñà‚ñà‚ñà‚ñà‚ñà‚ñà‚ñà‚ñà‚ñà‚ñà‚ñà‚ñà‚ñè      | 2.4 MB 5.2 MB/s eta 0:00:01[K     |‚ñà‚ñà‚ñà‚ñà‚ñà‚ñà‚ñà‚ñà‚ñà‚ñà‚ñà‚ñà‚ñà‚ñà‚ñà‚ñà‚ñà‚ñà‚ñà‚ñà‚ñà‚ñà‚ñà‚ñà‚ñà‚ñé      | 2.4 MB 5.2 MB/s eta 0:00:01[K     |‚ñà‚ñà‚ñà‚ñà‚ñà‚ñà‚ñà‚ñà‚ñà‚ñà‚ñà‚ñà‚ñà‚ñà‚ñà‚ñà‚ñà‚ñà‚ñà‚ñà‚ñà‚ñà‚ñà‚ñà‚ñà‚ñç      | 2.4 MB 5.2 MB/s eta 0:00:01[K     |‚ñà‚ñà‚ñà‚ñà‚ñà‚ñà‚ñà‚ñà‚ñà‚ñà‚ñà‚ñà‚ñà‚ñà‚ñà‚ñà‚ñà‚ñà‚ñà‚ñà‚ñà‚ñà‚ñà‚ñà‚ñà‚ñå      | 2.4 MB 5.2 MB/s eta 0:00:01[K     |‚ñà‚ñà‚ñà‚ñà‚ñà‚ñà‚ñà‚ñà‚ñà‚ñà‚ñà‚ñà‚ñà‚ñà‚ñà‚ñà‚ñà‚ñà‚ñà‚ñà‚ñà‚ñà‚ñà‚ñà‚ñà‚ñã      | 2.4 MB 5.2 MB/s eta 0:00:01[K     |‚ñà‚ñà‚ñà‚ñà‚ñà‚ñà‚ñà‚ñà‚ñà‚ñà‚ñà‚ñà‚ñà‚ñà‚ñà‚ñà‚ñà‚ñà‚ñà‚ñà‚ñà‚ñà‚ñà‚ñà‚ñà‚ñä      | 2.5 MB 5.2 MB/s eta 0:00:01[K     |‚ñà‚ñà‚ñà‚ñà‚ñà‚ñà‚ñà‚ñà‚ñà‚ñà‚ñà‚ñà‚ñà‚ñà‚ñà‚ñà‚ñà‚ñà‚ñà‚ñà‚ñà‚ñà‚ñà‚ñà‚ñà‚ñâ      | 2.5 MB 5.2 MB/s eta 0:00:01[K     |‚ñà‚ñà‚ñà‚ñà‚ñà‚ñà‚ñà‚ñà‚ñà‚ñà‚ñà‚ñà‚ñà‚ñà‚ñà‚ñà‚ñà‚ñà‚ñà‚ñà‚ñà‚ñà‚ñà‚ñà‚ñà‚ñà      | 2.5 MB 5.2 MB/s eta 0:00:01[K     |‚ñà‚ñà‚ñà‚ñà‚ñà‚ñà‚ñà‚ñà‚ñà‚ñà‚ñà‚ñà‚ñà‚ñà‚ñà‚ñà‚ñà‚ñà‚ñà‚ñà‚ñà‚ñà‚ñà‚ñà‚ñà‚ñà      | 2.5 MB 5.2 MB/s eta 0:00:01[K     |‚ñà‚ñà‚ñà‚ñà‚ñà‚ñà‚ñà‚ñà‚ñà‚ñà‚ñà‚ñà‚ñà‚ñà‚ñà‚ñà‚ñà‚ñà‚ñà‚ñà‚ñà‚ñà‚ñà‚ñà‚ñà‚ñà‚ñè     | 2.5 MB 5.2 MB/s eta 0:00:01[K     |‚ñà‚ñà‚ñà‚ñà‚ñà‚ñà‚ñà‚ñà‚ñà‚ñà‚ñà‚ñà‚ñà‚ñà‚ñà‚ñà‚ñà‚ñà‚ñà‚ñà‚ñà‚ñà‚ñà‚ñà‚ñà‚ñà‚ñé     | 2.5 MB 5.2 MB/s eta 0:00:01[K     |‚ñà‚ñà‚ñà‚ñà‚ñà‚ñà‚ñà‚ñà‚ñà‚ñà‚ñà‚ñà‚ñà‚ñà‚ñà‚ñà‚ñà‚ñà‚ñà‚ñà‚ñà‚ñà‚ñà‚ñà‚ñà‚ñà‚ñç     | 2.5 MB 5.2 MB/s eta 0:00:01[K     |‚ñà‚ñà‚ñà‚ñà‚ñà‚ñà‚ñà‚ñà‚ñà‚ñà‚ñà‚ñà‚ñà‚ñà‚ñà‚ñà‚ñà‚ñà‚ñà‚ñà‚ñà‚ñà‚ñà‚ñà‚ñà‚ñà‚ñç     | 2.5 MB 5.2 MB/s eta 0:00:01[K     |‚ñà‚ñà‚ñà‚ñà‚ñà‚ñà‚ñà‚ñà‚ñà‚ñà‚ñà‚ñà‚ñà‚ñà‚ñà‚ñà‚ñà‚ñà‚ñà‚ñà‚ñà‚ñà‚ñà‚ñà‚ñà‚ñà‚ñå     | 2.5 MB 5.2 MB/s eta 0:00:01[K     |‚ñà‚ñà‚ñà‚ñà‚ñà‚ñà‚ñà‚ñà‚ñà‚ñà‚ñà‚ñà‚ñà‚ñà‚ñà‚ñà‚ñà‚ñà‚ñà‚ñà‚ñà‚ñà‚ñà‚ñà‚ñà‚ñà‚ñã     | 2.5 MB 5.2 MB/s eta 0:00:01[K     |‚ñà‚ñà‚ñà‚ñà‚ñà‚ñà‚ñà‚ñà‚ñà‚ñà‚ñà‚ñà‚ñà‚ñà‚ñà‚ñà‚ñà‚ñà‚ñà‚ñà‚ñà‚ñà‚ñà‚ñà‚ñà‚ñà‚ñä     | 2.6 MB 5.2 MB/s eta 0:00:01[K     |‚ñà‚ñà‚ñà‚ñà‚ñà‚ñà‚ñà‚ñà‚ñà‚ñà‚ñà‚ñà‚ñà‚ñà‚ñà‚ñà‚ñà‚ñà‚ñà‚ñà‚ñà‚ñà‚ñà‚ñà‚ñà‚ñà‚ñâ     | 2.6 MB 5.2 MB/s eta 0:00:01[K     |‚ñà‚ñà‚ñà‚ñà‚ñà‚ñà‚ñà‚ñà‚ñà‚ñà‚ñà‚ñà‚ñà‚ñà‚ñà‚ñà‚ñà‚ñà‚ñà‚ñà‚ñà‚ñà‚ñà‚ñà‚ñà‚ñà‚ñà     | 2.6 MB 5.2 MB/s eta 0:00:01[K     |‚ñà‚ñà‚ñà‚ñà‚ñà‚ñà‚ñà‚ñà‚ñà‚ñà‚ñà‚ñà‚ñà‚ñà‚ñà‚ñà‚ñà‚ñà‚ñà‚ñà‚ñà‚ñà‚ñà‚ñà‚ñà‚ñà‚ñà     | 2.6 MB 5.2 MB/s eta 0:00:01[K     |‚ñà‚ñà‚ñà‚ñà‚ñà‚ñà‚ñà‚ñà‚ñà‚ñà‚ñà‚ñà‚ñà‚ñà‚ñà‚ñà‚ñà‚ñà‚ñà‚ñà‚ñà‚ñà‚ñà‚ñà‚ñà‚ñà‚ñà‚ñè    | 2.6 MB 5.2 MB/s eta 0:00:01[K     |‚ñà‚ñà‚ñà‚ñà‚ñà‚ñà‚ñà‚ñà‚ñà‚ñà‚ñà‚ñà‚ñà‚ñà‚ñà‚ñà‚ñà‚ñà‚ñà‚ñà‚ñà‚ñà‚ñà‚ñà‚ñà‚ñà‚ñà‚ñé    | 2.6 MB 5.2 MB/s eta 0:00:01[K     |‚ñà‚ñà‚ñà‚ñà‚ñà‚ñà‚ñà‚ñà‚ñà‚ñà‚ñà‚ñà‚ñà‚ñà‚ñà‚ñà‚ñà‚ñà‚ñà‚ñà‚ñà‚ñà‚ñà‚ñà‚ñà‚ñà‚ñà‚ñç    | 2.6 MB 5.2 MB/s eta 0:00:01[K     |‚ñà‚ñà‚ñà‚ñà‚ñà‚ñà‚ñà‚ñà‚ñà‚ñà‚ñà‚ñà‚ñà‚ñà‚ñà‚ñà‚ñà‚ñà‚ñà‚ñà‚ñà‚ñà‚ñà‚ñà‚ñà‚ñà‚ñà‚ñå    | 2.6 MB 5.2 MB/s eta 0:00:01[K     |‚ñà‚ñà‚ñà‚ñà‚ñà‚ñà‚ñà‚ñà‚ñà‚ñà‚ñà‚ñà‚ñà‚ñà‚ñà‚ñà‚ñà‚ñà‚ñà‚ñà‚ñà‚ñà‚ñà‚ñà‚ñà‚ñà‚ñà‚ñã    | 2.6 MB 5.2 MB/s eta 0:00:01[K     |‚ñà‚ñà‚ñà‚ñà‚ñà‚ñà‚ñà‚ñà‚ñà‚ñà‚ñà‚ñà‚ñà‚ñà‚ñà‚ñà‚ñà‚ñà‚ñà‚ñà‚ñà‚ñà‚ñà‚ñà‚ñà‚ñà‚ñà‚ñä    | 2.7 MB 5.2 MB/s eta 0:00:01[K     |‚ñà‚ñà‚ñà‚ñà‚ñà‚ñà‚ñà‚ñà‚ñà‚ñà‚ñà‚ñà‚ñà‚ñà‚ñà‚ñà‚ñà‚ñà‚ñà‚ñà‚ñà‚ñà‚ñà‚ñà‚ñà‚ñà‚ñà‚ñâ    | 2.7 MB 5.2 MB/s eta 0:00:01[K     |‚ñà‚ñà‚ñà‚ñà‚ñà‚ñà‚ñà‚ñà‚ñà‚ñà‚ñà‚ñà‚ñà‚ñà‚ñà‚ñà‚ñà‚ñà‚ñà‚ñà‚ñà‚ñà‚ñà‚ñà‚ñà‚ñà‚ñà‚ñà    | 2.7 MB 5.2 MB/s eta 0:00:01[K     |‚ñà‚ñà‚ñà‚ñà‚ñà‚ñà‚ñà‚ñà‚ñà‚ñà‚ñà‚ñà‚ñà‚ñà‚ñà‚ñà‚ñà‚ñà‚ñà‚ñà‚ñà‚ñà‚ñà‚ñà‚ñà‚ñà‚ñà‚ñà    | 2.7 MB 5.2 MB/s eta 0:00:01[K     |‚ñà‚ñà‚ñà‚ñà‚ñà‚ñà‚ñà‚ñà‚ñà‚ñà‚ñà‚ñà‚ñà‚ñà‚ñà‚ñà‚ñà‚ñà‚ñà‚ñà‚ñà‚ñà‚ñà‚ñà‚ñà‚ñà‚ñà‚ñà‚ñè   | 2.7 MB 5.2 MB/s eta 0:00:01[K     |‚ñà‚ñà‚ñà‚ñà‚ñà‚ñà‚ñà‚ñà‚ñà‚ñà‚ñà‚ñà‚ñà‚ñà‚ñà‚ñà‚ñà‚ñà‚ñà‚ñà‚ñà‚ñà‚ñà‚ñà‚ñà‚ñà‚ñà‚ñà‚ñé   | 2.7 MB 5.2 MB/s eta 0:00:01[K     |‚ñà‚ñà‚ñà‚ñà‚ñà‚ñà‚ñà‚ñà‚ñà‚ñà‚ñà‚ñà‚ñà‚ñà‚ñà‚ñà‚ñà‚ñà‚ñà‚ñà‚ñà‚ñà‚ñà‚ñà‚ñà‚ñà‚ñà‚ñà‚ñç   | 2.7 MB 5.2 MB/s eta 0:00:01[K     |‚ñà‚ñà‚ñà‚ñà‚ñà‚ñà‚ñà‚ñà‚ñà‚ñà‚ñà‚ñà‚ñà‚ñà‚ñà‚ñà‚ñà‚ñà‚ñà‚ñà‚ñà‚ñà‚ñà‚ñà‚ñà‚ñà‚ñà‚ñà‚ñå   | 2.7 MB 5.2 MB/s eta 0:00:01[K     |‚ñà‚ñà‚ñà‚ñà‚ñà‚ñà‚ñà‚ñà‚ñà‚ñà‚ñà‚ñà‚ñà‚ñà‚ñà‚ñà‚ñà‚ñà‚ñà‚ñà‚ñà‚ñà‚ñà‚ñà‚ñà‚ñà‚ñà‚ñà‚ñã   | 2.7 MB 5.2 MB/s eta 0:00:01[K     |‚ñà‚ñà‚ñà‚ñà‚ñà‚ñà‚ñà‚ñà‚ñà‚ñà‚ñà‚ñà‚ñà‚ñà‚ñà‚ñà‚ñà‚ñà‚ñà‚ñà‚ñà‚ñà‚ñà‚ñà‚ñà‚ñà‚ñà‚ñà‚ñä   | 2.7 MB 5.2 MB/s eta 0:00:01[K     |‚ñà‚ñà‚ñà‚ñà‚ñà‚ñà‚ñà‚ñà‚ñà‚ñà‚ñà‚ñà‚ñà‚ñà‚ñà‚ñà‚ñà‚ñà‚ñà‚ñà‚ñà‚ñà‚ñà‚ñà‚ñà‚ñà‚ñà‚ñà‚ñâ   | 2.8 MB 5.2 MB/s eta 0:00:01[K     |‚ñà‚ñà‚ñà‚ñà‚ñà‚ñà‚ñà‚ñà‚ñà‚ñà‚ñà‚ñà‚ñà‚ñà‚ñà‚ñà‚ñà‚ñà‚ñà‚ñà‚ñà‚ñà‚ñà‚ñà‚ñà‚ñà‚ñà‚ñà‚ñà   | 2.8 MB 5.2 MB/s eta 0:00:01[K     |‚ñà‚ñà‚ñà‚ñà‚ñà‚ñà‚ñà‚ñà‚ñà‚ñà‚ñà‚ñà‚ñà‚ñà‚ñà‚ñà‚ñà‚ñà‚ñà‚ñà‚ñà‚ñà‚ñà‚ñà‚ñà‚ñà‚ñà‚ñà‚ñà   | 2.8 MB 5.2 MB/s eta 0:00:01[K     |‚ñà‚ñà‚ñà‚ñà‚ñà‚ñà‚ñà‚ñà‚ñà‚ñà‚ñà‚ñà‚ñà‚ñà‚ñà‚ñà‚ñà‚ñà‚ñà‚ñà‚ñà‚ñà‚ñà‚ñà‚ñà‚ñà‚ñà‚ñà‚ñà‚ñè  | 2.8 MB 5.2 MB/s eta 0:00:01[K     |‚ñà‚ñà‚ñà‚ñà‚ñà‚ñà‚ñà‚ñà‚ñà‚ñà‚ñà‚ñà‚ñà‚ñà‚ñà‚ñà‚ñà‚ñà‚ñà‚ñà‚ñà‚ñà‚ñà‚ñà‚ñà‚ñà‚ñà‚ñà‚ñà‚ñé  | 2.8 MB 5.2 MB/s eta 0:00:01[K     |‚ñà‚ñà‚ñà‚ñà‚ñà‚ñà‚ñà‚ñà‚ñà‚ñà‚ñà‚ñà‚ñà‚ñà‚ñà‚ñà‚ñà‚ñà‚ñà‚ñà‚ñà‚ñà‚ñà‚ñà‚ñà‚ñà‚ñà‚ñà‚ñà‚ñé  | 2.8 MB 5.2 MB/s eta 0:00:01[K     |‚ñà‚ñà‚ñà‚ñà‚ñà‚ñà‚ñà‚ñà‚ñà‚ñà‚ñà‚ñà‚ñà‚ñà‚ñà‚ñà‚ñà‚ñà‚ñà‚ñà‚ñà‚ñà‚ñà‚ñà‚ñà‚ñà‚ñà‚ñà‚ñà‚ñç  | 2.8 MB 5.2 MB/s eta 0:00:01[K     |‚ñà‚ñà‚ñà‚ñà‚ñà‚ñà‚ñà‚ñà‚ñà‚ñà‚ñà‚ñà‚ñà‚ñà‚ñà‚ñà‚ñà‚ñà‚ñà‚ñà‚ñà‚ñà‚ñà‚ñà‚ñà‚ñà‚ñà‚ñà‚ñà‚ñå  | 2.8 MB 5.2 MB/s eta 0:00:01[K     |‚ñà‚ñà‚ñà‚ñà‚ñà‚ñà‚ñà‚ñà‚ñà‚ñà‚ñà‚ñà‚ñà‚ñà‚ñà‚ñà‚ñà‚ñà‚ñà‚ñà‚ñà‚ñà‚ñà‚ñà‚ñà‚ñà‚ñà‚ñà‚ñà‚ñã  | 2.8 MB 5.2 MB/s eta 0:00:01[K     |‚ñà‚ñà‚ñà‚ñà‚ñà‚ñà‚ñà‚ñà‚ñà‚ñà‚ñà‚ñà‚ñà‚ñà‚ñà‚ñà‚ñà‚ñà‚ñà‚ñà‚ñà‚ñà‚ñà‚ñà‚ñà‚ñà‚ñà‚ñà‚ñà‚ñä  | 2.8 MB 5.2 MB/s eta 0:00:01[K     |‚ñà‚ñà‚ñà‚ñà‚ñà‚ñà‚ñà‚ñà‚ñà‚ñà‚ñà‚ñà‚ñà‚ñà‚ñà‚ñà‚ñà‚ñà‚ñà‚ñà‚ñà‚ñà‚ñà‚ñà‚ñà‚ñà‚ñà‚ñà‚ñà‚ñâ  | 2.9 MB 5.2 MB/s eta 0:00:01[K     |‚ñà‚ñà‚ñà‚ñà‚ñà‚ñà‚ñà‚ñà‚ñà‚ñà‚ñà‚ñà‚ñà‚ñà‚ñà‚ñà‚ñà‚ñà‚ñà‚ñà‚ñà‚ñà‚ñà‚ñà‚ñà‚ñà‚ñà‚ñà‚ñà‚ñà  | 2.9 MB 5.2 MB/s eta 0:00:01[K     |‚ñà‚ñà‚ñà‚ñà‚ñà‚ñà‚ñà‚ñà‚ñà‚ñà‚ñà‚ñà‚ñà‚ñà‚ñà‚ñà‚ñà‚ñà‚ñà‚ñà‚ñà‚ñà‚ñà‚ñà‚ñà‚ñà‚ñà‚ñà‚ñà‚ñà  | 2.9 MB 5.2 MB/s eta 0:00:01[K     |‚ñà‚ñà‚ñà‚ñà‚ñà‚ñà‚ñà‚ñà‚ñà‚ñà‚ñà‚ñà‚ñà‚ñà‚ñà‚ñà‚ñà‚ñà‚ñà‚ñà‚ñà‚ñà‚ñà‚ñà‚ñà‚ñà‚ñà‚ñà‚ñà‚ñà‚ñè | 2.9 MB 5.2 MB/s eta 0:00:01[K     |‚ñà‚ñà‚ñà‚ñà‚ñà‚ñà‚ñà‚ñà‚ñà‚ñà‚ñà‚ñà‚ñà‚ñà‚ñà‚ñà‚ñà‚ñà‚ñà‚ñà‚ñà‚ñà‚ñà‚ñà‚ñà‚ñà‚ñà‚ñà‚ñà‚ñà‚ñé | 2.9 MB 5.2 MB/s eta 0:00:01[K     |‚ñà‚ñà‚ñà‚ñà‚ñà‚ñà‚ñà‚ñà‚ñà‚ñà‚ñà‚ñà‚ñà‚ñà‚ñà‚ñà‚ñà‚ñà‚ñà‚ñà‚ñà‚ñà‚ñà‚ñà‚ñà‚ñà‚ñà‚ñà‚ñà‚ñà‚ñç | 2.9 MB 5.2 MB/s eta 0:00:01[K     |‚ñà‚ñà‚ñà‚ñà‚ñà‚ñà‚ñà‚ñà‚ñà‚ñà‚ñà‚ñà‚ñà‚ñà‚ñà‚ñà‚ñà‚ñà‚ñà‚ñà‚ñà‚ñà‚ñà‚ñà‚ñà‚ñà‚ñà‚ñà‚ñà‚ñà‚ñå | 2.9 MB 5.2 MB/s eta 0:00:01[K     |‚ñà‚ñà‚ñà‚ñà‚ñà‚ñà‚ñà‚ñà‚ñà‚ñà‚ñà‚ñà‚ñà‚ñà‚ñà‚ñà‚ñà‚ñà‚ñà‚ñà‚ñà‚ñà‚ñà‚ñà‚ñà‚ñà‚ñà‚ñà‚ñà‚ñà‚ñã | 2.9 MB 5.2 MB/s eta 0:00:01[K     |‚ñà‚ñà‚ñà‚ñà‚ñà‚ñà‚ñà‚ñà‚ñà‚ñà‚ñà‚ñà‚ñà‚ñà‚ñà‚ñà‚ñà‚ñà‚ñà‚ñà‚ñà‚ñà‚ñà‚ñà‚ñà‚ñà‚ñà‚ñà‚ñà‚ñà‚ñä | 2.9 MB 5.2 MB/s eta 0:00:01[K     |‚ñà‚ñà‚ñà‚ñà‚ñà‚ñà‚ñà‚ñà‚ñà‚ñà‚ñà‚ñà‚ñà‚ñà‚ñà‚ñà‚ñà‚ñà‚ñà‚ñà‚ñà‚ñà‚ñà‚ñà‚ñà‚ñà‚ñà‚ñà‚ñà‚ñà‚ñâ | 2.9 MB 5.2 MB/s eta 0:00:01[K     |‚ñà‚ñà‚ñà‚ñà‚ñà‚ñà‚ñà‚ñà‚ñà‚ñà‚ñà‚ñà‚ñà‚ñà‚ñà‚ñà‚ñà‚ñà‚ñà‚ñà‚ñà‚ñà‚ñà‚ñà‚ñà‚ñà‚ñà‚ñà‚ñà‚ñà‚ñà | 3.0 MB 5.2 MB/s eta 0:00:01[K     |‚ñà‚ñà‚ñà‚ñà‚ñà‚ñà‚ñà‚ñà‚ñà‚ñà‚ñà‚ñà‚ñà‚ñà‚ñà‚ñà‚ñà‚ñà‚ñà‚ñà‚ñà‚ñà‚ñà‚ñà‚ñà‚ñà‚ñà‚ñà‚ñà‚ñà‚ñà | 3.0 MB 5.2 MB/s eta 0:00:01[K     |‚ñà‚ñà‚ñà‚ñà‚ñà‚ñà‚ñà‚ñà‚ñà‚ñà‚ñà‚ñà‚ñà‚ñà‚ñà‚ñà‚ñà‚ñà‚ñà‚ñà‚ñà‚ñà‚ñà‚ñà‚ñà‚ñà‚ñà‚ñà‚ñà‚ñà‚ñà‚ñè| 3.0 MB 5.2 MB/s eta 0:00:01[K     |‚ñà‚ñà‚ñà‚ñà‚ñà‚ñà‚ñà‚ñà‚ñà‚ñà‚ñà‚ñà‚ñà‚ñà‚ñà‚ñà‚ñà‚ñà‚ñà‚ñà‚ñà‚ñà‚ñà‚ñà‚ñà‚ñà‚ñà‚ñà‚ñà‚ñà‚ñà‚ñé| 3.0 MB 5.2 MB/s eta 0:00:01[K     |‚ñà‚ñà‚ñà‚ñà‚ñà‚ñà‚ñà‚ñà‚ñà‚ñà‚ñà‚ñà‚ñà‚ñà‚ñà‚ñà‚ñà‚ñà‚ñà‚ñà‚ñà‚ñà‚ñà‚ñà‚ñà‚ñà‚ñà‚ñà‚ñà‚ñà‚ñà‚ñç| 3.0 MB 5.2 MB/s eta 0:00:01[K     |‚ñà‚ñà‚ñà‚ñà‚ñà‚ñà‚ñà‚ñà‚ñà‚ñà‚ñà‚ñà‚ñà‚ñà‚ñà‚ñà‚ñà‚ñà‚ñà‚ñà‚ñà‚ñà‚ñà‚ñà‚ñà‚ñà‚ñà‚ñà‚ñà‚ñà‚ñà‚ñå| 3.0 MB 5.2 MB/s eta 0:00:01[K     |‚ñà‚ñà‚ñà‚ñà‚ñà‚ñà‚ñà‚ñà‚ñà‚ñà‚ñà‚ñà‚ñà‚ñà‚ñà‚ñà‚ñà‚ñà‚ñà‚ñà‚ñà‚ñà‚ñà‚ñà‚ñà‚ñà‚ñà‚ñà‚ñà‚ñà‚ñà‚ñã| 3.0 MB 5.2 MB/s eta 0:00:01[K     |‚ñà‚ñà‚ñà‚ñà‚ñà‚ñà‚ñà‚ñà‚ñà‚ñà‚ñà‚ñà‚ñà‚ñà‚ñà‚ñà‚ñà‚ñà‚ñà‚ñà‚ñà‚ñà‚ñà‚ñà‚ñà‚ñà‚ñà‚ñà‚ñà‚ñà‚ñà‚ñä| 3.0 MB 5.2 MB/s eta 0:00:01[K     |‚ñà‚ñà‚ñà‚ñà‚ñà‚ñà‚ñà‚ñà‚ñà‚ñà‚ñà‚ñà‚ñà‚ñà‚ñà‚ñà‚ñà‚ñà‚ñà‚ñà‚ñà‚ñà‚ñà‚ñà‚ñà‚ñà‚ñà‚ñà‚ñà‚ñà‚ñà‚ñâ| 3.0 MB 5.2 MB/s eta 0:00:01[K     |‚ñà‚ñà‚ñà‚ñà‚ñà‚ñà‚ñà‚ñà‚ñà‚ñà‚ñà‚ñà‚ñà‚ñà‚ñà‚ñà‚ñà‚ñà‚ñà‚ñà‚ñà‚ñà‚ñà‚ñà‚ñà‚ñà‚ñà‚ñà‚ñà‚ñà‚ñà‚ñà| 3.1 MB 5.2 MB/s eta 0:00:01[K     |‚ñà‚ñà‚ñà‚ñà‚ñà‚ñà‚ñà‚ñà‚ñà‚ñà‚ñà‚ñà‚ñà‚ñà‚ñà‚ñà‚ñà‚ñà‚ñà‚ñà‚ñà‚ñà‚ñà‚ñà‚ñà‚ñà‚ñà‚ñà‚ñà‚ñà‚ñà‚ñà| 3.1 MB 5.2 MB/s 
[?25hRequirement already satisfied: typing-extensions>=4.2.0 in /usr/local/lib/python3.8/dist-packages (from sqlalchemy) (4.8.0)
Collecting greenlet!=0.4.17; platform_machine == "aarch64" or (platform_machine == "ppc64le" or (platform_machine == "x86_64" or (platform_machine == "amd64" or (platform_machine == "AMD64" or (platform_machine == "win32" or platform_machine == "WIN32")))))
  Downloading greenlet-3.0.1-cp38-cp38-manylinux_2_17_aarch64.manylinux2014_aarch64.whl (654 kB)
[?25l[K     |‚ñå                               | 10 kB 63.3 MB/s eta 0:00:01[K     |‚ñà                               | 20 kB 77.1 MB/s eta 0:00:01[K     |‚ñà‚ñå                              | 30 kB 84.6 MB/s eta 0:00:01[K     |‚ñà‚ñà                              | 40 kB 79.6 MB/s eta 0:00:01[K     |‚ñà‚ñà‚ñå                             | 51 kB 25.5 MB/s eta 0:00:01[K     |‚ñà‚ñà‚ñà                             | 61 kB 27.9 MB/s eta 0:00:01[K     |‚ñà‚ñà‚ñà‚ñå                            | 71 kB 30.3 MB/s eta 0:00:01[K     |‚ñà‚ñà‚ñà‚ñà                            | 81 kB 33.1 MB/s eta 0:00:01[K     |‚ñà‚ñà‚ñà‚ñà‚ñå                           | 92 kB 36.3 MB/s eta 0:00:01[K     |‚ñà‚ñà‚ñà‚ñà‚ñà                           | 102 kB 28.2 MB/s eta 0:00:01[K     |‚ñà‚ñà‚ñà‚ñà‚ñà‚ñå                          | 112 kB 28.2 MB/s eta 0:00:01[K     |‚ñà‚ñà‚ñà‚ñà‚ñà‚ñà                          | 122 kB 28.2 MB/s eta 0:00:01[K     |‚ñà‚ñà‚ñà‚ñà‚ñà‚ñà‚ñå                         | 133 kB 28.2 MB/s eta 0:00:01[K     |‚ñà‚ñà‚ñà‚ñà‚ñà‚ñà‚ñà                         | 143 kB 28.2 MB/s eta 0:00:01[K     |‚ñà‚ñà‚ñà‚ñà‚ñà‚ñà‚ñà‚ñå                        | 153 kB 28.2 MB/s eta 0:00:01[K     |‚ñà‚ñà‚ñà‚ñà‚ñà‚ñà‚ñà‚ñà                        | 163 kB 28.2 MB/s eta 0:00:01[K     |‚ñà‚ñà‚ñà‚ñà‚ñà‚ñà‚ñà‚ñà‚ñå                       | 174 kB 28.2 MB/s eta 0:00:01[K     |‚ñà‚ñà‚ñà‚ñà‚ñà‚ñà‚ñà‚ñà‚ñà                       | 184 kB 28.2 MB/s eta 0:00:01[K     |‚ñà‚ñà‚ñà‚ñà‚ñà‚ñà‚ñà‚ñà‚ñà‚ñå                      | 194 kB 28.2 MB/s eta 0:00:01[K     |‚ñà‚ñà‚ñà‚ñà‚ñà‚ñà‚ñà‚ñà‚ñà‚ñà                      | 204 kB 28.2 MB/s eta 0:00:01[K     |‚ñà‚ñà‚ñà‚ñà‚ñà‚ñà‚ñà‚ñà‚ñà‚ñà‚ñå                     | 215 kB 28.2 MB/s eta 0:00:01[K     |‚ñà‚ñà‚ñà‚ñà‚ñà‚ñà‚ñà‚ñà‚ñà‚ñà‚ñà                     | 225 kB 28.2 MB/s eta 0:00:01[K     |‚ñà‚ñà‚ñà‚ñà‚ñà‚ñà‚ñà‚ñà‚ñà‚ñà‚ñà‚ñå                    | 235 kB 28.2 MB/s eta 0:00:01[K     |‚ñà‚ñà‚ñà‚ñà‚ñà‚ñà‚ñà‚ñà‚ñà‚ñà‚ñà‚ñà                    | 245 kB 28.2 MB/s eta 0:00:01[K     |‚ñà‚ñà‚ñà‚ñà‚ñà‚ñà‚ñà‚ñà‚ñà‚ñà‚ñà‚ñà‚ñå                   | 256 kB 28.2 MB/s eta 0:00:01[K     |‚ñà‚ñà‚ñà‚ñà‚ñà‚ñà‚ñà‚ñà‚ñà‚ñà‚ñà‚ñà‚ñà                   | 266 kB 28.2 MB/s eta 0:00:01[K     |‚ñà‚ñà‚ñà‚ñà‚ñà‚ñà‚ñà‚ñà‚ñà‚ñà‚ñà‚ñà‚ñà‚ñå                  | 276 kB 28.2 MB/s eta 0:00:01[K     |‚ñà‚ñà‚ñà‚ñà‚ñà‚ñà‚ñà‚ñà‚ñà‚ñà‚ñà‚ñà‚ñà‚ñà                  | 286 kB 28.2 MB/s eta 0:00:01[K     |‚ñà‚ñà‚ñà‚ñà‚ñà‚ñà‚ñà‚ñà‚ñà‚ñà‚ñà‚ñà‚ñà‚ñà‚ñå                 | 296 kB 28.2 MB/s eta 0:00:01[K     |‚ñà‚ñà‚ñà‚ñà‚ñà‚ñà‚ñà‚ñà‚ñà‚ñà‚ñà‚ñà‚ñà‚ñà‚ñà                 | 307 kB 28.2 MB/s eta 0:00:01[K     |‚ñà‚ñà‚ñà‚ñà‚ñà‚ñà‚ñà‚ñà‚ñà‚ñà‚ñà‚ñà‚ñà‚ñà‚ñà‚ñå                | 317 kB 28.2 MB/s eta 0:00:01[K     |‚ñà‚ñà‚ñà‚ñà‚ñà‚ñà‚ñà‚ñà‚ñà‚ñà‚ñà‚ñà‚ñà‚ñà‚ñà‚ñà                | 327 kB 28.2 MB/s eta 0:00:01[K     |‚ñà‚ñà‚ñà‚ñà‚ñà‚ñà‚ñà‚ñà‚ñà‚ñà‚ñà‚ñà‚ñà‚ñà‚ñà‚ñà‚ñå               | 337 kB 28.2 MB/s eta 0:00:01[K     |‚ñà‚ñà‚ñà‚ñà‚ñà‚ñà‚ñà‚ñà‚ñà‚ñà‚ñà‚ñà‚ñà‚ñà‚ñà‚ñà‚ñà               | 348 kB 28.2 MB/s eta 0:00:01[K     |‚ñà‚ñà‚ñà‚ñà‚ñà‚ñà‚ñà‚ñà‚ñà‚ñà‚ñà‚ñà‚ñà‚ñà‚ñà‚ñà‚ñà‚ñå              | 358 kB 28.2 MB/s eta 0:00:01[K     |‚ñà‚ñà‚ñà‚ñà‚ñà‚ñà‚ñà‚ñà‚ñà‚ñà‚ñà‚ñà‚ñà‚ñà‚ñà‚ñà‚ñà‚ñà              | 368 kB 28.2 MB/s eta 0:00:01[K     |‚ñà‚ñà‚ñà‚ñà‚ñà‚ñà‚ñà‚ñà‚ñà‚ñà‚ñà‚ñà‚ñà‚ñà‚ñà‚ñà‚ñà‚ñà‚ñå             | 378 kB 28.2 MB/s eta 0:00:01[K     |‚ñà‚ñà‚ñà‚ñà‚ñà‚ñà‚ñà‚ñà‚ñà‚ñà‚ñà‚ñà‚ñà‚ñà‚ñà‚ñà‚ñà‚ñà‚ñà             | 389 kB 28.2 MB/s eta 0:00:01[K     |‚ñà‚ñà‚ñà‚ñà‚ñà‚ñà‚ñà‚ñà‚ñà‚ñà‚ñà‚ñà‚ñà‚ñà‚ñà‚ñà‚ñà‚ñà‚ñà‚ñå            | 399 kB 28.2 MB/s eta 0:00:01[K     |‚ñà‚ñà‚ñà‚ñà‚ñà‚ñà‚ñà‚ñà‚ñà‚ñà‚ñà‚ñà‚ñà‚ñà‚ñà‚ñà‚ñà‚ñà‚ñà‚ñà            | 409 kB 28.2 MB/s eta 0:00:01[K     |‚ñà‚ñà‚ñà‚ñà‚ñà‚ñà‚ñà‚ñà‚ñà‚ñà‚ñà‚ñà‚ñà‚ñà‚ñà‚ñà‚ñà‚ñà‚ñà‚ñà‚ñå           | 419 kB 28.2 MB/s eta 0:00:01[K     |‚ñà‚ñà‚ñà‚ñà‚ñà‚ñà‚ñà‚ñà‚ñà‚ñà‚ñà‚ñà‚ñà‚ñà‚ñà‚ñà‚ñà‚ñà‚ñà‚ñà‚ñà           | 430 kB 28.2 MB/s eta 0:00:01[K     |‚ñà‚ñà‚ñà‚ñà‚ñà‚ñà‚ñà‚ñà‚ñà‚ñà‚ñà‚ñà‚ñà‚ñà‚ñà‚ñà‚ñà‚ñà‚ñà‚ñà‚ñà‚ñå          | 440 kB 28.2 MB/s eta 0:00:01[K     |‚ñà‚ñà‚ñà‚ñà‚ñà‚ñà‚ñà‚ñà‚ñà‚ñà‚ñà‚ñà‚ñà‚ñà‚ñà‚ñà‚ñà‚ñà‚ñà‚ñà‚ñà‚ñà          | 450 kB 28.2 MB/s eta 0:00:01[K     |‚ñà‚ñà‚ñà‚ñà‚ñà‚ñà‚ñà‚ñà‚ñà‚ñà‚ñà‚ñà‚ñà‚ñà‚ñà‚ñà‚ñà‚ñà‚ñà‚ñà‚ñà‚ñà‚ñå         | 460 kB 28.2 MB/s eta 0:00:01[K     |‚ñà‚ñà‚ñà‚ñà‚ñà‚ñà‚ñà‚ñà‚ñà‚ñà‚ñà‚ñà‚ñà‚ñà‚ñà‚ñà‚ñà‚ñà‚ñà‚ñà‚ñà‚ñà‚ñà         | 471 kB 28.2 MB/s eta 0:00:01[K     |‚ñà‚ñà‚ñà‚ñà‚ñà‚ñà‚ñà‚ñà‚ñà‚ñà‚ñà‚ñà‚ñà‚ñà‚ñà‚ñà‚ñà‚ñà‚ñà‚ñà‚ñà‚ñà‚ñà‚ñå        | 481 kB 28.2 MB/s eta 0:00:01[K     |‚ñà‚ñà‚ñà‚ñà‚ñà‚ñà‚ñà‚ñà‚ñà‚ñà‚ñà‚ñà‚ñà‚ñà‚ñà‚ñà‚ñà‚ñà‚ñà‚ñà‚ñà‚ñà‚ñà‚ñà        | 491 kB 28.2 MB/s eta 0:00:01[K     |‚ñà‚ñà‚ñà‚ñà‚ñà‚ñà‚ñà‚ñà‚ñà‚ñà‚ñà‚ñà‚ñà‚ñà‚ñà‚ñà‚ñà‚ñà‚ñà‚ñà‚ñà‚ñà‚ñà‚ñà‚ñå       | 501 kB 28.2 MB/s eta 0:00:01[K     |‚ñà‚ñà‚ñà‚ñà‚ñà‚ñà‚ñà‚ñà‚ñà‚ñà‚ñà‚ñà‚ñà‚ñà‚ñà‚ñà‚ñà‚ñà‚ñà‚ñà‚ñà‚ñà‚ñà‚ñà‚ñà       | 512 kB 28.2 MB/s eta 0:00:01[K     |‚ñà‚ñà‚ñà‚ñà‚ñà‚ñà‚ñà‚ñà‚ñà‚ñà‚ñà‚ñà‚ñà‚ñà‚ñà‚ñà‚ñà‚ñà‚ñà‚ñà‚ñà‚ñà‚ñà‚ñà‚ñà‚ñå      | 522 kB 28.2 MB/s eta 0:00:01[K     |‚ñà‚ñà‚ñà‚ñà‚ñà‚ñà‚ñà‚ñà‚ñà‚ñà‚ñà‚ñà‚ñà‚ñà‚ñà‚ñà‚ñà‚ñà‚ñà‚ñà‚ñà‚ñà‚ñà‚ñà‚ñà‚ñà      | 532 kB 28.2 MB/s eta 0:00:01[K     |‚ñà‚ñà‚ñà‚ñà‚ñà‚ñà‚ñà‚ñà‚ñà‚ñà‚ñà‚ñà‚ñà‚ñà‚ñà‚ñà‚ñà‚ñà‚ñà‚ñà‚ñà‚ñà‚ñà‚ñà‚ñà‚ñà‚ñå     | 542 kB 28.2 MB/s eta 0:00:01[K     |‚ñà‚ñà‚ñà‚ñà‚ñà‚ñà‚ñà‚ñà‚ñà‚ñà‚ñà‚ñà‚ñà‚ñà‚ñà‚ñà‚ñà‚ñà‚ñà‚ñà‚ñà‚ñà‚ñà‚ñà‚ñà‚ñà‚ñà     | 552 kB 28.2 MB/s eta 0:00:01[K     |‚ñà‚ñà‚ñà‚ñà‚ñà‚ñà‚ñà‚ñà‚ñà‚ñà‚ñà‚ñà‚ñà‚ñà‚ñà‚ñà‚ñà‚ñà‚ñà‚ñà‚ñà‚ñà‚ñà‚ñà‚ñà‚ñà‚ñà‚ñå    | 563 kB 28.2 MB/s eta 0:00:01[K     |‚ñà‚ñà‚ñà‚ñà‚ñà‚ñà‚ñà‚ñà‚ñà‚ñà‚ñà‚ñà‚ñà‚ñà‚ñà‚ñà‚ñà‚ñà‚ñà‚ñà‚ñà‚ñà‚ñà‚ñà‚ñà‚ñà‚ñà‚ñà    | 573 kB 28.2 MB/s eta 0:00:01[K     |‚ñà‚ñà‚ñà‚ñà‚ñà‚ñà‚ñà‚ñà‚ñà‚ñà‚ñà‚ñà‚ñà‚ñà‚ñà‚ñà‚ñà‚ñà‚ñà‚ñà‚ñà‚ñà‚ñà‚ñà‚ñà‚ñà‚ñà‚ñà‚ñå   | 583 kB 28.2 MB/s eta 0:00:01[K     |‚ñà‚ñà‚ñà‚ñà‚ñà‚ñà‚ñà‚ñà‚ñà‚ñà‚ñà‚ñà‚ñà‚ñà‚ñà‚ñà‚ñà‚ñà‚ñà‚ñà‚ñà‚ñà‚ñà‚ñà‚ñà‚ñà‚ñà‚ñà‚ñà   | 593 kB 28.2 MB/s eta 0:00:01[K     |‚ñà‚ñà‚ñà‚ñà‚ñà‚ñà‚ñà‚ñà‚ñà‚ñà‚ñà‚ñà‚ñà‚ñà‚ñà‚ñà‚ñà‚ñà‚ñà‚ñà‚ñà‚ñà‚ñà‚ñà‚ñà‚ñà‚ñà‚ñà‚ñà‚ñå  | 604 kB 28.2 MB/s eta 0:00:01[K     |‚ñà‚ñà‚ñà‚ñà‚ñà‚ñà‚ñà‚ñà‚ñà‚ñà‚ñà‚ñà‚ñà‚ñà‚ñà‚ñà‚ñà‚ñà‚ñà‚ñà‚ñà‚ñà‚ñà‚ñà‚ñà‚ñà‚ñà‚ñà‚ñà‚ñà  | 614 kB 28.2 MB/s eta 0:00:01[K     |‚ñà‚ñà‚ñà‚ñà‚ñà‚ñà‚ñà‚ñà‚ñà‚ñà‚ñà‚ñà‚ñà‚ñà‚ñà‚ñà‚ñà‚ñà‚ñà‚ñà‚ñà‚ñà‚ñà‚ñà‚ñà‚ñà‚ñà‚ñà‚ñà‚ñà‚ñå | 624 kB 28.2 MB/s eta 0:00:01[K     |‚ñà‚ñà‚ñà‚ñà‚ñà‚ñà‚ñà‚ñà‚ñà‚ñà‚ñà‚ñà‚ñà‚ñà‚ñà‚ñà‚ñà‚ñà‚ñà‚ñà‚ñà‚ñà‚ñà‚ñà‚ñà‚ñà‚ñà‚ñà‚ñà‚ñà‚ñà | 634 kB 28.2 MB/s eta 0:00:01[K     |‚ñà‚ñà‚ñà‚ñà‚ñà‚ñà‚ñà‚ñà‚ñà‚ñà‚ñà‚ñà‚ñà‚ñà‚ñà‚ñà‚ñà‚ñà‚ñà‚ñà‚ñà‚ñà‚ñà‚ñà‚ñà‚ñà‚ñà‚ñà‚ñà‚ñà‚ñà‚ñå| 645 kB 28.2 MB/s eta 0:00:01[K     |‚ñà‚ñà‚ñà‚ñà‚ñà‚ñà‚ñà‚ñà‚ñà‚ñà‚ñà‚ñà‚ñà‚ñà‚ñà‚ñà‚ñà‚ñà‚ñà‚ñà‚ñà‚ñà‚ñà‚ñà‚ñà‚ñà‚ñà‚ñà‚ñà‚ñà‚ñà‚ñà| 654 kB 28.2 MB/s 
[?25hInstalling collected packages: greenlet, sqlalchemy
Successfully installed greenlet-3.0.1 sqlalchemy-2.0.23
Running /platform/source/s01/v2/m01010101/m01010101_q11_t2.sh
Requirement already satisfied: sqlalchemy in /usr/local/lib/python3.8/dist-packages (2.0.23)
Requirement already satisfied: typing-extensions>=4.2.0 in /usr/local/lib/python3.8/dist-packages (from sqlalchemy) (4.8.0)
Requirement already satisfied: greenlet!=0.4.17; platform_machine == "aarch64" or (platform_machine == "ppc64le" or (platform_machine == "x86_64" or (platform_machine == "amd64" or (platform_machine == "AMD64" or (platform_machine == "win32" or platform_machine == "WIN32"))))) in /usr/local/lib/python3.8/dist-packages (from sqlalchemy) (3.0.1)
Collecting PyMySQL
  Downloading PyMySQL-1.1.0-py3-none-any.whl (44 kB)
[?25l[K     |‚ñà‚ñà‚ñà‚ñà‚ñà‚ñà‚ñà‚ñé                        | 10 kB 7.2 MB/s eta 0:00:01[K     |‚ñà‚ñà‚ñà‚ñà‚ñà‚ñà‚ñà‚ñà‚ñà‚ñà‚ñà‚ñà‚ñà‚ñà‚ñã                 | 20 kB 3.4 MB/s eta 0:00:01[K     |‚ñà‚ñà‚ñà‚ñà‚ñà‚ñà‚ñà‚ñà‚ñà‚ñà‚ñà‚ñà‚ñà‚ñà‚ñà‚ñà‚ñà‚ñà‚ñà‚ñà‚ñà‚ñà          | 30 kB 3.1 MB/s eta 0:00:01[K     |‚ñà‚ñà‚ñà‚ñà‚ñà‚ñà‚ñà‚ñà‚ñà‚ñà‚ñà‚ñà‚ñà‚ñà‚ñà‚ñà‚ñà‚ñà‚ñà‚ñà‚ñà‚ñà‚ñà‚ñà‚ñà‚ñà‚ñà‚ñà‚ñà‚ñé  | 40 kB 2.9 MB/s eta 0:00:01[K     |‚ñà‚ñà‚ñà‚ñà‚ñà‚ñà‚ñà‚ñà‚ñà‚ñà‚ñà‚ñà‚ñà‚ñà‚ñà‚ñà‚ñà‚ñà‚ñà‚ñà‚ñà‚ñà‚ñà‚ñà‚ñà‚ñà‚ñà‚ñà‚ñà‚ñà‚ñà‚ñà| 44 kB 2.4 MB/s 
[?25hInstalling collected packages: PyMySQL
Successfully installed PyMySQL-1.1.0
Requirement already satisfied: pandas in /usr/local/lib/python3.8/dist-packages (2.0.3)
Requirement already satisfied: tzdata>=2022.1 in /usr/local/lib/python3.8/dist-packages (from pandas) (2023.3)
Requirement already satisfied: numpy>=1.20.3; python_version < "3.10" in /usr/local/lib/python3.8/dist-packages (from pandas) (1.24.4)
Requirement already satisfied: pytz>=2020.1 in /usr/local/lib/python3.8/dist-packages (from pandas) (2023.3.post1)
Requirement already satisfied: python-dateutil>=2.8.2 in /usr/local/lib/python3.8/dist-packages (from pandas) (2.8.2)
Requirement already satisfied: six>=1.5 in /usr/local/lib/python3.8/dist-packages (from python-dateutil>=2.8.2->pandas) (1.16.0)
Requirement already satisfied: pymongo in /usr/local/lib/python3.8/dist-packages (4.6.0)
Requirement already satisfied: dnspython<3.0.0,>=1.16.0 in /usr/local/lib/python3.8/dist-packages (from pymongo) (2.4.2)
python: can't open file 'query.py': [Errno 2] No such file or directory
Running /platform/source/s01/v2/m01010101/m01010101_q12_t2.sh
/platform/source/s01/v2/m01010101/m01010101_q12_t2.sh: line 3: sudo: command not found
/platform/source/s01/v2/m01010101/m01010101_q12_t2.sh: line 6: sudo: command not found
/platform/source/s01/v2/m01010101/m01010101_q12_t2.sh: line 7: sudo: command not found
Requirement already satisfied: pandas in /usr/local/lib/python3.8/dist-packages (2.0.3)
Requirement already satisfied: pytz>=2020.1 in /usr/local/lib/python3.8/dist-packages (from pandas) (2023.3.post1)
Requirement already satisfied: python-dateutil>=2.8.2 in /usr/local/lib/python3.8/dist-packages (from pandas) (2.8.2)
Requirement already satisfied: numpy>=1.20.3; python_version < "3.10" in /usr/local/lib/python3.8/dist-packages (from pandas) (1.24.4)
Requirement already satisfied: tzdata>=2022.1 in /usr/local/lib/python3.8/dist-packages (from pandas) (2023.3)
Requirement already satisfied: six>=1.5 in /usr/local/lib/python3.8/dist-packages (from python-dateutil>=2.8.2->pandas) (1.16.0)
Requirement already satisfied: pymongo in /usr/local/lib/python3.8/dist-packages (4.6.0)
Requirement already satisfied: dnspython<3.0.0,>=1.16.0 in /usr/local/lib/python3.8/dist-packages (from pymongo) (2.4.2)
Requirement already satisfied: mysql-connector-python in /usr/local/lib/python3.8/dist-packages (8.2.0)
Requirement already satisfied: protobuf<=4.21.12,>=4.21.1 in /usr/local/lib/python3.8/dist-packages (from mysql-connector-python) (4.21.12)
Running /platform/source/s01/v2/m01010101/m01010101_q13_t2.sh
Requirement already satisfied: pandas in /usr/local/lib/python3.8/dist-packages (2.0.3)
Requirement already satisfied: python-dateutil>=2.8.2 in /usr/local/lib/python3.8/dist-packages (from pandas) (2.8.2)
Requirement already satisfied: tzdata>=2022.1 in /usr/local/lib/python3.8/dist-packages (from pandas) (2023.3)
Requirement already satisfied: pytz>=2020.1 in /usr/local/lib/python3.8/dist-packages (from pandas) (2023.3.post1)
Requirement already satisfied: numpy>=1.20.3; python_version < "3.10" in /usr/local/lib/python3.8/dist-packages (from pandas) (1.24.4)
Requirement already satisfied: six>=1.5 in /usr/local/lib/python3.8/dist-packages (from python-dateutil>=2.8.2->pandas) (1.16.0)
Requirement already satisfied: mysql-connector-python in /usr/local/lib/python3.8/dist-packages (8.2.0)
Requirement already satisfied: protobuf<=4.21.12,>=4.21.1 in /usr/local/lib/python3.8/dist-packages (from mysql-connector-python) (4.21.12)
Requirement already satisfied: pymongo in /usr/local/lib/python3.8/dist-packages (4.6.0)
Requirement already satisfied: dnspython<3.0.0,>=1.16.0 in /usr/local/lib/python3.8/dist-packages (from pymongo) (2.4.2)
Running /platform/source/s01/v2/m01010101/m01010101_q14_t2.sh
Requirement already satisfied: pymongo in /usr/local/lib/python3.8/dist-packages (4.6.0)
Requirement already satisfied: dnspython<3.0.0,>=1.16.0 in /usr/local/lib/python3.8/dist-packages (from pymongo) (2.4.2)
Requirement already satisfied: pymysql in /usr/local/lib/python3.8/dist-packages (1.1.0)
Requirement already satisfied: pandas in /usr/local/lib/python3.8/dist-packages (2.0.3)
Requirement already satisfied: pytz>=2020.1 in /usr/local/lib/python3.8/dist-packages (from pandas) (2023.3.post1)
Requirement already satisfied: python-dateutil>=2.8.2 in /usr/local/lib/python3.8/dist-packages (from pandas) (2.8.2)
Requirement already satisfied: tzdata>=2022.1 in /usr/local/lib/python3.8/dist-packages (from pandas) (2023.3)
Requirement already satisfied: numpy>=1.20.3; python_version < "3.10" in /usr/local/lib/python3.8/dist-packages (from pandas) (1.24.4)
Requirement already satisfied: six>=1.5 in /usr/local/lib/python3.8/dist-packages (from python-dateutil>=2.8.2->pandas) (1.16.0)
Running /platform/source/s01/v2/m01010101/m01010101_q15_t2.sh
Requirement already satisfied: pandas in /usr/local/lib/python3.8/dist-packages (2.0.3)
Requirement already satisfied: pymongo in /usr/local/lib/python3.8/dist-packages (4.6.0)
Requirement already satisfied: pytz>=2020.1 in /usr/local/lib/python3.8/dist-packages (from pandas) (2023.3.post1)
Requirement already satisfied: python-dateutil>=2.8.2 in /usr/local/lib/python3.8/dist-packages (from pandas) (2.8.2)
Requirement already satisfied: numpy>=1.20.3; python_version < "3.10" in /usr/local/lib/python3.8/dist-packages (from pandas) (1.24.4)
Requirement already satisfied: tzdata>=2022.1 in /usr/local/lib/python3.8/dist-packages (from pandas) (2023.3)
Requirement already satisfied: dnspython<3.0.0,>=1.16.0 in /usr/local/lib/python3.8/dist-packages (from pymongo) (2.4.2)
Requirement already satisfied: six>=1.5 in /usr/local/lib/python3.8/dist-packages (from python-dateutil>=2.8.2->pandas) (1.16.0)
Running /platform/source/s01/v2/m01010101/m01010101_q16_t2.sh
Running /platform/source/s01/v2/m01010101/m01010101_q17_t2.sh
/platform/source/s01/v2/m01010101/m01010101_q17_t2.sh: line 2: sudo: command not found
/platform/source/s01/v2/m01010101/m01010101_q17_t2.sh: line 3: sudo: command not found
/platform/source/s01/v2/m01010101/m01010101_q17_t2.sh: line 4: sudo: command not found
Requirement already satisfied: pandas in /usr/local/lib/python3.8/dist-packages (2.0.3)
Requirement already satisfied: pytz>=2020.1 in /usr/local/lib/python3.8/dist-packages (from pandas) (2023.3.post1)
Requirement already satisfied: tzdata>=2022.1 in /usr/local/lib/python3.8/dist-packages (from pandas) (2023.3)
Requirement already satisfied: numpy>=1.20.3; python_version < "3.10" in /usr/local/lib/python3.8/dist-packages (from pandas) (1.24.4)
Requirement already satisfied: python-dateutil>=2.8.2 in /usr/local/lib/python3.8/dist-packages (from pandas) (2.8.2)
Requirement already satisfied: six>=1.5 in /usr/local/lib/python3.8/dist-packages (from python-dateutil>=2.8.2->pandas) (1.16.0)
Requirement already satisfied: mysql-connector-python in /usr/local/lib/python3.8/dist-packages (8.2.0)
Requirement already satisfied: protobuf<=4.21.12,>=4.21.1 in /usr/local/lib/python3.8/dist-packages (from mysql-connector-python) (4.21.12)
Requirement already satisfied: pymongo in /usr/local/lib/python3.8/dist-packages (4.6.0)
Requirement already satisfied: dnspython<3.0.0,>=1.16.0 in /usr/local/lib/python3.8/dist-packages (from pymongo) (2.4.2)
python3: can't open file 'query.py': [Errno 2] No such file or directory
Running /platform/source/s01/v2/m01010101/m01010101_q18_t2.sh
Running /platform/source/s01/v2/m01010101/m01010101_q19_t2.sh
Running /platform/source/s01/v2/m01010101/m01010101_q1_t2.sh
Requirement already satisfied: pymongo in /usr/local/lib/python3.8/dist-packages (4.6.0)
Requirement already satisfied: dnspython<3.0.0,>=1.16.0 in /usr/local/lib/python3.8/dist-packages (from pymongo) (2.4.2)
Requirement already satisfied: mysql-connector-python in /usr/local/lib/python3.8/dist-packages (8.2.0)
Requirement already satisfied: protobuf<=4.21.12,>=4.21.1 in /usr/local/lib/python3.8/dist-packages (from mysql-connector-python) (4.21.12)
Requirement already satisfied: pandas in /usr/local/lib/python3.8/dist-packages (2.0.3)
Requirement already satisfied: python-dateutil>=2.8.2 in /usr/local/lib/python3.8/dist-packages (from pandas) (2.8.2)
Requirement already satisfied: tzdata>=2022.1 in /usr/local/lib/python3.8/dist-packages (from pandas) (2023.3)
Requirement already satisfied: numpy>=1.20.3; python_version < "3.10" in /usr/local/lib/python3.8/dist-packages (from pandas) (1.24.4)
Requirement already satisfied: pytz>=2020.1 in /usr/local/lib/python3.8/dist-packages (from pandas) (2023.3.post1)
Requirement already satisfied: six>=1.5 in /usr/local/lib/python3.8/dist-packages (from python-dateutil>=2.8.2->pandas) (1.16.0)
Running /platform/source/s01/v2/m01010101/m01010101_q20_t2.sh
Collecting python-dotenv
  Downloading python_dotenv-1.0.0-py3-none-any.whl (19 kB)
Installing collected packages: python-dotenv
Successfully installed python-dotenv-1.0.0
Requirement already satisfied: PyMySQL in /usr/local/lib/python3.8/dist-packages (1.1.0)
Collecting mongoengine
  Downloading mongoengine-0.27.0-py3-none-any.whl (110 kB)
[?25l[K     |‚ñà‚ñà‚ñà                             | 10 kB 16.7 MB/s eta 0:00:01[K     |‚ñà‚ñà‚ñà‚ñà‚ñà‚ñà                          | 20 kB 17.8 MB/s eta 0:00:01[K     |‚ñà‚ñà‚ñà‚ñà‚ñà‚ñà‚ñà‚ñà‚ñâ                       | 30 kB 24.2 MB/s eta 0:00:01[K     |‚ñà‚ñà‚ñà‚ñà‚ñà‚ñà‚ñà‚ñà‚ñà‚ñà‚ñà‚ñâ                    | 40 kB 3.4 MB/s eta 0:00:01[K     |‚ñà‚ñà‚ñà‚ñà‚ñà‚ñà‚ñà‚ñà‚ñà‚ñà‚ñà‚ñà‚ñà‚ñà‚ñâ                 | 51 kB 3.6 MB/s eta 0:00:01[K     |‚ñà‚ñà‚ñà‚ñà‚ñà‚ñà‚ñà‚ñà‚ñà‚ñà‚ñà‚ñà‚ñà‚ñà‚ñà‚ñà‚ñà‚ñä              | 61 kB 4.2 MB/s eta 0:00:01[K     |‚ñà‚ñà‚ñà‚ñà‚ñà‚ñà‚ñà‚ñà‚ñà‚ñà‚ñà‚ñà‚ñà‚ñà‚ñà‚ñà‚ñà‚ñà‚ñà‚ñà‚ñä           | 71 kB 3.8 MB/s eta 0:00:01[K     |‚ñà‚ñà‚ñà‚ñà‚ñà‚ñà‚ñà‚ñà‚ñà‚ñà‚ñà‚ñà‚ñà‚ñà‚ñà‚ñà‚ñà‚ñà‚ñà‚ñà‚ñà‚ñà‚ñà‚ñä        | 81 kB 4.1 MB/s eta 0:00:01[K     |‚ñà‚ñà‚ñà‚ñà‚ñà‚ñà‚ñà‚ñà‚ñà‚ñà‚ñà‚ñà‚ñà‚ñà‚ñà‚ñà‚ñà‚ñà‚ñà‚ñà‚ñà‚ñà‚ñà‚ñà‚ñà‚ñà‚ñã     | 92 kB 4.6 MB/s eta 0:00:01[K     |‚ñà‚ñà‚ñà‚ñà‚ñà‚ñà‚ñà‚ñà‚ñà‚ñà‚ñà‚ñà‚ñà‚ñà‚ñà‚ñà‚ñà‚ñà‚ñà‚ñà‚ñà‚ñà‚ñà‚ñà‚ñà‚ñà‚ñà‚ñà‚ñà‚ñã  | 102 kB 4.7 MB/s eta 0:00:01[K     |‚ñà‚ñà‚ñà‚ñà‚ñà‚ñà‚ñà‚ñà‚ñà‚ñà‚ñà‚ñà‚ñà‚ñà‚ñà‚ñà‚ñà‚ñà‚ñà‚ñà‚ñà‚ñà‚ñà‚ñà‚ñà‚ñà‚ñà‚ñà‚ñà‚ñà‚ñà‚ñà| 110 kB 4.7 MB/s 
[?25hRequirement already satisfied: pymongo<5.0,>=3.4 in /usr/local/lib/python3.8/dist-packages (from mongoengine) (4.6.0)
Requirement already satisfied: dnspython<3.0.0,>=1.16.0 in /usr/local/lib/python3.8/dist-packages (from pymongo<5.0,>=3.4->mongoengine) (2.4.2)
Installing collected packages: mongoengine
Successfully installed mongoengine-0.27.0
Requirement already satisfied: pandas in /usr/local/lib/python3.8/dist-packages (2.0.3)
Requirement already satisfied: tzdata>=2022.1 in /usr/local/lib/python3.8/dist-packages (from pandas) (2023.3)
Requirement already satisfied: pytz>=2020.1 in /usr/local/lib/python3.8/dist-packages (from pandas) (2023.3.post1)
Requirement already satisfied: python-dateutil>=2.8.2 in /usr/local/lib/python3.8/dist-packages (from pandas) (2.8.2)
Requirement already satisfied: numpy>=1.20.3; python_version < "3.10" in /usr/local/lib/python3.8/dist-packages (from pandas) (1.24.4)
Requirement already satisfied: six>=1.5 in /usr/local/lib/python3.8/dist-packages (from python-dateutil>=2.8.2->pandas) (1.16.0)
Requirement already satisfied: numpy in /usr/local/lib/python3.8/dist-packages (1.24.4)
Running /platform/source/s01/v2/m01010101/m01010101_q21_t2.sh
Requirement already satisfied: pymysql in /usr/local/lib/python3.8/dist-packages (1.1.0)
Requirement already satisfied: pymongo in /usr/local/lib/python3.8/dist-packages (4.6.0)
Requirement already satisfied: pandas in /usr/local/lib/python3.8/dist-packages (2.0.3)
Requirement already satisfied: dnspython<3.0.0,>=1.16.0 in /usr/local/lib/python3.8/dist-packages (from pymongo) (2.4.2)
Requirement already satisfied: numpy>=1.20.3; python_version < "3.10" in /usr/local/lib/python3.8/dist-packages (from pandas) (1.24.4)
Requirement already satisfied: python-dateutil>=2.8.2 in /usr/local/lib/python3.8/dist-packages (from pandas) (2.8.2)
Requirement already satisfied: tzdata>=2022.1 in /usr/local/lib/python3.8/dist-packages (from pandas) (2023.3)
Requirement already satisfied: pytz>=2020.1 in /usr/local/lib/python3.8/dist-packages (from pandas) (2023.3.post1)
Requirement already satisfied: six>=1.5 in /usr/local/lib/python3.8/dist-packages (from python-dateutil>=2.8.2->pandas) (1.16.0)
Running /platform/source/s01/v2/m01010101/m01010101_q22_t2.sh
Requirement already satisfied: pymongo in /usr/local/lib/python3.8/dist-packages (4.6.0)
Requirement already satisfied: mysql-connector-python in /usr/local/lib/python3.8/dist-packages (8.2.0)
Requirement already satisfied: pandas in /usr/local/lib/python3.8/dist-packages (2.0.3)
Requirement already satisfied: dnspython<3.0.0,>=1.16.0 in /usr/local/lib/python3.8/dist-packages (from pymongo) (2.4.2)
Requirement already satisfied: protobuf<=4.21.12,>=4.21.1 in /usr/local/lib/python3.8/dist-packages (from mysql-connector-python) (4.21.12)
Requirement already satisfied: numpy>=1.20.3; python_version < "3.10" in /usr/local/lib/python3.8/dist-packages (from pandas) (1.24.4)
Requirement already satisfied: python-dateutil>=2.8.2 in /usr/local/lib/python3.8/dist-packages (from pandas) (2.8.2)
Requirement already satisfied: tzdata>=2022.1 in /usr/local/lib/python3.8/dist-packages (from pandas) (2023.3)
Requirement already satisfied: pytz>=2020.1 in /usr/local/lib/python3.8/dist-packages (from pandas) (2023.3.post1)
Requirement already satisfied: six>=1.5 in /usr/local/lib/python3.8/dist-packages (from python-dateutil>=2.8.2->pandas) (1.16.0)
Running /platform/source/s01/v2/m01010101/m01010101_q2_t2.sh
/platform/source/s01/v2/m01010101/m01010101_q2_t2.sh: line 4: sudo: command not found
/platform/source/s01/v2/m01010101/m01010101_q2_t2.sh: line 7: sudo: command not found
Requirement already satisfied: pymongo in /usr/local/lib/python3.8/dist-packages (4.6.0)
Requirement already satisfied: dnspython<3.0.0,>=1.16.0 in /usr/local/lib/python3.8/dist-packages (from pymongo) (2.4.2)
Requirement already satisfied: pandas in /usr/local/lib/python3.8/dist-packages (2.0.3)
Requirement already satisfied: numpy>=1.20.3; python_version < "3.10" in /usr/local/lib/python3.8/dist-packages (from pandas) (1.24.4)
Requirement already satisfied: tzdata>=2022.1 in /usr/local/lib/python3.8/dist-packages (from pandas) (2023.3)
Requirement already satisfied: python-dateutil>=2.8.2 in /usr/local/lib/python3.8/dist-packages (from pandas) (2.8.2)
Requirement already satisfied: pytz>=2020.1 in /usr/local/lib/python3.8/dist-packages (from pandas) (2023.3.post1)
Requirement already satisfied: six>=1.5 in /usr/local/lib/python3.8/dist-packages (from python-dateutil>=2.8.2->pandas) (1.16.0)
Requirement already satisfied: sqlalchemy in /usr/local/lib/python3.8/dist-packages (2.0.23)
Requirement already satisfied: pymysql in /usr/local/lib/python3.8/dist-packages (1.1.0)
Requirement already satisfied: greenlet!=0.4.17; platform_machine == "aarch64" or (platform_machine == "ppc64le" or (platform_machine == "x86_64" or (platform_machine == "amd64" or (platform_machine == "AMD64" or (platform_machine == "win32" or platform_machine == "WIN32"))))) in /usr/local/lib/python3.8/dist-packages (from sqlalchemy) (3.0.1)
Requirement already satisfied: typing-extensions>=4.2.0 in /usr/local/lib/python3.8/dist-packages (from sqlalchemy) (4.8.0)
Running /platform/source/s01/v2/m01010101/m01010101_q3_t2.sh
Installing mysql-connector-python
Requirement already satisfied: mysql-connector-python in /usr/local/lib/python3.8/dist-packages (8.2.0)
Requirement already satisfied: protobuf<=4.21.12,>=4.21.1 in /usr/local/lib/python3.8/dist-packages (from mysql-connector-python) (4.21.12)
Installing pandas
Requirement already satisfied: pandas in /usr/local/lib/python3.8/dist-packages (2.0.3)
Requirement already satisfied: python-dateutil>=2.8.2 in /usr/local/lib/python3.8/dist-packages (from pandas) (2.8.2)
Requirement already satisfied: numpy>=1.20.3; python_version < "3.10" in /usr/local/lib/python3.8/dist-packages (from pandas) (1.24.4)
Requirement already satisfied: tzdata>=2022.1 in /usr/local/lib/python3.8/dist-packages (from pandas) (2023.3)
Requirement already satisfied: pytz>=2020.1 in /usr/local/lib/python3.8/dist-packages (from pandas) (2023.3.post1)
Requirement already satisfied: six>=1.5 in /usr/local/lib/python3.8/dist-packages (from python-dateutil>=2.8.2->pandas) (1.16.0)
Installing pymongo
Requirement already satisfied: pymongo in /usr/local/lib/python3.8/dist-packages (4.6.0)
Requirement already satisfied: dnspython<3.0.0,>=1.16.0 in /usr/local/lib/python3.8/dist-packages (from pymongo) (2.4.2)
Finished installing the libraries!
Running /platform/source/s01/v2/m01010101/m01010101_q4_t2.sh
Requirement already satisfied: pymongo in /usr/local/lib/python3.8/dist-packages (4.6.0)
Requirement already satisfied: dnspython<3.0.0,>=1.16.0 in /usr/local/lib/python3.8/dist-packages (from pymongo) (2.4.2)
Requirement already satisfied: pymysql in /usr/local/lib/python3.8/dist-packages (1.1.0)
Requirement already satisfied: pandas in /usr/local/lib/python3.8/dist-packages (2.0.3)
Requirement already satisfied: numpy>=1.20.3; python_version < "3.10" in /usr/local/lib/python3.8/dist-packages (from pandas) (1.24.4)
Requirement already satisfied: pytz>=2020.1 in /usr/local/lib/python3.8/dist-packages (from pandas) (2023.3.post1)
Requirement already satisfied: python-dateutil>=2.8.2 in /usr/local/lib/python3.8/dist-packages (from pandas) (2.8.2)
Requirement already satisfied: tzdata>=2022.1 in /usr/local/lib/python3.8/dist-packages (from pandas) (2023.3)
Requirement already satisfied: six>=1.5 in /usr/local/lib/python3.8/dist-packages (from python-dateutil>=2.8.2->pandas) (1.16.0)
python: can't open file 'query.py': [Errno 2] No such file or directory
Running /platform/source/s01/v2/m01010101/m01010101_q5_t2.sh
Requirement already satisfied: pandas in /usr/local/lib/python3.8/dist-packages (2.0.3)
Requirement already satisfied: tzdata>=2022.1 in /usr/local/lib/python3.8/dist-packages (from pandas) (2023.3)
Requirement already satisfied: python-dateutil>=2.8.2 in /usr/local/lib/python3.8/dist-packages (from pandas) (2.8.2)
Requirement already satisfied: numpy>=1.20.3; python_version < "3.10" in /usr/local/lib/python3.8/dist-packages (from pandas) (1.24.4)
Requirement already satisfied: pytz>=2020.1 in /usr/local/lib/python3.8/dist-packages (from pandas) (2023.3.post1)
Requirement already satisfied: six>=1.5 in /usr/local/lib/python3.8/dist-packages (from python-dateutil>=2.8.2->pandas) (1.16.0)
Requirement already satisfied: PyMongo in /usr/local/lib/python3.8/dist-packages (4.6.0)
Requirement already satisfied: dnspython<3.0.0,>=1.16.0 in /usr/local/lib/python3.8/dist-packages (from PyMongo) (2.4.2)
Requirement already satisfied: PyMySQL in /usr/local/lib/python3.8/dist-packages (1.1.0)
/platform/source/s01/v2/m01010101/m01010101_q5_t2.sh: line 5: your_python_script_here: No such file or directory
Running /platform/source/s01/v2/m01010101/m01010101_q6_t2.sh
The virtual environment was not created successfully because ensurepip is not
available.  On Debian/Ubuntu systems, you need to install the python3-venv
package using the following command.

    apt install python3.8-venv

You may need to use sudo with that command.  After installing the python3-venv
package, recreate your virtual environment.

Failing command: ['/venv/bin/python3', '-Im', 'ensurepip', '--upgrade', '--default-pip']

/platform/source/s01/v2/m01010101/m01010101_q6_t2.sh: line 5: venv/bin/activate: No such file or directory
Requirement already satisfied: pymongo in /usr/local/lib/python3.8/dist-packages (4.6.0)
Requirement already satisfied: dnspython<3.0.0,>=1.16.0 in /usr/local/lib/python3.8/dist-packages (from pymongo) (2.4.2)
Requirement already satisfied: pandas in /usr/local/lib/python3.8/dist-packages (2.0.3)
Requirement already satisfied: python-dateutil>=2.8.2 in /usr/local/lib/python3.8/dist-packages (from pandas) (2.8.2)
Requirement already satisfied: numpy>=1.20.3; python_version < "3.10" in /usr/local/lib/python3.8/dist-packages (from pandas) (1.24.4)
Requirement already satisfied: pytz>=2020.1 in /usr/local/lib/python3.8/dist-packages (from pandas) (2023.3.post1)
Requirement already satisfied: tzdata>=2022.1 in /usr/local/lib/python3.8/dist-packages (from pandas) (2023.3)
Requirement already satisfied: six>=1.5 in /usr/local/lib/python3.8/dist-packages (from python-dateutil>=2.8.2->pandas) (1.16.0)
Running /platform/source/s01/v2/m01010101/m01010101_q7_t2.sh
[33m0% [Working][0m            Hit:1 http://ports.ubuntu.com/ubuntu-ports focal InRelease
[33m0% [Working][0m[33m0% [Waiting for headers][0m                        Get:2 http://ports.ubuntu.com/ubuntu-ports focal-updates InRelease [114 kB]
[33m0% [2 InRelease 13.2 kB/114 kB 12%][0m[33m                                   0% [Working][0m            Hit:3 http://ports.ubuntu.com/ubuntu-ports focal-backports InRelease
[33m0% [Waiting for headers][0m[33m0% [Waiting for headers][0m[33m0% [Waiting for headers][0m                        Hit:4 http://ports.ubuntu.com/ubuntu-ports focal-security InRelease
[33m                        0% [Working][0m[33m100% [Working][0m              Fetched 114 kB in 1s (133 kB/s)
Reading package lists... 0%Reading package lists... 0%Reading package lists... 0%Reading package lists... 6%Reading package lists... 6%Reading package lists... 6%Reading package lists... 6%Reading package lists... 61%Reading package lists... 61%Reading package lists... 61%Reading package lists... 61%Reading package lists... 75%Reading package lists... 75%Reading package lists... 75%Reading package lists... 75%Reading package lists... 82%Reading package lists... 82%Reading package lists... 82%Reading package lists... 82%Reading package lists... 82%Reading package lists... 82%Reading package lists... 82%Reading package lists... 82%Reading package lists... 94%Reading package lists... 94%Reading package lists... 94%Reading package lists... 94%Reading package lists... 99%Reading package lists... 99%Reading package lists... 99%Reading package lists... 99%Reading package lists... Done
Building dependency tree... 0%Building dependency tree... 0%Building dependency tree... 0%Building dependency tree... 50%Building dependency tree... 50%Building dependency tree       
Reading state information... 0%Reading state information... 0%Reading state information... Done
All packages are up to date.
Reading package lists... 0%Reading package lists... 0%Reading package lists... 0%Reading package lists... 6%Reading package lists... 6%Reading package lists... 6%Reading package lists... 6%Reading package lists... 61%Reading package lists... 61%Reading package lists... 61%Reading package lists... 61%Reading package lists... 75%Reading package lists... 75%Reading package lists... 75%Reading package lists... 75%Reading package lists... 82%Reading package lists... 82%Reading package lists... 82%Reading package lists... 82%Reading package lists... 82%Reading package lists... 82%Reading package lists... 82%Reading package lists... 82%Reading package lists... 94%Reading package lists... 94%Reading package lists... 94%Reading package lists... 94%Reading package lists... 99%Reading package lists... 99%Reading package lists... 99%Reading package lists... 99%Reading package lists... Done
Building dependency tree... 0%Building dependency tree... 0%Building dependency tree... 50%Building dependency tree... 50%Building dependency tree       
Reading state information... 0%Reading state information... 0%Reading state information... Done
python3.8 is already the newest version (3.8.10-0ubuntu1~20.04.8).
python3-pip is already the newest version (20.0.2-5ubuntu1.9).
0 upgraded, 0 newly installed, 0 to remove and 0 not upgraded.
Requirement already satisfied: PyMySQL in /usr/local/lib/python3.8/dist-packages (1.1.0)
Requirement already satisfied: pymongo in /usr/local/lib/python3.8/dist-packages (4.6.0)
Requirement already satisfied: dnspython<3.0.0,>=1.16.0 in /usr/local/lib/python3.8/dist-packages (from pymongo) (2.4.2)
Requirement already satisfied: pandas in /usr/local/lib/python3.8/dist-packages (2.0.3)
Requirement already satisfied: pytz>=2020.1 in /usr/local/lib/python3.8/dist-packages (from pandas) (2023.3.post1)
Requirement already satisfied: tzdata>=2022.1 in /usr/local/lib/python3.8/dist-packages (from pandas) (2023.3)
Requirement already satisfied: numpy>=1.20.3; python_version < "3.10" in /usr/local/lib/python3.8/dist-packages (from pandas) (1.24.4)
Requirement already satisfied: python-dateutil>=2.8.2 in /usr/local/lib/python3.8/dist-packages (from pandas) (2.8.2)
Requirement already satisfied: six>=1.5 in /usr/local/lib/python3.8/dist-packages (from python-dateutil>=2.8.2->pandas) (1.16.0)
chmod: cannot access 'your_python_script.py': No such file or directory
/platform/source/s01/v2/m01010101/m01010101_q7_t2.sh: line 22: ./your_python_script.py: No such file or directory
Running /platform/source/s01/v2/m01010101/m01010101_q8_t2.sh
Requirement already satisfied: pymongo in /usr/local/lib/python3.8/dist-packages (4.6.0)
Requirement already satisfied: dnspython<3.0.0,>=1.16.0 in /usr/local/lib/python3.8/dist-packages (from pymongo) (2.4.2)
Requirement already satisfied: mysql-connector-python in /usr/local/lib/python3.8/dist-packages (8.2.0)
Requirement already satisfied: protobuf<=4.21.12,>=4.21.1 in /usr/local/lib/python3.8/dist-packages (from mysql-connector-python) (4.21.12)
Requirement already satisfied: pandas in /usr/local/lib/python3.8/dist-packages (2.0.3)
Requirement already satisfied: numpy>=1.20.3; python_version < "3.10" in /usr/local/lib/python3.8/dist-packages (from pandas) (1.24.4)
Requirement already satisfied: python-dateutil>=2.8.2 in /usr/local/lib/python3.8/dist-packages (from pandas) (2.8.2)
Requirement already satisfied: tzdata>=2022.1 in /usr/local/lib/python3.8/dist-packages (from pandas) (2023.3)
Requirement already satisfied: pytz>=2020.1 in /usr/local/lib/python3.8/dist-packages (from pandas) (2023.3.post1)
Requirement already satisfied: six>=1.5 in /usr/local/lib/python3.8/dist-packages (from python-dateutil>=2.8.2->pandas) (1.16.0)
Running /platform/source/s01/v2/m01010101/m01010101_q9_t2.sh
Requirement already satisfied: pandas in /usr/local/lib/python3.8/dist-packages (2.0.3)
Requirement already satisfied: sqlalchemy in /usr/local/lib/python3.8/dist-packages (2.0.23)
Requirement already satisfied: pymysql in /usr/local/lib/python3.8/dist-packages (1.1.0)
Requirement already satisfied: pymongo in /usr/local/lib/python3.8/dist-packages (4.6.0)
Requirement already satisfied: python-dateutil>=2.8.2 in /usr/local/lib/python3.8/dist-packages (from pandas) (2.8.2)
Requirement already satisfied: numpy>=1.20.3; python_version < "3.10" in /usr/local/lib/python3.8/dist-packages (from pandas) (1.24.4)
Requirement already satisfied: tzdata>=2022.1 in /usr/local/lib/python3.8/dist-packages (from pandas) (2023.3)
Requirement already satisfied: pytz>=2020.1 in /usr/local/lib/python3.8/dist-packages (from pandas) (2023.3.post1)
Requirement already satisfied: typing-extensions>=4.2.0 in /usr/local/lib/python3.8/dist-packages (from sqlalchemy) (4.8.0)
Requirement already satisfied: greenlet!=0.4.17; platform_machine == "aarch64" or (platform_machine == "ppc64le" or (platform_machine == "x86_64" or (platform_machine == "amd64" or (platform_machine == "AMD64" or (platform_machine == "win32" or platform_machine == "WIN32"))))) in /usr/local/lib/python3.8/dist-packages (from sqlalchemy) (3.0.1)
Requirement already satisfied: dnspython<3.0.0,>=1.16.0 in /usr/local/lib/python3.8/dist-packages (from pymongo) (2.4.2)
Requirement already satisfied: six>=1.5 in /usr/local/lib/python3.8/dist-packages (from python-dateutil>=2.8.2->pandas) (1.16.0)
python /dbknitter/dbknitter/grader.py /platform/source/s01/v2/m01010101/m01010101_q10_t2.py /platform/output/s01/v2/m01010101/m01010101_q10_t2.csv /platform/expected/s01/q10.csv
/platform/source/s01/v2/m01010101/m01010101_q10_t2.py:18: UserWarning: pandas only supports SQLAlchemy connectable (engine/connection) or database string URI or sqlite3 DBAPI2 connection. Other DBAPI2 objects are not tested. Please consider using SQLAlchemy.
  mysql_orders_df = pd.read_sql("SELECT * FROM orders WHERE O_ORDERDATE >= '1993-10-01' AND O_ORDERDATE < '1994-01-01'", mysql_conn)
/platform/source/s01/v2/m01010101/m01010101_q10_t2.py:19: UserWarning: pandas only supports SQLAlchemy connectable (engine/connection) or database string URI or sqlite3 DBAPI2 connection. Other DBAPI2 objects are not tested. Please consider using SQLAlchemy.
  mysql_nation_df = pd.read_sql("SELECT * FROM nation", mysql_conn)
/platform/source/s01/v2/m01010101/m01010101_q10_t2.py:34: SettingWithCopyWarning: 
A value is trying to be set on a copy of a slice from a DataFrame.
Try using .loc[row_indexer,col_indexer] = value instead

See the caveats in the documentation: https://pandas.pydata.org/pandas-docs/stable/user_guide/indexing.html#returning-a-view-versus-a-copy
  filtered_df['REVENUE'] = filtered_df.apply(lambda row: row.L_EXTENDEDPRICE * (1 - row.L_DISCOUNT), axis=1)
>>> Expected
      C_CUSTKEY  ...                                          C_COMMENT
0         14441  ...  ts. quickly even instructions above the furiou...
1         14623  ...  cial deposits sleep bravely blithely even deco...
2          8333  ...  egular courts among the carefully final platel...
3           935  ...                 furiously pending ideas. daringly 
4          3925  ...  blithely regular, regular somas. blithely pend...
...         ...  ...                                                ...
3762      12106  ...  ly after the blithely regular foxes. accounts ...
3763       2455  ...  al asymptotes. finally ironic accounts cajole ...
3764      11032  ...       posits-- furiously ironic accounts are again
3765       7714  ...      arhorses according to the blithely express re
3766       8242  ...  slyly regular packages haggle carefully ironic...

[3767 rows x 8 columns]

>>> Actual
      C_CUSTKEY  ...      REVENUE
0         14441  ...    1009.0848
1         14623  ...    1013.5800
2          8333  ...    1044.8270
3           935  ...    1120.5600
4          3925  ...    1162.1350
...         ...  ...          ...
3762      12106  ...  479414.2133
3763       2455  ...  481592.4053
3764      11032  ...  512500.9641
3765       7714  ...  557400.3053
3766       8242  ...  622786.7297

[3767 rows x 8 columns]

Override with string comparison
Score.fail_wrong_output
python /dbknitter/dbknitter/grader.py /platform/source/s01/v2/m01010101/m01010101_q11_t2.py /platform/output/s01/v2/m01010101/m01010101_q11_t2.csv /platform/expected/s01/q11.csv
Traceback (most recent call last):
  File "/platform/source/s01/v2/m01010101/m01010101_q11_t2.py", line 36, in <module>
    merged_df = df1.merge(df2,left_on='PS_SUPPKEY', right_on='S_SUPPKEY')
  File "/usr/local/lib/python3.8/dist-packages/pandas/core/frame.py", line 9843, in merge
    return merge(
  File "/usr/local/lib/python3.8/dist-packages/pandas/core/reshape/merge.py", line 148, in merge
    op = _MergeOperation(
  File "/usr/local/lib/python3.8/dist-packages/pandas/core/reshape/merge.py", line 737, in __init__
    ) = self._get_merge_keys()
  File "/usr/local/lib/python3.8/dist-packages/pandas/core/reshape/merge.py", line 1221, in _get_merge_keys
    left_keys.append(left._get_label_or_level_values(lk))
  File "/usr/local/lib/python3.8/dist-packages/pandas/core/generic.py", line 1778, in _get_label_or_level_values
    raise KeyError(key)
KeyError: 'PS_SUPPKEY'
Score.fail_missing_output
python /dbknitter/dbknitter/grader.py /platform/source/s01/v2/m01010101/m01010101_q12_t2.py /platform/output/s01/v2/m01010101/m01010101_q12_t2.csv /platform/expected/s01/q12.csv
Traceback (most recent call last):
  File "/platform/source/s01/v2/m01010101/m01010101_q12_t2.py", line 34, in <module>
    final_df = merged_df[(merged_df['L_SHIPMODE'].isin(['MAIL', 'SHIP'])) & (merged_df['L_COMMITDATE'] < merged_df['L_RECEIPTDATE']) 
  File "/usr/local/lib/python3.8/dist-packages/pandas/core/groupby/generic.py", line 1767, in __getitem__
    raise ValueError(
ValueError: Cannot subset columns with a tuple with more than one element. Use a list instead.
Score.fail_missing_output
python /dbknitter/dbknitter/grader.py /platform/source/s01/v2/m01010101/m01010101_q13_t2.py /platform/output/s01/v2/m01010101/m01010101_q13_t2.csv /platform/expected/s01/q13.csv
>>> Expected
    C_COUNT  CUSTDIST
0         0      5000
1        10       676
2         9       651
3        11       618
4        12       554
5         8       548
6        13       514
7         7       487
8        19       485
9        18       461
10       14       454
11       20       444
12       16       442
13       17       438
14       15       430
15       21       396
16       22       378
17        6       355
18       23       322
19       24       262
20       25       188
21        5       184
22       26       162
23       27       138
24       28       103
25        4        92
26       29        59
27        3        49
28       30        29
29       31        26
30       32        19
31        2        12
32       33         8
33       34         7
34       35         5
35        1         3
36       36         1

>>> Actual
    C_COUNT  CUSTDIST
0         0      5000
1        10       676
2         9       651
3        11       618
4        12       554
5         8       548
6        13       514
7         7       487
8        19       485
9        18       461
10       14       454
11       20       444
12       16       442
13       17       438
14       15       430
15       21       396
16       22       378
17        6       355
18       23       322
19       24       262
20       25       188
21        5       184
22       26       162
23       27       138
24       28       103
25        4        92
26       29        59
27        3        49
28       30        29
29       31        26
30       32        19
31        2        12
32       33         8
33       34         7
34       35         5
35        1         3
36       36         1

Score.success
python /dbknitter/dbknitter/grader.py /platform/source/s01/v2/m01010101/m01010101_q14_t2.py /platform/output/s01/v2/m01010101/m01010101_q14_t2.csv /platform/expected/s01/q14.csv
/platform/source/s01/v2/m01010101/m01010101_q14_t2.py:18: UserWarning: pandas only supports SQLAlchemy connectable (engine/connection) or database string URI or sqlite3 DBAPI2 connection. Other DBAPI2 objects are not tested. Please consider using SQLAlchemy.
  mysql_df = psql.read_sql(mysql_query, mysql_conn)
/platform/source/s01/v2/m01010101/m01010101_q14_t2.py:36: SettingWithCopyWarning: 
A value is trying to be set on a copy of a slice from a DataFrame.
Try using .loc[row_indexer,col_indexer] = value instead

See the caveats in the documentation: https://pandas.pydata.org/pandas-docs/stable/user_guide/indexing.html#returning-a-view-versus-a-copy
  filtered_merged_df['PROMO_REVENUE'] = filtered_merged_df.apply(lambda row: 100.00 * row['L_EXTENDEDPRICE'] * (1 - row['L_DISCOUNT']) if row['P_TYPE'].startswith('PROMO') else 0, axis=1)
>>> Expected
   PROMO_REVENUE
0      16.283856

>>> Actual
   PROMO_REVENUE
0   -5873.076602

Override with string comparison
Score.fail_wrong_output
python /dbknitter/dbknitter/grader.py /platform/source/s01/v2/m01010101/m01010101_q15_t2.py /platform/output/s01/v2/m01010101/m01010101_q15_t2.csv /platform/expected/s01/q15.csv
Traceback (most recent call last):
  File "/platform/source/s01/v2/m01010101/m01010101_q15_t2.py", line 8, in <module>
    supplier = pd.DataFrame(list(mydb.supplier.find({},{ "_id": 0 })))
  File "/usr/local/lib/python3.8/dist-packages/pymongo/cursor.py", line 1264, in next
    if len(self.__data) or self._refresh():
  File "/usr/local/lib/python3.8/dist-packages/pymongo/cursor.py", line 1155, in _refresh
    self.__session = self.__collection.database.client._ensure_session()
  File "/usr/local/lib/python3.8/dist-packages/pymongo/mongo_client.py", line 1823, in _ensure_session
    return self.__start_session(True, causal_consistency=False)
  File "/usr/local/lib/python3.8/dist-packages/pymongo/mongo_client.py", line 1766, in __start_session
    self._topology._check_implicit_session_support()
  File "/usr/local/lib/python3.8/dist-packages/pymongo/topology.py", line 573, in _check_implicit_session_support
    self._check_session_support()
  File "/usr/local/lib/python3.8/dist-packages/pymongo/topology.py", line 589, in _check_session_support
    self._select_servers_loop(
  File "/usr/local/lib/python3.8/dist-packages/pymongo/topology.py", line 259, in _select_servers_loop
    raise ServerSelectionTimeoutError(
pymongo.errors.ServerSelectionTimeoutError: localhost:27017: [Errno 111] Connection refused (configured timeouts: socketTimeoutMS: 20000.0ms, connectTimeoutMS: 20000.0ms), Timeout: 30s, Topology Description: <TopologyDescription id: 655170a783adae2130f94230, topology_type: Unknown, servers: [<ServerDescription ('localhost', 27017) server_type: Unknown, rtt: None, error=AutoReconnect('localhost:27017: [Errno 111] Connection refused (configured timeouts: socketTimeoutMS: 20000.0ms, connectTimeoutMS: 20000.0ms)')>]>
Score.fail_missing_output
python /dbknitter/dbknitter/grader.py /platform/source/s01/v2/m01010101/m01010101_q16_t2.py /platform/output/s01/v2/m01010101/m01010101_q16_t2.csv /platform/expected/s01/q16.csv
Score.fail_missing_output
python /dbknitter/dbknitter/grader.py /platform/source/s01/v2/m01010101/m01010101_q17_t2.py /platform/output/s01/v2/m01010101/m01010101_q17_t2.csv /platform/expected/s01/q17.csv
Traceback (most recent call last):
  File "/platform/source/s01/v2/m01010101/m01010101_q17_t2.py", line 35, in <module>
    result_df.to_csv('query_output.csv')
AttributeError: 'numpy.float64' object has no attribute 'to_csv'
Score.fail_missing_output
python /dbknitter/dbknitter/grader.py /platform/source/s01/v2/m01010101/m01010101_q18_t2.py /platform/output/s01/v2/m01010101/m01010101_q18_t2.csv /platform/expected/s01/q18.csv
Traceback (most recent call last):
  File "/platform/source/s01/v2/m01010101/m01010101_q18_t2.py", line 36, in <module>
    lineitem_grouped = df_lineitem.groupby('L_ORDERKEY').sum()
  File "/usr/local/lib/python3.8/dist-packages/pandas/core/groupby/groupby.py", line 2263, in sum
    result = self._agg_general(
  File "/usr/local/lib/python3.8/dist-packages/pandas/core/groupby/groupby.py", line 1422, in _agg_general
    result = self._cython_agg_general(
  File "/usr/local/lib/python3.8/dist-packages/pandas/core/groupby/groupby.py", line 1507, in _cython_agg_general
    new_mgr = data.grouped_reduce(array_func)
  File "/usr/local/lib/python3.8/dist-packages/pandas/core/internals/managers.py", line 1503, in grouped_reduce
    applied = sb.apply(func)
  File "/usr/local/lib/python3.8/dist-packages/pandas/core/internals/blocks.py", line 329, in apply
    result = func(self.values, **kwargs)
  File "/usr/local/lib/python3.8/dist-packages/pandas/core/groupby/groupby.py", line 1490, in array_func
    result = self.grouper._cython_operation(
  File "/usr/local/lib/python3.8/dist-packages/pandas/core/groupby/ops.py", line 959, in _cython_operation
    return cy_op.cython_operation(
  File "/usr/local/lib/python3.8/dist-packages/pandas/core/groupby/ops.py", line 657, in cython_operation
    return self._cython_op_ndim_compat(
  File "/usr/local/lib/python3.8/dist-packages/pandas/core/groupby/ops.py", line 497, in _cython_op_ndim_compat
    return self._call_cython_op(
  File "/usr/local/lib/python3.8/dist-packages/pandas/core/groupby/ops.py", line 549, in _call_cython_op
    func(
  File "pandas/_libs/groupby.pyx", line 717, in pandas._libs.groupby.group_sum
TypeError: unsupported operand type(s) for +: 'ObjectId' and 'ObjectId'
Score.fail_missing_output
python /dbknitter/dbknitter/grader.py /platform/source/s01/v2/m01010101/m01010101_q19_t2.py /platform/output/s01/v2/m01010101/m01010101_q19_t2.csv /platform/expected/s01/q19.csv
>>> Expected
      REVENUE
0  168597.286

>>> Actual
                          _id  ...     REVENUE
0    6551705eb8e6e99ed44e1f95  ...  25987.3950
1    6551705eb8e6e99ed44f07ad  ...  17148.1450
2    6551705eb8e6e99ed44f2fc5  ...  28550.7775
3    6551705eb8e6e99ed44f92f8  ...  32245.5840
4    6551705eb8e6e99ed450d08b  ...  19092.7800
..                        ...  ...         ...
714  6551705eb8e6e99ed44fe28c  ...  24530.1942
715  6551705eb8e6e99ed450e90d  ...  27981.3798
716  6551705eb8e6e99ed450f979  ...  23012.8626
717  6551705fb8e6e99ed453fd26  ...  23265.7512
718  65517060b8e6e99ed4560ac1  ...  23518.6398

[719 rows x 27 columns]

Override with string comparison
Score.fail_wrong_output
python /dbknitter/dbknitter/grader.py /platform/source/s01/v2/m01010101/m01010101_q1_t2.py /platform/output/s01/v2/m01010101/m01010101_q1_t2.csv /platform/expected/s01/q1.csv
Traceback (most recent call last):
  File "/usr/local/lib/python3.8/dist-packages/mysql/connector/network.py", line 720, in open_connection
    addrinfos = socket.getaddrinfo(
  File "/usr/lib/python3.8/socket.py", line 918, in getaddrinfo
    for res in _socket.getaddrinfo(host, port, family, type, proto, flags):
socket.gaierror: [Errno -2] Name or service not known

The above exception was the direct cause of the following exception:

Traceback (most recent call last):
  File "/platform/source/s01/v2/m01010101/m01010101_q1_t2.py", line 58, in <module>
    main()
  File "/platform/source/s01/v2/m01010101/m01010101_q1_t2.py", line 34, in main
    mysql_cursor = connect_mysql('tpch', 'mysql-host', 3306)
  File "/platform/source/s01/v2/m01010101/m01010101_q1_t2.py", line 13, in connect_mysql
    mydb = mysql.connector.connect(
  File "/usr/local/lib/python3.8/dist-packages/mysql/connector/pooling.py", line 294, in connect
    return MySQLConnection(*args, **kwargs)
  File "/usr/local/lib/python3.8/dist-packages/mysql/connector/connection.py", line 169, in __init__
    self.connect(**kwargs)
  File "/usr/local/lib/python3.8/dist-packages/mysql/connector/abstracts.py", line 1237, in connect
    self._open_connection()
  File "/usr/local/lib/python3.8/dist-packages/mysql/connector/connection.py", line 349, in _open_connection
    self._socket.open_connection()
  File "/usr/local/lib/python3.8/dist-packages/mysql/connector/network.py", line 740, in open_connection
    raise InterfaceError(
mysql.connector.errors.InterfaceError: 2003: Can't connect to MySQL server on '%-.100s:%u' (%s) (Warning: %u format: a number is required, not str)
Score.fail_missing_output
python /dbknitter/dbknitter/grader.py /platform/source/s01/v2/m01010101/m01010101_q20_t2.py /platform/output/s01/v2/m01010101/m01010101_q20_t2.csv /platform/expected/s01/q20.csv
Traceback (most recent call last):
  File "/usr/local/lib/python3.8/dist-packages/pymysql/connections.py", line 644, in connect
    sock = socket.create_connection(
  File "/usr/lib/python3.8/socket.py", line 808, in create_connection
    raise err
  File "/usr/lib/python3.8/socket.py", line 796, in create_connection
    sock.connect(sa)
OSError: [Errno 99] Cannot assign requested address

During handling of the above exception, another exception occurred:

Traceback (most recent call last):
  File "/platform/source/s01/v2/m01010101/m01010101_q20_t2.py", line 11, in <module>
    conn = pymysql.connect(host=os.getenv('MYSQL_HOST'),
  File "/usr/local/lib/python3.8/dist-packages/pymysql/connections.py", line 358, in __init__
    self.connect()
  File "/usr/local/lib/python3.8/dist-packages/pymysql/connections.py", line 711, in connect
    raise exc
pymysql.err.OperationalError: (2003, "Can't connect to MySQL server on 'localhost' ([Errno 99] Cannot assign requested address)")
Score.fail_missing_output
python /dbknitter/dbknitter/grader.py /platform/source/s01/v2/m01010101/m01010101_q21_t2.py /platform/output/s01/v2/m01010101/m01010101_q21_t2.csv /platform/expected/s01/q21.csv
Score.fail_missing_output
python /dbknitter/dbknitter/grader.py /platform/source/s01/v2/m01010101/m01010101_q22_t2.py /platform/output/s01/v2/m01010101/m01010101_q22_t2.csv /platform/expected/s01/q22.csv
Traceback (most recent call last):
  File "/platform/source/s01/v2/m01010101/m01010101_q22_t2.py", line 4, in <module>
    from pandas.io.json import json_normalize
ImportError: cannot import name 'json_normalize' from 'pandas.io.json' (/usr/local/lib/python3.8/dist-packages/pandas/io/json/__init__.py)
Score.fail_missing_output
python /dbknitter/dbknitter/grader.py /platform/source/s01/v2/m01010101/m01010101_q2_t2.py /platform/output/s01/v2/m01010101/m01010101_q2_t2.csv /platform/expected/s01/q2.csv
Traceback (most recent call last):
  File "/platform/source/s01/v2/m01010101/m01010101_q2_t2.py", line 34, in <module>
    merged = pd.merge(pd.merge(pd.merge(pd.merge(part, partsupp, on='PS_PARTKEY'), nation, on='N_NATIONKEY'), supplier, on='S_SUPPKEY'), region, left_on='N_REGIONKEY', right_on='R_REGIONKEY')
  File "/usr/local/lib/python3.8/dist-packages/pandas/core/reshape/merge.py", line 148, in merge
    op = _MergeOperation(
  File "/usr/local/lib/python3.8/dist-packages/pandas/core/reshape/merge.py", line 737, in __init__
    ) = self._get_merge_keys()
  File "/usr/local/lib/python3.8/dist-packages/pandas/core/reshape/merge.py", line 1221, in _get_merge_keys
    left_keys.append(left._get_label_or_level_values(lk))
  File "/usr/local/lib/python3.8/dist-packages/pandas/core/generic.py", line 1778, in _get_label_or_level_values
    raise KeyError(key)
KeyError: 'PS_PARTKEY'
Score.fail_missing_output
python /dbknitter/dbknitter/grader.py /platform/source/s01/v2/m01010101/m01010101_q3_t2.py /platform/output/s01/v2/m01010101/m01010101_q3_t2.csv /platform/expected/s01/q3.csv
/platform/source/s01/v2/m01010101/m01010101_q3_t2.py:21: UserWarning: pandas only supports SQLAlchemy connectable (engine/connection) or database string URI or sqlite3 DBAPI2 connection. Other DBAPI2 objects are not tested. Please consider using SQLAlchemy.
  mysql_df = pd.read_sql_query(
Traceback (most recent call last):
  File "/platform/source/s01/v2/m01010101/m01010101_q3_t2.py", line 38, in <module>
    df1 = pd.merge(mysql_df, customer_df, left_on='C_CUSTKEY', right_on='O_CUSTKEY')
  File "/usr/local/lib/python3.8/dist-packages/pandas/core/reshape/merge.py", line 148, in merge
    op = _MergeOperation(
  File "/usr/local/lib/python3.8/dist-packages/pandas/core/reshape/merge.py", line 737, in __init__
    ) = self._get_merge_keys()
  File "/usr/local/lib/python3.8/dist-packages/pandas/core/reshape/merge.py", line 1203, in _get_merge_keys
    right_keys.append(right._get_label_or_level_values(rk))
  File "/usr/local/lib/python3.8/dist-packages/pandas/core/generic.py", line 1778, in _get_label_or_level_values
    raise KeyError(key)
KeyError: 'O_CUSTKEY'
Score.fail_missing_output
python /dbknitter/dbknitter/grader.py /platform/source/s01/v2/m01010101/m01010101_q4_t2.py /platform/output/s01/v2/m01010101/m01010101_q4_t2.csv /platform/expected/s01/q4.csv
^CTraceback (most recent call last):
  File "/platform/source/s01/v2/m01010101/m01010101_q4_t2.py", line 25, in <module>
    if m_data[0] == lineitem['L_ORDERKEY'] and lineitem['L_COMMITDATE'] < lineitem['L_RECEIPTDATE']:
KeyboardInterrupt
Score.fail_missing_output
python /dbknitter/dbknitter/grader.py /platform/source/s01/v2/m01010101/m01010101_q5_t2.py /platform/output/s01/v2/m01010101/m01010101_q5_t2.csv /platform/expected/s01/q5.csv
Traceback (most recent call last):
  File "/usr/local/lib/python3.8/dist-packages/pymysql/connections.py", line 644, in connect
    sock = socket.create_connection(
  File "/usr/lib/python3.8/socket.py", line 808, in create_connection
    raise err
  File "/usr/lib/python3.8/socket.py", line 796, in create_connection
    sock.connect(sa)
OSError: [Errno 99] Cannot assign requested address

During handling of the above exception, another exception occurred:

Traceback (most recent call last):
  File "/platform/source/s01/v2/m01010101/m01010101_q5_t2.py", line 8, in <module>
    mysql_conn = pymysql.connect(host='localhost', user='root', password='my-secret-pw', db='tpch')
  File "/usr/local/lib/python3.8/dist-packages/pymysql/connections.py", line 358, in __init__
    self.connect()
  File "/usr/local/lib/python3.8/dist-packages/pymysql/connections.py", line 711, in connect
    raise exc
pymysql.err.OperationalError: (2003, "Can't connect to MySQL server on 'localhost' ([Errno 99] Cannot assign requested address)")
Score.fail_missing_output
python /dbknitter/dbknitter/grader.py /platform/source/s01/v2/m01010101/m01010101_q6_t2.py /platform/output/s01/v2/m01010101/m01010101_q6_t2.csv /platform/expected/s01/q6.csv
Traceback (most recent call last):
  File "/platform/source/s01/v2/m01010101/m01010101_q6_t2.py", line 19, in <module>
    result = list(collection.aggregate(pipeline))
  File "/usr/local/lib/python3.8/dist-packages/pymongo/collection.py", line 2719, in aggregate
    with self.__database.client._tmp_session(session, close=False) as s:
  File "/usr/lib/python3.8/contextlib.py", line 113, in __enter__
    return next(self.gen)
  File "/usr/local/lib/python3.8/dist-packages/pymongo/mongo_client.py", line 1840, in _tmp_session
    s = self._ensure_session(session)
  File "/usr/local/lib/python3.8/dist-packages/pymongo/mongo_client.py", line 1823, in _ensure_session
    return self.__start_session(True, causal_consistency=False)
  File "/usr/local/lib/python3.8/dist-packages/pymongo/mongo_client.py", line 1766, in __start_session
    self._topology._check_implicit_session_support()
  File "/usr/local/lib/python3.8/dist-packages/pymongo/topology.py", line 573, in _check_implicit_session_support
    self._check_session_support()
  File "/usr/local/lib/python3.8/dist-packages/pymongo/topology.py", line 589, in _check_session_support
    self._select_servers_loop(
  File "/usr/local/lib/python3.8/dist-packages/pymongo/topology.py", line 259, in _select_servers_loop
    raise ServerSelectionTimeoutError(
pymongo.errors.ServerSelectionTimeoutError: localhost:27017: [Errno 111] Connection refused (configured timeouts: socketTimeoutMS: 20000.0ms, connectTimeoutMS: 20000.0ms), Timeout: 30s, Topology Description: <TopologyDescription id: 6551730058e32a49f2ea1570, topology_type: Unknown, servers: [<ServerDescription ('localhost', 27017) server_type: Unknown, rtt: None, error=AutoReconnect('localhost:27017: [Errno 111] Connection refused (configured timeouts: socketTimeoutMS: 20000.0ms, connectTimeoutMS: 20000.0ms)')>]>
Score.fail_missing_output
python /dbknitter/dbknitter/grader.py /platform/source/s01/v2/m01010101/m01010101_q7_t2.py /platform/output/s01/v2/m01010101/m01010101_q7_t2.csv /platform/expected/s01/q7.csv
Traceback (most recent call last):
  File "/platform/source/s01/v2/m01010101/m01010101_q7_t2.py", line 42, in <module>
    new_result.to_csv('query_output.csv')
NameError: name 'new_result' is not defined
Score.fail_missing_output
python /dbknitter/dbknitter/grader.py /platform/source/s01/v2/m01010101/m01010101_q8_t2.py /platform/output/s01/v2/m01010101/m01010101_q8_t2.csv /platform/expected/s01/q8.csv
/platform/source/s01/v2/m01010101/m01010101_q8_t2.py:20: UserWarning: pandas only supports SQLAlchemy connectable (engine/connection) or database string URI or sqlite3 DBAPI2 connection. Other DBAPI2 objects are not tested. Please consider using SQLAlchemy.
  mysql_data = pd.read_sql(mysql_query, mysql_conn)
Traceback (most recent call last):
  File "/usr/local/lib/python3.8/dist-packages/pandas/io/sql.py", line 2202, in execute
    cur.execute(sql, *args)
  File "/usr/local/lib/python3.8/dist-packages/mysql/connector/cursor.py", line 617, in execute
    self._handle_result(self._connection.cmd_query(stmt))
  File "/usr/local/lib/python3.8/dist-packages/mysql/connector/opentelemetry/context_propagation.py", line 77, in wrapper
    return method(cnx, *args, **kwargs)
  File "/usr/local/lib/python3.8/dist-packages/mysql/connector/connection.py", line 843, in cmd_query
    result = self._handle_result(self._send_cmd(ServerCmd.QUERY, query))
  File "/usr/local/lib/python3.8/dist-packages/mysql/connector/connection.py", line 620, in _handle_result
    raise get_exception(packet)
mysql.connector.errors.ProgrammingError: 1054 (42S22): Unknown column 'orders.P_PARTKEY' in 'where clause'

The above exception was the direct cause of the following exception:

Traceback (most recent call last):
  File "/platform/source/s01/v2/m01010101/m01010101_q8_t2.py", line 20, in <module>
    mysql_data = pd.read_sql(mysql_query, mysql_conn)
  File "/usr/local/lib/python3.8/dist-packages/pandas/io/sql.py", line 635, in read_sql
    return pandas_sql.read_query(
  File "/usr/local/lib/python3.8/dist-packages/pandas/io/sql.py", line 2266, in read_query
    cursor = self.execute(sql, params)
  File "/usr/local/lib/python3.8/dist-packages/pandas/io/sql.py", line 2214, in execute
    raise ex from exc
pandas.errors.DatabaseError: Execution failed on sql 'SELECT orders.*,part.*,nation.* 
                FROM orders,part,nation 
                WHERE orders.P_PARTKEY = part.P_PARTKEY 
                AND orders.C_NATIONKEY = nation.N_NATIONKEY': 1054 (42S22): Unknown column 'orders.P_PARTKEY' in 'where clause'
Score.fail_missing_output
python /dbknitter/dbknitter/grader.py /platform/source/s01/v2/m01010101/m01010101_q9_t2.py /platform/output/s01/v2/m01010101/m01010101_q9_t2.csv /platform/expected/s01/q9.csv
Traceback (most recent call last):
  File "/platform/source/s01/v2/m01010101/m01010101_q9_t2.py", line 8, in <module>
    mysql_engine = create_engine('mysql://root:my-secret-pw@mysql/tpch')
  File "<string>", line 2, in create_engine
  File "/usr/local/lib/python3.8/dist-packages/sqlalchemy/util/deprecations.py", line 281, in warned
    return fn(*args, **kwargs)  # type: ignore[no-any-return]
  File "/usr/local/lib/python3.8/dist-packages/sqlalchemy/engine/create.py", line 601, in create_engine
    dbapi = dbapi_meth(**dbapi_args)
  File "/usr/local/lib/python3.8/dist-packages/sqlalchemy/dialects/mysql/mysqldb.py", line 152, in import_dbapi
    return __import__("MySQLdb")
ModuleNotFoundError: No module named 'MySQLdb'
Score.fail_missing_output
