Running /platform/source/s01/v1_9/m01010101/m01010101_q10_t0.sh
Requirement already satisfied: pandas in /usr/local/lib/python3.8/dist-packages (2.0.3)
Requirement already satisfied: pymongo in /usr/local/lib/python3.8/dist-packages (4.5.0)
Collecting mysql-connector-python
  Downloading mysql_connector_python-8.2.0-py2.py3-none-any.whl (593 kB)
[?25l[K     |â–Œ                               | 10 kB 2.0 MB/s eta 0:00:01[K     |â–ˆ                               | 20 kB 1.3 MB/s eta 0:00:01[K     |â–ˆâ–‹                              | 30 kB 2.0 MB/s eta 0:00:01[K     |â–ˆâ–ˆâ–                             | 40 kB 2.1 MB/s eta 0:00:01[K     |â–ˆâ–ˆâ–Š                             | 51 kB 1.7 MB/s eta 0:00:01[K     |â–ˆâ–ˆâ–ˆâ–Ž                            | 61 kB 2.1 MB/s eta 0:00:01[K     |â–ˆâ–ˆâ–ˆâ–‰                            | 71 kB 2.4 MB/s eta 0:00:01[K     |â–ˆâ–ˆâ–ˆâ–ˆâ–                           | 81 kB 2.7 MB/s eta 0:00:01[K     |â–ˆâ–ˆâ–ˆâ–ˆâ–ˆ                           | 92 kB 3.0 MB/s eta 0:00:01[K     |â–ˆâ–ˆâ–ˆâ–ˆâ–ˆâ–Œ                          | 102 kB 2.9 MB/s eta 0:00:01[K     |â–ˆâ–ˆâ–ˆâ–ˆâ–ˆâ–ˆ                          | 112 kB 2.9 MB/s eta 0:00:01[K     |â–ˆâ–ˆâ–ˆâ–ˆâ–ˆâ–ˆâ–‹                         | 122 kB 2.9 MB/s eta 0:00:01[K     |â–ˆâ–ˆâ–ˆâ–ˆâ–ˆâ–ˆâ–ˆâ–                        | 133 kB 2.9 MB/s eta 0:00:01[K     |â–ˆâ–ˆâ–ˆâ–ˆâ–ˆâ–ˆâ–ˆâ–Š                        | 143 kB 2.9 MB/s eta 0:00:01[K     |â–ˆâ–ˆâ–ˆâ–ˆâ–ˆâ–ˆâ–ˆâ–ˆâ–Ž                       | 153 kB 2.9 MB/s eta 0:00:01[K     |â–ˆâ–ˆâ–ˆâ–ˆâ–ˆâ–ˆâ–ˆâ–ˆâ–‰                       | 163 kB 2.9 MB/s eta 0:00:01[K     |â–ˆâ–ˆâ–ˆâ–ˆâ–ˆâ–ˆâ–ˆâ–ˆâ–ˆâ–                      | 174 kB 2.9 MB/s eta 0:00:01[K     |â–ˆâ–ˆâ–ˆâ–ˆâ–ˆâ–ˆâ–ˆâ–ˆâ–ˆâ–ˆ                      | 184 kB 2.9 MB/s eta 0:00:01[K     |â–ˆâ–ˆâ–ˆâ–ˆâ–ˆâ–ˆâ–ˆâ–ˆâ–ˆâ–ˆâ–Œ                     | 194 kB 2.9 MB/s eta 0:00:01[K     |â–ˆâ–ˆâ–ˆâ–ˆâ–ˆâ–ˆâ–ˆâ–ˆâ–ˆâ–ˆâ–ˆ                     | 204 kB 2.9 MB/s eta 0:00:01[K     |â–ˆâ–ˆâ–ˆâ–ˆâ–ˆâ–ˆâ–ˆâ–ˆâ–ˆâ–ˆâ–ˆâ–‹                    | 215 kB 2.9 MB/s eta 0:00:01[K     |â–ˆâ–ˆâ–ˆâ–ˆâ–ˆâ–ˆâ–ˆâ–ˆâ–ˆâ–ˆâ–ˆâ–ˆâ–                   | 225 kB 2.9 MB/s eta 0:00:01[K     |â–ˆâ–ˆâ–ˆâ–ˆâ–ˆâ–ˆâ–ˆâ–ˆâ–ˆâ–ˆâ–ˆâ–ˆâ–Š                   | 235 kB 2.9 MB/s eta 0:00:01[K     |â–ˆâ–ˆâ–ˆâ–ˆâ–ˆâ–ˆâ–ˆâ–ˆâ–ˆâ–ˆâ–ˆâ–ˆâ–ˆâ–Ž                  | 245 kB 2.9 MB/s eta 0:00:01[K     |â–ˆâ–ˆâ–ˆâ–ˆâ–ˆâ–ˆâ–ˆâ–ˆâ–ˆâ–ˆâ–ˆâ–ˆâ–ˆâ–‰                  | 256 kB 2.9 MB/s eta 0:00:01[K     |â–ˆâ–ˆâ–ˆâ–ˆâ–ˆâ–ˆâ–ˆâ–ˆâ–ˆâ–ˆâ–ˆâ–ˆâ–ˆâ–ˆâ–                 | 266 kB 2.9 MB/s eta 0:00:01[K     |â–ˆâ–ˆâ–ˆâ–ˆâ–ˆâ–ˆâ–ˆâ–ˆâ–ˆâ–ˆâ–ˆâ–ˆâ–ˆâ–ˆâ–ˆ                 | 276 kB 2.9 MB/s eta 0:00:01[K     |â–ˆâ–ˆâ–ˆâ–ˆâ–ˆâ–ˆâ–ˆâ–ˆâ–ˆâ–ˆâ–ˆâ–ˆâ–ˆâ–ˆâ–ˆâ–Œ                | 286 kB 2.9 MB/s eta 0:00:01[K     |â–ˆâ–ˆâ–ˆâ–ˆâ–ˆâ–ˆâ–ˆâ–ˆâ–ˆâ–ˆâ–ˆâ–ˆâ–ˆâ–ˆâ–ˆâ–ˆ                | 296 kB 2.9 MB/s eta 0:00:01[K     |â–ˆâ–ˆâ–ˆâ–ˆâ–ˆâ–ˆâ–ˆâ–ˆâ–ˆâ–ˆâ–ˆâ–ˆâ–ˆâ–ˆâ–ˆâ–ˆâ–‹               | 307 kB 2.9 MB/s eta 0:00:01[K     |â–ˆâ–ˆâ–ˆâ–ˆâ–ˆâ–ˆâ–ˆâ–ˆâ–ˆâ–ˆâ–ˆâ–ˆâ–ˆâ–ˆâ–ˆâ–ˆâ–ˆâ–              | 317 kB 2.9 MB/s eta 0:00:01[K     |â–ˆâ–ˆâ–ˆâ–ˆâ–ˆâ–ˆâ–ˆâ–ˆâ–ˆâ–ˆâ–ˆâ–ˆâ–ˆâ–ˆâ–ˆâ–ˆâ–ˆâ–Š              | 327 kB 2.9 MB/s eta 0:00:01[K     |â–ˆâ–ˆâ–ˆâ–ˆâ–ˆâ–ˆâ–ˆâ–ˆâ–ˆâ–ˆâ–ˆâ–ˆâ–ˆâ–ˆâ–ˆâ–ˆâ–ˆâ–ˆâ–Ž             | 337 kB 2.9 MB/s eta 0:00:01[K     |â–ˆâ–ˆâ–ˆâ–ˆâ–ˆâ–ˆâ–ˆâ–ˆâ–ˆâ–ˆâ–ˆâ–ˆâ–ˆâ–ˆâ–ˆâ–ˆâ–ˆâ–ˆâ–Š             | 348 kB 2.9 MB/s eta 0:00:01[K     |â–ˆâ–ˆâ–ˆâ–ˆâ–ˆâ–ˆâ–ˆâ–ˆâ–ˆâ–ˆâ–ˆâ–ˆâ–ˆâ–ˆâ–ˆâ–ˆâ–ˆâ–ˆâ–ˆâ–Ž            | 358 kB 2.9 MB/s eta 0:00:01[K     |â–ˆâ–ˆâ–ˆâ–ˆâ–ˆâ–ˆâ–ˆâ–ˆâ–ˆâ–ˆâ–ˆâ–ˆâ–ˆâ–ˆâ–ˆâ–ˆâ–ˆâ–ˆâ–ˆâ–‰            | 368 kB 2.9 MB/s eta 0:00:01[K     |â–ˆâ–ˆâ–ˆâ–ˆâ–ˆâ–ˆâ–ˆâ–ˆâ–ˆâ–ˆâ–ˆâ–ˆâ–ˆâ–ˆâ–ˆâ–ˆâ–ˆâ–ˆâ–ˆâ–ˆâ–           | 378 kB 2.9 MB/s eta 0:00:01[K     |â–ˆâ–ˆâ–ˆâ–ˆâ–ˆâ–ˆâ–ˆâ–ˆâ–ˆâ–ˆâ–ˆâ–ˆâ–ˆâ–ˆâ–ˆâ–ˆâ–ˆâ–ˆâ–ˆâ–ˆâ–ˆ           | 389 kB 2.9 MB/s eta 0:00:01[K     |â–ˆâ–ˆâ–ˆâ–ˆâ–ˆâ–ˆâ–ˆâ–ˆâ–ˆâ–ˆâ–ˆâ–ˆâ–ˆâ–ˆâ–ˆâ–ˆâ–ˆâ–ˆâ–ˆâ–ˆâ–ˆâ–Œ          | 399 kB 2.9 MB/s eta 0:00:01[K     |â–ˆâ–ˆâ–ˆâ–ˆâ–ˆâ–ˆâ–ˆâ–ˆâ–ˆâ–ˆâ–ˆâ–ˆâ–ˆâ–ˆâ–ˆâ–ˆâ–ˆâ–ˆâ–ˆâ–ˆâ–ˆâ–ˆ          | 409 kB 2.9 MB/s eta 0:00:01[K     |â–ˆâ–ˆâ–ˆâ–ˆâ–ˆâ–ˆâ–ˆâ–ˆâ–ˆâ–ˆâ–ˆâ–ˆâ–ˆâ–ˆâ–ˆâ–ˆâ–ˆâ–ˆâ–ˆâ–ˆâ–ˆâ–ˆâ–‹         | 419 kB 2.9 MB/s eta 0:00:01[K     |â–ˆâ–ˆâ–ˆâ–ˆâ–ˆâ–ˆâ–ˆâ–ˆâ–ˆâ–ˆâ–ˆâ–ˆâ–ˆâ–ˆâ–ˆâ–ˆâ–ˆâ–ˆâ–ˆâ–ˆâ–ˆâ–ˆâ–ˆâ–        | 430 kB 2.9 MB/s eta 0:00:01[K     |â–ˆâ–ˆâ–ˆâ–ˆâ–ˆâ–ˆâ–ˆâ–ˆâ–ˆâ–ˆâ–ˆâ–ˆâ–ˆâ–ˆâ–ˆâ–ˆâ–ˆâ–ˆâ–ˆâ–ˆâ–ˆâ–ˆâ–ˆâ–Š        | 440 kB 2.9 MB/s eta 0:00:01[K     |â–ˆâ–ˆâ–ˆâ–ˆâ–ˆâ–ˆâ–ˆâ–ˆâ–ˆâ–ˆâ–ˆâ–ˆâ–ˆâ–ˆâ–ˆâ–ˆâ–ˆâ–ˆâ–ˆâ–ˆâ–ˆâ–ˆâ–ˆâ–ˆâ–Ž       | 450 kB 2.9 MB/s eta 0:00:01[K     |â–ˆâ–ˆâ–ˆâ–ˆâ–ˆâ–ˆâ–ˆâ–ˆâ–ˆâ–ˆâ–ˆâ–ˆâ–ˆâ–ˆâ–ˆâ–ˆâ–ˆâ–ˆâ–ˆâ–ˆâ–ˆâ–ˆâ–ˆâ–ˆâ–‰       | 460 kB 2.9 MB/s eta 0:00:01[K     |â–ˆâ–ˆâ–ˆâ–ˆâ–ˆâ–ˆâ–ˆâ–ˆâ–ˆâ–ˆâ–ˆâ–ˆâ–ˆâ–ˆâ–ˆâ–ˆâ–ˆâ–ˆâ–ˆâ–ˆâ–ˆâ–ˆâ–ˆâ–ˆâ–ˆâ–      | 471 kB 2.9 MB/s eta 0:00:01[K     |â–ˆâ–ˆâ–ˆâ–ˆâ–ˆâ–ˆâ–ˆâ–ˆâ–ˆâ–ˆâ–ˆâ–ˆâ–ˆâ–ˆâ–ˆâ–ˆâ–ˆâ–ˆâ–ˆâ–ˆâ–ˆâ–ˆâ–ˆâ–ˆâ–ˆâ–ˆ      | 481 kB 2.9 MB/s eta 0:00:01[K     |â–ˆâ–ˆâ–ˆâ–ˆâ–ˆâ–ˆâ–ˆâ–ˆâ–ˆâ–ˆâ–ˆâ–ˆâ–ˆâ–ˆâ–ˆâ–ˆâ–ˆâ–ˆâ–ˆâ–ˆâ–ˆâ–ˆâ–ˆâ–ˆâ–ˆâ–ˆâ–Œ     | 491 kB 2.9 MB/s eta 0:00:01[K     |â–ˆâ–ˆâ–ˆâ–ˆâ–ˆâ–ˆâ–ˆâ–ˆâ–ˆâ–ˆâ–ˆâ–ˆâ–ˆâ–ˆâ–ˆâ–ˆâ–ˆâ–ˆâ–ˆâ–ˆâ–ˆâ–ˆâ–ˆâ–ˆâ–ˆâ–ˆâ–ˆ     | 501 kB 2.9 MB/s eta 0:00:01[K     |â–ˆâ–ˆâ–ˆâ–ˆâ–ˆâ–ˆâ–ˆâ–ˆâ–ˆâ–ˆâ–ˆâ–ˆâ–ˆâ–ˆâ–ˆâ–ˆâ–ˆâ–ˆâ–ˆâ–ˆâ–ˆâ–ˆâ–ˆâ–ˆâ–ˆâ–ˆâ–ˆâ–‹    | 512 kB 2.9 MB/s eta 0:00:01[K     |â–ˆâ–ˆâ–ˆâ–ˆâ–ˆâ–ˆâ–ˆâ–ˆâ–ˆâ–ˆâ–ˆâ–ˆâ–ˆâ–ˆâ–ˆâ–ˆâ–ˆâ–ˆâ–ˆâ–ˆâ–ˆâ–ˆâ–ˆâ–ˆâ–ˆâ–ˆâ–ˆâ–ˆâ–   | 522 kB 2.9 MB/s eta 0:00:01[K     |â–ˆâ–ˆâ–ˆâ–ˆâ–ˆâ–ˆâ–ˆâ–ˆâ–ˆâ–ˆâ–ˆâ–ˆâ–ˆâ–ˆâ–ˆâ–ˆâ–ˆâ–ˆâ–ˆâ–ˆâ–ˆâ–ˆâ–ˆâ–ˆâ–ˆâ–ˆâ–ˆâ–ˆâ–Š   | 532 kB 2.9 MB/s eta 0:00:01[K     |â–ˆâ–ˆâ–ˆâ–ˆâ–ˆâ–ˆâ–ˆâ–ˆâ–ˆâ–ˆâ–ˆâ–ˆâ–ˆâ–ˆâ–ˆâ–ˆâ–ˆâ–ˆâ–ˆâ–ˆâ–ˆâ–ˆâ–ˆâ–ˆâ–ˆâ–ˆâ–ˆâ–ˆâ–ˆâ–Ž  | 542 kB 2.9 MB/s eta 0:00:01[K     |â–ˆâ–ˆâ–ˆâ–ˆâ–ˆâ–ˆâ–ˆâ–ˆâ–ˆâ–ˆâ–ˆâ–ˆâ–ˆâ–ˆâ–ˆâ–ˆâ–ˆâ–ˆâ–ˆâ–ˆâ–ˆâ–ˆâ–ˆâ–ˆâ–ˆâ–ˆâ–ˆâ–ˆâ–ˆâ–‰  | 552 kB 2.9 MB/s eta 0:00:01[K     |â–ˆâ–ˆâ–ˆâ–ˆâ–ˆâ–ˆâ–ˆâ–ˆâ–ˆâ–ˆâ–ˆâ–ˆâ–ˆâ–ˆâ–ˆâ–ˆâ–ˆâ–ˆâ–ˆâ–ˆâ–ˆâ–ˆâ–ˆâ–ˆâ–ˆâ–ˆâ–ˆâ–ˆâ–ˆâ–ˆâ– | 563 kB 2.9 MB/s eta 0:00:01[K     |â–ˆâ–ˆâ–ˆâ–ˆâ–ˆâ–ˆâ–ˆâ–ˆâ–ˆâ–ˆâ–ˆâ–ˆâ–ˆâ–ˆâ–ˆâ–ˆâ–ˆâ–ˆâ–ˆâ–ˆâ–ˆâ–ˆâ–ˆâ–ˆâ–ˆâ–ˆâ–ˆâ–ˆâ–ˆâ–ˆâ–ˆ | 573 kB 2.9 MB/s eta 0:00:01[K     |â–ˆâ–ˆâ–ˆâ–ˆâ–ˆâ–ˆâ–ˆâ–ˆâ–ˆâ–ˆâ–ˆâ–ˆâ–ˆâ–ˆâ–ˆâ–ˆâ–ˆâ–ˆâ–ˆâ–ˆâ–ˆâ–ˆâ–ˆâ–ˆâ–ˆâ–ˆâ–ˆâ–ˆâ–ˆâ–ˆâ–ˆâ–Œ| 583 kB 2.9 MB/s eta 0:00:01[K     |â–ˆâ–ˆâ–ˆâ–ˆâ–ˆâ–ˆâ–ˆâ–ˆâ–ˆâ–ˆâ–ˆâ–ˆâ–ˆâ–ˆâ–ˆâ–ˆâ–ˆâ–ˆâ–ˆâ–ˆâ–ˆâ–ˆâ–ˆâ–ˆâ–ˆâ–ˆâ–ˆâ–ˆâ–ˆâ–ˆâ–ˆâ–ˆ| 593 kB 2.9 MB/s 
[?25hRequirement already satisfied: python-dateutil>=2.8.2 in /usr/local/lib/python3.8/dist-packages (from pandas) (2.8.2)
Requirement already satisfied: numpy>=1.20.3; python_version < "3.10" in /usr/local/lib/python3.8/dist-packages (from pandas) (1.24.4)
Requirement already satisfied: pytz>=2020.1 in /usr/local/lib/python3.8/dist-packages (from pandas) (2023.3.post1)
Requirement already satisfied: tzdata>=2022.1 in /usr/local/lib/python3.8/dist-packages (from pandas) (2023.3)
Requirement already satisfied: dnspython<3.0.0,>=1.16.0 in /usr/local/lib/python3.8/dist-packages (from pymongo) (2.4.2)
Collecting protobuf<=4.21.12,>=4.21.1
  Downloading protobuf-4.21.12-cp37-abi3-manylinux2014_aarch64.whl (405 kB)
[?25l[K     |â–‰                               | 10 kB 5.1 MB/s eta 0:00:01[K     |â–ˆâ–‹                              | 20 kB 9.7 MB/s eta 0:00:01[K     |â–ˆâ–ˆâ–                             | 30 kB 14.2 MB/s eta 0:00:01[K     |â–ˆâ–ˆâ–ˆâ–Ž                            | 40 kB 9.7 MB/s eta 0:00:01[K     |â–ˆâ–ˆâ–ˆâ–ˆ                            | 51 kB 9.1 MB/s eta 0:00:01[K     |â–ˆâ–ˆâ–ˆâ–ˆâ–‰                           | 61 kB 10.8 MB/s eta 0:00:01[K     |â–ˆâ–ˆâ–ˆâ–ˆâ–ˆâ–‹                          | 71 kB 8.3 MB/s eta 0:00:01[K     |â–ˆâ–ˆâ–ˆâ–ˆâ–ˆâ–ˆâ–Œ                         | 81 kB 9.4 MB/s eta 0:00:01[K     |â–ˆâ–ˆâ–ˆâ–ˆâ–ˆâ–ˆâ–ˆâ–Ž                        | 92 kB 10.0 MB/s eta 0:00:01[K     |â–ˆâ–ˆâ–ˆâ–ˆâ–ˆâ–ˆâ–ˆâ–ˆ                        | 102 kB 7.4 MB/s eta 0:00:01[K     |â–ˆâ–ˆâ–ˆâ–ˆâ–ˆâ–ˆâ–ˆâ–ˆâ–ˆ                       | 112 kB 7.4 MB/s eta 0:00:01[K     |â–ˆâ–ˆâ–ˆâ–ˆâ–ˆâ–ˆâ–ˆâ–ˆâ–ˆâ–Š                      | 122 kB 7.4 MB/s eta 0:00:01[K     |â–ˆâ–ˆâ–ˆâ–ˆâ–ˆâ–ˆâ–ˆâ–ˆâ–ˆâ–ˆâ–Œ                     | 133 kB 7.4 MB/s eta 0:00:01[K     |â–ˆâ–ˆâ–ˆâ–ˆâ–ˆâ–ˆâ–ˆâ–ˆâ–ˆâ–ˆâ–ˆâ–Ž                    | 143 kB 7.4 MB/s eta 0:00:01[K     |â–ˆâ–ˆâ–ˆâ–ˆâ–ˆâ–ˆâ–ˆâ–ˆâ–ˆâ–ˆâ–ˆâ–ˆâ–                   | 153 kB 7.4 MB/s eta 0:00:01[K     |â–ˆâ–ˆâ–ˆâ–ˆâ–ˆâ–ˆâ–ˆâ–ˆâ–ˆâ–ˆâ–ˆâ–ˆâ–ˆ                   | 163 kB 7.4 MB/s eta 0:00:01[K     |â–ˆâ–ˆâ–ˆâ–ˆâ–ˆâ–ˆâ–ˆâ–ˆâ–ˆâ–ˆâ–ˆâ–ˆâ–ˆâ–Š                  | 174 kB 7.4 MB/s eta 0:00:01[K     |â–ˆâ–ˆâ–ˆâ–ˆâ–ˆâ–ˆâ–ˆâ–ˆâ–ˆâ–ˆâ–ˆâ–ˆâ–ˆâ–ˆâ–‹                 | 184 kB 7.4 MB/s eta 0:00:01[K     |â–ˆâ–ˆâ–ˆâ–ˆâ–ˆâ–ˆâ–ˆâ–ˆâ–ˆâ–ˆâ–ˆâ–ˆâ–ˆâ–ˆâ–ˆâ–                | 194 kB 7.4 MB/s eta 0:00:01[K     |â–ˆâ–ˆâ–ˆâ–ˆâ–ˆâ–ˆâ–ˆâ–ˆâ–ˆâ–ˆâ–ˆâ–ˆâ–ˆâ–ˆâ–ˆâ–ˆâ–               | 204 kB 7.4 MB/s eta 0:00:01[K     |â–ˆâ–ˆâ–ˆâ–ˆâ–ˆâ–ˆâ–ˆâ–ˆâ–ˆâ–ˆâ–ˆâ–ˆâ–ˆâ–ˆâ–ˆâ–ˆâ–ˆ               | 215 kB 7.4 MB/s eta 0:00:01[K     |â–ˆâ–ˆâ–ˆâ–ˆâ–ˆâ–ˆâ–ˆâ–ˆâ–ˆâ–ˆâ–ˆâ–ˆâ–ˆâ–ˆâ–ˆâ–ˆâ–ˆâ–‰              | 225 kB 7.4 MB/s eta 0:00:01[K     |â–ˆâ–ˆâ–ˆâ–ˆâ–ˆâ–ˆâ–ˆâ–ˆâ–ˆâ–ˆâ–ˆâ–ˆâ–ˆâ–ˆâ–ˆâ–ˆâ–ˆâ–ˆâ–‹             | 235 kB 7.4 MB/s eta 0:00:01[K     |â–ˆâ–ˆâ–ˆâ–ˆâ–ˆâ–ˆâ–ˆâ–ˆâ–ˆâ–ˆâ–ˆâ–ˆâ–ˆâ–ˆâ–ˆâ–ˆâ–ˆâ–ˆâ–ˆâ–            | 245 kB 7.4 MB/s eta 0:00:01[K     |â–ˆâ–ˆâ–ˆâ–ˆâ–ˆâ–ˆâ–ˆâ–ˆâ–ˆâ–ˆâ–ˆâ–ˆâ–ˆâ–ˆâ–ˆâ–ˆâ–ˆâ–ˆâ–ˆâ–ˆâ–           | 256 kB 7.4 MB/s eta 0:00:01[K     |â–ˆâ–ˆâ–ˆâ–ˆâ–ˆâ–ˆâ–ˆâ–ˆâ–ˆâ–ˆâ–ˆâ–ˆâ–ˆâ–ˆâ–ˆâ–ˆâ–ˆâ–ˆâ–ˆâ–ˆâ–ˆ           | 266 kB 7.4 MB/s eta 0:00:01[K     |â–ˆâ–ˆâ–ˆâ–ˆâ–ˆâ–ˆâ–ˆâ–ˆâ–ˆâ–ˆâ–ˆâ–ˆâ–ˆâ–ˆâ–ˆâ–ˆâ–ˆâ–ˆâ–ˆâ–ˆâ–ˆâ–‰          | 276 kB 7.4 MB/s eta 0:00:01[K     |â–ˆâ–ˆâ–ˆâ–ˆâ–ˆâ–ˆâ–ˆâ–ˆâ–ˆâ–ˆâ–ˆâ–ˆâ–ˆâ–ˆâ–ˆâ–ˆâ–ˆâ–ˆâ–ˆâ–ˆâ–ˆâ–ˆâ–‹         | 286 kB 7.4 MB/s eta 0:00:01[K     |â–ˆâ–ˆâ–ˆâ–ˆâ–ˆâ–ˆâ–ˆâ–ˆâ–ˆâ–ˆâ–ˆâ–ˆâ–ˆâ–ˆâ–ˆâ–ˆâ–ˆâ–ˆâ–ˆâ–ˆâ–ˆâ–ˆâ–ˆâ–Œ        | 296 kB 7.4 MB/s eta 0:00:01[K     |â–ˆâ–ˆâ–ˆâ–ˆâ–ˆâ–ˆâ–ˆâ–ˆâ–ˆâ–ˆâ–ˆâ–ˆâ–ˆâ–ˆâ–ˆâ–ˆâ–ˆâ–ˆâ–ˆâ–ˆâ–ˆâ–ˆâ–ˆâ–ˆâ–Ž       | 307 kB 7.4 MB/s eta 0:00:01[K     |â–ˆâ–ˆâ–ˆâ–ˆâ–ˆâ–ˆâ–ˆâ–ˆâ–ˆâ–ˆâ–ˆâ–ˆâ–ˆâ–ˆâ–ˆâ–ˆâ–ˆâ–ˆâ–ˆâ–ˆâ–ˆâ–ˆâ–ˆâ–ˆâ–ˆ       | 317 kB 7.4 MB/s eta 0:00:01[K     |â–ˆâ–ˆâ–ˆâ–ˆâ–ˆâ–ˆâ–ˆâ–ˆâ–ˆâ–ˆâ–ˆâ–ˆâ–ˆâ–ˆâ–ˆâ–ˆâ–ˆâ–ˆâ–ˆâ–ˆâ–ˆâ–ˆâ–ˆâ–ˆâ–ˆâ–‰      | 327 kB 7.4 MB/s eta 0:00:01[K     |â–ˆâ–ˆâ–ˆâ–ˆâ–ˆâ–ˆâ–ˆâ–ˆâ–ˆâ–ˆâ–ˆâ–ˆâ–ˆâ–ˆâ–ˆâ–ˆâ–ˆâ–ˆâ–ˆâ–ˆâ–ˆâ–ˆâ–ˆâ–ˆâ–ˆâ–ˆâ–Š     | 337 kB 7.4 MB/s eta 0:00:01[K     |â–ˆâ–ˆâ–ˆâ–ˆâ–ˆâ–ˆâ–ˆâ–ˆâ–ˆâ–ˆâ–ˆâ–ˆâ–ˆâ–ˆâ–ˆâ–ˆâ–ˆâ–ˆâ–ˆâ–ˆâ–ˆâ–ˆâ–ˆâ–ˆâ–ˆâ–ˆâ–ˆâ–Œ    | 348 kB 7.4 MB/s eta 0:00:01[K     |â–ˆâ–ˆâ–ˆâ–ˆâ–ˆâ–ˆâ–ˆâ–ˆâ–ˆâ–ˆâ–ˆâ–ˆâ–ˆâ–ˆâ–ˆâ–ˆâ–ˆâ–ˆâ–ˆâ–ˆâ–ˆâ–ˆâ–ˆâ–ˆâ–ˆâ–ˆâ–ˆâ–ˆâ–Ž   | 358 kB 7.4 MB/s eta 0:00:01[K     |â–ˆâ–ˆâ–ˆâ–ˆâ–ˆâ–ˆâ–ˆâ–ˆâ–ˆâ–ˆâ–ˆâ–ˆâ–ˆâ–ˆâ–ˆâ–ˆâ–ˆâ–ˆâ–ˆâ–ˆâ–ˆâ–ˆâ–ˆâ–ˆâ–ˆâ–ˆâ–ˆâ–ˆâ–ˆâ–  | 368 kB 7.4 MB/s eta 0:00:01[K     |â–ˆâ–ˆâ–ˆâ–ˆâ–ˆâ–ˆâ–ˆâ–ˆâ–ˆâ–ˆâ–ˆâ–ˆâ–ˆâ–ˆâ–ˆâ–ˆâ–ˆâ–ˆâ–ˆâ–ˆâ–ˆâ–ˆâ–ˆâ–ˆâ–ˆâ–ˆâ–ˆâ–ˆâ–ˆâ–ˆ  | 378 kB 7.4 MB/s eta 0:00:01[K     |â–ˆâ–ˆâ–ˆâ–ˆâ–ˆâ–ˆâ–ˆâ–ˆâ–ˆâ–ˆâ–ˆâ–ˆâ–ˆâ–ˆâ–ˆâ–ˆâ–ˆâ–ˆâ–ˆâ–ˆâ–ˆâ–ˆâ–ˆâ–ˆâ–ˆâ–ˆâ–ˆâ–ˆâ–ˆâ–ˆâ–Š | 389 kB 7.4 MB/s eta 0:00:01[K     |â–ˆâ–ˆâ–ˆâ–ˆâ–ˆâ–ˆâ–ˆâ–ˆâ–ˆâ–ˆâ–ˆâ–ˆâ–ˆâ–ˆâ–ˆâ–ˆâ–ˆâ–ˆâ–ˆâ–ˆâ–ˆâ–ˆâ–ˆâ–ˆâ–ˆâ–ˆâ–ˆâ–ˆâ–ˆâ–ˆâ–ˆâ–Œ| 399 kB 7.4 MB/s eta 0:00:01[K     |â–ˆâ–ˆâ–ˆâ–ˆâ–ˆâ–ˆâ–ˆâ–ˆâ–ˆâ–ˆâ–ˆâ–ˆâ–ˆâ–ˆâ–ˆâ–ˆâ–ˆâ–ˆâ–ˆâ–ˆâ–ˆâ–ˆâ–ˆâ–ˆâ–ˆâ–ˆâ–ˆâ–ˆâ–ˆâ–ˆâ–ˆâ–ˆ| 405 kB 7.4 MB/s 
[?25hRequirement already satisfied: six>=1.5 in /usr/local/lib/python3.8/dist-packages (from python-dateutil>=2.8.2->pandas) (1.16.0)
Installing collected packages: protobuf, mysql-connector-python
Successfully installed mysql-connector-python-8.2.0 protobuf-4.21.12
Running /platform/source/s01/v1_9/m01010101/m01010101_q10_t1.sh
Requirement already satisfied: pandas in /usr/local/lib/python3.8/dist-packages (2.0.3)
Collecting pymysql
  Downloading PyMySQL-1.1.0-py3-none-any.whl (44 kB)
[?25l[K     |â–ˆâ–ˆâ–ˆâ–ˆâ–ˆâ–ˆâ–ˆâ–Ž                        | 10 kB 7.4 MB/s eta 0:00:01[K     |â–ˆâ–ˆâ–ˆâ–ˆâ–ˆâ–ˆâ–ˆâ–ˆâ–ˆâ–ˆâ–ˆâ–ˆâ–ˆâ–ˆâ–‹                 | 20 kB 7.4 MB/s eta 0:00:01[K     |â–ˆâ–ˆâ–ˆâ–ˆâ–ˆâ–ˆâ–ˆâ–ˆâ–ˆâ–ˆâ–ˆâ–ˆâ–ˆâ–ˆâ–ˆâ–ˆâ–ˆâ–ˆâ–ˆâ–ˆâ–ˆâ–ˆ          | 30 kB 7.4 MB/s eta 0:00:01[K     |â–ˆâ–ˆâ–ˆâ–ˆâ–ˆâ–ˆâ–ˆâ–ˆâ–ˆâ–ˆâ–ˆâ–ˆâ–ˆâ–ˆâ–ˆâ–ˆâ–ˆâ–ˆâ–ˆâ–ˆâ–ˆâ–ˆâ–ˆâ–ˆâ–ˆâ–ˆâ–ˆâ–ˆâ–ˆâ–Ž  | 40 kB 3.9 MB/s eta 0:00:01[K     |â–ˆâ–ˆâ–ˆâ–ˆâ–ˆâ–ˆâ–ˆâ–ˆâ–ˆâ–ˆâ–ˆâ–ˆâ–ˆâ–ˆâ–ˆâ–ˆâ–ˆâ–ˆâ–ˆâ–ˆâ–ˆâ–ˆâ–ˆâ–ˆâ–ˆâ–ˆâ–ˆâ–ˆâ–ˆâ–ˆâ–ˆâ–ˆ| 44 kB 3.2 MB/s 
[?25hRequirement already satisfied: pymongo in /usr/local/lib/python3.8/dist-packages (4.5.0)
Requirement already satisfied: numpy>=1.20.3; python_version < "3.10" in /usr/local/lib/python3.8/dist-packages (from pandas) (1.24.4)
Requirement already satisfied: pytz>=2020.1 in /usr/local/lib/python3.8/dist-packages (from pandas) (2023.3.post1)
Requirement already satisfied: python-dateutil>=2.8.2 in /usr/local/lib/python3.8/dist-packages (from pandas) (2.8.2)
Requirement already satisfied: tzdata>=2022.1 in /usr/local/lib/python3.8/dist-packages (from pandas) (2023.3)
Requirement already satisfied: dnspython<3.0.0,>=1.16.0 in /usr/local/lib/python3.8/dist-packages (from pymongo) (2.4.2)
Requirement already satisfied: six>=1.5 in /usr/local/lib/python3.8/dist-packages (from python-dateutil>=2.8.2->pandas) (1.16.0)
Installing collected packages: pymysql
Successfully installed pymysql-1.1.0
Running /platform/source/s01/v1_9/m01010101/m01010101_q11_t0.sh
Requirement already satisfied: pymysql in /usr/local/lib/python3.8/dist-packages (1.1.0)
Requirement already satisfied: pymongo in /usr/local/lib/python3.8/dist-packages (4.5.0)
Requirement already satisfied: pandas in /usr/local/lib/python3.8/dist-packages (2.0.3)
Requirement already satisfied: dnspython<3.0.0,>=1.16.0 in /usr/local/lib/python3.8/dist-packages (from pymongo) (2.4.2)
Requirement already satisfied: numpy>=1.20.3; python_version < "3.10" in /usr/local/lib/python3.8/dist-packages (from pandas) (1.24.4)
Requirement already satisfied: pytz>=2020.1 in /usr/local/lib/python3.8/dist-packages (from pandas) (2023.3.post1)
Requirement already satisfied: tzdata>=2022.1 in /usr/local/lib/python3.8/dist-packages (from pandas) (2023.3)
Requirement already satisfied: python-dateutil>=2.8.2 in /usr/local/lib/python3.8/dist-packages (from pandas) (2.8.2)
Requirement already satisfied: six>=1.5 in /usr/local/lib/python3.8/dist-packages (from python-dateutil>=2.8.2->pandas) (1.16.0)
Running /platform/source/s01/v1_9/m01010101/m01010101_q11_t1.sh
Requirement already satisfied: pandas in /usr/local/lib/python3.8/dist-packages (2.0.3)
Requirement already satisfied: pymongo in /usr/local/lib/python3.8/dist-packages (4.5.0)
Requirement already satisfied: pymysql in /usr/local/lib/python3.8/dist-packages (1.1.0)
Requirement already satisfied: mysql-connector-python in /usr/local/lib/python3.8/dist-packages (8.2.0)
Requirement already satisfied: pytz>=2020.1 in /usr/local/lib/python3.8/dist-packages (from pandas) (2023.3.post1)
Requirement already satisfied: tzdata>=2022.1 in /usr/local/lib/python3.8/dist-packages (from pandas) (2023.3)
Requirement already satisfied: numpy>=1.20.3; python_version < "3.10" in /usr/local/lib/python3.8/dist-packages (from pandas) (1.24.4)
Requirement already satisfied: python-dateutil>=2.8.2 in /usr/local/lib/python3.8/dist-packages (from pandas) (2.8.2)
Requirement already satisfied: dnspython<3.0.0,>=1.16.0 in /usr/local/lib/python3.8/dist-packages (from pymongo) (2.4.2)
Requirement already satisfied: protobuf<=4.21.12,>=4.21.1 in /usr/local/lib/python3.8/dist-packages (from mysql-connector-python) (4.21.12)
Requirement already satisfied: six>=1.5 in /usr/local/lib/python3.8/dist-packages (from python-dateutil>=2.8.2->pandas) (1.16.0)
Running /platform/source/s01/v1_9/m01010101/m01010101_q12_t0.sh
Requirement already satisfied: pandas in /usr/local/lib/python3.8/dist-packages (2.0.3)
Requirement already satisfied: mysql-connector-python in /usr/local/lib/python3.8/dist-packages (8.2.0)
Requirement already satisfied: pymongo in /usr/local/lib/python3.8/dist-packages (4.5.0)
Requirement already satisfied: python-dateutil>=2.8.2 in /usr/local/lib/python3.8/dist-packages (from pandas) (2.8.2)
Requirement already satisfied: pytz>=2020.1 in /usr/local/lib/python3.8/dist-packages (from pandas) (2023.3.post1)
Requirement already satisfied: tzdata>=2022.1 in /usr/local/lib/python3.8/dist-packages (from pandas) (2023.3)
Requirement already satisfied: numpy>=1.20.3; python_version < "3.10" in /usr/local/lib/python3.8/dist-packages (from pandas) (1.24.4)
Requirement already satisfied: protobuf<=4.21.12,>=4.21.1 in /usr/local/lib/python3.8/dist-packages (from mysql-connector-python) (4.21.12)
Requirement already satisfied: dnspython<3.0.0,>=1.16.0 in /usr/local/lib/python3.8/dist-packages (from pymongo) (2.4.2)
Requirement already satisfied: six>=1.5 in /usr/local/lib/python3.8/dist-packages (from python-dateutil>=2.8.2->pandas) (1.16.0)
Running /platform/source/s01/v1_9/m01010101/m01010101_q12_t1.sh
Running /platform/source/s01/v1_9/m01010101/m01010101_q13_t0.sh
Requirement already satisfied: pymongo in /usr/local/lib/python3.8/dist-packages (4.5.0)
Requirement already satisfied: mysql-connector-python in /usr/local/lib/python3.8/dist-packages (8.2.0)
Requirement already satisfied: dnspython<3.0.0,>=1.16.0 in /usr/local/lib/python3.8/dist-packages (from pymongo) (2.4.2)
Requirement already satisfied: protobuf<=4.21.12,>=4.21.1 in /usr/local/lib/python3.8/dist-packages (from mysql-connector-python) (4.21.12)
Running /platform/source/s01/v1_9/m01010101/m01010101_q13_t1.sh
Requirement already satisfied: pandas in /usr/local/lib/python3.8/dist-packages (2.0.3)
Collecting sqlalchemy
  Downloading SQLAlchemy-2.0.23-cp38-cp38-manylinux_2_17_aarch64.manylinux2014_aarch64.whl (3.1 MB)
[?25l[K     |                                | 10 kB 8.0 MB/s eta 0:00:01[K     |â–                               | 20 kB 3.9 MB/s eta 0:00:01[K     |â–Ž                               | 30 kB 5.8 MB/s eta 0:00:01[K     |â–                               | 40 kB 4.8 MB/s eta 0:00:01[K     |â–Œ                               | 51 kB 4.2 MB/s eta 0:00:01[K     |â–‹                               | 61 kB 5.0 MB/s eta 0:00:01[K     |â–Š                               | 71 kB 5.4 MB/s eta 0:00:01[K     |â–‰                               | 81 kB 6.1 MB/s eta 0:00:01[K     |â–ˆ                               | 92 kB 6.4 MB/s eta 0:00:01[K     |â–ˆ                               | 102 kB 7.0 MB/s eta 0:00:01[K     |â–ˆâ–                              | 112 kB 7.0 MB/s eta 0:00:01[K     |â–ˆâ–Ž                              | 122 kB 7.0 MB/s eta 0:00:01[K     |â–ˆâ–                              | 133 kB 7.0 MB/s eta 0:00:01[K     |â–ˆâ–Œ                              | 143 kB 7.0 MB/s eta 0:00:01[K     |â–ˆâ–‹                              | 153 kB 7.0 MB/s eta 0:00:01[K     |â–ˆâ–Š                              | 163 kB 7.0 MB/s eta 0:00:01[K     |â–ˆâ–‰                              | 174 kB 7.0 MB/s eta 0:00:01[K     |â–ˆâ–ˆ                              | 184 kB 7.0 MB/s eta 0:00:01[K     |â–ˆâ–ˆ                              | 194 kB 7.0 MB/s eta 0:00:01[K     |â–ˆâ–ˆâ–                             | 204 kB 7.0 MB/s eta 0:00:01[K     |â–ˆâ–ˆâ–Ž                             | 215 kB 7.0 MB/s eta 0:00:01[K     |â–ˆâ–ˆâ–                             | 225 kB 7.0 MB/s eta 0:00:01[K     |â–ˆâ–ˆâ–Œ                             | 235 kB 7.0 MB/s eta 0:00:01[K     |â–ˆâ–ˆâ–‹                             | 245 kB 7.0 MB/s eta 0:00:01[K     |â–ˆâ–ˆâ–Š                             | 256 kB 7.0 MB/s eta 0:00:01[K     |â–ˆâ–ˆâ–‰                             | 266 kB 7.0 MB/s eta 0:00:01[K     |â–ˆâ–ˆâ–ˆ                             | 276 kB 7.0 MB/s eta 0:00:01[K     |â–ˆâ–ˆâ–ˆ                             | 286 kB 7.0 MB/s eta 0:00:01[K     |â–ˆâ–ˆâ–ˆ                             | 296 kB 7.0 MB/s eta 0:00:01[K     |â–ˆâ–ˆâ–ˆâ–                            | 307 kB 7.0 MB/s eta 0:00:01[K     |â–ˆâ–ˆâ–ˆâ–Ž                            | 317 kB 7.0 MB/s eta 0:00:01[K     |â–ˆâ–ˆâ–ˆâ–                            | 327 kB 7.0 MB/s eta 0:00:01[K     |â–ˆâ–ˆâ–ˆâ–Œ                            | 337 kB 7.0 MB/s eta 0:00:01[K     |â–ˆâ–ˆâ–ˆâ–‹                            | 348 kB 7.0 MB/s eta 0:00:01[K     |â–ˆâ–ˆâ–ˆâ–Š                            | 358 kB 7.0 MB/s eta 0:00:01[K     |â–ˆâ–ˆâ–ˆâ–‰                            | 368 kB 7.0 MB/s eta 0:00:01[K     |â–ˆâ–ˆâ–ˆâ–ˆ                            | 378 kB 7.0 MB/s eta 0:00:01[K     |â–ˆâ–ˆâ–ˆâ–ˆ                            | 389 kB 7.0 MB/s eta 0:00:01[K     |â–ˆâ–ˆâ–ˆâ–ˆâ–                           | 399 kB 7.0 MB/s eta 0:00:01[K     |â–ˆâ–ˆâ–ˆâ–ˆâ–Ž                           | 409 kB 7.0 MB/s eta 0:00:01[K     |â–ˆâ–ˆâ–ˆâ–ˆâ–                           | 419 kB 7.0 MB/s eta 0:00:01[K     |â–ˆâ–ˆâ–ˆâ–ˆâ–Œ                           | 430 kB 7.0 MB/s eta 0:00:01[K     |â–ˆâ–ˆâ–ˆâ–ˆâ–‹                           | 440 kB 7.0 MB/s eta 0:00:01[K     |â–ˆâ–ˆâ–ˆâ–ˆâ–Š                           | 450 kB 7.0 MB/s eta 0:00:01[K     |â–ˆâ–ˆâ–ˆâ–ˆâ–‰                           | 460 kB 7.0 MB/s eta 0:00:01[K     |â–ˆâ–ˆâ–ˆâ–ˆâ–ˆ                           | 471 kB 7.0 MB/s eta 0:00:01[K     |â–ˆâ–ˆâ–ˆâ–ˆâ–ˆ                           | 481 kB 7.0 MB/s eta 0:00:01[K     |â–ˆâ–ˆâ–ˆâ–ˆâ–ˆâ–                          | 491 kB 7.0 MB/s eta 0:00:01[K     |â–ˆâ–ˆâ–ˆâ–ˆâ–ˆâ–Ž                          | 501 kB 7.0 MB/s eta 0:00:01[K     |â–ˆâ–ˆâ–ˆâ–ˆâ–ˆâ–                          | 512 kB 7.0 MB/s eta 0:00:01[K     |â–ˆâ–ˆâ–ˆâ–ˆâ–ˆâ–Œ                          | 522 kB 7.0 MB/s eta 0:00:01[K     |â–ˆâ–ˆâ–ˆâ–ˆâ–ˆâ–‹                          | 532 kB 7.0 MB/s eta 0:00:01[K     |â–ˆâ–ˆâ–ˆâ–ˆâ–ˆâ–Š                          | 542 kB 7.0 MB/s eta 0:00:01[K     |â–ˆâ–ˆâ–ˆâ–ˆâ–ˆâ–‰                          | 552 kB 7.0 MB/s eta 0:00:01[K     |â–ˆâ–ˆâ–ˆâ–ˆâ–ˆâ–‰                          | 563 kB 7.0 MB/s eta 0:00:01[K     |â–ˆâ–ˆâ–ˆâ–ˆâ–ˆâ–ˆ                          | 573 kB 7.0 MB/s eta 0:00:01[K     |â–ˆâ–ˆâ–ˆâ–ˆâ–ˆâ–ˆ                          | 583 kB 7.0 MB/s eta 0:00:01[K     |â–ˆâ–ˆâ–ˆâ–ˆâ–ˆâ–ˆâ–                         | 593 kB 7.0 MB/s eta 0:00:01[K     |â–ˆâ–ˆâ–ˆâ–ˆâ–ˆâ–ˆâ–Ž                         | 604 kB 7.0 MB/s eta 0:00:01[K     |â–ˆâ–ˆâ–ˆâ–ˆâ–ˆâ–ˆâ–                         | 614 kB 7.0 MB/s eta 0:00:01[K     |â–ˆâ–ˆâ–ˆâ–ˆâ–ˆâ–ˆâ–Œ                         | 624 kB 7.0 MB/s eta 0:00:01[K     |â–ˆâ–ˆâ–ˆâ–ˆâ–ˆâ–ˆâ–‹                         | 634 kB 7.0 MB/s eta 0:00:01[K     |â–ˆâ–ˆâ–ˆâ–ˆâ–ˆâ–ˆâ–Š                         | 645 kB 7.0 MB/s eta 0:00:01[K     |â–ˆâ–ˆâ–ˆâ–ˆâ–ˆâ–ˆâ–‰                         | 655 kB 7.0 MB/s eta 0:00:01[K     |â–ˆâ–ˆâ–ˆâ–ˆâ–ˆâ–ˆâ–ˆ                         | 665 kB 7.0 MB/s eta 0:00:01[K     |â–ˆâ–ˆâ–ˆâ–ˆâ–ˆâ–ˆâ–ˆ                         | 675 kB 7.0 MB/s eta 0:00:01[K     |â–ˆâ–ˆâ–ˆâ–ˆâ–ˆâ–ˆâ–ˆâ–                        | 686 kB 7.0 MB/s eta 0:00:01[K     |â–ˆâ–ˆâ–ˆâ–ˆâ–ˆâ–ˆâ–ˆâ–Ž                        | 696 kB 7.0 MB/s eta 0:00:01[K     |â–ˆâ–ˆâ–ˆâ–ˆâ–ˆâ–ˆâ–ˆâ–                        | 706 kB 7.0 MB/s eta 0:00:01[K     |â–ˆâ–ˆâ–ˆâ–ˆâ–ˆâ–ˆâ–ˆâ–Œ                        | 716 kB 7.0 MB/s eta 0:00:01[K     |â–ˆâ–ˆâ–ˆâ–ˆâ–ˆâ–ˆâ–ˆâ–‹                        | 727 kB 7.0 MB/s eta 0:00:01[K     |â–ˆâ–ˆâ–ˆâ–ˆâ–ˆâ–ˆâ–ˆâ–Š                        | 737 kB 7.0 MB/s eta 0:00:01[K     |â–ˆâ–ˆâ–ˆâ–ˆâ–ˆâ–ˆâ–ˆâ–‰                        | 747 kB 7.0 MB/s eta 0:00:01[K     |â–ˆâ–ˆâ–ˆâ–ˆâ–ˆâ–ˆâ–ˆâ–ˆ                        | 757 kB 7.0 MB/s eta 0:00:01[K     |â–ˆâ–ˆâ–ˆâ–ˆâ–ˆâ–ˆâ–ˆâ–ˆ                        | 768 kB 7.0 MB/s eta 0:00:01[K     |â–ˆâ–ˆâ–ˆâ–ˆâ–ˆâ–ˆâ–ˆâ–ˆâ–                       | 778 kB 7.0 MB/s eta 0:00:01[K     |â–ˆâ–ˆâ–ˆâ–ˆâ–ˆâ–ˆâ–ˆâ–ˆâ–Ž                       | 788 kB 7.0 MB/s eta 0:00:01[K     |â–ˆâ–ˆâ–ˆâ–ˆâ–ˆâ–ˆâ–ˆâ–ˆâ–                       | 798 kB 7.0 MB/s eta 0:00:01[K     |â–ˆâ–ˆâ–ˆâ–ˆâ–ˆâ–ˆâ–ˆâ–ˆâ–Œ                       | 808 kB 7.0 MB/s eta 0:00:01[K     |â–ˆâ–ˆâ–ˆâ–ˆâ–ˆâ–ˆâ–ˆâ–ˆâ–‹                       | 819 kB 7.0 MB/s eta 0:00:01[K     |â–ˆâ–ˆâ–ˆâ–ˆâ–ˆâ–ˆâ–ˆâ–ˆâ–Š                       | 829 kB 7.0 MB/s eta 0:00:01[K     |â–ˆâ–ˆâ–ˆâ–ˆâ–ˆâ–ˆâ–ˆâ–ˆâ–‰                       | 839 kB 7.0 MB/s eta 0:00:01[K     |â–ˆâ–ˆâ–ˆâ–ˆâ–ˆâ–ˆâ–ˆâ–ˆâ–‰                       | 849 kB 7.0 MB/s eta 0:00:01[K     |â–ˆâ–ˆâ–ˆâ–ˆâ–ˆâ–ˆâ–ˆâ–ˆâ–ˆ                       | 860 kB 7.0 MB/s eta 0:00:01[K     |â–ˆâ–ˆâ–ˆâ–ˆâ–ˆâ–ˆâ–ˆâ–ˆâ–ˆ                       | 870 kB 7.0 MB/s eta 0:00:01[K     |â–ˆâ–ˆâ–ˆâ–ˆâ–ˆâ–ˆâ–ˆâ–ˆâ–ˆâ–                      | 880 kB 7.0 MB/s eta 0:00:01[K     |â–ˆâ–ˆâ–ˆâ–ˆâ–ˆâ–ˆâ–ˆâ–ˆâ–ˆâ–Ž                      | 890 kB 7.0 MB/s eta 0:00:01[K     |â–ˆâ–ˆâ–ˆâ–ˆâ–ˆâ–ˆâ–ˆâ–ˆâ–ˆâ–                      | 901 kB 7.0 MB/s eta 0:00:01[K     |â–ˆâ–ˆâ–ˆâ–ˆâ–ˆâ–ˆâ–ˆâ–ˆâ–ˆâ–Œ                      | 911 kB 7.0 MB/s eta 0:00:01[K     |â–ˆâ–ˆâ–ˆâ–ˆâ–ˆâ–ˆâ–ˆâ–ˆâ–ˆâ–‹                      | 921 kB 7.0 MB/s eta 0:00:01[K     |â–ˆâ–ˆâ–ˆâ–ˆâ–ˆâ–ˆâ–ˆâ–ˆâ–ˆâ–Š                      | 931 kB 7.0 MB/s eta 0:00:01[K     |â–ˆâ–ˆâ–ˆâ–ˆâ–ˆâ–ˆâ–ˆâ–ˆâ–ˆâ–‰                      | 942 kB 7.0 MB/s eta 0:00:01[K     |â–ˆâ–ˆâ–ˆâ–ˆâ–ˆâ–ˆâ–ˆâ–ˆâ–ˆâ–ˆ                      | 952 kB 7.0 MB/s eta 0:00:01[K     |â–ˆâ–ˆâ–ˆâ–ˆâ–ˆâ–ˆâ–ˆâ–ˆâ–ˆâ–ˆ                      | 962 kB 7.0 MB/s eta 0:00:01[K     |â–ˆâ–ˆâ–ˆâ–ˆâ–ˆâ–ˆâ–ˆâ–ˆâ–ˆâ–ˆâ–                     | 972 kB 7.0 MB/s eta 0:00:01[K     |â–ˆâ–ˆâ–ˆâ–ˆâ–ˆâ–ˆâ–ˆâ–ˆâ–ˆâ–ˆâ–Ž                     | 983 kB 7.0 MB/s eta 0:00:01[K     |â–ˆâ–ˆâ–ˆâ–ˆâ–ˆâ–ˆâ–ˆâ–ˆâ–ˆâ–ˆâ–                     | 993 kB 7.0 MB/s eta 0:00:01[K     |â–ˆâ–ˆâ–ˆâ–ˆâ–ˆâ–ˆâ–ˆâ–ˆâ–ˆâ–ˆâ–Œ                     | 1.0 MB 7.0 MB/s eta 0:00:01[K     |â–ˆâ–ˆâ–ˆâ–ˆâ–ˆâ–ˆâ–ˆâ–ˆâ–ˆâ–ˆâ–‹                     | 1.0 MB 7.0 MB/s eta 0:00:01[K     |â–ˆâ–ˆâ–ˆâ–ˆâ–ˆâ–ˆâ–ˆâ–ˆâ–ˆâ–ˆâ–Š                     | 1.0 MB 7.0 MB/s eta 0:00:01[K     |â–ˆâ–ˆâ–ˆâ–ˆâ–ˆâ–ˆâ–ˆâ–ˆâ–ˆâ–ˆâ–‰                     | 1.0 MB 7.0 MB/s eta 0:00:01[K     |â–ˆâ–ˆâ–ˆâ–ˆâ–ˆâ–ˆâ–ˆâ–ˆâ–ˆâ–ˆâ–ˆ                     | 1.0 MB 7.0 MB/s eta 0:00:01[K     |â–ˆâ–ˆâ–ˆâ–ˆâ–ˆâ–ˆâ–ˆâ–ˆâ–ˆâ–ˆâ–ˆ                     | 1.1 MB 7.0 MB/s eta 0:00:01[K     |â–ˆâ–ˆâ–ˆâ–ˆâ–ˆâ–ˆâ–ˆâ–ˆâ–ˆâ–ˆâ–ˆâ–                    | 1.1 MB 7.0 MB/s eta 0:00:01[K     |â–ˆâ–ˆâ–ˆâ–ˆâ–ˆâ–ˆâ–ˆâ–ˆâ–ˆâ–ˆâ–ˆâ–Ž                    | 1.1 MB 7.0 MB/s eta 0:00:01[K     |â–ˆâ–ˆâ–ˆâ–ˆâ–ˆâ–ˆâ–ˆâ–ˆâ–ˆâ–ˆâ–ˆâ–                    | 1.1 MB 7.0 MB/s eta 0:00:01[K     |â–ˆâ–ˆâ–ˆâ–ˆâ–ˆâ–ˆâ–ˆâ–ˆâ–ˆâ–ˆâ–ˆâ–Œ                    | 1.1 MB 7.0 MB/s eta 0:00:01[K     |â–ˆâ–ˆâ–ˆâ–ˆâ–ˆâ–ˆâ–ˆâ–ˆâ–ˆâ–ˆâ–ˆâ–‹                    | 1.1 MB 7.0 MB/s eta 0:00:01[K     |â–ˆâ–ˆâ–ˆâ–ˆâ–ˆâ–ˆâ–ˆâ–ˆâ–ˆâ–ˆâ–ˆâ–Š                    | 1.1 MB 7.0 MB/s eta 0:00:01[K     |â–ˆâ–ˆâ–ˆâ–ˆâ–ˆâ–ˆâ–ˆâ–ˆâ–ˆâ–ˆâ–ˆâ–Š                    | 1.1 MB 7.0 MB/s eta 0:00:01[K     |â–ˆâ–ˆâ–ˆâ–ˆâ–ˆâ–ˆâ–ˆâ–ˆâ–ˆâ–ˆâ–ˆâ–‰                    | 1.1 MB 7.0 MB/s eta 0:00:01[K     |â–ˆâ–ˆâ–ˆâ–ˆâ–ˆâ–ˆâ–ˆâ–ˆâ–ˆâ–ˆâ–ˆâ–ˆ                    | 1.1 MB 7.0 MB/s eta 0:00:01[K     |â–ˆâ–ˆâ–ˆâ–ˆâ–ˆâ–ˆâ–ˆâ–ˆâ–ˆâ–ˆâ–ˆâ–ˆ                    | 1.2 MB 7.0 MB/s eta 0:00:01[K     |â–ˆâ–ˆâ–ˆâ–ˆâ–ˆâ–ˆâ–ˆâ–ˆâ–ˆâ–ˆâ–ˆâ–ˆâ–                   | 1.2 MB 7.0 MB/s eta 0:00:01[K     |â–ˆâ–ˆâ–ˆâ–ˆâ–ˆâ–ˆâ–ˆâ–ˆâ–ˆâ–ˆâ–ˆâ–ˆâ–Ž                   | 1.2 MB 7.0 MB/s eta 0:00:01[K     |â–ˆâ–ˆâ–ˆâ–ˆâ–ˆâ–ˆâ–ˆâ–ˆâ–ˆâ–ˆâ–ˆâ–ˆâ–                   | 1.2 MB 7.0 MB/s eta 0:00:01[K     |â–ˆâ–ˆâ–ˆâ–ˆâ–ˆâ–ˆâ–ˆâ–ˆâ–ˆâ–ˆâ–ˆâ–ˆâ–Œ                   | 1.2 MB 7.0 MB/s eta 0:00:01[K     |â–ˆâ–ˆâ–ˆâ–ˆâ–ˆâ–ˆâ–ˆâ–ˆâ–ˆâ–ˆâ–ˆâ–ˆâ–‹                   | 1.2 MB 7.0 MB/s eta 0:00:01[K     |â–ˆâ–ˆâ–ˆâ–ˆâ–ˆâ–ˆâ–ˆâ–ˆâ–ˆâ–ˆâ–ˆâ–ˆâ–Š                   | 1.2 MB 7.0 MB/s eta 0:00:01[K     |â–ˆâ–ˆâ–ˆâ–ˆâ–ˆâ–ˆâ–ˆâ–ˆâ–ˆâ–ˆâ–ˆâ–ˆâ–‰                   | 1.2 MB 7.0 MB/s eta 0:00:01[K     |â–ˆâ–ˆâ–ˆâ–ˆâ–ˆâ–ˆâ–ˆâ–ˆâ–ˆâ–ˆâ–ˆâ–ˆâ–ˆ                   | 1.2 MB 7.0 MB/s eta 0:00:01[K     |â–ˆâ–ˆâ–ˆâ–ˆâ–ˆâ–ˆâ–ˆâ–ˆâ–ˆâ–ˆâ–ˆâ–ˆâ–ˆ                   | 1.2 MB 7.0 MB/s eta 0:00:01[K     |â–ˆâ–ˆâ–ˆâ–ˆâ–ˆâ–ˆâ–ˆâ–ˆâ–ˆâ–ˆâ–ˆâ–ˆâ–ˆâ–                  | 1.3 MB 7.0 MB/s eta 0:00:01[K     |â–ˆâ–ˆâ–ˆâ–ˆâ–ˆâ–ˆâ–ˆâ–ˆâ–ˆâ–ˆâ–ˆâ–ˆâ–ˆâ–Ž                  | 1.3 MB 7.0 MB/s eta 0:00:01[K     |â–ˆâ–ˆâ–ˆâ–ˆâ–ˆâ–ˆâ–ˆâ–ˆâ–ˆâ–ˆâ–ˆâ–ˆâ–ˆâ–                  | 1.3 MB 7.0 MB/s eta 0:00:01[K     |â–ˆâ–ˆâ–ˆâ–ˆâ–ˆâ–ˆâ–ˆâ–ˆâ–ˆâ–ˆâ–ˆâ–ˆâ–ˆâ–Œ                  | 1.3 MB 7.0 MB/s eta 0:00:01[K     |â–ˆâ–ˆâ–ˆâ–ˆâ–ˆâ–ˆâ–ˆâ–ˆâ–ˆâ–ˆâ–ˆâ–ˆâ–ˆâ–‹                  | 1.3 MB 7.0 MB/s eta 0:00:01[K     |â–ˆâ–ˆâ–ˆâ–ˆâ–ˆâ–ˆâ–ˆâ–ˆâ–ˆâ–ˆâ–ˆâ–ˆâ–ˆâ–Š                  | 1.3 MB 7.0 MB/s eta 0:00:01[K     |â–ˆâ–ˆâ–ˆâ–ˆâ–ˆâ–ˆâ–ˆâ–ˆâ–ˆâ–ˆâ–ˆâ–ˆâ–ˆâ–‰                  | 1.3 MB 7.0 MB/s eta 0:00:01[K     |â–ˆâ–ˆâ–ˆâ–ˆâ–ˆâ–ˆâ–ˆâ–ˆâ–ˆâ–ˆâ–ˆâ–ˆâ–ˆâ–ˆ                  | 1.3 MB 7.0 MB/s eta 0:00:01[K     |â–ˆâ–ˆâ–ˆâ–ˆâ–ˆâ–ˆâ–ˆâ–ˆâ–ˆâ–ˆâ–ˆâ–ˆâ–ˆâ–ˆ                  | 1.3 MB 7.0 MB/s eta 0:00:01[K     |â–ˆâ–ˆâ–ˆâ–ˆâ–ˆâ–ˆâ–ˆâ–ˆâ–ˆâ–ˆâ–ˆâ–ˆâ–ˆâ–ˆâ–                 | 1.4 MB 7.0 MB/s eta 0:00:01[K     |â–ˆâ–ˆâ–ˆâ–ˆâ–ˆâ–ˆâ–ˆâ–ˆâ–ˆâ–ˆâ–ˆâ–ˆâ–ˆâ–ˆâ–Ž                 | 1.4 MB 7.0 MB/s eta 0:00:01[K     |â–ˆâ–ˆâ–ˆâ–ˆâ–ˆâ–ˆâ–ˆâ–ˆâ–ˆâ–ˆâ–ˆâ–ˆâ–ˆâ–ˆâ–                 | 1.4 MB 7.0 MB/s eta 0:00:01[K     |â–ˆâ–ˆâ–ˆâ–ˆâ–ˆâ–ˆâ–ˆâ–ˆâ–ˆâ–ˆâ–ˆâ–ˆâ–ˆâ–ˆâ–Œ                 | 1.4 MB 7.0 MB/s eta 0:00:01[K     |â–ˆâ–ˆâ–ˆâ–ˆâ–ˆâ–ˆâ–ˆâ–ˆâ–ˆâ–ˆâ–ˆâ–ˆâ–ˆâ–ˆâ–‹                 | 1.4 MB 7.0 MB/s eta 0:00:01[K     |â–ˆâ–ˆâ–ˆâ–ˆâ–ˆâ–ˆâ–ˆâ–ˆâ–ˆâ–ˆâ–ˆâ–ˆâ–ˆâ–ˆâ–‹                 | 1.4 MB 7.0 MB/s eta 0:00:01[K     |â–ˆâ–ˆâ–ˆâ–ˆâ–ˆâ–ˆâ–ˆâ–ˆâ–ˆâ–ˆâ–ˆâ–ˆâ–ˆâ–ˆâ–Š                 | 1.4 MB 7.0 MB/s eta 0:00:01[K     |â–ˆâ–ˆâ–ˆâ–ˆâ–ˆâ–ˆâ–ˆâ–ˆâ–ˆâ–ˆâ–ˆâ–ˆâ–ˆâ–ˆâ–‰                 | 1.4 MB 7.0 MB/s eta 0:00:01[K     |â–ˆâ–ˆâ–ˆâ–ˆâ–ˆâ–ˆâ–ˆâ–ˆâ–ˆâ–ˆâ–ˆâ–ˆâ–ˆâ–ˆâ–ˆ                 | 1.4 MB 7.0 MB/s eta 0:00:01[K     |â–ˆâ–ˆâ–ˆâ–ˆâ–ˆâ–ˆâ–ˆâ–ˆâ–ˆâ–ˆâ–ˆâ–ˆâ–ˆâ–ˆâ–ˆ                 | 1.4 MB 7.0 MB/s eta 0:00:01[K     |â–ˆâ–ˆâ–ˆâ–ˆâ–ˆâ–ˆâ–ˆâ–ˆâ–ˆâ–ˆâ–ˆâ–ˆâ–ˆâ–ˆâ–ˆâ–                | 1.5 MB 7.0 MB/s eta 0:00:01[K     |â–ˆâ–ˆâ–ˆâ–ˆâ–ˆâ–ˆâ–ˆâ–ˆâ–ˆâ–ˆâ–ˆâ–ˆâ–ˆâ–ˆâ–ˆâ–Ž                | 1.5 MB 7.0 MB/s eta 0:00:01[K     |â–ˆâ–ˆâ–ˆâ–ˆâ–ˆâ–ˆâ–ˆâ–ˆâ–ˆâ–ˆâ–ˆâ–ˆâ–ˆâ–ˆâ–ˆâ–                | 1.5 MB 7.0 MB/s eta 0:00:01[K     |â–ˆâ–ˆâ–ˆâ–ˆâ–ˆâ–ˆâ–ˆâ–ˆâ–ˆâ–ˆâ–ˆâ–ˆâ–ˆâ–ˆâ–ˆâ–Œ                | 1.5 MB 7.0 MB/s eta 0:00:01[K     |â–ˆâ–ˆâ–ˆâ–ˆâ–ˆâ–ˆâ–ˆâ–ˆâ–ˆâ–ˆâ–ˆâ–ˆâ–ˆâ–ˆâ–ˆâ–‹                | 1.5 MB 7.0 MB/s eta 0:00:01[K     |â–ˆâ–ˆâ–ˆâ–ˆâ–ˆâ–ˆâ–ˆâ–ˆâ–ˆâ–ˆâ–ˆâ–ˆâ–ˆâ–ˆâ–ˆâ–Š                | 1.5 MB 7.0 MB/s eta 0:00:01[K     |â–ˆâ–ˆâ–ˆâ–ˆâ–ˆâ–ˆâ–ˆâ–ˆâ–ˆâ–ˆâ–ˆâ–ˆâ–ˆâ–ˆâ–ˆâ–‰                | 1.5 MB 7.0 MB/s eta 0:00:01[K     |â–ˆâ–ˆâ–ˆâ–ˆâ–ˆâ–ˆâ–ˆâ–ˆâ–ˆâ–ˆâ–ˆâ–ˆâ–ˆâ–ˆâ–ˆâ–ˆ                | 1.5 MB 7.0 MB/s eta 0:00:01[K     |â–ˆâ–ˆâ–ˆâ–ˆâ–ˆâ–ˆâ–ˆâ–ˆâ–ˆâ–ˆâ–ˆâ–ˆâ–ˆâ–ˆâ–ˆâ–ˆ                | 1.5 MB 7.0 MB/s eta 0:00:01[K     |â–ˆâ–ˆâ–ˆâ–ˆâ–ˆâ–ˆâ–ˆâ–ˆâ–ˆâ–ˆâ–ˆâ–ˆâ–ˆâ–ˆâ–ˆâ–ˆâ–               | 1.5 MB 7.0 MB/s eta 0:00:01[K     |â–ˆâ–ˆâ–ˆâ–ˆâ–ˆâ–ˆâ–ˆâ–ˆâ–ˆâ–ˆâ–ˆâ–ˆâ–ˆâ–ˆâ–ˆâ–ˆâ–Ž               | 1.6 MB 7.0 MB/s eta 0:00:01[K     |â–ˆâ–ˆâ–ˆâ–ˆâ–ˆâ–ˆâ–ˆâ–ˆâ–ˆâ–ˆâ–ˆâ–ˆâ–ˆâ–ˆâ–ˆâ–ˆâ–               | 1.6 MB 7.0 MB/s eta 0:00:01[K     |â–ˆâ–ˆâ–ˆâ–ˆâ–ˆâ–ˆâ–ˆâ–ˆâ–ˆâ–ˆâ–ˆâ–ˆâ–ˆâ–ˆâ–ˆâ–ˆâ–Œ               | 1.6 MB 7.0 MB/s eta 0:00:01[K     |â–ˆâ–ˆâ–ˆâ–ˆâ–ˆâ–ˆâ–ˆâ–ˆâ–ˆâ–ˆâ–ˆâ–ˆâ–ˆâ–ˆâ–ˆâ–ˆâ–‹               | 1.6 MB 7.0 MB/s eta 0:00:01[K     |â–ˆâ–ˆâ–ˆâ–ˆâ–ˆâ–ˆâ–ˆâ–ˆâ–ˆâ–ˆâ–ˆâ–ˆâ–ˆâ–ˆâ–ˆâ–ˆâ–Š               | 1.6 MB 7.0 MB/s eta 0:00:01[K     |â–ˆâ–ˆâ–ˆâ–ˆâ–ˆâ–ˆâ–ˆâ–ˆâ–ˆâ–ˆâ–ˆâ–ˆâ–ˆâ–ˆâ–ˆâ–ˆâ–‰               | 1.6 MB 7.0 MB/s eta 0:00:01[K     |â–ˆâ–ˆâ–ˆâ–ˆâ–ˆâ–ˆâ–ˆâ–ˆâ–ˆâ–ˆâ–ˆâ–ˆâ–ˆâ–ˆâ–ˆâ–ˆâ–ˆ               | 1.6 MB 7.0 MB/s eta 0:00:01[K     |â–ˆâ–ˆâ–ˆâ–ˆâ–ˆâ–ˆâ–ˆâ–ˆâ–ˆâ–ˆâ–ˆâ–ˆâ–ˆâ–ˆâ–ˆâ–ˆâ–ˆ               | 1.6 MB 7.0 MB/s eta 0:00:01[K     |â–ˆâ–ˆâ–ˆâ–ˆâ–ˆâ–ˆâ–ˆâ–ˆâ–ˆâ–ˆâ–ˆâ–ˆâ–ˆâ–ˆâ–ˆâ–ˆâ–ˆâ–              | 1.6 MB 7.0 MB/s eta 0:00:01[K     |â–ˆâ–ˆâ–ˆâ–ˆâ–ˆâ–ˆâ–ˆâ–ˆâ–ˆâ–ˆâ–ˆâ–ˆâ–ˆâ–ˆâ–ˆâ–ˆâ–ˆâ–Ž              | 1.6 MB 7.0 MB/s eta 0:00:01[K     |â–ˆâ–ˆâ–ˆâ–ˆâ–ˆâ–ˆâ–ˆâ–ˆâ–ˆâ–ˆâ–ˆâ–ˆâ–ˆâ–ˆâ–ˆâ–ˆâ–ˆâ–              | 1.7 MB 7.0 MB/s eta 0:00:01[K     |â–ˆâ–ˆâ–ˆâ–ˆâ–ˆâ–ˆâ–ˆâ–ˆâ–ˆâ–ˆâ–ˆâ–ˆâ–ˆâ–ˆâ–ˆâ–ˆâ–ˆâ–Œ              | 1.7 MB 7.0 MB/s eta 0:00:01[K     |â–ˆâ–ˆâ–ˆâ–ˆâ–ˆâ–ˆâ–ˆâ–ˆâ–ˆâ–ˆâ–ˆâ–ˆâ–ˆâ–ˆâ–ˆâ–ˆâ–ˆâ–‹              | 1.7 MB 7.0 MB/s eta 0:00:01[K     |â–ˆâ–ˆâ–ˆâ–ˆâ–ˆâ–ˆâ–ˆâ–ˆâ–ˆâ–ˆâ–ˆâ–ˆâ–ˆâ–ˆâ–ˆâ–ˆâ–ˆâ–‹              | 1.7 MB 7.0 MB/s eta 0:00:01[K     |â–ˆâ–ˆâ–ˆâ–ˆâ–ˆâ–ˆâ–ˆâ–ˆâ–ˆâ–ˆâ–ˆâ–ˆâ–ˆâ–ˆâ–ˆâ–ˆâ–ˆâ–Š              | 1.7 MB 7.0 MB/s eta 0:00:01[K     |â–ˆâ–ˆâ–ˆâ–ˆâ–ˆâ–ˆâ–ˆâ–ˆâ–ˆâ–ˆâ–ˆâ–ˆâ–ˆâ–ˆâ–ˆâ–ˆâ–ˆâ–‰              | 1.7 MB 7.0 MB/s eta 0:00:01[K     |â–ˆâ–ˆâ–ˆâ–ˆâ–ˆâ–ˆâ–ˆâ–ˆâ–ˆâ–ˆâ–ˆâ–ˆâ–ˆâ–ˆâ–ˆâ–ˆâ–ˆâ–ˆ              | 1.7 MB 7.0 MB/s eta 0:00:01[K     |â–ˆâ–ˆâ–ˆâ–ˆâ–ˆâ–ˆâ–ˆâ–ˆâ–ˆâ–ˆâ–ˆâ–ˆâ–ˆâ–ˆâ–ˆâ–ˆâ–ˆâ–ˆ              | 1.7 MB 7.0 MB/s eta 0:00:01[K     |â–ˆâ–ˆâ–ˆâ–ˆâ–ˆâ–ˆâ–ˆâ–ˆâ–ˆâ–ˆâ–ˆâ–ˆâ–ˆâ–ˆâ–ˆâ–ˆâ–ˆâ–ˆâ–             | 1.7 MB 7.0 MB/s eta 0:00:01[K     |â–ˆâ–ˆâ–ˆâ–ˆâ–ˆâ–ˆâ–ˆâ–ˆâ–ˆâ–ˆâ–ˆâ–ˆâ–ˆâ–ˆâ–ˆâ–ˆâ–ˆâ–ˆâ–Ž             | 1.8 MB 7.0 MB/s eta 0:00:01[K     |â–ˆâ–ˆâ–ˆâ–ˆâ–ˆâ–ˆâ–ˆâ–ˆâ–ˆâ–ˆâ–ˆâ–ˆâ–ˆâ–ˆâ–ˆâ–ˆâ–ˆâ–ˆâ–             | 1.8 MB 7.0 MB/s eta 0:00:01[K     |â–ˆâ–ˆâ–ˆâ–ˆâ–ˆâ–ˆâ–ˆâ–ˆâ–ˆâ–ˆâ–ˆâ–ˆâ–ˆâ–ˆâ–ˆâ–ˆâ–ˆâ–ˆâ–Œ             | 1.8 MB 7.0 MB/s eta 0:00:01[K     |â–ˆâ–ˆâ–ˆâ–ˆâ–ˆâ–ˆâ–ˆâ–ˆâ–ˆâ–ˆâ–ˆâ–ˆâ–ˆâ–ˆâ–ˆâ–ˆâ–ˆâ–ˆâ–‹             | 1.8 MB 7.0 MB/s eta 0:00:01[K     |â–ˆâ–ˆâ–ˆâ–ˆâ–ˆâ–ˆâ–ˆâ–ˆâ–ˆâ–ˆâ–ˆâ–ˆâ–ˆâ–ˆâ–ˆâ–ˆâ–ˆâ–ˆâ–Š             | 1.8 MB 7.0 MB/s eta 0:00:01[K     |â–ˆâ–ˆâ–ˆâ–ˆâ–ˆâ–ˆâ–ˆâ–ˆâ–ˆâ–ˆâ–ˆâ–ˆâ–ˆâ–ˆâ–ˆâ–ˆâ–ˆâ–ˆâ–‰             | 1.8 MB 7.0 MB/s eta 0:00:01[K     |â–ˆâ–ˆâ–ˆâ–ˆâ–ˆâ–ˆâ–ˆâ–ˆâ–ˆâ–ˆâ–ˆâ–ˆâ–ˆâ–ˆâ–ˆâ–ˆâ–ˆâ–ˆâ–ˆ             | 1.8 MB 7.0 MB/s eta 0:00:01[K     |â–ˆâ–ˆâ–ˆâ–ˆâ–ˆâ–ˆâ–ˆâ–ˆâ–ˆâ–ˆâ–ˆâ–ˆâ–ˆâ–ˆâ–ˆâ–ˆâ–ˆâ–ˆâ–ˆ             | 1.8 MB 7.0 MB/s eta 0:00:01[K     |â–ˆâ–ˆâ–ˆâ–ˆâ–ˆâ–ˆâ–ˆâ–ˆâ–ˆâ–ˆâ–ˆâ–ˆâ–ˆâ–ˆâ–ˆâ–ˆâ–ˆâ–ˆâ–ˆâ–            | 1.8 MB 7.0 MB/s eta 0:00:01[K     |â–ˆâ–ˆâ–ˆâ–ˆâ–ˆâ–ˆâ–ˆâ–ˆâ–ˆâ–ˆâ–ˆâ–ˆâ–ˆâ–ˆâ–ˆâ–ˆâ–ˆâ–ˆâ–ˆâ–Ž            | 1.8 MB 7.0 MB/s eta 0:00:01[K     |â–ˆâ–ˆâ–ˆâ–ˆâ–ˆâ–ˆâ–ˆâ–ˆâ–ˆâ–ˆâ–ˆâ–ˆâ–ˆâ–ˆâ–ˆâ–ˆâ–ˆâ–ˆâ–ˆâ–            | 1.9 MB 7.0 MB/s eta 0:00:01[K     |â–ˆâ–ˆâ–ˆâ–ˆâ–ˆâ–ˆâ–ˆâ–ˆâ–ˆâ–ˆâ–ˆâ–ˆâ–ˆâ–ˆâ–ˆâ–ˆâ–ˆâ–ˆâ–ˆâ–Œ            | 1.9 MB 7.0 MB/s eta 0:00:01[K     |â–ˆâ–ˆâ–ˆâ–ˆâ–ˆâ–ˆâ–ˆâ–ˆâ–ˆâ–ˆâ–ˆâ–ˆâ–ˆâ–ˆâ–ˆâ–ˆâ–ˆâ–ˆâ–ˆâ–‹            | 1.9 MB 7.0 MB/s eta 0:00:01[K     |â–ˆâ–ˆâ–ˆâ–ˆâ–ˆâ–ˆâ–ˆâ–ˆâ–ˆâ–ˆâ–ˆâ–ˆâ–ˆâ–ˆâ–ˆâ–ˆâ–ˆâ–ˆâ–ˆâ–Š            | 1.9 MB 7.0 MB/s eta 0:00:01[K     |â–ˆâ–ˆâ–ˆâ–ˆâ–ˆâ–ˆâ–ˆâ–ˆâ–ˆâ–ˆâ–ˆâ–ˆâ–ˆâ–ˆâ–ˆâ–ˆâ–ˆâ–ˆâ–ˆâ–‰            | 1.9 MB 7.0 MB/s eta 0:00:01[K     |â–ˆâ–ˆâ–ˆâ–ˆâ–ˆâ–ˆâ–ˆâ–ˆâ–ˆâ–ˆâ–ˆâ–ˆâ–ˆâ–ˆâ–ˆâ–ˆâ–ˆâ–ˆâ–ˆâ–ˆ            | 1.9 MB 7.0 MB/s eta 0:00:01[K     |â–ˆâ–ˆâ–ˆâ–ˆâ–ˆâ–ˆâ–ˆâ–ˆâ–ˆâ–ˆâ–ˆâ–ˆâ–ˆâ–ˆâ–ˆâ–ˆâ–ˆâ–ˆâ–ˆâ–ˆ            | 1.9 MB 7.0 MB/s eta 0:00:01[K     |â–ˆâ–ˆâ–ˆâ–ˆâ–ˆâ–ˆâ–ˆâ–ˆâ–ˆâ–ˆâ–ˆâ–ˆâ–ˆâ–ˆâ–ˆâ–ˆâ–ˆâ–ˆâ–ˆâ–ˆâ–           | 1.9 MB 7.0 MB/s eta 0:00:01[K     |â–ˆâ–ˆâ–ˆâ–ˆâ–ˆâ–ˆâ–ˆâ–ˆâ–ˆâ–ˆâ–ˆâ–ˆâ–ˆâ–ˆâ–ˆâ–ˆâ–ˆâ–ˆâ–ˆâ–ˆâ–Ž           | 1.9 MB 7.0 MB/s eta 0:00:01[K     |â–ˆâ–ˆâ–ˆâ–ˆâ–ˆâ–ˆâ–ˆâ–ˆâ–ˆâ–ˆâ–ˆâ–ˆâ–ˆâ–ˆâ–ˆâ–ˆâ–ˆâ–ˆâ–ˆâ–ˆâ–           | 1.9 MB 7.0 MB/s eta 0:00:01[K     |â–ˆâ–ˆâ–ˆâ–ˆâ–ˆâ–ˆâ–ˆâ–ˆâ–ˆâ–ˆâ–ˆâ–ˆâ–ˆâ–ˆâ–ˆâ–ˆâ–ˆâ–ˆâ–ˆâ–ˆâ–Œ           | 2.0 MB 7.0 MB/s eta 0:00:01[K     |â–ˆâ–ˆâ–ˆâ–ˆâ–ˆâ–ˆâ–ˆâ–ˆâ–ˆâ–ˆâ–ˆâ–ˆâ–ˆâ–ˆâ–ˆâ–ˆâ–ˆâ–ˆâ–ˆâ–ˆâ–Œ           | 2.0 MB 7.0 MB/s eta 0:00:01[K     |â–ˆâ–ˆâ–ˆâ–ˆâ–ˆâ–ˆâ–ˆâ–ˆâ–ˆâ–ˆâ–ˆâ–ˆâ–ˆâ–ˆâ–ˆâ–ˆâ–ˆâ–ˆâ–ˆâ–ˆâ–‹           | 2.0 MB 7.0 MB/s eta 0:00:01[K     |â–ˆâ–ˆâ–ˆâ–ˆâ–ˆâ–ˆâ–ˆâ–ˆâ–ˆâ–ˆâ–ˆâ–ˆâ–ˆâ–ˆâ–ˆâ–ˆâ–ˆâ–ˆâ–ˆâ–ˆâ–Š           | 2.0 MB 7.0 MB/s eta 0:00:01[K     |â–ˆâ–ˆâ–ˆâ–ˆâ–ˆâ–ˆâ–ˆâ–ˆâ–ˆâ–ˆâ–ˆâ–ˆâ–ˆâ–ˆâ–ˆâ–ˆâ–ˆâ–ˆâ–ˆâ–ˆâ–‰           | 2.0 MB 7.0 MB/s eta 0:00:01[K     |â–ˆâ–ˆâ–ˆâ–ˆâ–ˆâ–ˆâ–ˆâ–ˆâ–ˆâ–ˆâ–ˆâ–ˆâ–ˆâ–ˆâ–ˆâ–ˆâ–ˆâ–ˆâ–ˆâ–ˆâ–ˆ           | 2.0 MB 7.0 MB/s eta 0:00:01[K     |â–ˆâ–ˆâ–ˆâ–ˆâ–ˆâ–ˆâ–ˆâ–ˆâ–ˆâ–ˆâ–ˆâ–ˆâ–ˆâ–ˆâ–ˆâ–ˆâ–ˆâ–ˆâ–ˆâ–ˆâ–ˆ           | 2.0 MB 7.0 MB/s eta 0:00:01[K     |â–ˆâ–ˆâ–ˆâ–ˆâ–ˆâ–ˆâ–ˆâ–ˆâ–ˆâ–ˆâ–ˆâ–ˆâ–ˆâ–ˆâ–ˆâ–ˆâ–ˆâ–ˆâ–ˆâ–ˆâ–ˆâ–          | 2.0 MB 7.0 MB/s eta 0:00:01[K     |â–ˆâ–ˆâ–ˆâ–ˆâ–ˆâ–ˆâ–ˆâ–ˆâ–ˆâ–ˆâ–ˆâ–ˆâ–ˆâ–ˆâ–ˆâ–ˆâ–ˆâ–ˆâ–ˆâ–ˆâ–ˆâ–Ž          | 2.0 MB 7.0 MB/s eta 0:00:01[K     |â–ˆâ–ˆâ–ˆâ–ˆâ–ˆâ–ˆâ–ˆâ–ˆâ–ˆâ–ˆâ–ˆâ–ˆâ–ˆâ–ˆâ–ˆâ–ˆâ–ˆâ–ˆâ–ˆâ–ˆâ–ˆâ–          | 2.0 MB 7.0 MB/s eta 0:00:01[K     |â–ˆâ–ˆâ–ˆâ–ˆâ–ˆâ–ˆâ–ˆâ–ˆâ–ˆâ–ˆâ–ˆâ–ˆâ–ˆâ–ˆâ–ˆâ–ˆâ–ˆâ–ˆâ–ˆâ–ˆâ–ˆâ–Œ          | 2.1 MB 7.0 MB/s eta 0:00:01[K     |â–ˆâ–ˆâ–ˆâ–ˆâ–ˆâ–ˆâ–ˆâ–ˆâ–ˆâ–ˆâ–ˆâ–ˆâ–ˆâ–ˆâ–ˆâ–ˆâ–ˆâ–ˆâ–ˆâ–ˆâ–ˆâ–‹          | 2.1 MB 7.0 MB/s eta 0:00:01[K     |â–ˆâ–ˆâ–ˆâ–ˆâ–ˆâ–ˆâ–ˆâ–ˆâ–ˆâ–ˆâ–ˆâ–ˆâ–ˆâ–ˆâ–ˆâ–ˆâ–ˆâ–ˆâ–ˆâ–ˆâ–ˆâ–Š          | 2.1 MB 7.0 MB/s eta 0:00:01[K     |â–ˆâ–ˆâ–ˆâ–ˆâ–ˆâ–ˆâ–ˆâ–ˆâ–ˆâ–ˆâ–ˆâ–ˆâ–ˆâ–ˆâ–ˆâ–ˆâ–ˆâ–ˆâ–ˆâ–ˆâ–ˆâ–‰          | 2.1 MB 7.0 MB/s eta 0:00:01[K     |â–ˆâ–ˆâ–ˆâ–ˆâ–ˆâ–ˆâ–ˆâ–ˆâ–ˆâ–ˆâ–ˆâ–ˆâ–ˆâ–ˆâ–ˆâ–ˆâ–ˆâ–ˆâ–ˆâ–ˆâ–ˆâ–ˆ          | 2.1 MB 7.0 MB/s eta 0:00:01[K     |â–ˆâ–ˆâ–ˆâ–ˆâ–ˆâ–ˆâ–ˆâ–ˆâ–ˆâ–ˆâ–ˆâ–ˆâ–ˆâ–ˆâ–ˆâ–ˆâ–ˆâ–ˆâ–ˆâ–ˆâ–ˆâ–ˆ          | 2.1 MB 7.0 MB/s eta 0:00:01[K     |â–ˆâ–ˆâ–ˆâ–ˆâ–ˆâ–ˆâ–ˆâ–ˆâ–ˆâ–ˆâ–ˆâ–ˆâ–ˆâ–ˆâ–ˆâ–ˆâ–ˆâ–ˆâ–ˆâ–ˆâ–ˆâ–ˆâ–         | 2.1 MB 7.0 MB/s eta 0:00:01[K     |â–ˆâ–ˆâ–ˆâ–ˆâ–ˆâ–ˆâ–ˆâ–ˆâ–ˆâ–ˆâ–ˆâ–ˆâ–ˆâ–ˆâ–ˆâ–ˆâ–ˆâ–ˆâ–ˆâ–ˆâ–ˆâ–ˆâ–Ž         | 2.1 MB 7.0 MB/s eta 0:00:01[K     |â–ˆâ–ˆâ–ˆâ–ˆâ–ˆâ–ˆâ–ˆâ–ˆâ–ˆâ–ˆâ–ˆâ–ˆâ–ˆâ–ˆâ–ˆâ–ˆâ–ˆâ–ˆâ–ˆâ–ˆâ–ˆâ–ˆâ–         | 2.1 MB 7.0 MB/s eta 0:00:01[K     |â–ˆâ–ˆâ–ˆâ–ˆâ–ˆâ–ˆâ–ˆâ–ˆâ–ˆâ–ˆâ–ˆâ–ˆâ–ˆâ–ˆâ–ˆâ–ˆâ–ˆâ–ˆâ–ˆâ–ˆâ–ˆâ–ˆâ–Œ         | 2.2 MB 7.0 MB/s eta 0:00:01[K     |â–ˆâ–ˆâ–ˆâ–ˆâ–ˆâ–ˆâ–ˆâ–ˆâ–ˆâ–ˆâ–ˆâ–ˆâ–ˆâ–ˆâ–ˆâ–ˆâ–ˆâ–ˆâ–ˆâ–ˆâ–ˆâ–ˆâ–‹         | 2.2 MB 7.0 MB/s eta 0:00:01[K     |â–ˆâ–ˆâ–ˆâ–ˆâ–ˆâ–ˆâ–ˆâ–ˆâ–ˆâ–ˆâ–ˆâ–ˆâ–ˆâ–ˆâ–ˆâ–ˆâ–ˆâ–ˆâ–ˆâ–ˆâ–ˆâ–ˆâ–Š         | 2.2 MB 7.0 MB/s eta 0:00:01[K     |â–ˆâ–ˆâ–ˆâ–ˆâ–ˆâ–ˆâ–ˆâ–ˆâ–ˆâ–ˆâ–ˆâ–ˆâ–ˆâ–ˆâ–ˆâ–ˆâ–ˆâ–ˆâ–ˆâ–ˆâ–ˆâ–ˆâ–‰         | 2.2 MB 7.0 MB/s eta 0:00:01[K     |â–ˆâ–ˆâ–ˆâ–ˆâ–ˆâ–ˆâ–ˆâ–ˆâ–ˆâ–ˆâ–ˆâ–ˆâ–ˆâ–ˆâ–ˆâ–ˆâ–ˆâ–ˆâ–ˆâ–ˆâ–ˆâ–ˆâ–ˆ         | 2.2 MB 7.0 MB/s eta 0:00:01[K     |â–ˆâ–ˆâ–ˆâ–ˆâ–ˆâ–ˆâ–ˆâ–ˆâ–ˆâ–ˆâ–ˆâ–ˆâ–ˆâ–ˆâ–ˆâ–ˆâ–ˆâ–ˆâ–ˆâ–ˆâ–ˆâ–ˆâ–ˆ         | 2.2 MB 7.0 MB/s eta 0:00:01[K     |â–ˆâ–ˆâ–ˆâ–ˆâ–ˆâ–ˆâ–ˆâ–ˆâ–ˆâ–ˆâ–ˆâ–ˆâ–ˆâ–ˆâ–ˆâ–ˆâ–ˆâ–ˆâ–ˆâ–ˆâ–ˆâ–ˆâ–ˆâ–        | 2.2 MB 7.0 MB/s eta 0:00:01[K     |â–ˆâ–ˆâ–ˆâ–ˆâ–ˆâ–ˆâ–ˆâ–ˆâ–ˆâ–ˆâ–ˆâ–ˆâ–ˆâ–ˆâ–ˆâ–ˆâ–ˆâ–ˆâ–ˆâ–ˆâ–ˆâ–ˆâ–ˆâ–Ž        | 2.2 MB 7.0 MB/s eta 0:00:01[K     |â–ˆâ–ˆâ–ˆâ–ˆâ–ˆâ–ˆâ–ˆâ–ˆâ–ˆâ–ˆâ–ˆâ–ˆâ–ˆâ–ˆâ–ˆâ–ˆâ–ˆâ–ˆâ–ˆâ–ˆâ–ˆâ–ˆâ–ˆâ–        | 2.2 MB 7.0 MB/s eta 0:00:01[K     |â–ˆâ–ˆâ–ˆâ–ˆâ–ˆâ–ˆâ–ˆâ–ˆâ–ˆâ–ˆâ–ˆâ–ˆâ–ˆâ–ˆâ–ˆâ–ˆâ–ˆâ–ˆâ–ˆâ–ˆâ–ˆâ–ˆâ–ˆâ–Œ        | 2.2 MB 7.0 MB/s eta 0:00:01[K     |â–ˆâ–ˆâ–ˆâ–ˆâ–ˆâ–ˆâ–ˆâ–ˆâ–ˆâ–ˆâ–ˆâ–ˆâ–ˆâ–ˆâ–ˆâ–ˆâ–ˆâ–ˆâ–ˆâ–ˆâ–ˆâ–ˆâ–ˆâ–Œ        | 2.3 MB 7.0 MB/s eta 0:00:01[K     |â–ˆâ–ˆâ–ˆâ–ˆâ–ˆâ–ˆâ–ˆâ–ˆâ–ˆâ–ˆâ–ˆâ–ˆâ–ˆâ–ˆâ–ˆâ–ˆâ–ˆâ–ˆâ–ˆâ–ˆâ–ˆâ–ˆâ–ˆâ–‹        | 2.3 MB 7.0 MB/s eta 0:00:01[K     |â–ˆâ–ˆâ–ˆâ–ˆâ–ˆâ–ˆâ–ˆâ–ˆâ–ˆâ–ˆâ–ˆâ–ˆâ–ˆâ–ˆâ–ˆâ–ˆâ–ˆâ–ˆâ–ˆâ–ˆâ–ˆâ–ˆâ–ˆâ–Š        | 2.3 MB 7.0 MB/s eta 0:00:01[K     |â–ˆâ–ˆâ–ˆâ–ˆâ–ˆâ–ˆâ–ˆâ–ˆâ–ˆâ–ˆâ–ˆâ–ˆâ–ˆâ–ˆâ–ˆâ–ˆâ–ˆâ–ˆâ–ˆâ–ˆâ–ˆâ–ˆâ–ˆâ–‰        | 2.3 MB 7.0 MB/s eta 0:00:01[K     |â–ˆâ–ˆâ–ˆâ–ˆâ–ˆâ–ˆâ–ˆâ–ˆâ–ˆâ–ˆâ–ˆâ–ˆâ–ˆâ–ˆâ–ˆâ–ˆâ–ˆâ–ˆâ–ˆâ–ˆâ–ˆâ–ˆâ–ˆâ–ˆ        | 2.3 MB 7.0 MB/s eta 0:00:01[K     |â–ˆâ–ˆâ–ˆâ–ˆâ–ˆâ–ˆâ–ˆâ–ˆâ–ˆâ–ˆâ–ˆâ–ˆâ–ˆâ–ˆâ–ˆâ–ˆâ–ˆâ–ˆâ–ˆâ–ˆâ–ˆâ–ˆâ–ˆâ–ˆ        | 2.3 MB 7.0 MB/s eta 0:00:01[K     |â–ˆâ–ˆâ–ˆâ–ˆâ–ˆâ–ˆâ–ˆâ–ˆâ–ˆâ–ˆâ–ˆâ–ˆâ–ˆâ–ˆâ–ˆâ–ˆâ–ˆâ–ˆâ–ˆâ–ˆâ–ˆâ–ˆâ–ˆâ–ˆâ–       | 2.3 MB 7.0 MB/s eta 0:00:01[K     |â–ˆâ–ˆâ–ˆâ–ˆâ–ˆâ–ˆâ–ˆâ–ˆâ–ˆâ–ˆâ–ˆâ–ˆâ–ˆâ–ˆâ–ˆâ–ˆâ–ˆâ–ˆâ–ˆâ–ˆâ–ˆâ–ˆâ–ˆâ–ˆâ–Ž       | 2.3 MB 7.0 MB/s eta 0:00:01[K     |â–ˆâ–ˆâ–ˆâ–ˆâ–ˆâ–ˆâ–ˆâ–ˆâ–ˆâ–ˆâ–ˆâ–ˆâ–ˆâ–ˆâ–ˆâ–ˆâ–ˆâ–ˆâ–ˆâ–ˆâ–ˆâ–ˆâ–ˆâ–ˆâ–       | 2.3 MB 7.0 MB/s eta 0:00:01[K     |â–ˆâ–ˆâ–ˆâ–ˆâ–ˆâ–ˆâ–ˆâ–ˆâ–ˆâ–ˆâ–ˆâ–ˆâ–ˆâ–ˆâ–ˆâ–ˆâ–ˆâ–ˆâ–ˆâ–ˆâ–ˆâ–ˆâ–ˆâ–ˆâ–Œ       | 2.3 MB 7.0 MB/s eta 0:00:01[K     |â–ˆâ–ˆâ–ˆâ–ˆâ–ˆâ–ˆâ–ˆâ–ˆâ–ˆâ–ˆâ–ˆâ–ˆâ–ˆâ–ˆâ–ˆâ–ˆâ–ˆâ–ˆâ–ˆâ–ˆâ–ˆâ–ˆâ–ˆâ–ˆâ–‹       | 2.4 MB 7.0 MB/s eta 0:00:01[K     |â–ˆâ–ˆâ–ˆâ–ˆâ–ˆâ–ˆâ–ˆâ–ˆâ–ˆâ–ˆâ–ˆâ–ˆâ–ˆâ–ˆâ–ˆâ–ˆâ–ˆâ–ˆâ–ˆâ–ˆâ–ˆâ–ˆâ–ˆâ–ˆâ–Š       | 2.4 MB 7.0 MB/s eta 0:00:01[K     |â–ˆâ–ˆâ–ˆâ–ˆâ–ˆâ–ˆâ–ˆâ–ˆâ–ˆâ–ˆâ–ˆâ–ˆâ–ˆâ–ˆâ–ˆâ–ˆâ–ˆâ–ˆâ–ˆâ–ˆâ–ˆâ–ˆâ–ˆâ–ˆâ–‰       | 2.4 MB 7.0 MB/s eta 0:00:01[K     |â–ˆâ–ˆâ–ˆâ–ˆâ–ˆâ–ˆâ–ˆâ–ˆâ–ˆâ–ˆâ–ˆâ–ˆâ–ˆâ–ˆâ–ˆâ–ˆâ–ˆâ–ˆâ–ˆâ–ˆâ–ˆâ–ˆâ–ˆâ–ˆâ–ˆ       | 2.4 MB 7.0 MB/s eta 0:00:01[K     |â–ˆâ–ˆâ–ˆâ–ˆâ–ˆâ–ˆâ–ˆâ–ˆâ–ˆâ–ˆâ–ˆâ–ˆâ–ˆâ–ˆâ–ˆâ–ˆâ–ˆâ–ˆâ–ˆâ–ˆâ–ˆâ–ˆâ–ˆâ–ˆâ–ˆ       | 2.4 MB 7.0 MB/s eta 0:00:01[K     |â–ˆâ–ˆâ–ˆâ–ˆâ–ˆâ–ˆâ–ˆâ–ˆâ–ˆâ–ˆâ–ˆâ–ˆâ–ˆâ–ˆâ–ˆâ–ˆâ–ˆâ–ˆâ–ˆâ–ˆâ–ˆâ–ˆâ–ˆâ–ˆâ–ˆâ–      | 2.4 MB 7.0 MB/s eta 0:00:01[K     |â–ˆâ–ˆâ–ˆâ–ˆâ–ˆâ–ˆâ–ˆâ–ˆâ–ˆâ–ˆâ–ˆâ–ˆâ–ˆâ–ˆâ–ˆâ–ˆâ–ˆâ–ˆâ–ˆâ–ˆâ–ˆâ–ˆâ–ˆâ–ˆâ–ˆâ–Ž      | 2.4 MB 7.0 MB/s eta 0:00:01[K     |â–ˆâ–ˆâ–ˆâ–ˆâ–ˆâ–ˆâ–ˆâ–ˆâ–ˆâ–ˆâ–ˆâ–ˆâ–ˆâ–ˆâ–ˆâ–ˆâ–ˆâ–ˆâ–ˆâ–ˆâ–ˆâ–ˆâ–ˆâ–ˆâ–ˆâ–      | 2.4 MB 7.0 MB/s eta 0:00:01[K     |â–ˆâ–ˆâ–ˆâ–ˆâ–ˆâ–ˆâ–ˆâ–ˆâ–ˆâ–ˆâ–ˆâ–ˆâ–ˆâ–ˆâ–ˆâ–ˆâ–ˆâ–ˆâ–ˆâ–ˆâ–ˆâ–ˆâ–ˆâ–ˆâ–ˆâ–Œ      | 2.4 MB 7.0 MB/s eta 0:00:01[K     |â–ˆâ–ˆâ–ˆâ–ˆâ–ˆâ–ˆâ–ˆâ–ˆâ–ˆâ–ˆâ–ˆâ–ˆâ–ˆâ–ˆâ–ˆâ–ˆâ–ˆâ–ˆâ–ˆâ–ˆâ–ˆâ–ˆâ–ˆâ–ˆâ–ˆâ–‹      | 2.4 MB 7.0 MB/s eta 0:00:01[K     |â–ˆâ–ˆâ–ˆâ–ˆâ–ˆâ–ˆâ–ˆâ–ˆâ–ˆâ–ˆâ–ˆâ–ˆâ–ˆâ–ˆâ–ˆâ–ˆâ–ˆâ–ˆâ–ˆâ–ˆâ–ˆâ–ˆâ–ˆâ–ˆâ–ˆâ–Š      | 2.5 MB 7.0 MB/s eta 0:00:01[K     |â–ˆâ–ˆâ–ˆâ–ˆâ–ˆâ–ˆâ–ˆâ–ˆâ–ˆâ–ˆâ–ˆâ–ˆâ–ˆâ–ˆâ–ˆâ–ˆâ–ˆâ–ˆâ–ˆâ–ˆâ–ˆâ–ˆâ–ˆâ–ˆâ–ˆâ–‰      | 2.5 MB 7.0 MB/s eta 0:00:01[K     |â–ˆâ–ˆâ–ˆâ–ˆâ–ˆâ–ˆâ–ˆâ–ˆâ–ˆâ–ˆâ–ˆâ–ˆâ–ˆâ–ˆâ–ˆâ–ˆâ–ˆâ–ˆâ–ˆâ–ˆâ–ˆâ–ˆâ–ˆâ–ˆâ–ˆâ–ˆ      | 2.5 MB 7.0 MB/s eta 0:00:01[K     |â–ˆâ–ˆâ–ˆâ–ˆâ–ˆâ–ˆâ–ˆâ–ˆâ–ˆâ–ˆâ–ˆâ–ˆâ–ˆâ–ˆâ–ˆâ–ˆâ–ˆâ–ˆâ–ˆâ–ˆâ–ˆâ–ˆâ–ˆâ–ˆâ–ˆâ–ˆ      | 2.5 MB 7.0 MB/s eta 0:00:01[K     |â–ˆâ–ˆâ–ˆâ–ˆâ–ˆâ–ˆâ–ˆâ–ˆâ–ˆâ–ˆâ–ˆâ–ˆâ–ˆâ–ˆâ–ˆâ–ˆâ–ˆâ–ˆâ–ˆâ–ˆâ–ˆâ–ˆâ–ˆâ–ˆâ–ˆâ–ˆâ–     | 2.5 MB 7.0 MB/s eta 0:00:01[K     |â–ˆâ–ˆâ–ˆâ–ˆâ–ˆâ–ˆâ–ˆâ–ˆâ–ˆâ–ˆâ–ˆâ–ˆâ–ˆâ–ˆâ–ˆâ–ˆâ–ˆâ–ˆâ–ˆâ–ˆâ–ˆâ–ˆâ–ˆâ–ˆâ–ˆâ–ˆâ–Ž     | 2.5 MB 7.0 MB/s eta 0:00:01[K     |â–ˆâ–ˆâ–ˆâ–ˆâ–ˆâ–ˆâ–ˆâ–ˆâ–ˆâ–ˆâ–ˆâ–ˆâ–ˆâ–ˆâ–ˆâ–ˆâ–ˆâ–ˆâ–ˆâ–ˆâ–ˆâ–ˆâ–ˆâ–ˆâ–ˆâ–ˆâ–     | 2.5 MB 7.0 MB/s eta 0:00:01[K     |â–ˆâ–ˆâ–ˆâ–ˆâ–ˆâ–ˆâ–ˆâ–ˆâ–ˆâ–ˆâ–ˆâ–ˆâ–ˆâ–ˆâ–ˆâ–ˆâ–ˆâ–ˆâ–ˆâ–ˆâ–ˆâ–ˆâ–ˆâ–ˆâ–ˆâ–ˆâ–     | 2.5 MB 7.0 MB/s eta 0:00:01[K     |â–ˆâ–ˆâ–ˆâ–ˆâ–ˆâ–ˆâ–ˆâ–ˆâ–ˆâ–ˆâ–ˆâ–ˆâ–ˆâ–ˆâ–ˆâ–ˆâ–ˆâ–ˆâ–ˆâ–ˆâ–ˆâ–ˆâ–ˆâ–ˆâ–ˆâ–ˆâ–Œ     | 2.5 MB 7.0 MB/s eta 0:00:01[K     |â–ˆâ–ˆâ–ˆâ–ˆâ–ˆâ–ˆâ–ˆâ–ˆâ–ˆâ–ˆâ–ˆâ–ˆâ–ˆâ–ˆâ–ˆâ–ˆâ–ˆâ–ˆâ–ˆâ–ˆâ–ˆâ–ˆâ–ˆâ–ˆâ–ˆâ–ˆâ–‹     | 2.5 MB 7.0 MB/s eta 0:00:01[K     |â–ˆâ–ˆâ–ˆâ–ˆâ–ˆâ–ˆâ–ˆâ–ˆâ–ˆâ–ˆâ–ˆâ–ˆâ–ˆâ–ˆâ–ˆâ–ˆâ–ˆâ–ˆâ–ˆâ–ˆâ–ˆâ–ˆâ–ˆâ–ˆâ–ˆâ–ˆâ–Š     | 2.6 MB 7.0 MB/s eta 0:00:01[K     |â–ˆâ–ˆâ–ˆâ–ˆâ–ˆâ–ˆâ–ˆâ–ˆâ–ˆâ–ˆâ–ˆâ–ˆâ–ˆâ–ˆâ–ˆâ–ˆâ–ˆâ–ˆâ–ˆâ–ˆâ–ˆâ–ˆâ–ˆâ–ˆâ–ˆâ–ˆâ–‰     | 2.6 MB 7.0 MB/s eta 0:00:01[K     |â–ˆâ–ˆâ–ˆâ–ˆâ–ˆâ–ˆâ–ˆâ–ˆâ–ˆâ–ˆâ–ˆâ–ˆâ–ˆâ–ˆâ–ˆâ–ˆâ–ˆâ–ˆâ–ˆâ–ˆâ–ˆâ–ˆâ–ˆâ–ˆâ–ˆâ–ˆâ–ˆ     | 2.6 MB 7.0 MB/s eta 0:00:01[K     |â–ˆâ–ˆâ–ˆâ–ˆâ–ˆâ–ˆâ–ˆâ–ˆâ–ˆâ–ˆâ–ˆâ–ˆâ–ˆâ–ˆâ–ˆâ–ˆâ–ˆâ–ˆâ–ˆâ–ˆâ–ˆâ–ˆâ–ˆâ–ˆâ–ˆâ–ˆâ–ˆ     | 2.6 MB 7.0 MB/s eta 0:00:01[K     |â–ˆâ–ˆâ–ˆâ–ˆâ–ˆâ–ˆâ–ˆâ–ˆâ–ˆâ–ˆâ–ˆâ–ˆâ–ˆâ–ˆâ–ˆâ–ˆâ–ˆâ–ˆâ–ˆâ–ˆâ–ˆâ–ˆâ–ˆâ–ˆâ–ˆâ–ˆâ–ˆâ–    | 2.6 MB 7.0 MB/s eta 0:00:01[K     |â–ˆâ–ˆâ–ˆâ–ˆâ–ˆâ–ˆâ–ˆâ–ˆâ–ˆâ–ˆâ–ˆâ–ˆâ–ˆâ–ˆâ–ˆâ–ˆâ–ˆâ–ˆâ–ˆâ–ˆâ–ˆâ–ˆâ–ˆâ–ˆâ–ˆâ–ˆâ–ˆâ–Ž    | 2.6 MB 7.0 MB/s eta 0:00:01[K     |â–ˆâ–ˆâ–ˆâ–ˆâ–ˆâ–ˆâ–ˆâ–ˆâ–ˆâ–ˆâ–ˆâ–ˆâ–ˆâ–ˆâ–ˆâ–ˆâ–ˆâ–ˆâ–ˆâ–ˆâ–ˆâ–ˆâ–ˆâ–ˆâ–ˆâ–ˆâ–ˆâ–    | 2.6 MB 7.0 MB/s eta 0:00:01[K     |â–ˆâ–ˆâ–ˆâ–ˆâ–ˆâ–ˆâ–ˆâ–ˆâ–ˆâ–ˆâ–ˆâ–ˆâ–ˆâ–ˆâ–ˆâ–ˆâ–ˆâ–ˆâ–ˆâ–ˆâ–ˆâ–ˆâ–ˆâ–ˆâ–ˆâ–ˆâ–ˆâ–Œ    | 2.6 MB 7.0 MB/s eta 0:00:01[K     |â–ˆâ–ˆâ–ˆâ–ˆâ–ˆâ–ˆâ–ˆâ–ˆâ–ˆâ–ˆâ–ˆâ–ˆâ–ˆâ–ˆâ–ˆâ–ˆâ–ˆâ–ˆâ–ˆâ–ˆâ–ˆâ–ˆâ–ˆâ–ˆâ–ˆâ–ˆâ–ˆâ–‹    | 2.6 MB 7.0 MB/s eta 0:00:01[K     |â–ˆâ–ˆâ–ˆâ–ˆâ–ˆâ–ˆâ–ˆâ–ˆâ–ˆâ–ˆâ–ˆâ–ˆâ–ˆâ–ˆâ–ˆâ–ˆâ–ˆâ–ˆâ–ˆâ–ˆâ–ˆâ–ˆâ–ˆâ–ˆâ–ˆâ–ˆâ–ˆâ–Š    | 2.7 MB 7.0 MB/s eta 0:00:01[K     |â–ˆâ–ˆâ–ˆâ–ˆâ–ˆâ–ˆâ–ˆâ–ˆâ–ˆâ–ˆâ–ˆâ–ˆâ–ˆâ–ˆâ–ˆâ–ˆâ–ˆâ–ˆâ–ˆâ–ˆâ–ˆâ–ˆâ–ˆâ–ˆâ–ˆâ–ˆâ–ˆâ–‰    | 2.7 MB 7.0 MB/s eta 0:00:01[K     |â–ˆâ–ˆâ–ˆâ–ˆâ–ˆâ–ˆâ–ˆâ–ˆâ–ˆâ–ˆâ–ˆâ–ˆâ–ˆâ–ˆâ–ˆâ–ˆâ–ˆâ–ˆâ–ˆâ–ˆâ–ˆâ–ˆâ–ˆâ–ˆâ–ˆâ–ˆâ–ˆâ–ˆ    | 2.7 MB 7.0 MB/s eta 0:00:01[K     |â–ˆâ–ˆâ–ˆâ–ˆâ–ˆâ–ˆâ–ˆâ–ˆâ–ˆâ–ˆâ–ˆâ–ˆâ–ˆâ–ˆâ–ˆâ–ˆâ–ˆâ–ˆâ–ˆâ–ˆâ–ˆâ–ˆâ–ˆâ–ˆâ–ˆâ–ˆâ–ˆâ–ˆ    | 2.7 MB 7.0 MB/s eta 0:00:01[K     |â–ˆâ–ˆâ–ˆâ–ˆâ–ˆâ–ˆâ–ˆâ–ˆâ–ˆâ–ˆâ–ˆâ–ˆâ–ˆâ–ˆâ–ˆâ–ˆâ–ˆâ–ˆâ–ˆâ–ˆâ–ˆâ–ˆâ–ˆâ–ˆâ–ˆâ–ˆâ–ˆâ–ˆâ–   | 2.7 MB 7.0 MB/s eta 0:00:01[K     |â–ˆâ–ˆâ–ˆâ–ˆâ–ˆâ–ˆâ–ˆâ–ˆâ–ˆâ–ˆâ–ˆâ–ˆâ–ˆâ–ˆâ–ˆâ–ˆâ–ˆâ–ˆâ–ˆâ–ˆâ–ˆâ–ˆâ–ˆâ–ˆâ–ˆâ–ˆâ–ˆâ–ˆâ–Ž   | 2.7 MB 7.0 MB/s eta 0:00:01[K     |â–ˆâ–ˆâ–ˆâ–ˆâ–ˆâ–ˆâ–ˆâ–ˆâ–ˆâ–ˆâ–ˆâ–ˆâ–ˆâ–ˆâ–ˆâ–ˆâ–ˆâ–ˆâ–ˆâ–ˆâ–ˆâ–ˆâ–ˆâ–ˆâ–ˆâ–ˆâ–ˆâ–ˆâ–   | 2.7 MB 7.0 MB/s eta 0:00:01[K     |â–ˆâ–ˆâ–ˆâ–ˆâ–ˆâ–ˆâ–ˆâ–ˆâ–ˆâ–ˆâ–ˆâ–ˆâ–ˆâ–ˆâ–ˆâ–ˆâ–ˆâ–ˆâ–ˆâ–ˆâ–ˆâ–ˆâ–ˆâ–ˆâ–ˆâ–ˆâ–ˆâ–ˆâ–Œ   | 2.7 MB 7.0 MB/s eta 0:00:01[K     |â–ˆâ–ˆâ–ˆâ–ˆâ–ˆâ–ˆâ–ˆâ–ˆâ–ˆâ–ˆâ–ˆâ–ˆâ–ˆâ–ˆâ–ˆâ–ˆâ–ˆâ–ˆâ–ˆâ–ˆâ–ˆâ–ˆâ–ˆâ–ˆâ–ˆâ–ˆâ–ˆâ–ˆâ–‹   | 2.7 MB 7.0 MB/s eta 0:00:01[K     |â–ˆâ–ˆâ–ˆâ–ˆâ–ˆâ–ˆâ–ˆâ–ˆâ–ˆâ–ˆâ–ˆâ–ˆâ–ˆâ–ˆâ–ˆâ–ˆâ–ˆâ–ˆâ–ˆâ–ˆâ–ˆâ–ˆâ–ˆâ–ˆâ–ˆâ–ˆâ–ˆâ–ˆâ–Š   | 2.7 MB 7.0 MB/s eta 0:00:01[K     |â–ˆâ–ˆâ–ˆâ–ˆâ–ˆâ–ˆâ–ˆâ–ˆâ–ˆâ–ˆâ–ˆâ–ˆâ–ˆâ–ˆâ–ˆâ–ˆâ–ˆâ–ˆâ–ˆâ–ˆâ–ˆâ–ˆâ–ˆâ–ˆâ–ˆâ–ˆâ–ˆâ–ˆâ–‰   | 2.8 MB 7.0 MB/s eta 0:00:01[K     |â–ˆâ–ˆâ–ˆâ–ˆâ–ˆâ–ˆâ–ˆâ–ˆâ–ˆâ–ˆâ–ˆâ–ˆâ–ˆâ–ˆâ–ˆâ–ˆâ–ˆâ–ˆâ–ˆâ–ˆâ–ˆâ–ˆâ–ˆâ–ˆâ–ˆâ–ˆâ–ˆâ–ˆâ–ˆ   | 2.8 MB 7.0 MB/s eta 0:00:01[K     |â–ˆâ–ˆâ–ˆâ–ˆâ–ˆâ–ˆâ–ˆâ–ˆâ–ˆâ–ˆâ–ˆâ–ˆâ–ˆâ–ˆâ–ˆâ–ˆâ–ˆâ–ˆâ–ˆâ–ˆâ–ˆâ–ˆâ–ˆâ–ˆâ–ˆâ–ˆâ–ˆâ–ˆâ–ˆ   | 2.8 MB 7.0 MB/s eta 0:00:01[K     |â–ˆâ–ˆâ–ˆâ–ˆâ–ˆâ–ˆâ–ˆâ–ˆâ–ˆâ–ˆâ–ˆâ–ˆâ–ˆâ–ˆâ–ˆâ–ˆâ–ˆâ–ˆâ–ˆâ–ˆâ–ˆâ–ˆâ–ˆâ–ˆâ–ˆâ–ˆâ–ˆâ–ˆâ–ˆâ–  | 2.8 MB 7.0 MB/s eta 0:00:01[K     |â–ˆâ–ˆâ–ˆâ–ˆâ–ˆâ–ˆâ–ˆâ–ˆâ–ˆâ–ˆâ–ˆâ–ˆâ–ˆâ–ˆâ–ˆâ–ˆâ–ˆâ–ˆâ–ˆâ–ˆâ–ˆâ–ˆâ–ˆâ–ˆâ–ˆâ–ˆâ–ˆâ–ˆâ–ˆâ–Ž  | 2.8 MB 7.0 MB/s eta 0:00:01[K     |â–ˆâ–ˆâ–ˆâ–ˆâ–ˆâ–ˆâ–ˆâ–ˆâ–ˆâ–ˆâ–ˆâ–ˆâ–ˆâ–ˆâ–ˆâ–ˆâ–ˆâ–ˆâ–ˆâ–ˆâ–ˆâ–ˆâ–ˆâ–ˆâ–ˆâ–ˆâ–ˆâ–ˆâ–ˆâ–Ž  | 2.8 MB 7.0 MB/s eta 0:00:01[K     |â–ˆâ–ˆâ–ˆâ–ˆâ–ˆâ–ˆâ–ˆâ–ˆâ–ˆâ–ˆâ–ˆâ–ˆâ–ˆâ–ˆâ–ˆâ–ˆâ–ˆâ–ˆâ–ˆâ–ˆâ–ˆâ–ˆâ–ˆâ–ˆâ–ˆâ–ˆâ–ˆâ–ˆâ–ˆâ–  | 2.8 MB 7.0 MB/s eta 0:00:01[K     |â–ˆâ–ˆâ–ˆâ–ˆâ–ˆâ–ˆâ–ˆâ–ˆâ–ˆâ–ˆâ–ˆâ–ˆâ–ˆâ–ˆâ–ˆâ–ˆâ–ˆâ–ˆâ–ˆâ–ˆâ–ˆâ–ˆâ–ˆâ–ˆâ–ˆâ–ˆâ–ˆâ–ˆâ–ˆâ–Œ  | 2.8 MB 7.0 MB/s eta 0:00:01[K     |â–ˆâ–ˆâ–ˆâ–ˆâ–ˆâ–ˆâ–ˆâ–ˆâ–ˆâ–ˆâ–ˆâ–ˆâ–ˆâ–ˆâ–ˆâ–ˆâ–ˆâ–ˆâ–ˆâ–ˆâ–ˆâ–ˆâ–ˆâ–ˆâ–ˆâ–ˆâ–ˆâ–ˆâ–ˆâ–‹  | 2.8 MB 7.0 MB/s eta 0:00:01[K     |â–ˆâ–ˆâ–ˆâ–ˆâ–ˆâ–ˆâ–ˆâ–ˆâ–ˆâ–ˆâ–ˆâ–ˆâ–ˆâ–ˆâ–ˆâ–ˆâ–ˆâ–ˆâ–ˆâ–ˆâ–ˆâ–ˆâ–ˆâ–ˆâ–ˆâ–ˆâ–ˆâ–ˆâ–ˆâ–Š  | 2.8 MB 7.0 MB/s eta 0:00:01[K     |â–ˆâ–ˆâ–ˆâ–ˆâ–ˆâ–ˆâ–ˆâ–ˆâ–ˆâ–ˆâ–ˆâ–ˆâ–ˆâ–ˆâ–ˆâ–ˆâ–ˆâ–ˆâ–ˆâ–ˆâ–ˆâ–ˆâ–ˆâ–ˆâ–ˆâ–ˆâ–ˆâ–ˆâ–ˆâ–‰  | 2.9 MB 7.0 MB/s eta 0:00:01[K     |â–ˆâ–ˆâ–ˆâ–ˆâ–ˆâ–ˆâ–ˆâ–ˆâ–ˆâ–ˆâ–ˆâ–ˆâ–ˆâ–ˆâ–ˆâ–ˆâ–ˆâ–ˆâ–ˆâ–ˆâ–ˆâ–ˆâ–ˆâ–ˆâ–ˆâ–ˆâ–ˆâ–ˆâ–ˆâ–ˆ  | 2.9 MB 7.0 MB/s eta 0:00:01[K     |â–ˆâ–ˆâ–ˆâ–ˆâ–ˆâ–ˆâ–ˆâ–ˆâ–ˆâ–ˆâ–ˆâ–ˆâ–ˆâ–ˆâ–ˆâ–ˆâ–ˆâ–ˆâ–ˆâ–ˆâ–ˆâ–ˆâ–ˆâ–ˆâ–ˆâ–ˆâ–ˆâ–ˆâ–ˆâ–ˆ  | 2.9 MB 7.0 MB/s eta 0:00:01[K     |â–ˆâ–ˆâ–ˆâ–ˆâ–ˆâ–ˆâ–ˆâ–ˆâ–ˆâ–ˆâ–ˆâ–ˆâ–ˆâ–ˆâ–ˆâ–ˆâ–ˆâ–ˆâ–ˆâ–ˆâ–ˆâ–ˆâ–ˆâ–ˆâ–ˆâ–ˆâ–ˆâ–ˆâ–ˆâ–ˆâ– | 2.9 MB 7.0 MB/s eta 0:00:01[K     |â–ˆâ–ˆâ–ˆâ–ˆâ–ˆâ–ˆâ–ˆâ–ˆâ–ˆâ–ˆâ–ˆâ–ˆâ–ˆâ–ˆâ–ˆâ–ˆâ–ˆâ–ˆâ–ˆâ–ˆâ–ˆâ–ˆâ–ˆâ–ˆâ–ˆâ–ˆâ–ˆâ–ˆâ–ˆâ–ˆâ–Ž | 2.9 MB 7.0 MB/s eta 0:00:01[K     |â–ˆâ–ˆâ–ˆâ–ˆâ–ˆâ–ˆâ–ˆâ–ˆâ–ˆâ–ˆâ–ˆâ–ˆâ–ˆâ–ˆâ–ˆâ–ˆâ–ˆâ–ˆâ–ˆâ–ˆâ–ˆâ–ˆâ–ˆâ–ˆâ–ˆâ–ˆâ–ˆâ–ˆâ–ˆâ–ˆâ– | 2.9 MB 7.0 MB/s eta 0:00:01[K     |â–ˆâ–ˆâ–ˆâ–ˆâ–ˆâ–ˆâ–ˆâ–ˆâ–ˆâ–ˆâ–ˆâ–ˆâ–ˆâ–ˆâ–ˆâ–ˆâ–ˆâ–ˆâ–ˆâ–ˆâ–ˆâ–ˆâ–ˆâ–ˆâ–ˆâ–ˆâ–ˆâ–ˆâ–ˆâ–ˆâ–Œ | 2.9 MB 7.0 MB/s eta 0:00:01[K     |â–ˆâ–ˆâ–ˆâ–ˆâ–ˆâ–ˆâ–ˆâ–ˆâ–ˆâ–ˆâ–ˆâ–ˆâ–ˆâ–ˆâ–ˆâ–ˆâ–ˆâ–ˆâ–ˆâ–ˆâ–ˆâ–ˆâ–ˆâ–ˆâ–ˆâ–ˆâ–ˆâ–ˆâ–ˆâ–ˆâ–‹ | 2.9 MB 7.0 MB/s eta 0:00:01[K     |â–ˆâ–ˆâ–ˆâ–ˆâ–ˆâ–ˆâ–ˆâ–ˆâ–ˆâ–ˆâ–ˆâ–ˆâ–ˆâ–ˆâ–ˆâ–ˆâ–ˆâ–ˆâ–ˆâ–ˆâ–ˆâ–ˆâ–ˆâ–ˆâ–ˆâ–ˆâ–ˆâ–ˆâ–ˆâ–ˆâ–Š | 2.9 MB 7.0 MB/s eta 0:00:01[K     |â–ˆâ–ˆâ–ˆâ–ˆâ–ˆâ–ˆâ–ˆâ–ˆâ–ˆâ–ˆâ–ˆâ–ˆâ–ˆâ–ˆâ–ˆâ–ˆâ–ˆâ–ˆâ–ˆâ–ˆâ–ˆâ–ˆâ–ˆâ–ˆâ–ˆâ–ˆâ–ˆâ–ˆâ–ˆâ–ˆâ–‰ | 2.9 MB 7.0 MB/s eta 0:00:01[K     |â–ˆâ–ˆâ–ˆâ–ˆâ–ˆâ–ˆâ–ˆâ–ˆâ–ˆâ–ˆâ–ˆâ–ˆâ–ˆâ–ˆâ–ˆâ–ˆâ–ˆâ–ˆâ–ˆâ–ˆâ–ˆâ–ˆâ–ˆâ–ˆâ–ˆâ–ˆâ–ˆâ–ˆâ–ˆâ–ˆâ–ˆ | 3.0 MB 7.0 MB/s eta 0:00:01[K     |â–ˆâ–ˆâ–ˆâ–ˆâ–ˆâ–ˆâ–ˆâ–ˆâ–ˆâ–ˆâ–ˆâ–ˆâ–ˆâ–ˆâ–ˆâ–ˆâ–ˆâ–ˆâ–ˆâ–ˆâ–ˆâ–ˆâ–ˆâ–ˆâ–ˆâ–ˆâ–ˆâ–ˆâ–ˆâ–ˆâ–ˆ | 3.0 MB 7.0 MB/s eta 0:00:01[K     |â–ˆâ–ˆâ–ˆâ–ˆâ–ˆâ–ˆâ–ˆâ–ˆâ–ˆâ–ˆâ–ˆâ–ˆâ–ˆâ–ˆâ–ˆâ–ˆâ–ˆâ–ˆâ–ˆâ–ˆâ–ˆâ–ˆâ–ˆâ–ˆâ–ˆâ–ˆâ–ˆâ–ˆâ–ˆâ–ˆâ–ˆâ–| 3.0 MB 7.0 MB/s eta 0:00:01[K     |â–ˆâ–ˆâ–ˆâ–ˆâ–ˆâ–ˆâ–ˆâ–ˆâ–ˆâ–ˆâ–ˆâ–ˆâ–ˆâ–ˆâ–ˆâ–ˆâ–ˆâ–ˆâ–ˆâ–ˆâ–ˆâ–ˆâ–ˆâ–ˆâ–ˆâ–ˆâ–ˆâ–ˆâ–ˆâ–ˆâ–ˆâ–Ž| 3.0 MB 7.0 MB/s eta 0:00:01[K     |â–ˆâ–ˆâ–ˆâ–ˆâ–ˆâ–ˆâ–ˆâ–ˆâ–ˆâ–ˆâ–ˆâ–ˆâ–ˆâ–ˆâ–ˆâ–ˆâ–ˆâ–ˆâ–ˆâ–ˆâ–ˆâ–ˆâ–ˆâ–ˆâ–ˆâ–ˆâ–ˆâ–ˆâ–ˆâ–ˆâ–ˆâ–| 3.0 MB 7.0 MB/s eta 0:00:01[K     |â–ˆâ–ˆâ–ˆâ–ˆâ–ˆâ–ˆâ–ˆâ–ˆâ–ˆâ–ˆâ–ˆâ–ˆâ–ˆâ–ˆâ–ˆâ–ˆâ–ˆâ–ˆâ–ˆâ–ˆâ–ˆâ–ˆâ–ˆâ–ˆâ–ˆâ–ˆâ–ˆâ–ˆâ–ˆâ–ˆâ–ˆâ–Œ| 3.0 MB 7.0 MB/s eta 0:00:01[K     |â–ˆâ–ˆâ–ˆâ–ˆâ–ˆâ–ˆâ–ˆâ–ˆâ–ˆâ–ˆâ–ˆâ–ˆâ–ˆâ–ˆâ–ˆâ–ˆâ–ˆâ–ˆâ–ˆâ–ˆâ–ˆâ–ˆâ–ˆâ–ˆâ–ˆâ–ˆâ–ˆâ–ˆâ–ˆâ–ˆâ–ˆâ–‹| 3.0 MB 7.0 MB/s eta 0:00:01[K     |â–ˆâ–ˆâ–ˆâ–ˆâ–ˆâ–ˆâ–ˆâ–ˆâ–ˆâ–ˆâ–ˆâ–ˆâ–ˆâ–ˆâ–ˆâ–ˆâ–ˆâ–ˆâ–ˆâ–ˆâ–ˆâ–ˆâ–ˆâ–ˆâ–ˆâ–ˆâ–ˆâ–ˆâ–ˆâ–ˆâ–ˆâ–Š| 3.0 MB 7.0 MB/s eta 0:00:01[K     |â–ˆâ–ˆâ–ˆâ–ˆâ–ˆâ–ˆâ–ˆâ–ˆâ–ˆâ–ˆâ–ˆâ–ˆâ–ˆâ–ˆâ–ˆâ–ˆâ–ˆâ–ˆâ–ˆâ–ˆâ–ˆâ–ˆâ–ˆâ–ˆâ–ˆâ–ˆâ–ˆâ–ˆâ–ˆâ–ˆâ–ˆâ–‰| 3.0 MB 7.0 MB/s eta 0:00:01[K     |â–ˆâ–ˆâ–ˆâ–ˆâ–ˆâ–ˆâ–ˆâ–ˆâ–ˆâ–ˆâ–ˆâ–ˆâ–ˆâ–ˆâ–ˆâ–ˆâ–ˆâ–ˆâ–ˆâ–ˆâ–ˆâ–ˆâ–ˆâ–ˆâ–ˆâ–ˆâ–ˆâ–ˆâ–ˆâ–ˆâ–ˆâ–ˆ| 3.1 MB 7.0 MB/s eta 0:00:01[K     |â–ˆâ–ˆâ–ˆâ–ˆâ–ˆâ–ˆâ–ˆâ–ˆâ–ˆâ–ˆâ–ˆâ–ˆâ–ˆâ–ˆâ–ˆâ–ˆâ–ˆâ–ˆâ–ˆâ–ˆâ–ˆâ–ˆâ–ˆâ–ˆâ–ˆâ–ˆâ–ˆâ–ˆâ–ˆâ–ˆâ–ˆâ–ˆ| 3.1 MB 7.0 MB/s 
[?25hRequirement already satisfied: pymongo in /usr/local/lib/python3.8/dist-packages (4.5.0)
Requirement already satisfied: mysql-connector-python in /usr/local/lib/python3.8/dist-packages (8.2.0)
Requirement already satisfied: python-dateutil>=2.8.2 in /usr/local/lib/python3.8/dist-packages (from pandas) (2.8.2)
Requirement already satisfied: numpy>=1.20.3; python_version < "3.10" in /usr/local/lib/python3.8/dist-packages (from pandas) (1.24.4)
Requirement already satisfied: pytz>=2020.1 in /usr/local/lib/python3.8/dist-packages (from pandas) (2023.3.post1)
Requirement already satisfied: tzdata>=2022.1 in /usr/local/lib/python3.8/dist-packages (from pandas) (2023.3)
Collecting greenlet!=0.4.17; platform_machine == "aarch64" or (platform_machine == "ppc64le" or (platform_machine == "x86_64" or (platform_machine == "amd64" or (platform_machine == "AMD64" or (platform_machine == "win32" or platform_machine == "WIN32")))))
  Downloading greenlet-3.0.1-cp38-cp38-manylinux_2_17_aarch64.manylinux2014_aarch64.whl (654 kB)
[?25l[K     |â–Œ                               | 10 kB 41.8 MB/s eta 0:00:01[K     |â–ˆ                               | 20 kB 33.1 MB/s eta 0:00:01[K     |â–ˆâ–Œ                              | 30 kB 43.3 MB/s eta 0:00:01[K     |â–ˆâ–ˆ                              | 40 kB 49.0 MB/s eta 0:00:01[K     |â–ˆâ–ˆâ–Œ                             | 51 kB 56.8 MB/s eta 0:00:01[K     |â–ˆâ–ˆâ–ˆ                             | 61 kB 55.1 MB/s eta 0:00:01[K     |â–ˆâ–ˆâ–ˆâ–Œ                            | 71 kB 52.0 MB/s eta 0:00:01[K     |â–ˆâ–ˆâ–ˆâ–ˆ                            | 81 kB 51.7 MB/s eta 0:00:01[K     |â–ˆâ–ˆâ–ˆâ–ˆâ–Œ                           | 92 kB 56.1 MB/s eta 0:00:01[K     |â–ˆâ–ˆâ–ˆâ–ˆâ–ˆ                           | 102 kB 60.4 MB/s eta 0:00:01[K     |â–ˆâ–ˆâ–ˆâ–ˆâ–ˆâ–Œ                          | 112 kB 60.4 MB/s eta 0:00:01[K     |â–ˆâ–ˆâ–ˆâ–ˆâ–ˆâ–ˆ                          | 122 kB 60.4 MB/s eta 0:00:01[K     |â–ˆâ–ˆâ–ˆâ–ˆâ–ˆâ–ˆâ–Œ                         | 133 kB 60.4 MB/s eta 0:00:01[K     |â–ˆâ–ˆâ–ˆâ–ˆâ–ˆâ–ˆâ–ˆ                         | 143 kB 60.4 MB/s eta 0:00:01[K     |â–ˆâ–ˆâ–ˆâ–ˆâ–ˆâ–ˆâ–ˆâ–Œ                        | 153 kB 60.4 MB/s eta 0:00:01[K     |â–ˆâ–ˆâ–ˆâ–ˆâ–ˆâ–ˆâ–ˆâ–ˆ                        | 163 kB 60.4 MB/s eta 0:00:01[K     |â–ˆâ–ˆâ–ˆâ–ˆâ–ˆâ–ˆâ–ˆâ–ˆâ–Œ                       | 174 kB 60.4 MB/s eta 0:00:01[K     |â–ˆâ–ˆâ–ˆâ–ˆâ–ˆâ–ˆâ–ˆâ–ˆâ–ˆ                       | 184 kB 60.4 MB/s eta 0:00:01[K     |â–ˆâ–ˆâ–ˆâ–ˆâ–ˆâ–ˆâ–ˆâ–ˆâ–ˆâ–Œ                      | 194 kB 60.4 MB/s eta 0:00:01[K     |â–ˆâ–ˆâ–ˆâ–ˆâ–ˆâ–ˆâ–ˆâ–ˆâ–ˆâ–ˆ                      | 204 kB 60.4 MB/s eta 0:00:01[K     |â–ˆâ–ˆâ–ˆâ–ˆâ–ˆâ–ˆâ–ˆâ–ˆâ–ˆâ–ˆâ–Œ                     | 215 kB 60.4 MB/s eta 0:00:01[K     |â–ˆâ–ˆâ–ˆâ–ˆâ–ˆâ–ˆâ–ˆâ–ˆâ–ˆâ–ˆâ–ˆ                     | 225 kB 60.4 MB/s eta 0:00:01[K     |â–ˆâ–ˆâ–ˆâ–ˆâ–ˆâ–ˆâ–ˆâ–ˆâ–ˆâ–ˆâ–ˆâ–Œ                    | 235 kB 60.4 MB/s eta 0:00:01[K     |â–ˆâ–ˆâ–ˆâ–ˆâ–ˆâ–ˆâ–ˆâ–ˆâ–ˆâ–ˆâ–ˆâ–ˆ                    | 245 kB 60.4 MB/s eta 0:00:01[K     |â–ˆâ–ˆâ–ˆâ–ˆâ–ˆâ–ˆâ–ˆâ–ˆâ–ˆâ–ˆâ–ˆâ–ˆâ–Œ                   | 256 kB 60.4 MB/s eta 0:00:01[K     |â–ˆâ–ˆâ–ˆâ–ˆâ–ˆâ–ˆâ–ˆâ–ˆâ–ˆâ–ˆâ–ˆâ–ˆâ–ˆ                   | 266 kB 60.4 MB/s eta 0:00:01[K     |â–ˆâ–ˆâ–ˆâ–ˆâ–ˆâ–ˆâ–ˆâ–ˆâ–ˆâ–ˆâ–ˆâ–ˆâ–ˆâ–Œ                  | 276 kB 60.4 MB/s eta 0:00:01[K     |â–ˆâ–ˆâ–ˆâ–ˆâ–ˆâ–ˆâ–ˆâ–ˆâ–ˆâ–ˆâ–ˆâ–ˆâ–ˆâ–ˆ                  | 286 kB 60.4 MB/s eta 0:00:01[K     |â–ˆâ–ˆâ–ˆâ–ˆâ–ˆâ–ˆâ–ˆâ–ˆâ–ˆâ–ˆâ–ˆâ–ˆâ–ˆâ–ˆâ–Œ                 | 296 kB 60.4 MB/s eta 0:00:01[K     |â–ˆâ–ˆâ–ˆâ–ˆâ–ˆâ–ˆâ–ˆâ–ˆâ–ˆâ–ˆâ–ˆâ–ˆâ–ˆâ–ˆâ–ˆ                 | 307 kB 60.4 MB/s eta 0:00:01[K     |â–ˆâ–ˆâ–ˆâ–ˆâ–ˆâ–ˆâ–ˆâ–ˆâ–ˆâ–ˆâ–ˆâ–ˆâ–ˆâ–ˆâ–ˆâ–Œ                | 317 kB 60.4 MB/s eta 0:00:01[K     |â–ˆâ–ˆâ–ˆâ–ˆâ–ˆâ–ˆâ–ˆâ–ˆâ–ˆâ–ˆâ–ˆâ–ˆâ–ˆâ–ˆâ–ˆâ–ˆ                | 327 kB 60.4 MB/s eta 0:00:01[K     |â–ˆâ–ˆâ–ˆâ–ˆâ–ˆâ–ˆâ–ˆâ–ˆâ–ˆâ–ˆâ–ˆâ–ˆâ–ˆâ–ˆâ–ˆâ–ˆâ–Œ               | 337 kB 60.4 MB/s eta 0:00:01[K     |â–ˆâ–ˆâ–ˆâ–ˆâ–ˆâ–ˆâ–ˆâ–ˆâ–ˆâ–ˆâ–ˆâ–ˆâ–ˆâ–ˆâ–ˆâ–ˆâ–ˆ               | 348 kB 60.4 MB/s eta 0:00:01[K     |â–ˆâ–ˆâ–ˆâ–ˆâ–ˆâ–ˆâ–ˆâ–ˆâ–ˆâ–ˆâ–ˆâ–ˆâ–ˆâ–ˆâ–ˆâ–ˆâ–ˆâ–Œ              | 358 kB 60.4 MB/s eta 0:00:01[K     |â–ˆâ–ˆâ–ˆâ–ˆâ–ˆâ–ˆâ–ˆâ–ˆâ–ˆâ–ˆâ–ˆâ–ˆâ–ˆâ–ˆâ–ˆâ–ˆâ–ˆâ–ˆ              | 368 kB 60.4 MB/s eta 0:00:01[K     |â–ˆâ–ˆâ–ˆâ–ˆâ–ˆâ–ˆâ–ˆâ–ˆâ–ˆâ–ˆâ–ˆâ–ˆâ–ˆâ–ˆâ–ˆâ–ˆâ–ˆâ–ˆâ–Œ             | 378 kB 60.4 MB/s eta 0:00:01[K     |â–ˆâ–ˆâ–ˆâ–ˆâ–ˆâ–ˆâ–ˆâ–ˆâ–ˆâ–ˆâ–ˆâ–ˆâ–ˆâ–ˆâ–ˆâ–ˆâ–ˆâ–ˆâ–ˆ             | 389 kB 60.4 MB/s eta 0:00:01[K     |â–ˆâ–ˆâ–ˆâ–ˆâ–ˆâ–ˆâ–ˆâ–ˆâ–ˆâ–ˆâ–ˆâ–ˆâ–ˆâ–ˆâ–ˆâ–ˆâ–ˆâ–ˆâ–ˆâ–Œ            | 399 kB 60.4 MB/s eta 0:00:01[K     |â–ˆâ–ˆâ–ˆâ–ˆâ–ˆâ–ˆâ–ˆâ–ˆâ–ˆâ–ˆâ–ˆâ–ˆâ–ˆâ–ˆâ–ˆâ–ˆâ–ˆâ–ˆâ–ˆâ–ˆ            | 409 kB 60.4 MB/s eta 0:00:01[K     |â–ˆâ–ˆâ–ˆâ–ˆâ–ˆâ–ˆâ–ˆâ–ˆâ–ˆâ–ˆâ–ˆâ–ˆâ–ˆâ–ˆâ–ˆâ–ˆâ–ˆâ–ˆâ–ˆâ–ˆâ–Œ           | 419 kB 60.4 MB/s eta 0:00:01[K     |â–ˆâ–ˆâ–ˆâ–ˆâ–ˆâ–ˆâ–ˆâ–ˆâ–ˆâ–ˆâ–ˆâ–ˆâ–ˆâ–ˆâ–ˆâ–ˆâ–ˆâ–ˆâ–ˆâ–ˆâ–ˆ           | 430 kB 60.4 MB/s eta 0:00:01[K     |â–ˆâ–ˆâ–ˆâ–ˆâ–ˆâ–ˆâ–ˆâ–ˆâ–ˆâ–ˆâ–ˆâ–ˆâ–ˆâ–ˆâ–ˆâ–ˆâ–ˆâ–ˆâ–ˆâ–ˆâ–ˆâ–Œ          | 440 kB 60.4 MB/s eta 0:00:01[K     |â–ˆâ–ˆâ–ˆâ–ˆâ–ˆâ–ˆâ–ˆâ–ˆâ–ˆâ–ˆâ–ˆâ–ˆâ–ˆâ–ˆâ–ˆâ–ˆâ–ˆâ–ˆâ–ˆâ–ˆâ–ˆâ–ˆ          | 450 kB 60.4 MB/s eta 0:00:01[K     |â–ˆâ–ˆâ–ˆâ–ˆâ–ˆâ–ˆâ–ˆâ–ˆâ–ˆâ–ˆâ–ˆâ–ˆâ–ˆâ–ˆâ–ˆâ–ˆâ–ˆâ–ˆâ–ˆâ–ˆâ–ˆâ–ˆâ–Œ         | 460 kB 60.4 MB/s eta 0:00:01[K     |â–ˆâ–ˆâ–ˆâ–ˆâ–ˆâ–ˆâ–ˆâ–ˆâ–ˆâ–ˆâ–ˆâ–ˆâ–ˆâ–ˆâ–ˆâ–ˆâ–ˆâ–ˆâ–ˆâ–ˆâ–ˆâ–ˆâ–ˆ         | 471 kB 60.4 MB/s eta 0:00:01[K     |â–ˆâ–ˆâ–ˆâ–ˆâ–ˆâ–ˆâ–ˆâ–ˆâ–ˆâ–ˆâ–ˆâ–ˆâ–ˆâ–ˆâ–ˆâ–ˆâ–ˆâ–ˆâ–ˆâ–ˆâ–ˆâ–ˆâ–ˆâ–Œ        | 481 kB 60.4 MB/s eta 0:00:01[K     |â–ˆâ–ˆâ–ˆâ–ˆâ–ˆâ–ˆâ–ˆâ–ˆâ–ˆâ–ˆâ–ˆâ–ˆâ–ˆâ–ˆâ–ˆâ–ˆâ–ˆâ–ˆâ–ˆâ–ˆâ–ˆâ–ˆâ–ˆâ–ˆ        | 491 kB 60.4 MB/s eta 0:00:01[K     |â–ˆâ–ˆâ–ˆâ–ˆâ–ˆâ–ˆâ–ˆâ–ˆâ–ˆâ–ˆâ–ˆâ–ˆâ–ˆâ–ˆâ–ˆâ–ˆâ–ˆâ–ˆâ–ˆâ–ˆâ–ˆâ–ˆâ–ˆâ–ˆâ–Œ       | 501 kB 60.4 MB/s eta 0:00:01[K     |â–ˆâ–ˆâ–ˆâ–ˆâ–ˆâ–ˆâ–ˆâ–ˆâ–ˆâ–ˆâ–ˆâ–ˆâ–ˆâ–ˆâ–ˆâ–ˆâ–ˆâ–ˆâ–ˆâ–ˆâ–ˆâ–ˆâ–ˆâ–ˆâ–ˆ       | 512 kB 60.4 MB/s eta 0:00:01[K     |â–ˆâ–ˆâ–ˆâ–ˆâ–ˆâ–ˆâ–ˆâ–ˆâ–ˆâ–ˆâ–ˆâ–ˆâ–ˆâ–ˆâ–ˆâ–ˆâ–ˆâ–ˆâ–ˆâ–ˆâ–ˆâ–ˆâ–ˆâ–ˆâ–ˆâ–Œ      | 522 kB 60.4 MB/s eta 0:00:01[K     |â–ˆâ–ˆâ–ˆâ–ˆâ–ˆâ–ˆâ–ˆâ–ˆâ–ˆâ–ˆâ–ˆâ–ˆâ–ˆâ–ˆâ–ˆâ–ˆâ–ˆâ–ˆâ–ˆâ–ˆâ–ˆâ–ˆâ–ˆâ–ˆâ–ˆâ–ˆ      | 532 kB 60.4 MB/s eta 0:00:01[K     |â–ˆâ–ˆâ–ˆâ–ˆâ–ˆâ–ˆâ–ˆâ–ˆâ–ˆâ–ˆâ–ˆâ–ˆâ–ˆâ–ˆâ–ˆâ–ˆâ–ˆâ–ˆâ–ˆâ–ˆâ–ˆâ–ˆâ–ˆâ–ˆâ–ˆâ–ˆâ–Œ     | 542 kB 60.4 MB/s eta 0:00:01[K     |â–ˆâ–ˆâ–ˆâ–ˆâ–ˆâ–ˆâ–ˆâ–ˆâ–ˆâ–ˆâ–ˆâ–ˆâ–ˆâ–ˆâ–ˆâ–ˆâ–ˆâ–ˆâ–ˆâ–ˆâ–ˆâ–ˆâ–ˆâ–ˆâ–ˆâ–ˆâ–ˆ     | 552 kB 60.4 MB/s eta 0:00:01[K     |â–ˆâ–ˆâ–ˆâ–ˆâ–ˆâ–ˆâ–ˆâ–ˆâ–ˆâ–ˆâ–ˆâ–ˆâ–ˆâ–ˆâ–ˆâ–ˆâ–ˆâ–ˆâ–ˆâ–ˆâ–ˆâ–ˆâ–ˆâ–ˆâ–ˆâ–ˆâ–ˆâ–Œ    | 563 kB 60.4 MB/s eta 0:00:01[K     |â–ˆâ–ˆâ–ˆâ–ˆâ–ˆâ–ˆâ–ˆâ–ˆâ–ˆâ–ˆâ–ˆâ–ˆâ–ˆâ–ˆâ–ˆâ–ˆâ–ˆâ–ˆâ–ˆâ–ˆâ–ˆâ–ˆâ–ˆâ–ˆâ–ˆâ–ˆâ–ˆâ–ˆ    | 573 kB 60.4 MB/s eta 0:00:01[K     |â–ˆâ–ˆâ–ˆâ–ˆâ–ˆâ–ˆâ–ˆâ–ˆâ–ˆâ–ˆâ–ˆâ–ˆâ–ˆâ–ˆâ–ˆâ–ˆâ–ˆâ–ˆâ–ˆâ–ˆâ–ˆâ–ˆâ–ˆâ–ˆâ–ˆâ–ˆâ–ˆâ–ˆâ–Œ   | 583 kB 60.4 MB/s eta 0:00:01[K     |â–ˆâ–ˆâ–ˆâ–ˆâ–ˆâ–ˆâ–ˆâ–ˆâ–ˆâ–ˆâ–ˆâ–ˆâ–ˆâ–ˆâ–ˆâ–ˆâ–ˆâ–ˆâ–ˆâ–ˆâ–ˆâ–ˆâ–ˆâ–ˆâ–ˆâ–ˆâ–ˆâ–ˆâ–ˆ   | 593 kB 60.4 MB/s eta 0:00:01[K     |â–ˆâ–ˆâ–ˆâ–ˆâ–ˆâ–ˆâ–ˆâ–ˆâ–ˆâ–ˆâ–ˆâ–ˆâ–ˆâ–ˆâ–ˆâ–ˆâ–ˆâ–ˆâ–ˆâ–ˆâ–ˆâ–ˆâ–ˆâ–ˆâ–ˆâ–ˆâ–ˆâ–ˆâ–ˆâ–Œ  | 604 kB 60.4 MB/s eta 0:00:01[K     |â–ˆâ–ˆâ–ˆâ–ˆâ–ˆâ–ˆâ–ˆâ–ˆâ–ˆâ–ˆâ–ˆâ–ˆâ–ˆâ–ˆâ–ˆâ–ˆâ–ˆâ–ˆâ–ˆâ–ˆâ–ˆâ–ˆâ–ˆâ–ˆâ–ˆâ–ˆâ–ˆâ–ˆâ–ˆâ–ˆ  | 614 kB 60.4 MB/s eta 0:00:01[K     |â–ˆâ–ˆâ–ˆâ–ˆâ–ˆâ–ˆâ–ˆâ–ˆâ–ˆâ–ˆâ–ˆâ–ˆâ–ˆâ–ˆâ–ˆâ–ˆâ–ˆâ–ˆâ–ˆâ–ˆâ–ˆâ–ˆâ–ˆâ–ˆâ–ˆâ–ˆâ–ˆâ–ˆâ–ˆâ–ˆâ–Œ | 624 kB 60.4 MB/s eta 0:00:01[K     |â–ˆâ–ˆâ–ˆâ–ˆâ–ˆâ–ˆâ–ˆâ–ˆâ–ˆâ–ˆâ–ˆâ–ˆâ–ˆâ–ˆâ–ˆâ–ˆâ–ˆâ–ˆâ–ˆâ–ˆâ–ˆâ–ˆâ–ˆâ–ˆâ–ˆâ–ˆâ–ˆâ–ˆâ–ˆâ–ˆâ–ˆ | 634 kB 60.4 MB/s eta 0:00:01[K     |â–ˆâ–ˆâ–ˆâ–ˆâ–ˆâ–ˆâ–ˆâ–ˆâ–ˆâ–ˆâ–ˆâ–ˆâ–ˆâ–ˆâ–ˆâ–ˆâ–ˆâ–ˆâ–ˆâ–ˆâ–ˆâ–ˆâ–ˆâ–ˆâ–ˆâ–ˆâ–ˆâ–ˆâ–ˆâ–ˆâ–ˆâ–Œ| 645 kB 60.4 MB/s eta 0:00:01[K     |â–ˆâ–ˆâ–ˆâ–ˆâ–ˆâ–ˆâ–ˆâ–ˆâ–ˆâ–ˆâ–ˆâ–ˆâ–ˆâ–ˆâ–ˆâ–ˆâ–ˆâ–ˆâ–ˆâ–ˆâ–ˆâ–ˆâ–ˆâ–ˆâ–ˆâ–ˆâ–ˆâ–ˆâ–ˆâ–ˆâ–ˆâ–ˆ| 654 kB 60.4 MB/s 
[?25hCollecting typing-extensions>=4.2.0
  Downloading typing_extensions-4.8.0-py3-none-any.whl (31 kB)
Requirement already satisfied: dnspython<3.0.0,>=1.16.0 in /usr/local/lib/python3.8/dist-packages (from pymongo) (2.4.2)
Requirement already satisfied: protobuf<=4.21.12,>=4.21.1 in /usr/local/lib/python3.8/dist-packages (from mysql-connector-python) (4.21.12)
Requirement already satisfied: six>=1.5 in /usr/local/lib/python3.8/dist-packages (from python-dateutil>=2.8.2->pandas) (1.16.0)
Installing collected packages: greenlet, typing-extensions, sqlalchemy
Successfully installed greenlet-3.0.1 sqlalchemy-2.0.23 typing-extensions-4.8.0
Running /platform/source/s01/v1_9/m01010101/m01010101_q14_t0.sh
Running /platform/source/s01/v1_9/m01010101/m01010101_q14_t1.sh
Requirement already satisfied: pymysql in /usr/local/lib/python3.8/dist-packages (1.1.0)
Requirement already satisfied: pymongo in /usr/local/lib/python3.8/dist-packages (4.5.0)
Requirement already satisfied: pandas in /usr/local/lib/python3.8/dist-packages (2.0.3)
Requirement already satisfied: dnspython<3.0.0,>=1.16.0 in /usr/local/lib/python3.8/dist-packages (from pymongo) (2.4.2)
Requirement already satisfied: tzdata>=2022.1 in /usr/local/lib/python3.8/dist-packages (from pandas) (2023.3)
Requirement already satisfied: python-dateutil>=2.8.2 in /usr/local/lib/python3.8/dist-packages (from pandas) (2.8.2)
Requirement already satisfied: pytz>=2020.1 in /usr/local/lib/python3.8/dist-packages (from pandas) (2023.3.post1)
Requirement already satisfied: numpy>=1.20.3; python_version < "3.10" in /usr/local/lib/python3.8/dist-packages (from pandas) (1.24.4)
Requirement already satisfied: six>=1.5 in /usr/local/lib/python3.8/dist-packages (from python-dateutil>=2.8.2->pandas) (1.16.0)
Running /platform/source/s01/v1_9/m01010101/m01010101_q15_t0.sh
Requirement already satisfied: pandas in /usr/local/lib/python3.8/dist-packages (2.0.3)
Requirement already satisfied: pymongo in /usr/local/lib/python3.8/dist-packages (4.5.0)
Requirement already satisfied: mysql-connector-python in /usr/local/lib/python3.8/dist-packages (8.2.0)
Requirement already satisfied: numpy>=1.20.3; python_version < "3.10" in /usr/local/lib/python3.8/dist-packages (from pandas) (1.24.4)
Requirement already satisfied: pytz>=2020.1 in /usr/local/lib/python3.8/dist-packages (from pandas) (2023.3.post1)
Requirement already satisfied: python-dateutil>=2.8.2 in /usr/local/lib/python3.8/dist-packages (from pandas) (2.8.2)
Requirement already satisfied: tzdata>=2022.1 in /usr/local/lib/python3.8/dist-packages (from pandas) (2023.3)
Requirement already satisfied: dnspython<3.0.0,>=1.16.0 in /usr/local/lib/python3.8/dist-packages (from pymongo) (2.4.2)
Requirement already satisfied: protobuf<=4.21.12,>=4.21.1 in /usr/local/lib/python3.8/dist-packages (from mysql-connector-python) (4.21.12)
Requirement already satisfied: six>=1.5 in /usr/local/lib/python3.8/dist-packages (from python-dateutil>=2.8.2->pandas) (1.16.0)
Running /platform/source/s01/v1_9/m01010101/m01010101_q15_t1.sh
Collecting pyodbc
  Downloading pyodbc-5.0.1-cp38-cp38-manylinux_2_17_aarch64.manylinux2014_aarch64.whl (332 kB)
[?25l[K     |â–ˆ                               | 10 kB 16.8 MB/s eta 0:00:01[K     |â–ˆâ–ˆ                              | 20 kB 6.1 MB/s eta 0:00:01[K     |â–ˆâ–ˆâ–ˆ                             | 30 kB 8.8 MB/s eta 0:00:01[K     |â–ˆâ–ˆâ–ˆâ–ˆ                            | 40 kB 3.6 MB/s eta 0:00:01[K     |â–ˆâ–ˆâ–ˆâ–ˆâ–ˆ                           | 51 kB 3.4 MB/s eta 0:00:01[K     |â–ˆâ–ˆâ–ˆâ–ˆâ–ˆâ–ˆ                          | 61 kB 4.0 MB/s eta 0:00:01[K     |â–ˆâ–ˆâ–ˆâ–ˆâ–ˆâ–ˆâ–ˆ                         | 71 kB 1.5 MB/s eta 0:00:01[K     |â–ˆâ–ˆâ–ˆâ–ˆâ–ˆâ–ˆâ–ˆâ–‰                        | 81 kB 1.8 MB/s eta 0:00:01[K     |â–ˆâ–ˆâ–ˆâ–ˆâ–ˆâ–ˆâ–ˆâ–ˆâ–‰                       | 92 kB 2.0 MB/s eta 0:00:01[K     |â–ˆâ–ˆâ–ˆâ–ˆâ–ˆâ–ˆâ–ˆâ–ˆâ–ˆâ–‰                      | 102 kB 2.1 MB/s eta 0:00:01[K     |â–ˆâ–ˆâ–ˆâ–ˆâ–ˆâ–ˆâ–ˆâ–ˆâ–ˆâ–ˆâ–‰                     | 112 kB 2.1 MB/s eta 0:00:01[K     |â–ˆâ–ˆâ–ˆâ–ˆâ–ˆâ–ˆâ–ˆâ–ˆâ–ˆâ–ˆâ–ˆâ–‰                    | 122 kB 2.1 MB/s eta 0:00:01[K     |â–ˆâ–ˆâ–ˆâ–ˆâ–ˆâ–ˆâ–ˆâ–ˆâ–ˆâ–ˆâ–ˆâ–ˆâ–‰                   | 133 kB 2.1 MB/s eta 0:00:01[K     |â–ˆâ–ˆâ–ˆâ–ˆâ–ˆâ–ˆâ–ˆâ–ˆâ–ˆâ–ˆâ–ˆâ–ˆâ–ˆâ–‰                  | 143 kB 2.1 MB/s eta 0:00:01[K     |â–ˆâ–ˆâ–ˆâ–ˆâ–ˆâ–ˆâ–ˆâ–ˆâ–ˆâ–ˆâ–ˆâ–ˆâ–ˆâ–ˆâ–Š                 | 153 kB 2.1 MB/s eta 0:00:01[K     |â–ˆâ–ˆâ–ˆâ–ˆâ–ˆâ–ˆâ–ˆâ–ˆâ–ˆâ–ˆâ–ˆâ–ˆâ–ˆâ–ˆâ–ˆâ–Š                | 163 kB 2.1 MB/s eta 0:00:01[K     |â–ˆâ–ˆâ–ˆâ–ˆâ–ˆâ–ˆâ–ˆâ–ˆâ–ˆâ–ˆâ–ˆâ–ˆâ–ˆâ–ˆâ–ˆâ–ˆâ–Š               | 174 kB 2.1 MB/s eta 0:00:01[K     |â–ˆâ–ˆâ–ˆâ–ˆâ–ˆâ–ˆâ–ˆâ–ˆâ–ˆâ–ˆâ–ˆâ–ˆâ–ˆâ–ˆâ–ˆâ–ˆâ–ˆâ–Š              | 184 kB 2.1 MB/s eta 0:00:01[K     |â–ˆâ–ˆâ–ˆâ–ˆâ–ˆâ–ˆâ–ˆâ–ˆâ–ˆâ–ˆâ–ˆâ–ˆâ–ˆâ–ˆâ–ˆâ–ˆâ–ˆâ–ˆâ–Š             | 194 kB 2.1 MB/s eta 0:00:01[K     |â–ˆâ–ˆâ–ˆâ–ˆâ–ˆâ–ˆâ–ˆâ–ˆâ–ˆâ–ˆâ–ˆâ–ˆâ–ˆâ–ˆâ–ˆâ–ˆâ–ˆâ–ˆâ–ˆâ–Š            | 204 kB 2.1 MB/s eta 0:00:01[K     |â–ˆâ–ˆâ–ˆâ–ˆâ–ˆâ–ˆâ–ˆâ–ˆâ–ˆâ–ˆâ–ˆâ–ˆâ–ˆâ–ˆâ–ˆâ–ˆâ–ˆâ–ˆâ–ˆâ–ˆâ–Š           | 215 kB 2.1 MB/s eta 0:00:01[K     |â–ˆâ–ˆâ–ˆâ–ˆâ–ˆâ–ˆâ–ˆâ–ˆâ–ˆâ–ˆâ–ˆâ–ˆâ–ˆâ–ˆâ–ˆâ–ˆâ–ˆâ–ˆâ–ˆâ–ˆâ–ˆâ–‹          | 225 kB 2.1 MB/s eta 0:00:01[K     |â–ˆâ–ˆâ–ˆâ–ˆâ–ˆâ–ˆâ–ˆâ–ˆâ–ˆâ–ˆâ–ˆâ–ˆâ–ˆâ–ˆâ–ˆâ–ˆâ–ˆâ–ˆâ–ˆâ–ˆâ–ˆâ–ˆâ–‹         | 235 kB 2.1 MB/s eta 0:00:01[K     |â–ˆâ–ˆâ–ˆâ–ˆâ–ˆâ–ˆâ–ˆâ–ˆâ–ˆâ–ˆâ–ˆâ–ˆâ–ˆâ–ˆâ–ˆâ–ˆâ–ˆâ–ˆâ–ˆâ–ˆâ–ˆâ–ˆâ–ˆâ–‹        | 245 kB 2.1 MB/s eta 0:00:01[K     |â–ˆâ–ˆâ–ˆâ–ˆâ–ˆâ–ˆâ–ˆâ–ˆâ–ˆâ–ˆâ–ˆâ–ˆâ–ˆâ–ˆâ–ˆâ–ˆâ–ˆâ–ˆâ–ˆâ–ˆâ–ˆâ–ˆâ–ˆâ–ˆâ–‹       | 256 kB 2.1 MB/s eta 0:00:01[K     |â–ˆâ–ˆâ–ˆâ–ˆâ–ˆâ–ˆâ–ˆâ–ˆâ–ˆâ–ˆâ–ˆâ–ˆâ–ˆâ–ˆâ–ˆâ–ˆâ–ˆâ–ˆâ–ˆâ–ˆâ–ˆâ–ˆâ–ˆâ–ˆâ–ˆâ–‹      | 266 kB 2.1 MB/s eta 0:00:01[K     |â–ˆâ–ˆâ–ˆâ–ˆâ–ˆâ–ˆâ–ˆâ–ˆâ–ˆâ–ˆâ–ˆâ–ˆâ–ˆâ–ˆâ–ˆâ–ˆâ–ˆâ–ˆâ–ˆâ–ˆâ–ˆâ–ˆâ–ˆâ–ˆâ–ˆâ–ˆâ–‹     | 276 kB 2.1 MB/s eta 0:00:01[K     |â–ˆâ–ˆâ–ˆâ–ˆâ–ˆâ–ˆâ–ˆâ–ˆâ–ˆâ–ˆâ–ˆâ–ˆâ–ˆâ–ˆâ–ˆâ–ˆâ–ˆâ–ˆâ–ˆâ–ˆâ–ˆâ–ˆâ–ˆâ–ˆâ–ˆâ–ˆâ–ˆâ–‹    | 286 kB 2.1 MB/s eta 0:00:01[K     |â–ˆâ–ˆâ–ˆâ–ˆâ–ˆâ–ˆâ–ˆâ–ˆâ–ˆâ–ˆâ–ˆâ–ˆâ–ˆâ–ˆâ–ˆâ–ˆâ–ˆâ–ˆâ–ˆâ–ˆâ–ˆâ–ˆâ–ˆâ–ˆâ–ˆâ–ˆâ–ˆâ–ˆâ–Œ   | 296 kB 2.1 MB/s eta 0:00:01[K     |â–ˆâ–ˆâ–ˆâ–ˆâ–ˆâ–ˆâ–ˆâ–ˆâ–ˆâ–ˆâ–ˆâ–ˆâ–ˆâ–ˆâ–ˆâ–ˆâ–ˆâ–ˆâ–ˆâ–ˆâ–ˆâ–ˆâ–ˆâ–ˆâ–ˆâ–ˆâ–ˆâ–ˆâ–ˆâ–Œ  | 307 kB 2.1 MB/s eta 0:00:01[K     |â–ˆâ–ˆâ–ˆâ–ˆâ–ˆâ–ˆâ–ˆâ–ˆâ–ˆâ–ˆâ–ˆâ–ˆâ–ˆâ–ˆâ–ˆâ–ˆâ–ˆâ–ˆâ–ˆâ–ˆâ–ˆâ–ˆâ–ˆâ–ˆâ–ˆâ–ˆâ–ˆâ–ˆâ–ˆâ–ˆâ–Œ | 317 kB 2.1 MB/s eta 0:00:01[K     |â–ˆâ–ˆâ–ˆâ–ˆâ–ˆâ–ˆâ–ˆâ–ˆâ–ˆâ–ˆâ–ˆâ–ˆâ–ˆâ–ˆâ–ˆâ–ˆâ–ˆâ–ˆâ–ˆâ–ˆâ–ˆâ–ˆâ–ˆâ–ˆâ–ˆâ–ˆâ–ˆâ–ˆâ–ˆâ–ˆâ–ˆâ–Œ| 327 kB 2.1 MB/s eta 0:00:01[K     |â–ˆâ–ˆâ–ˆâ–ˆâ–ˆâ–ˆâ–ˆâ–ˆâ–ˆâ–ˆâ–ˆâ–ˆâ–ˆâ–ˆâ–ˆâ–ˆâ–ˆâ–ˆâ–ˆâ–ˆâ–ˆâ–ˆâ–ˆâ–ˆâ–ˆâ–ˆâ–ˆâ–ˆâ–ˆâ–ˆâ–ˆâ–ˆ| 332 kB 2.1 MB/s 
[?25hRequirement already satisfied: pandas in /usr/local/lib/python3.8/dist-packages (2.0.3)
Requirement already satisfied: pymongo in /usr/local/lib/python3.8/dist-packages (4.5.0)
Requirement already satisfied: python-dateutil in /usr/local/lib/python3.8/dist-packages (2.8.2)
Requirement already satisfied: tzdata>=2022.1 in /usr/local/lib/python3.8/dist-packages (from pandas) (2023.3)
Requirement already satisfied: numpy>=1.20.3; python_version < "3.10" in /usr/local/lib/python3.8/dist-packages (from pandas) (1.24.4)
Requirement already satisfied: pytz>=2020.1 in /usr/local/lib/python3.8/dist-packages (from pandas) (2023.3.post1)
Requirement already satisfied: dnspython<3.0.0,>=1.16.0 in /usr/local/lib/python3.8/dist-packages (from pymongo) (2.4.2)
Requirement already satisfied: six>=1.5 in /usr/local/lib/python3.8/dist-packages (from python-dateutil) (1.16.0)
Installing collected packages: pyodbc
Successfully installed pyodbc-5.0.1
Running /platform/source/s01/v1_9/m01010101/m01010101_q16_t0.sh
Requirement already satisfied: mysql-connector-python in /usr/local/lib/python3.8/dist-packages (8.2.0)
Requirement already satisfied: pandas in /usr/local/lib/python3.8/dist-packages (2.0.3)
Requirement already satisfied: pymongo in /usr/local/lib/python3.8/dist-packages (4.5.0)
Requirement already satisfied: dnspython in /usr/local/lib/python3.8/dist-packages (2.4.2)
Requirement already satisfied: protobuf<=4.21.12,>=4.21.1 in /usr/local/lib/python3.8/dist-packages (from mysql-connector-python) (4.21.12)
Requirement already satisfied: numpy>=1.20.3; python_version < "3.10" in /usr/local/lib/python3.8/dist-packages (from pandas) (1.24.4)
Requirement already satisfied: tzdata>=2022.1 in /usr/local/lib/python3.8/dist-packages (from pandas) (2023.3)
Requirement already satisfied: pytz>=2020.1 in /usr/local/lib/python3.8/dist-packages (from pandas) (2023.3.post1)
Requirement already satisfied: python-dateutil>=2.8.2 in /usr/local/lib/python3.8/dist-packages (from pandas) (2.8.2)
Requirement already satisfied: six>=1.5 in /usr/local/lib/python3.8/dist-packages (from python-dateutil>=2.8.2->pandas) (1.16.0)
Running /platform/source/s01/v1_9/m01010101/m01010101_q16_t1.sh
Requirement already satisfied: pandas in /usr/local/lib/python3.8/dist-packages (2.0.3)
Requirement already satisfied: pymongo in /usr/local/lib/python3.8/dist-packages (4.5.0)
Requirement already satisfied: mysql-connector-python in /usr/local/lib/python3.8/dist-packages (8.2.0)
Requirement already satisfied: python-dateutil>=2.8.2 in /usr/local/lib/python3.8/dist-packages (from pandas) (2.8.2)
Requirement already satisfied: pytz>=2020.1 in /usr/local/lib/python3.8/dist-packages (from pandas) (2023.3.post1)
Requirement already satisfied: numpy>=1.20.3; python_version < "3.10" in /usr/local/lib/python3.8/dist-packages (from pandas) (1.24.4)
Requirement already satisfied: tzdata>=2022.1 in /usr/local/lib/python3.8/dist-packages (from pandas) (2023.3)
Requirement already satisfied: dnspython<3.0.0,>=1.16.0 in /usr/local/lib/python3.8/dist-packages (from pymongo) (2.4.2)
Requirement already satisfied: protobuf<=4.21.12,>=4.21.1 in /usr/local/lib/python3.8/dist-packages (from mysql-connector-python) (4.21.12)
Requirement already satisfied: six>=1.5 in /usr/local/lib/python3.8/dist-packages (from python-dateutil>=2.8.2->pandas) (1.16.0)
Running /platform/source/s01/v1_9/m01010101/m01010101_q17_t0.sh
Requirement already satisfied: pymongo in /usr/local/lib/python3.8/dist-packages (4.5.0)
Requirement already satisfied: mysql-connector-python in /usr/local/lib/python3.8/dist-packages (8.2.0)
Requirement already satisfied: pandas in /usr/local/lib/python3.8/dist-packages (2.0.3)
Requirement already satisfied: sqlalchemy in /usr/local/lib/python3.8/dist-packages (2.0.23)
Requirement already satisfied: dnspython<3.0.0,>=1.16.0 in /usr/local/lib/python3.8/dist-packages (from pymongo) (2.4.2)
Requirement already satisfied: protobuf<=4.21.12,>=4.21.1 in /usr/local/lib/python3.8/dist-packages (from mysql-connector-python) (4.21.12)
Requirement already satisfied: python-dateutil>=2.8.2 in /usr/local/lib/python3.8/dist-packages (from pandas) (2.8.2)
Requirement already satisfied: numpy>=1.20.3; python_version < "3.10" in /usr/local/lib/python3.8/dist-packages (from pandas) (1.24.4)
Requirement already satisfied: pytz>=2020.1 in /usr/local/lib/python3.8/dist-packages (from pandas) (2023.3.post1)
Requirement already satisfied: tzdata>=2022.1 in /usr/local/lib/python3.8/dist-packages (from pandas) (2023.3)
Requirement already satisfied: typing-extensions>=4.2.0 in /usr/local/lib/python3.8/dist-packages (from sqlalchemy) (4.8.0)
Requirement already satisfied: greenlet!=0.4.17; platform_machine == "aarch64" or (platform_machine == "ppc64le" or (platform_machine == "x86_64" or (platform_machine == "amd64" or (platform_machine == "AMD64" or (platform_machine == "win32" or platform_machine == "WIN32"))))) in /usr/local/lib/python3.8/dist-packages (from sqlalchemy) (3.0.1)
Requirement already satisfied: six>=1.5 in /usr/local/lib/python3.8/dist-packages (from python-dateutil>=2.8.2->pandas) (1.16.0)
Running /platform/source/s01/v1_9/m01010101/m01010101_q17_t1.sh
Requirement already satisfied: pandas in /usr/local/lib/python3.8/dist-packages (2.0.3)
Requirement already satisfied: pymongo in /usr/local/lib/python3.8/dist-packages (4.5.0)
Requirement already satisfied: mysql-connector-python in /usr/local/lib/python3.8/dist-packages (8.2.0)
Requirement already satisfied: python-dateutil>=2.8.2 in /usr/local/lib/python3.8/dist-packages (from pandas) (2.8.2)
Requirement already satisfied: tzdata>=2022.1 in /usr/local/lib/python3.8/dist-packages (from pandas) (2023.3)
Requirement already satisfied: numpy>=1.20.3; python_version < "3.10" in /usr/local/lib/python3.8/dist-packages (from pandas) (1.24.4)
Requirement already satisfied: pytz>=2020.1 in /usr/local/lib/python3.8/dist-packages (from pandas) (2023.3.post1)
Requirement already satisfied: dnspython<3.0.0,>=1.16.0 in /usr/local/lib/python3.8/dist-packages (from pymongo) (2.4.2)
Requirement already satisfied: protobuf<=4.21.12,>=4.21.1 in /usr/local/lib/python3.8/dist-packages (from mysql-connector-python) (4.21.12)
Requirement already satisfied: six>=1.5 in /usr/local/lib/python3.8/dist-packages (from python-dateutil>=2.8.2->pandas) (1.16.0)
Running /platform/source/s01/v1_9/m01010101/m01010101_q18_t0.sh
Requirement already satisfied: mysql-connector-python in /usr/local/lib/python3.8/dist-packages (8.2.0)
Requirement already satisfied: pymongo in /usr/local/lib/python3.8/dist-packages (4.5.0)
Requirement already satisfied: pandas in /usr/local/lib/python3.8/dist-packages (2.0.3)
Requirement already satisfied: protobuf<=4.21.12,>=4.21.1 in /usr/local/lib/python3.8/dist-packages (from mysql-connector-python) (4.21.12)
Requirement already satisfied: dnspython<3.0.0,>=1.16.0 in /usr/local/lib/python3.8/dist-packages (from pymongo) (2.4.2)
Requirement already satisfied: numpy>=1.20.3; python_version < "3.10" in /usr/local/lib/python3.8/dist-packages (from pandas) (1.24.4)
Requirement already satisfied: tzdata>=2022.1 in /usr/local/lib/python3.8/dist-packages (from pandas) (2023.3)
Requirement already satisfied: pytz>=2020.1 in /usr/local/lib/python3.8/dist-packages (from pandas) (2023.3.post1)
Requirement already satisfied: python-dateutil>=2.8.2 in /usr/local/lib/python3.8/dist-packages (from pandas) (2.8.2)
Requirement already satisfied: six>=1.5 in /usr/local/lib/python3.8/dist-packages (from python-dateutil>=2.8.2->pandas) (1.16.0)
Running /platform/source/s01/v1_9/m01010101/m01010101_q18_t1.sh
/platform/source/s01/v1_9/m01010101/m01010101_q18_t1.sh: line 1: sudo: command not found
Requirement already satisfied: pandas in /usr/local/lib/python3.8/dist-packages (2.0.3)
Requirement already satisfied: pytz>=2020.1 in /usr/local/lib/python3.8/dist-packages (from pandas) (2023.3.post1)
Requirement already satisfied: tzdata>=2022.1 in /usr/local/lib/python3.8/dist-packages (from pandas) (2023.3)
Requirement already satisfied: numpy>=1.20.3; python_version < "3.10" in /usr/local/lib/python3.8/dist-packages (from pandas) (1.24.4)
Requirement already satisfied: python-dateutil>=2.8.2 in /usr/local/lib/python3.8/dist-packages (from pandas) (2.8.2)
Requirement already satisfied: six>=1.5 in /usr/local/lib/python3.8/dist-packages (from python-dateutil>=2.8.2->pandas) (1.16.0)
Requirement already satisfied: pymongo in /usr/local/lib/python3.8/dist-packages (4.5.0)
Requirement already satisfied: dnspython<3.0.0,>=1.16.0 in /usr/local/lib/python3.8/dist-packages (from pymongo) (2.4.2)
Requirement already satisfied: mysql-connector-python in /usr/local/lib/python3.8/dist-packages (8.2.0)
Requirement already satisfied: protobuf<=4.21.12,>=4.21.1 in /usr/local/lib/python3.8/dist-packages (from mysql-connector-python) (4.21.12)
Running /platform/source/s01/v1_9/m01010101/m01010101_q19_t0.sh
Requirement already satisfied: pandas in /usr/local/lib/python3.8/dist-packages (2.0.3)
Requirement already satisfied: mysql-connector-python in /usr/local/lib/python3.8/dist-packages (8.2.0)
Requirement already satisfied: pymongo in /usr/local/lib/python3.8/dist-packages (4.5.0)
Requirement already satisfied: pytz>=2020.1 in /usr/local/lib/python3.8/dist-packages (from pandas) (2023.3.post1)
Requirement already satisfied: tzdata>=2022.1 in /usr/local/lib/python3.8/dist-packages (from pandas) (2023.3)
Requirement already satisfied: python-dateutil>=2.8.2 in /usr/local/lib/python3.8/dist-packages (from pandas) (2.8.2)
Requirement already satisfied: numpy>=1.20.3; python_version < "3.10" in /usr/local/lib/python3.8/dist-packages (from pandas) (1.24.4)
Requirement already satisfied: protobuf<=4.21.12,>=4.21.1 in /usr/local/lib/python3.8/dist-packages (from mysql-connector-python) (4.21.12)
Requirement already satisfied: dnspython<3.0.0,>=1.16.0 in /usr/local/lib/python3.8/dist-packages (from pymongo) (2.4.2)
Requirement already satisfied: six>=1.5 in /usr/local/lib/python3.8/dist-packages (from python-dateutil>=2.8.2->pandas) (1.16.0)
Running /platform/source/s01/v1_9/m01010101/m01010101_q19_t1.sh
Requirement already satisfied: pymongo in /usr/local/lib/python3.8/dist-packages (4.5.0)
Requirement already satisfied: dnspython<3.0.0,>=1.16.0 in /usr/local/lib/python3.8/dist-packages (from pymongo) (2.4.2)
Requirement already satisfied: mysql-connector-python in /usr/local/lib/python3.8/dist-packages (8.2.0)
Requirement already satisfied: protobuf<=4.21.12,>=4.21.1 in /usr/local/lib/python3.8/dist-packages (from mysql-connector-python) (4.21.12)
Running /platform/source/s01/v1_9/m01010101/m01010101_q1_t0.sh
Requirement already satisfied: pymongo in /usr/local/lib/python3.8/dist-packages (4.5.0)
Requirement already satisfied: mysql-connector-python in /usr/local/lib/python3.8/dist-packages (8.2.0)
Requirement already satisfied: dnspython<3.0.0,>=1.16.0 in /usr/local/lib/python3.8/dist-packages (from pymongo) (2.4.2)
Requirement already satisfied: protobuf<=4.21.12,>=4.21.1 in /usr/local/lib/python3.8/dist-packages (from mysql-connector-python) (4.21.12)
Running /platform/source/s01/v1_9/m01010101/m01010101_q1_t1.sh
Running /platform/source/s01/v1_9/m01010101/m01010101_q20_t0.sh
Collecting mysqlclient
  Downloading mysqlclient-2.2.0.tar.gz (89 kB)
[?25l[K     |â–ˆâ–ˆâ–ˆâ–‹                            | 10 kB 7.2 MB/s eta 0:00:01[K     |â–ˆâ–ˆâ–ˆâ–ˆâ–ˆâ–ˆâ–ˆâ–Ž                        | 20 kB 2.2 MB/s eta 0:00:01[K     |â–ˆâ–ˆâ–ˆâ–ˆâ–ˆâ–ˆâ–ˆâ–ˆâ–ˆâ–ˆâ–ˆ                     | 30 kB 3.2 MB/s eta 0:00:01[K     |â–ˆâ–ˆâ–ˆâ–ˆâ–ˆâ–ˆâ–ˆâ–ˆâ–ˆâ–ˆâ–ˆâ–ˆâ–ˆâ–ˆâ–‹                 | 40 kB 2.2 MB/s eta 0:00:01[K     |â–ˆâ–ˆâ–ˆâ–ˆâ–ˆâ–ˆâ–ˆâ–ˆâ–ˆâ–ˆâ–ˆâ–ˆâ–ˆâ–ˆâ–ˆâ–ˆâ–ˆâ–ˆâ–Ž             | 51 kB 1.6 MB/s eta 0:00:01[K     |â–ˆâ–ˆâ–ˆâ–ˆâ–ˆâ–ˆâ–ˆâ–ˆâ–ˆâ–ˆâ–ˆâ–ˆâ–ˆâ–ˆâ–ˆâ–ˆâ–ˆâ–ˆâ–ˆâ–ˆâ–ˆâ–ˆ          | 61 kB 2.0 MB/s eta 0:00:01[K     |â–ˆâ–ˆâ–ˆâ–ˆâ–ˆâ–ˆâ–ˆâ–ˆâ–ˆâ–ˆâ–ˆâ–ˆâ–ˆâ–ˆâ–ˆâ–ˆâ–ˆâ–ˆâ–ˆâ–ˆâ–ˆâ–ˆâ–ˆâ–ˆâ–ˆâ–‹      | 71 kB 1.9 MB/s eta 0:00:01[K     |â–ˆâ–ˆâ–ˆâ–ˆâ–ˆâ–ˆâ–ˆâ–ˆâ–ˆâ–ˆâ–ˆâ–ˆâ–ˆâ–ˆâ–ˆâ–ˆâ–ˆâ–ˆâ–ˆâ–ˆâ–ˆâ–ˆâ–ˆâ–ˆâ–ˆâ–ˆâ–ˆâ–ˆâ–ˆâ–Ž  | 81 kB 2.0 MB/s eta 0:00:01[K     |â–ˆâ–ˆâ–ˆâ–ˆâ–ˆâ–ˆâ–ˆâ–ˆâ–ˆâ–ˆâ–ˆâ–ˆâ–ˆâ–ˆâ–ˆâ–ˆâ–ˆâ–ˆâ–ˆâ–ˆâ–ˆâ–ˆâ–ˆâ–ˆâ–ˆâ–ˆâ–ˆâ–ˆâ–ˆâ–ˆâ–ˆâ–ˆ| 89 kB 2.0 MB/s 
[?25h  Installing build dependencies ... [?25l- \ | done
[?25h  Getting requirements to build wheel ... [?25l- error
[31m  ERROR: Command errored out with exit status 1:
   command: /usr/bin/python3 /tmp/tmp617l94dv get_requires_for_build_wheel /tmp/tmpxof_hjg8
       cwd: /tmp/pip-install-q7zsjmjo/mysqlclient
  Complete output (24 lines):
  /bin/sh: 1: pkg-config: not found
  /bin/sh: 1: pkg-config: not found
  Trying pkg-config --exists mysqlclient
  Command 'pkg-config --exists mysqlclient' returned non-zero exit status 127.
  Trying pkg-config --exists mariadb
  Command 'pkg-config --exists mariadb' returned non-zero exit status 127.
  Traceback (most recent call last):
    File "/tmp/tmp617l94dv", line 280, in <module>
      main()
    File "/tmp/tmp617l94dv", line 263, in main
      json_out['return_val'] = hook(**hook_input['kwargs'])
    File "/tmp/tmp617l94dv", line 114, in get_requires_for_build_wheel
      return hook(config_settings)
    File "/tmp/pip-build-env-f3gou9r8/overlay/lib/python3.8/site-packages/setuptools/build_meta.py", line 355, in get_requires_for_build_wheel
      return self._get_build_requires(config_settings, requirements=['wheel'])
    File "/tmp/pip-build-env-f3gou9r8/overlay/lib/python3.8/site-packages/setuptools/build_meta.py", line 325, in _get_build_requires
      self.run_setup()
    File "/tmp/pip-build-env-f3gou9r8/overlay/lib/python3.8/site-packages/setuptools/build_meta.py", line 341, in run_setup
      exec(code, locals())
    File "<string>", line 154, in <module>
    File "<string>", line 48, in get_config_posix
    File "<string>", line 27, in find_package_name
  Exception: Can not find valid pkg-config name.
  Specify MYSQLCLIENT_CFLAGS and MYSQLCLIENT_LDFLAGS env vars manually
  ----------------------------------------[0m
[31mERROR: Command errored out with exit status 1: /usr/bin/python3 /tmp/tmp617l94dv get_requires_for_build_wheel /tmp/tmpxof_hjg8 Check the logs for full command output.[0m
[?25hRunning /platform/source/s01/v1_9/m01010101/m01010101_q20_t1.sh
Requirement already satisfied: mysql-connector-python in /usr/local/lib/python3.8/dist-packages (8.2.0)
Requirement already satisfied: pymongo in /usr/local/lib/python3.8/dist-packages (4.5.0)
Requirement already satisfied: protobuf<=4.21.12,>=4.21.1 in /usr/local/lib/python3.8/dist-packages (from mysql-connector-python) (4.21.12)
Requirement already satisfied: dnspython<3.0.0,>=1.16.0 in /usr/local/lib/python3.8/dist-packages (from pymongo) (2.4.2)
Running /platform/source/s01/v1_9/m01010101/m01010101_q21_t0.sh
Requirement already satisfied: pymongo in /usr/local/lib/python3.8/dist-packages (4.5.0)
Requirement already satisfied: mysql-connector-python in /usr/local/lib/python3.8/dist-packages (8.2.0)
Requirement already satisfied: pandas in /usr/local/lib/python3.8/dist-packages (2.0.3)
Requirement already satisfied: dnspython<3.0.0,>=1.16.0 in /usr/local/lib/python3.8/dist-packages (from pymongo) (2.4.2)
Requirement already satisfied: protobuf<=4.21.12,>=4.21.1 in /usr/local/lib/python3.8/dist-packages (from mysql-connector-python) (4.21.12)
Requirement already satisfied: numpy>=1.20.3; python_version < "3.10" in /usr/local/lib/python3.8/dist-packages (from pandas) (1.24.4)
Requirement already satisfied: pytz>=2020.1 in /usr/local/lib/python3.8/dist-packages (from pandas) (2023.3.post1)
Requirement already satisfied: python-dateutil>=2.8.2 in /usr/local/lib/python3.8/dist-packages (from pandas) (2.8.2)
Requirement already satisfied: tzdata>=2022.1 in /usr/local/lib/python3.8/dist-packages (from pandas) (2023.3)
Requirement already satisfied: six>=1.5 in /usr/local/lib/python3.8/dist-packages (from python-dateutil>=2.8.2->pandas) (1.16.0)
Running /platform/source/s01/v1_9/m01010101/m01010101_q21_t1.sh
Requirement already satisfied: mysql-connector-python in /usr/local/lib/python3.8/dist-packages (8.2.0)
Requirement already satisfied: pandas in /usr/local/lib/python3.8/dist-packages (2.0.3)
Requirement already satisfied: pymongo in /usr/local/lib/python3.8/dist-packages (4.5.0)
Requirement already satisfied: protobuf<=4.21.12,>=4.21.1 in /usr/local/lib/python3.8/dist-packages (from mysql-connector-python) (4.21.12)
Requirement already satisfied: numpy>=1.20.3; python_version < "3.10" in /usr/local/lib/python3.8/dist-packages (from pandas) (1.24.4)
Requirement already satisfied: tzdata>=2022.1 in /usr/local/lib/python3.8/dist-packages (from pandas) (2023.3)
Requirement already satisfied: python-dateutil>=2.8.2 in /usr/local/lib/python3.8/dist-packages (from pandas) (2.8.2)
Requirement already satisfied: pytz>=2020.1 in /usr/local/lib/python3.8/dist-packages (from pandas) (2023.3.post1)
Requirement already satisfied: dnspython<3.0.0,>=1.16.0 in /usr/local/lib/python3.8/dist-packages (from pymongo) (2.4.2)
Requirement already satisfied: six>=1.5 in /usr/local/lib/python3.8/dist-packages (from python-dateutil>=2.8.2->pandas) (1.16.0)
Running /platform/source/s01/v1_9/m01010101/m01010101_q22_t0.sh
Requirement already satisfied: pandas in /usr/local/lib/python3.8/dist-packages (2.0.3)
Requirement already satisfied: PyMySQL in /usr/local/lib/python3.8/dist-packages (1.1.0)
Requirement already satisfied: pymongo in /usr/local/lib/python3.8/dist-packages (4.5.0)
Collecting simplejson
  Downloading simplejson-3.19.2-cp38-cp38-manylinux_2_17_aarch64.manylinux2014_aarch64.whl (136 kB)
[?25l[K     |â–ˆâ–ˆâ–                             | 10 kB 31.3 MB/s eta 0:00:01[K     |â–ˆâ–ˆâ–ˆâ–ˆâ–‰                           | 20 kB 21.5 MB/s eta 0:00:01[K     |â–ˆâ–ˆâ–ˆâ–ˆâ–ˆâ–ˆâ–ˆâ–                        | 30 kB 29.8 MB/s eta 0:00:01[K     |â–ˆâ–ˆâ–ˆâ–ˆâ–ˆâ–ˆâ–ˆâ–ˆâ–ˆâ–‹                      | 40 kB 249 kB/s eta 0:00:01[K     |â–ˆâ–ˆâ–ˆâ–ˆâ–ˆâ–ˆâ–ˆâ–ˆâ–ˆâ–ˆâ–ˆâ–ˆ                    | 51 kB 310 kB/s eta 0:00:01[K     |â–ˆâ–ˆâ–ˆâ–ˆâ–ˆâ–ˆâ–ˆâ–ˆâ–ˆâ–ˆâ–ˆâ–ˆâ–ˆâ–ˆâ–                 | 61 kB 372 kB/s eta 0:00:01[K     |â–ˆâ–ˆâ–ˆâ–ˆâ–ˆâ–ˆâ–ˆâ–ˆâ–ˆâ–ˆâ–ˆâ–ˆâ–ˆâ–ˆâ–ˆâ–ˆâ–‰               | 71 kB 429 kB/s eta 0:00:01[K     |â–ˆâ–ˆâ–ˆâ–ˆâ–ˆâ–ˆâ–ˆâ–ˆâ–ˆâ–ˆâ–ˆâ–ˆâ–ˆâ–ˆâ–ˆâ–ˆâ–ˆâ–ˆâ–ˆâ–Ž            | 81 kB 490 kB/s eta 0:00:01[K     |â–ˆâ–ˆâ–ˆâ–ˆâ–ˆâ–ˆâ–ˆâ–ˆâ–ˆâ–ˆâ–ˆâ–ˆâ–ˆâ–ˆâ–ˆâ–ˆâ–ˆâ–ˆâ–ˆâ–ˆâ–ˆâ–‹          | 92 kB 549 kB/s eta 0:00:01[K     |â–ˆâ–ˆâ–ˆâ–ˆâ–ˆâ–ˆâ–ˆâ–ˆâ–ˆâ–ˆâ–ˆâ–ˆâ–ˆâ–ˆâ–ˆâ–ˆâ–ˆâ–ˆâ–ˆâ–ˆâ–ˆâ–ˆâ–ˆâ–ˆ        | 102 kB 608 kB/s eta 0:00:01[K     |â–ˆâ–ˆâ–ˆâ–ˆâ–ˆâ–ˆâ–ˆâ–ˆâ–ˆâ–ˆâ–ˆâ–ˆâ–ˆâ–ˆâ–ˆâ–ˆâ–ˆâ–ˆâ–ˆâ–ˆâ–ˆâ–ˆâ–ˆâ–ˆâ–ˆâ–ˆâ–     | 112 kB 608 kB/s eta 0:00:01[K     |â–ˆâ–ˆâ–ˆâ–ˆâ–ˆâ–ˆâ–ˆâ–ˆâ–ˆâ–ˆâ–ˆâ–ˆâ–ˆâ–ˆâ–ˆâ–ˆâ–ˆâ–ˆâ–ˆâ–ˆâ–ˆâ–ˆâ–ˆâ–ˆâ–ˆâ–ˆâ–ˆâ–ˆâ–‰   | 122 kB 608 kB/s eta 0:00:01[K     |â–ˆâ–ˆâ–ˆâ–ˆâ–ˆâ–ˆâ–ˆâ–ˆâ–ˆâ–ˆâ–ˆâ–ˆâ–ˆâ–ˆâ–ˆâ–ˆâ–ˆâ–ˆâ–ˆâ–ˆâ–ˆâ–ˆâ–ˆâ–ˆâ–ˆâ–ˆâ–ˆâ–ˆâ–ˆâ–ˆâ–ˆâ–Ž| 133 kB 608 kB/s eta 0:00:01[K     |â–ˆâ–ˆâ–ˆâ–ˆâ–ˆâ–ˆâ–ˆâ–ˆâ–ˆâ–ˆâ–ˆâ–ˆâ–ˆâ–ˆâ–ˆâ–ˆâ–ˆâ–ˆâ–ˆâ–ˆâ–ˆâ–ˆâ–ˆâ–ˆâ–ˆâ–ˆâ–ˆâ–ˆâ–ˆâ–ˆâ–ˆâ–ˆ| 136 kB 608 kB/s 
[?25hRequirement already satisfied: numpy>=1.20.3; python_version < "3.10" in /usr/local/lib/python3.8/dist-packages (from pandas) (1.24.4)
Requirement already satisfied: pytz>=2020.1 in /usr/local/lib/python3.8/dist-packages (from pandas) (2023.3.post1)
Requirement already satisfied: python-dateutil>=2.8.2 in /usr/local/lib/python3.8/dist-packages (from pandas) (2.8.2)
Requirement already satisfied: tzdata>=2022.1 in /usr/local/lib/python3.8/dist-packages (from pandas) (2023.3)
Requirement already satisfied: dnspython<3.0.0,>=1.16.0 in /usr/local/lib/python3.8/dist-packages (from pymongo) (2.4.2)
Requirement already satisfied: six>=1.5 in /usr/local/lib/python3.8/dist-packages (from python-dateutil>=2.8.2->pandas) (1.16.0)
Installing collected packages: simplejson
Successfully installed simplejson-3.19.2
Running /platform/source/s01/v1_9/m01010101/m01010101_q22_t1.sh
Requirement already satisfied: pandas in /usr/local/lib/python3.8/dist-packages (2.0.3)
Requirement already satisfied: pymongo in /usr/local/lib/python3.8/dist-packages (4.5.0)
Requirement already satisfied: sqlalchemy in /usr/local/lib/python3.8/dist-packages (2.0.23)
Requirement already satisfied: python-dateutil>=2.8.2 in /usr/local/lib/python3.8/dist-packages (from pandas) (2.8.2)
Requirement already satisfied: tzdata>=2022.1 in /usr/local/lib/python3.8/dist-packages (from pandas) (2023.3)
Requirement already satisfied: pytz>=2020.1 in /usr/local/lib/python3.8/dist-packages (from pandas) (2023.3.post1)
Requirement already satisfied: numpy>=1.20.3; python_version < "3.10" in /usr/local/lib/python3.8/dist-packages (from pandas) (1.24.4)
Requirement already satisfied: dnspython<3.0.0,>=1.16.0 in /usr/local/lib/python3.8/dist-packages (from pymongo) (2.4.2)
Requirement already satisfied: greenlet!=0.4.17; platform_machine == "aarch64" or (platform_machine == "ppc64le" or (platform_machine == "x86_64" or (platform_machine == "amd64" or (platform_machine == "AMD64" or (platform_machine == "win32" or platform_machine == "WIN32"))))) in /usr/local/lib/python3.8/dist-packages (from sqlalchemy) (3.0.1)
Requirement already satisfied: typing-extensions>=4.2.0 in /usr/local/lib/python3.8/dist-packages (from sqlalchemy) (4.8.0)
Requirement already satisfied: six>=1.5 in /usr/local/lib/python3.8/dist-packages (from python-dateutil>=2.8.2->pandas) (1.16.0)
Running /platform/source/s01/v1_9/m01010101/m01010101_q2_t0.sh
Requirement already satisfied: pandas in /usr/local/lib/python3.8/dist-packages (2.0.3)
Requirement already satisfied: pymongo in /usr/local/lib/python3.8/dist-packages (4.5.0)
Requirement already satisfied: mysql-connector-python in /usr/local/lib/python3.8/dist-packages (8.2.0)
Requirement already satisfied: sqlalchemy in /usr/local/lib/python3.8/dist-packages (2.0.23)
Requirement already satisfied: numpy>=1.20.3; python_version < "3.10" in /usr/local/lib/python3.8/dist-packages (from pandas) (1.24.4)
Requirement already satisfied: tzdata>=2022.1 in /usr/local/lib/python3.8/dist-packages (from pandas) (2023.3)
Requirement already satisfied: pytz>=2020.1 in /usr/local/lib/python3.8/dist-packages (from pandas) (2023.3.post1)
Requirement already satisfied: python-dateutil>=2.8.2 in /usr/local/lib/python3.8/dist-packages (from pandas) (2.8.2)
Requirement already satisfied: dnspython<3.0.0,>=1.16.0 in /usr/local/lib/python3.8/dist-packages (from pymongo) (2.4.2)
Requirement already satisfied: protobuf<=4.21.12,>=4.21.1 in /usr/local/lib/python3.8/dist-packages (from mysql-connector-python) (4.21.12)
Requirement already satisfied: greenlet!=0.4.17; platform_machine == "aarch64" or (platform_machine == "ppc64le" or (platform_machine == "x86_64" or (platform_machine == "amd64" or (platform_machine == "AMD64" or (platform_machine == "win32" or platform_machine == "WIN32"))))) in /usr/local/lib/python3.8/dist-packages (from sqlalchemy) (3.0.1)
Requirement already satisfied: typing-extensions>=4.2.0 in /usr/local/lib/python3.8/dist-packages (from sqlalchemy) (4.8.0)
Requirement already satisfied: six>=1.5 in /usr/local/lib/python3.8/dist-packages (from python-dateutil>=2.8.2->pandas) (1.16.0)
Running /platform/source/s01/v1_9/m01010101/m01010101_q2_t1.sh
Requirement already satisfied: PyMySQL in /usr/local/lib/python3.8/dist-packages (1.1.0)
Requirement already satisfied: pymongo in /usr/local/lib/python3.8/dist-packages (4.5.0)
Requirement already satisfied: dnspython<3.0.0,>=1.16.0 in /usr/local/lib/python3.8/dist-packages (from pymongo) (2.4.2)
Running /platform/source/s01/v1_9/m01010101/m01010101_q3_t0.sh
Requirement already satisfied: pandas in /usr/local/lib/python3.8/dist-packages (2.0.3)
Requirement already satisfied: pymongo in /usr/local/lib/python3.8/dist-packages (4.5.0)
Requirement already satisfied: sqlalchemy in /usr/local/lib/python3.8/dist-packages (2.0.23)
Requirement already satisfied: pymysql in /usr/local/lib/python3.8/dist-packages (1.1.0)
Requirement already satisfied: numpy>=1.20.3; python_version < "3.10" in /usr/local/lib/python3.8/dist-packages (from pandas) (1.24.4)
Requirement already satisfied: python-dateutil>=2.8.2 in /usr/local/lib/python3.8/dist-packages (from pandas) (2.8.2)
Requirement already satisfied: tzdata>=2022.1 in /usr/local/lib/python3.8/dist-packages (from pandas) (2023.3)
Requirement already satisfied: pytz>=2020.1 in /usr/local/lib/python3.8/dist-packages (from pandas) (2023.3.post1)
Requirement already satisfied: dnspython<3.0.0,>=1.16.0 in /usr/local/lib/python3.8/dist-packages (from pymongo) (2.4.2)
Requirement already satisfied: typing-extensions>=4.2.0 in /usr/local/lib/python3.8/dist-packages (from sqlalchemy) (4.8.0)
Requirement already satisfied: greenlet!=0.4.17; platform_machine == "aarch64" or (platform_machine == "ppc64le" or (platform_machine == "x86_64" or (platform_machine == "amd64" or (platform_machine == "AMD64" or (platform_machine == "win32" or platform_machine == "WIN32"))))) in /usr/local/lib/python3.8/dist-packages (from sqlalchemy) (3.0.1)
Requirement already satisfied: six>=1.5 in /usr/local/lib/python3.8/dist-packages (from python-dateutil>=2.8.2->pandas) (1.16.0)
Running /platform/source/s01/v1_9/m01010101/m01010101_q3_t1.sh
Requirement already satisfied: pymysql in /usr/local/lib/python3.8/dist-packages (1.1.0)
Requirement already satisfied: pymongo in /usr/local/lib/python3.8/dist-packages (4.5.0)
Requirement already satisfied: pandas in /usr/local/lib/python3.8/dist-packages (2.0.3)
Requirement already satisfied: dnspython<3.0.0,>=1.16.0 in /usr/local/lib/python3.8/dist-packages (from pymongo) (2.4.2)
Requirement already satisfied: numpy>=1.20.3; python_version < "3.10" in /usr/local/lib/python3.8/dist-packages (from pandas) (1.24.4)
Requirement already satisfied: pytz>=2020.1 in /usr/local/lib/python3.8/dist-packages (from pandas) (2023.3.post1)
Requirement already satisfied: tzdata>=2022.1 in /usr/local/lib/python3.8/dist-packages (from pandas) (2023.3)
Requirement already satisfied: python-dateutil>=2.8.2 in /usr/local/lib/python3.8/dist-packages (from pandas) (2.8.2)
Requirement already satisfied: six>=1.5 in /usr/local/lib/python3.8/dist-packages (from python-dateutil>=2.8.2->pandas) (1.16.0)
Running /platform/source/s01/v1_9/m01010101/m01010101_q4_t0.sh
Requirement already satisfied: mysql-connector-python in /usr/local/lib/python3.8/dist-packages (8.2.0)
Requirement already satisfied: pandas in /usr/local/lib/python3.8/dist-packages (2.0.3)
Requirement already satisfied: pymongo in /usr/local/lib/python3.8/dist-packages (4.5.0)
Requirement already satisfied: protobuf<=4.21.12,>=4.21.1 in /usr/local/lib/python3.8/dist-packages (from mysql-connector-python) (4.21.12)
Requirement already satisfied: tzdata>=2022.1 in /usr/local/lib/python3.8/dist-packages (from pandas) (2023.3)
Requirement already satisfied: python-dateutil>=2.8.2 in /usr/local/lib/python3.8/dist-packages (from pandas) (2.8.2)
Requirement already satisfied: pytz>=2020.1 in /usr/local/lib/python3.8/dist-packages (from pandas) (2023.3.post1)
Requirement already satisfied: numpy>=1.20.3; python_version < "3.10" in /usr/local/lib/python3.8/dist-packages (from pandas) (1.24.4)
Requirement already satisfied: dnspython<3.0.0,>=1.16.0 in /usr/local/lib/python3.8/dist-packages (from pymongo) (2.4.2)
Requirement already satisfied: six>=1.5 in /usr/local/lib/python3.8/dist-packages (from python-dateutil>=2.8.2->pandas) (1.16.0)
Running /platform/source/s01/v1_9/m01010101/m01010101_q4_t1.sh
Requirement already satisfied: pymysql in /usr/local/lib/python3.8/dist-packages (1.1.0)
Requirement already satisfied: pandas in /usr/local/lib/python3.8/dist-packages (2.0.3)
Requirement already satisfied: pymongo in /usr/local/lib/python3.8/dist-packages (4.5.0)
Collecting json_normalize
  Downloading json_normalize-1.0.1-py3-none-any.whl (6.6 kB)
Requirement already satisfied: numpy>=1.20.3; python_version < "3.10" in /usr/local/lib/python3.8/dist-packages (from pandas) (1.24.4)
Requirement already satisfied: python-dateutil>=2.8.2 in /usr/local/lib/python3.8/dist-packages (from pandas) (2.8.2)
Requirement already satisfied: pytz>=2020.1 in /usr/local/lib/python3.8/dist-packages (from pandas) (2023.3.post1)
Requirement already satisfied: tzdata>=2022.1 in /usr/local/lib/python3.8/dist-packages (from pandas) (2023.3)
Requirement already satisfied: dnspython<3.0.0,>=1.16.0 in /usr/local/lib/python3.8/dist-packages (from pymongo) (2.4.2)
Requirement already satisfied: six>=1.5 in /usr/local/lib/python3.8/dist-packages (from python-dateutil>=2.8.2->pandas) (1.16.0)
Installing collected packages: json-normalize
Successfully installed json-normalize-1.0.1
Running /platform/source/s01/v1_9/m01010101/m01010101_q5_t0.sh
Requirement already satisfied: mysql-connector-python in /usr/local/lib/python3.8/dist-packages (8.2.0)
Requirement already satisfied: pymongo in /usr/local/lib/python3.8/dist-packages (4.5.0)
Requirement already satisfied: protobuf<=4.21.12,>=4.21.1 in /usr/local/lib/python3.8/dist-packages (from mysql-connector-python) (4.21.12)
Requirement already satisfied: dnspython<3.0.0,>=1.16.0 in /usr/local/lib/python3.8/dist-packages (from pymongo) (2.4.2)
Running /platform/source/s01/v1_9/m01010101/m01010101_q5_t1.sh
Requirement already satisfied: pandas in /usr/local/lib/python3.8/dist-packages (2.0.3)
Requirement already satisfied: mysql-connector-python in /usr/local/lib/python3.8/dist-packages (8.2.0)
Requirement already satisfied: pymongo in /usr/local/lib/python3.8/dist-packages (4.5.0)
Requirement already satisfied: tzdata>=2022.1 in /usr/local/lib/python3.8/dist-packages (from pandas) (2023.3)
Requirement already satisfied: numpy>=1.20.3; python_version < "3.10" in /usr/local/lib/python3.8/dist-packages (from pandas) (1.24.4)
Requirement already satisfied: pytz>=2020.1 in /usr/local/lib/python3.8/dist-packages (from pandas) (2023.3.post1)
Requirement already satisfied: python-dateutil>=2.8.2 in /usr/local/lib/python3.8/dist-packages (from pandas) (2.8.2)
Requirement already satisfied: protobuf<=4.21.12,>=4.21.1 in /usr/local/lib/python3.8/dist-packages (from mysql-connector-python) (4.21.12)
Requirement already satisfied: dnspython<3.0.0,>=1.16.0 in /usr/local/lib/python3.8/dist-packages (from pymongo) (2.4.2)
Requirement already satisfied: six>=1.5 in /usr/local/lib/python3.8/dist-packages (from python-dateutil>=2.8.2->pandas) (1.16.0)
Running /platform/source/s01/v1_9/m01010101/m01010101_q6_t0.sh
Requirement already satisfied: pymongo in /usr/local/lib/python3.8/dist-packages (4.5.0)
Requirement already satisfied: pymysql in /usr/local/lib/python3.8/dist-packages (1.1.0)
Requirement already satisfied: pandas in /usr/local/lib/python3.8/dist-packages (2.0.3)
Requirement already satisfied: dnspython<3.0.0,>=1.16.0 in /usr/local/lib/python3.8/dist-packages (from pymongo) (2.4.2)
Requirement already satisfied: python-dateutil>=2.8.2 in /usr/local/lib/python3.8/dist-packages (from pandas) (2.8.2)
Requirement already satisfied: numpy>=1.20.3; python_version < "3.10" in /usr/local/lib/python3.8/dist-packages (from pandas) (1.24.4)
Requirement already satisfied: tzdata>=2022.1 in /usr/local/lib/python3.8/dist-packages (from pandas) (2023.3)
Requirement already satisfied: pytz>=2020.1 in /usr/local/lib/python3.8/dist-packages (from pandas) (2023.3.post1)
Requirement already satisfied: six>=1.5 in /usr/local/lib/python3.8/dist-packages (from python-dateutil>=2.8.2->pandas) (1.16.0)
Running /platform/source/s01/v1_9/m01010101/m01010101_q6_t1.sh
Requirement already satisfied: pymongo in /usr/local/lib/python3.8/dist-packages (4.5.0)
Requirement already satisfied: mysql-connector-python in /usr/local/lib/python3.8/dist-packages (8.2.0)
Requirement already satisfied: dnspython<3.0.0,>=1.16.0 in /usr/local/lib/python3.8/dist-packages (from pymongo) (2.4.2)
Requirement already satisfied: protobuf<=4.21.12,>=4.21.1 in /usr/local/lib/python3.8/dist-packages (from mysql-connector-python) (4.21.12)
Running /platform/source/s01/v1_9/m01010101/m01010101_q7_t0.sh
Requirement already satisfied: pandas in /usr/local/lib/python3.8/dist-packages (2.0.3)
Requirement already satisfied: mysql-connector-python in /usr/local/lib/python3.8/dist-packages (8.2.0)
Requirement already satisfied: sqlalchemy in /usr/local/lib/python3.8/dist-packages (2.0.23)
Collecting pymssql
  Downloading pymssql-2.2.10.tar.gz (171 kB)
[?25l[K     |â–ˆâ–ˆ                              | 10 kB 11.2 MB/s eta 0:00:01[K     |â–ˆâ–ˆâ–ˆâ–‰                            | 20 kB 3.1 MB/s eta 0:00:01[K     |â–ˆâ–ˆâ–ˆâ–ˆâ–ˆâ–Š                          | 30 kB 4.4 MB/s eta 0:00:01[K     |â–ˆâ–ˆâ–ˆâ–ˆâ–ˆâ–ˆâ–ˆâ–‹                        | 40 kB 3.2 MB/s eta 0:00:01[K     |â–ˆâ–ˆâ–ˆâ–ˆâ–ˆâ–ˆâ–ˆâ–ˆâ–ˆâ–‹                      | 51 kB 2.8 MB/s eta 0:00:01[K     |â–ˆâ–ˆâ–ˆâ–ˆâ–ˆâ–ˆâ–ˆâ–ˆâ–ˆâ–ˆâ–ˆâ–Œ                    | 61 kB 3.3 MB/s eta 0:00:01[K     |â–ˆâ–ˆâ–ˆâ–ˆâ–ˆâ–ˆâ–ˆâ–ˆâ–ˆâ–ˆâ–ˆâ–ˆâ–ˆâ–                  | 71 kB 3.4 MB/s eta 0:00:01[K     |â–ˆâ–ˆâ–ˆâ–ˆâ–ˆâ–ˆâ–ˆâ–ˆâ–ˆâ–ˆâ–ˆâ–ˆâ–ˆâ–ˆâ–ˆâ–Ž                | 81 kB 3.5 MB/s eta 0:00:01[K     |â–ˆâ–ˆâ–ˆâ–ˆâ–ˆâ–ˆâ–ˆâ–ˆâ–ˆâ–ˆâ–ˆâ–ˆâ–ˆâ–ˆâ–ˆâ–ˆâ–ˆâ–Ž              | 92 kB 3.9 MB/s eta 0:00:01[K     |â–ˆâ–ˆâ–ˆâ–ˆâ–ˆâ–ˆâ–ˆâ–ˆâ–ˆâ–ˆâ–ˆâ–ˆâ–ˆâ–ˆâ–ˆâ–ˆâ–ˆâ–ˆâ–ˆâ–            | 102 kB 4.2 MB/s eta 0:00:01[K     |â–ˆâ–ˆâ–ˆâ–ˆâ–ˆâ–ˆâ–ˆâ–ˆâ–ˆâ–ˆâ–ˆâ–ˆâ–ˆâ–ˆâ–ˆâ–ˆâ–ˆâ–ˆâ–ˆâ–ˆâ–ˆ           | 112 kB 4.2 MB/s eta 0:00:01[K     |â–ˆâ–ˆâ–ˆâ–ˆâ–ˆâ–ˆâ–ˆâ–ˆâ–ˆâ–ˆâ–ˆâ–ˆâ–ˆâ–ˆâ–ˆâ–ˆâ–ˆâ–ˆâ–ˆâ–ˆâ–ˆâ–ˆâ–ˆ         | 122 kB 4.2 MB/s eta 0:00:01[K     |â–ˆâ–ˆâ–ˆâ–ˆâ–ˆâ–ˆâ–ˆâ–ˆâ–ˆâ–ˆâ–ˆâ–ˆâ–ˆâ–ˆâ–ˆâ–ˆâ–ˆâ–ˆâ–ˆâ–ˆâ–ˆâ–ˆâ–ˆâ–ˆâ–‰       | 133 kB 4.2 MB/s eta 0:00:01[K     |â–ˆâ–ˆâ–ˆâ–ˆâ–ˆâ–ˆâ–ˆâ–ˆâ–ˆâ–ˆâ–ˆâ–ˆâ–ˆâ–ˆâ–ˆâ–ˆâ–ˆâ–ˆâ–ˆâ–ˆâ–ˆâ–ˆâ–ˆâ–ˆâ–ˆâ–ˆâ–‰     | 143 kB 4.2 MB/s eta 0:00:01[K     |â–ˆâ–ˆâ–ˆâ–ˆâ–ˆâ–ˆâ–ˆâ–ˆâ–ˆâ–ˆâ–ˆâ–ˆâ–ˆâ–ˆâ–ˆâ–ˆâ–ˆâ–ˆâ–ˆâ–ˆâ–ˆâ–ˆâ–ˆâ–ˆâ–ˆâ–ˆâ–ˆâ–ˆâ–Š   | 153 kB 4.2 MB/s eta 0:00:01[K     |â–ˆâ–ˆâ–ˆâ–ˆâ–ˆâ–ˆâ–ˆâ–ˆâ–ˆâ–ˆâ–ˆâ–ˆâ–ˆâ–ˆâ–ˆâ–ˆâ–ˆâ–ˆâ–ˆâ–ˆâ–ˆâ–ˆâ–ˆâ–ˆâ–ˆâ–ˆâ–ˆâ–ˆâ–ˆâ–ˆâ–‹ | 163 kB 4.2 MB/s eta 0:00:01[K     |â–ˆâ–ˆâ–ˆâ–ˆâ–ˆâ–ˆâ–ˆâ–ˆâ–ˆâ–ˆâ–ˆâ–ˆâ–ˆâ–ˆâ–ˆâ–ˆâ–ˆâ–ˆâ–ˆâ–ˆâ–ˆâ–ˆâ–ˆâ–ˆâ–ˆâ–ˆâ–ˆâ–ˆâ–ˆâ–ˆâ–ˆâ–ˆ| 171 kB 4.2 MB/s 
[?25h  Installing build dependencies ... [?25l- \ | / - \ | done
[?25h  Getting requirements to build wheel ... [?25l- done
[?25h    Preparing wheel metadata ... [?25l- done
[?25hRequirement already satisfied: pymongo in /usr/local/lib/python3.8/dist-packages (4.5.0)
Requirement already satisfied: python-dateutil>=2.8.2 in /usr/local/lib/python3.8/dist-packages (from pandas) (2.8.2)
Requirement already satisfied: numpy>=1.20.3; python_version < "3.10" in /usr/local/lib/python3.8/dist-packages (from pandas) (1.24.4)
Requirement already satisfied: pytz>=2020.1 in /usr/local/lib/python3.8/dist-packages (from pandas) (2023.3.post1)
Requirement already satisfied: tzdata>=2022.1 in /usr/local/lib/python3.8/dist-packages (from pandas) (2023.3)
Requirement already satisfied: protobuf<=4.21.12,>=4.21.1 in /usr/local/lib/python3.8/dist-packages (from mysql-connector-python) (4.21.12)
Requirement already satisfied: greenlet!=0.4.17; platform_machine == "aarch64" or (platform_machine == "ppc64le" or (platform_machine == "x86_64" or (platform_machine == "amd64" or (platform_machine == "AMD64" or (platform_machine == "win32" or platform_machine == "WIN32"))))) in /usr/local/lib/python3.8/dist-packages (from sqlalchemy) (3.0.1)
Requirement already satisfied: typing-extensions>=4.2.0 in /usr/local/lib/python3.8/dist-packages (from sqlalchemy) (4.8.0)
Requirement already satisfied: dnspython<3.0.0,>=1.16.0 in /usr/local/lib/python3.8/dist-packages (from pymongo) (2.4.2)
Requirement already satisfied: six>=1.5 in /usr/local/lib/python3.8/dist-packages (from python-dateutil>=2.8.2->pandas) (1.16.0)
Building wheels for collected packages: pymssql
  Building wheel for pymssql (PEP 517) ... [?25l- \ error
[31m  ERROR: Command errored out with exit status 1:
   command: /usr/bin/python3 /tmp/tmpndnbkgkm build_wheel /tmp/tmp8hxahfvg
       cwd: /tmp/pip-install-l4ryo2r_/pymssql
  Complete output (33 lines):
  setup.py: platform.system() => Linux
  setup.py: platform.architecture() => ('64bit', 'ELF')
  setup.py: platform.libc_ver() => ('glibc', '2.31')
  setup.py: include_dirs => []
  setup.py: library_dirs => []
  running bdist_wheel
  running build
  running build_py
  creating build
  creating build/lib.linux-aarch64-cpython-38
  creating build/lib.linux-aarch64-cpython-38/pymssql
  copying src/pymssql/__init__.py -> build/lib.linux-aarch64-cpython-38/pymssql
  running build_ext
  Compiling src/pymssql/_mssql.pyx because it changed.
  [1/1] Cythonizing src/pymssql/_mssql.pyx
  building 'pymssql._mssql' extension
  creating build/temp.linux-aarch64-cpython-38
  creating build/temp.linux-aarch64-cpython-38/src
  creating build/temp.linux-aarch64-cpython-38/src/pymssql
  aarch64-linux-gnu-gcc -pthread -Wno-unused-result -Wsign-compare -DNDEBUG -g -fwrapv -O2 -Wall -g -fstack-protector-strong -Wformat -Werror=format-security -g -fwrapv -O2 -fPIC -I/usr/include/python3.8 -c src/pymssql/_mssql.c -o build/temp.linux-aarch64-cpython-38/src/pymssql/_mssql.o -DMSDBLIB
  src/pymssql/_mssql.c:1235:10: fatal error: sqlfront.h: No such file or directory
   1235 | #include "sqlfront.h"
        |          ^~~~~~~~~~~~
  compilation terminated.
  warning: src/pymssql/_mssql.pyx:82:0: The 'IF' statement is deprecated and will be removed in a future Cython version. Consider using runtime conditions or C macros instead. See https://github.com/cython/cython/issues/4310
  warning: src/pymssql/_mssql.pyx:264:4: The 'IF' statement is deprecated and will be removed in a future Cython version. Consider using runtime conditions or C macros instead. See https://github.com/cython/cython/issues/4310
  warning: src/pymssql/_mssql.pyx:333:4: The 'IF' statement is deprecated and will be removed in a future Cython version. Consider using runtime conditions or C macros instead. See https://github.com/cython/cython/issues/4310
  warning: src/pymssql/_mssql.pyx:831:8: The 'IF' statement is deprecated and will be removed in a future Cython version. Consider using runtime conditions or C macros instead. See https://github.com/cython/cython/issues/4310
  warning: src/pymssql/_mssql.pyx:919:8: The 'IF' statement is deprecated and will be removed in a future Cython version. Consider using runtime conditions or C macros instead. See https://github.com/cython/cython/issues/4310
  warning: src/pymssql/_mssql.pyx:1005:12: The 'IF' statement is deprecated and will be removed in a future Cython version. Consider using runtime conditions or C macros instead. See https://github.com/cython/cython/issues/4310
  warning: src/pymssql/_mssql.pyx:1379:16: The 'IF' statement is deprecated and will be removed in a future Cython version. Consider using runtime conditions or C macros instead. See https://github.com/cython/cython/issues/4310
  warning: src/pymssql/_mssql.pyx:1713:8: The 'IF' statement is deprecated and will be removed in a future Cython version. Consider using runtime conditions or C macros instead. See https://github.com/cython/cython/issues/4310
  error: command '/usr/bin/aarch64-linux-gnu-gcc' failed with exit code 1
  ----------------------------------------[0m
[31m  ERROR: Failed building wheel for pymssql[0m
[?25hFailed to build pymssql
[31mERROR: Could not build wheels for pymssql which use PEP 517 and cannot be installed directly[0m
Running /platform/source/s01/v1_9/m01010101/m01010101_q7_t1.sh
Requirement already satisfied: pandas in /usr/local/lib/python3.8/dist-packages (2.0.3)
Requirement already satisfied: numpy in /usr/local/lib/python3.8/dist-packages (1.24.4)
Requirement already satisfied: mysql-connector-python in /usr/local/lib/python3.8/dist-packages (8.2.0)
Requirement already satisfied: pymongo in /usr/local/lib/python3.8/dist-packages (4.5.0)
Requirement already satisfied: tzdata>=2022.1 in /usr/local/lib/python3.8/dist-packages (from pandas) (2023.3)
Requirement already satisfied: python-dateutil>=2.8.2 in /usr/local/lib/python3.8/dist-packages (from pandas) (2.8.2)
Requirement already satisfied: pytz>=2020.1 in /usr/local/lib/python3.8/dist-packages (from pandas) (2023.3.post1)
Requirement already satisfied: protobuf<=4.21.12,>=4.21.1 in /usr/local/lib/python3.8/dist-packages (from mysql-connector-python) (4.21.12)
Requirement already satisfied: dnspython<3.0.0,>=1.16.0 in /usr/local/lib/python3.8/dist-packages (from pymongo) (2.4.2)
Requirement already satisfied: six>=1.5 in /usr/local/lib/python3.8/dist-packages (from python-dateutil>=2.8.2->pandas) (1.16.0)
Running /platform/source/s01/v1_9/m01010101/m01010101_q8_t0.sh
Requirement already satisfied: pandas in /usr/local/lib/python3.8/dist-packages (2.0.3)
Requirement already satisfied: numpy in /usr/local/lib/python3.8/dist-packages (1.24.4)
Requirement already satisfied: mysql-connector-python in /usr/local/lib/python3.8/dist-packages (8.2.0)
Requirement already satisfied: pymongo in /usr/local/lib/python3.8/dist-packages (4.5.0)
Requirement already satisfied: python-dateutil>=2.8.2 in /usr/local/lib/python3.8/dist-packages (from pandas) (2.8.2)
Requirement already satisfied: tzdata>=2022.1 in /usr/local/lib/python3.8/dist-packages (from pandas) (2023.3)
Requirement already satisfied: pytz>=2020.1 in /usr/local/lib/python3.8/dist-packages (from pandas) (2023.3.post1)
Requirement already satisfied: protobuf<=4.21.12,>=4.21.1 in /usr/local/lib/python3.8/dist-packages (from mysql-connector-python) (4.21.12)
Requirement already satisfied: dnspython<3.0.0,>=1.16.0 in /usr/local/lib/python3.8/dist-packages (from pymongo) (2.4.2)
Requirement already satisfied: six>=1.5 in /usr/local/lib/python3.8/dist-packages (from python-dateutil>=2.8.2->pandas) (1.16.0)
Running /platform/source/s01/v1_9/m01010101/m01010101_q8_t1.sh
Requirement already satisfied: mysql-connector-python in /usr/local/lib/python3.8/dist-packages (8.2.0)
Requirement already satisfied: pymongo in /usr/local/lib/python3.8/dist-packages (4.5.0)
Requirement already satisfied: pandas in /usr/local/lib/python3.8/dist-packages (2.0.3)
Requirement already satisfied: protobuf<=4.21.12,>=4.21.1 in /usr/local/lib/python3.8/dist-packages (from mysql-connector-python) (4.21.12)
Requirement already satisfied: dnspython<3.0.0,>=1.16.0 in /usr/local/lib/python3.8/dist-packages (from pymongo) (2.4.2)
Requirement already satisfied: pytz>=2020.1 in /usr/local/lib/python3.8/dist-packages (from pandas) (2023.3.post1)
Requirement already satisfied: tzdata>=2022.1 in /usr/local/lib/python3.8/dist-packages (from pandas) (2023.3)
Requirement already satisfied: python-dateutil>=2.8.2 in /usr/local/lib/python3.8/dist-packages (from pandas) (2.8.2)
Requirement already satisfied: numpy>=1.20.3; python_version < "3.10" in /usr/local/lib/python3.8/dist-packages (from pandas) (1.24.4)
Requirement already satisfied: six>=1.5 in /usr/local/lib/python3.8/dist-packages (from python-dateutil>=2.8.2->pandas) (1.16.0)
Running /platform/source/s01/v1_9/m01010101/m01010101_q9_t0.sh
Requirement already satisfied: mysql-connector-python in /usr/local/lib/python3.8/dist-packages (8.2.0)
Requirement already satisfied: pandas in /usr/local/lib/python3.8/dist-packages (2.0.3)
Requirement already satisfied: pymongo in /usr/local/lib/python3.8/dist-packages (4.5.0)
Collecting python-dotenv
  Downloading python_dotenv-1.0.0-py3-none-any.whl (19 kB)
Requirement already satisfied: sqlalchemy in /usr/local/lib/python3.8/dist-packages (2.0.23)
Requirement already satisfied: protobuf<=4.21.12,>=4.21.1 in /usr/local/lib/python3.8/dist-packages (from mysql-connector-python) (4.21.12)
Requirement already satisfied: python-dateutil>=2.8.2 in /usr/local/lib/python3.8/dist-packages (from pandas) (2.8.2)
Requirement already satisfied: pytz>=2020.1 in /usr/local/lib/python3.8/dist-packages (from pandas) (2023.3.post1)
Requirement already satisfied: tzdata>=2022.1 in /usr/local/lib/python3.8/dist-packages (from pandas) (2023.3)
Requirement already satisfied: numpy>=1.20.3; python_version < "3.10" in /usr/local/lib/python3.8/dist-packages (from pandas) (1.24.4)
Requirement already satisfied: dnspython<3.0.0,>=1.16.0 in /usr/local/lib/python3.8/dist-packages (from pymongo) (2.4.2)
Requirement already satisfied: typing-extensions>=4.2.0 in /usr/local/lib/python3.8/dist-packages (from sqlalchemy) (4.8.0)
Requirement already satisfied: greenlet!=0.4.17; platform_machine == "aarch64" or (platform_machine == "ppc64le" or (platform_machine == "x86_64" or (platform_machine == "amd64" or (platform_machine == "AMD64" or (platform_machine == "win32" or platform_machine == "WIN32"))))) in /usr/local/lib/python3.8/dist-packages (from sqlalchemy) (3.0.1)
Requirement already satisfied: six>=1.5 in /usr/local/lib/python3.8/dist-packages (from python-dateutil>=2.8.2->pandas) (1.16.0)
Installing collected packages: python-dotenv
Successfully installed python-dotenv-1.0.0
Running /platform/source/s01/v1_9/m01010101/m01010101_q9_t1.sh
Requirement already satisfied: pandas in /usr/local/lib/python3.8/dist-packages (2.0.3)
Requirement already satisfied: pymongo in /usr/local/lib/python3.8/dist-packages (4.5.0)
Requirement already satisfied: sqlalchemy in /usr/local/lib/python3.8/dist-packages (2.0.23)
Requirement already satisfied: mysql-connector-python in /usr/local/lib/python3.8/dist-packages (8.2.0)
Requirement already satisfied: tzdata>=2022.1 in /usr/local/lib/python3.8/dist-packages (from pandas) (2023.3)
Requirement already satisfied: numpy>=1.20.3; python_version < "3.10" in /usr/local/lib/python3.8/dist-packages (from pandas) (1.24.4)
Requirement already satisfied: python-dateutil>=2.8.2 in /usr/local/lib/python3.8/dist-packages (from pandas) (2.8.2)
Requirement already satisfied: pytz>=2020.1 in /usr/local/lib/python3.8/dist-packages (from pandas) (2023.3.post1)
Requirement already satisfied: dnspython<3.0.0,>=1.16.0 in /usr/local/lib/python3.8/dist-packages (from pymongo) (2.4.2)
Requirement already satisfied: typing-extensions>=4.2.0 in /usr/local/lib/python3.8/dist-packages (from sqlalchemy) (4.8.0)
Requirement already satisfied: greenlet!=0.4.17; platform_machine == "aarch64" or (platform_machine == "ppc64le" or (platform_machine == "x86_64" or (platform_machine == "amd64" or (platform_machine == "AMD64" or (platform_machine == "win32" or platform_machine == "WIN32"))))) in /usr/local/lib/python3.8/dist-packages (from sqlalchemy) (3.0.1)
Requirement already satisfied: protobuf<=4.21.12,>=4.21.1 in /usr/local/lib/python3.8/dist-packages (from mysql-connector-python) (4.21.12)
Requirement already satisfied: six>=1.5 in /usr/local/lib/python3.8/dist-packages (from python-dateutil>=2.8.2->pandas) (1.16.0)
python /grader.py /platform/source/s01/v1_9/m01010101/m01010101_q10_t0.py /platform/output/m01010101/m01010101_q10_t0.csv /platform/expected/s01/q10.csv
Traceback (most recent call last):
  File "/platform/source/s01/v1_9/m01010101/m01010101_q10_t0.py", line 4, in <module>
    from pandas.io.json import json_normalize
ImportError: cannot import name 'json_normalize' from 'pandas.io.json' (/usr/local/lib/python3.8/dist-packages/pandas/io/json/__init__.py)
Score.fail_missing_output
python /grader.py /platform/source/s01/v1_9/m01010101/m01010101_q10_t1.py /platform/output/m01010101/m01010101_q10_t1.csv /platform/expected/s01/q10.csv
Traceback (most recent call last):
  File "/platform/source/s01/v1_9/m01010101/m01010101_q10_t1.py", line 5, in <module>
    from pandas.io.json import json_normalize
ImportError: cannot import name 'json_normalize' from 'pandas.io.json' (/usr/local/lib/python3.8/dist-packages/pandas/io/json/__init__.py)
Score.fail_missing_output
python /grader.py /platform/source/s01/v1_9/m01010101/m01010101_q11_t0.py /platform/output/m01010101/m01010101_q11_t0.csv /platform/expected/s01/q11.csv
Traceback (most recent call last):
  File "/platform/source/s01/v1_9/m01010101/m01010101_q11_t0.py", line 10, in <module>
    supplier = pd.DataFrame(list(db_mongo.supplier.find()))
  File "/usr/local/lib/python3.8/dist-packages/pymongo/cursor.py", line 1262, in next
    if len(self.__data) or self._refresh():
  File "/usr/local/lib/python3.8/dist-packages/pymongo/cursor.py", line 1153, in _refresh
    self.__session = self.__collection.database.client._ensure_session()
  File "/usr/local/lib/python3.8/dist-packages/pymongo/mongo_client.py", line 1868, in _ensure_session
    return self.__start_session(True, causal_consistency=False)
  File "/usr/local/lib/python3.8/dist-packages/pymongo/mongo_client.py", line 1811, in __start_session
    self._topology._check_implicit_session_support()
  File "/usr/local/lib/python3.8/dist-packages/pymongo/topology.py", line 583, in _check_implicit_session_support
    self._check_session_support()
  File "/usr/local/lib/python3.8/dist-packages/pymongo/topology.py", line 599, in _check_session_support
    self._select_servers_loop(
  File "/usr/local/lib/python3.8/dist-packages/pymongo/topology.py", line 269, in _select_servers_loop
    raise ServerSelectionTimeoutError(
pymongo.errors.ServerSelectionTimeoutError: localhost:27017: [Errno 111] Connection refused, Timeout: 30s, Topology Description: <TopologyDescription id: 65456823ea1da9369c3a632e, topology_type: Unknown, servers: [<ServerDescription ('localhost', 27017) server_type: Unknown, rtt: None, error=AutoReconnect('localhost:27017: [Errno 111] Connection refused')>]>
Score.fail_missing_output
python /grader.py /platform/source/s01/v1_9/m01010101/m01010101_q11_t1.py /platform/output/m01010101/m01010101_q11_t1.csv /platform/expected/s01/q11.csv
Traceback (most recent call last):
  File "/platform/source/s01/v1_9/m01010101/m01010101_q11_t1.py", line 5, in <module>
    mysql_conn = pymysql.connect(
  File "/usr/local/lib/python3.8/dist-packages/pymysql/connections.py", line 358, in __init__
    self.connect()
  File "/usr/local/lib/python3.8/dist-packages/pymysql/connections.py", line 664, in connect
    self._request_authentication()
  File "/usr/local/lib/python3.8/dist-packages/pymysql/connections.py", line 976, in _request_authentication
    auth_packet = _auth.caching_sha2_password_auth(self, auth_packet)
  File "/usr/local/lib/python3.8/dist-packages/pymysql/_auth.py", line 266, in caching_sha2_password_auth
    data = sha2_rsa_encrypt(conn.password, conn.salt, conn.server_public_key)
  File "/usr/local/lib/python3.8/dist-packages/pymysql/_auth.py", line 143, in sha2_rsa_encrypt
    raise RuntimeError(
RuntimeError: 'cryptography' package is required for sha256_password or caching_sha2_password auth methods
Score.fail_missing_output
python /grader.py /platform/source/s01/v1_9/m01010101/m01010101_q12_t0.py /platform/output/m01010101/m01010101_q12_t0.csv /platform/expected/s01/q12.csv
Traceback (most recent call last):
  File "/platform/source/s01/v1_9/m01010101/m01010101_q12_t0.py", line 4, in <module>
    from pandas.io.json import json_normalize
ImportError: cannot import name 'json_normalize' from 'pandas.io.json' (/usr/local/lib/python3.8/dist-packages/pandas/io/json/__init__.py)
Score.fail_missing_output
python /grader.py /platform/source/s01/v1_9/m01010101/m01010101_q12_t1.py /platform/output/m01010101/m01010101_q12_t1.csv /platform/expected/s01/q12.csv
Traceback (most recent call last):
  File "/platform/source/s01/v1_9/m01010101/m01010101_q12_t1.py", line 21, in <module>
    cursor.execute("SELECT * FROM ORDERS")
  File "/usr/local/lib/python3.8/dist-packages/mysql/connector/cursor.py", line 617, in execute
    self._handle_result(self._connection.cmd_query(stmt))
  File "/usr/local/lib/python3.8/dist-packages/mysql/connector/opentelemetry/context_propagation.py", line 77, in wrapper
    return method(cnx, *args, **kwargs)
  File "/usr/local/lib/python3.8/dist-packages/mysql/connector/connection.py", line 843, in cmd_query
    result = self._handle_result(self._send_cmd(ServerCmd.QUERY, query))
  File "/usr/local/lib/python3.8/dist-packages/mysql/connector/connection.py", line 620, in _handle_result
    raise get_exception(packet)
mysql.connector.errors.ProgrammingError: 1146 (42S02): Table 'tpch.ORDERS' doesn't exist
Score.fail_missing_output
python /grader.py /platform/source/s01/v1_9/m01010101/m01010101_q13_t0.py /platform/output/m01010101/m01010101_q13_t0.csv /platform/expected/s01/q13.csv
Traceback (most recent call last):
  File "/platform/source/s01/v1_9/m01010101/m01010101_q13_t0.py", line 24, in <module>
    mysql_cursor.execute("SELECT * FROM ORDERS")
  File "/usr/local/lib/python3.8/dist-packages/mysql/connector/cursor.py", line 617, in execute
    self._handle_result(self._connection.cmd_query(stmt))
  File "/usr/local/lib/python3.8/dist-packages/mysql/connector/opentelemetry/context_propagation.py", line 77, in wrapper
    return method(cnx, *args, **kwargs)
  File "/usr/local/lib/python3.8/dist-packages/mysql/connector/connection.py", line 843, in cmd_query
    result = self._handle_result(self._send_cmd(ServerCmd.QUERY, query))
  File "/usr/local/lib/python3.8/dist-packages/mysql/connector/connection.py", line 620, in _handle_result
    raise get_exception(packet)
mysql.connector.errors.ProgrammingError: 1146 (42S02): Table 'tpch.ORDERS' doesn't exist
Score.fail_missing_output
python /grader.py /platform/source/s01/v1_9/m01010101/m01010101_q13_t1.py /platform/output/m01010101/m01010101_q13_t1.csv /platform/expected/s01/q13.csv
Traceback (most recent call last):
  File "/platform/source/s01/v1_9/m01010101/m01010101_q13_t1.py", line 7, in <module>
    engine = create_engine('mysql://root:my-secret-pw@mysql:3306/tpch')
  File "<string>", line 2, in create_engine
  File "/usr/local/lib/python3.8/dist-packages/sqlalchemy/util/deprecations.py", line 281, in warned
    return fn(*args, **kwargs)  # type: ignore[no-any-return]
  File "/usr/local/lib/python3.8/dist-packages/sqlalchemy/engine/create.py", line 601, in create_engine
    dbapi = dbapi_meth(**dbapi_args)
  File "/usr/local/lib/python3.8/dist-packages/sqlalchemy/dialects/mysql/mysqldb.py", line 152, in import_dbapi
    return __import__("MySQLdb")
ModuleNotFoundError: No module named 'MySQLdb'
Score.fail_missing_output
python /grader.py /platform/source/s01/v1_9/m01010101/m01010101_q14_t0.py /platform/output/m01010101/m01010101_q14_t0.csv /platform/expected/s01/q14.csv
Traceback (most recent call last):
  File "/platform/source/s01/v1_9/m01010101/m01010101_q14_t0.py", line 49, in <module>
    compute('query_output.csv')
  File "/platform/source/s01/v1_9/m01010101/m01010101_q14_t0.py", line 33, in compute
    merged_data = pd.merge(lineitem_data, part_data, how='inner', left_on='L_PARTKEY', right_on='P_PARTKEY')
  File "/usr/local/lib/python3.8/dist-packages/pandas/core/reshape/merge.py", line 148, in merge
    op = _MergeOperation(
  File "/usr/local/lib/python3.8/dist-packages/pandas/core/reshape/merge.py", line 737, in __init__
    ) = self._get_merge_keys()
  File "/usr/local/lib/python3.8/dist-packages/pandas/core/reshape/merge.py", line 1203, in _get_merge_keys
    right_keys.append(right._get_label_or_level_values(rk))
  File "/usr/local/lib/python3.8/dist-packages/pandas/core/generic.py", line 1778, in _get_label_or_level_values
    raise KeyError(key)
KeyError: 'P_PARTKEY'
Score.fail_missing_output
python /grader.py /platform/source/s01/v1_9/m01010101/m01010101_q14_t1.py /platform/output/m01010101/m01010101_q14_t1.csv /platform/expected/s01/q14.csv
Score.fail_missing_output
python /grader.py /platform/source/s01/v1_9/m01010101/m01010101_q15_t0.py /platform/output/m01010101/m01010101_q15_t0.csv /platform/expected/s01/q15.csv
Traceback (most recent call last):
  File "/platform/source/s01/v1_9/m01010101/m01010101_q15_t0.py", line 41, in <module>
    cursor.execute(query)
  File "/usr/local/lib/python3.8/dist-packages/mysql/connector/cursor.py", line 617, in execute
    self._handle_result(self._connection.cmd_query(stmt))
  File "/usr/local/lib/python3.8/dist-packages/mysql/connector/opentelemetry/context_propagation.py", line 77, in wrapper
    return method(cnx, *args, **kwargs)
  File "/usr/local/lib/python3.8/dist-packages/mysql/connector/connection.py", line 843, in cmd_query
    result = self._handle_result(self._send_cmd(ServerCmd.QUERY, query))
  File "/usr/local/lib/python3.8/dist-packages/mysql/connector/connection.py", line 620, in _handle_result
    raise get_exception(packet)
mysql.connector.errors.ProgrammingError: 1146 (42S02): Table 'tpch.supplier' doesn't exist
Score.fail_missing_output
python /grader.py /platform/source/s01/v1_9/m01010101/m01010101_q15_t1.py /platform/output/m01010101/m01010101_q15_t1.csv /platform/expected/s01/q15.csv
Traceback (most recent call last):
  File "/platform/source/s01/v1_9/m01010101/m01010101_q15_t1.py", line 1, in <module>
    import pyodbc
ImportError: libodbc.so.2: cannot open shared object file: No such file or directory
Score.fail_missing_output
python /grader.py /platform/source/s01/v1_9/m01010101/m01010101_q16_t0.py /platform/output/m01010101/m01010101_q16_t0.csv /platform/expected/s01/q16.csv
Traceback (most recent call last):
  File "/platform/source/s01/v1_9/m01010101/m01010101_q16_t0.py", line 22, in <module>
    excluded_suppkeys = [item['S_SUPPKEY'] for item in subquery_result]
  File "/platform/source/s01/v1_9/m01010101/m01010101_q16_t0.py", line 22, in <listcomp>
    excluded_suppkeys = [item['S_SUPPKEY'] for item in subquery_result]
  File "/usr/local/lib/python3.8/dist-packages/pymongo/cursor.py", line 1262, in next
    if len(self.__data) or self._refresh():
  File "/usr/local/lib/python3.8/dist-packages/pymongo/cursor.py", line 1153, in _refresh
    self.__session = self.__collection.database.client._ensure_session()
  File "/usr/local/lib/python3.8/dist-packages/pymongo/mongo_client.py", line 1868, in _ensure_session
    return self.__start_session(True, causal_consistency=False)
  File "/usr/local/lib/python3.8/dist-packages/pymongo/mongo_client.py", line 1811, in __start_session
    self._topology._check_implicit_session_support()
  File "/usr/local/lib/python3.8/dist-packages/pymongo/topology.py", line 583, in _check_implicit_session_support
    self._check_session_support()
  File "/usr/local/lib/python3.8/dist-packages/pymongo/topology.py", line 599, in _check_session_support
    self._select_servers_loop(
  File "/usr/local/lib/python3.8/dist-packages/pymongo/topology.py", line 269, in _select_servers_loop
    raise ServerSelectionTimeoutError(
pymongo.errors.ServerSelectionTimeoutError: localhost:27017: [Errno 111] Connection refused, Timeout: 30s, Topology Description: <TopologyDescription id: 654568517c4b4f7f23333488, topology_type: Unknown, servers: [<ServerDescription ('localhost', 27017) server_type: Unknown, rtt: None, error=AutoReconnect('localhost:27017: [Errno 111] Connection refused')>]>
Score.fail_missing_output
python /grader.py /platform/source/s01/v1_9/m01010101/m01010101_q16_t1.py /platform/output/m01010101/m01010101_q16_t1.csv /platform/expected/s01/q16.csv
MySQL connection is successful
/platform/source/s01/v1_9/m01010101/m01010101_q16_t1.py:44: UserWarning: pandas only supports SQLAlchemy connectable (engine/connection) or database string URI or sqlite3 DBAPI2 connection. Other DBAPI2 objects are not tested. Please consider using SQLAlchemy.
  part = pd.read_sql_query("SELECT * FROM PART", connection)
Traceback (most recent call last):
  File "/usr/local/lib/python3.8/dist-packages/pandas/io/sql.py", line 2202, in execute
    cur.execute(sql, *args)
  File "/usr/local/lib/python3.8/dist-packages/mysql/connector/cursor.py", line 617, in execute
    self._handle_result(self._connection.cmd_query(stmt))
  File "/usr/local/lib/python3.8/dist-packages/mysql/connector/opentelemetry/context_propagation.py", line 77, in wrapper
    return method(cnx, *args, **kwargs)
  File "/usr/local/lib/python3.8/dist-packages/mysql/connector/connection.py", line 843, in cmd_query
    result = self._handle_result(self._send_cmd(ServerCmd.QUERY, query))
  File "/usr/local/lib/python3.8/dist-packages/mysql/connector/connection.py", line 620, in _handle_result
    raise get_exception(packet)
mysql.connector.errors.ProgrammingError: 1146 (42S02): Table 'tpch.PART' doesn't exist

The above exception was the direct cause of the following exception:

Traceback (most recent call last):
  File "/platform/source/s01/v1_9/m01010101/m01010101_q16_t1.py", line 44, in <module>
    part = pd.read_sql_query("SELECT * FROM PART", connection)
  File "/usr/local/lib/python3.8/dist-packages/pandas/io/sql.py", line 469, in read_sql_query
    return pandas_sql.read_query(
  File "/usr/local/lib/python3.8/dist-packages/pandas/io/sql.py", line 2266, in read_query
    cursor = self.execute(sql, params)
  File "/usr/local/lib/python3.8/dist-packages/pandas/io/sql.py", line 2214, in execute
    raise ex from exc
pandas.errors.DatabaseError: Execution failed on sql 'SELECT * FROM PART': 1146 (42S02): Table 'tpch.PART' doesn't exist
Score.fail_missing_output
python /grader.py /platform/source/s01/v1_9/m01010101/m01010101_q17_t0.py /platform/output/m01010101/m01010101_q17_t0.csv /platform/expected/s01/q17.csv
Traceback (most recent call last):
  File "/platform/source/s01/v1_9/m01010101/m01010101_q17_t0.py", line 22, in <module>
    query_lineitem = list(collection_lineitem.find({}, {"L_PARTKEY": 1, "L_EXTENDEDPRICE": 1, "L_QUANTITY": 1}))
  File "/usr/local/lib/python3.8/dist-packages/pymongo/cursor.py", line 1262, in next
    if len(self.__data) or self._refresh():
  File "/usr/local/lib/python3.8/dist-packages/pymongo/cursor.py", line 1153, in _refresh
    self.__session = self.__collection.database.client._ensure_session()
  File "/usr/local/lib/python3.8/dist-packages/pymongo/mongo_client.py", line 1868, in _ensure_session
    return self.__start_session(True, causal_consistency=False)
  File "/usr/local/lib/python3.8/dist-packages/pymongo/mongo_client.py", line 1811, in __start_session
    self._topology._check_implicit_session_support()
  File "/usr/local/lib/python3.8/dist-packages/pymongo/topology.py", line 583, in _check_implicit_session_support
    self._check_session_support()
  File "/usr/local/lib/python3.8/dist-packages/pymongo/topology.py", line 599, in _check_session_support
    self._select_servers_loop(
  File "/usr/local/lib/python3.8/dist-packages/pymongo/topology.py", line 269, in _select_servers_loop
    raise ServerSelectionTimeoutError(
pymongo.errors.ServerSelectionTimeoutError: localhost:27017: [Errno 111] Connection refused, Timeout: 30s, Topology Description: <TopologyDescription id: 6545687284fee659a2078019, topology_type: Unknown, servers: [<ServerDescription ('localhost', 27017) server_type: Unknown, rtt: None, error=AutoReconnect('localhost:27017: [Errno 111] Connection refused')>]>
Score.fail_missing_output
python /grader.py /platform/source/s01/v1_9/m01010101/m01010101_q17_t1.py /platform/output/m01010101/m01010101_q17_t1.csv /platform/expected/s01/q17.csv
Traceback (most recent call last):
  File "/platform/source/s01/v1_9/m01010101/m01010101_q17_t1.py", line 15, in <module>
    mycursor.execute("SELECT * FROM PART WHERE P_BRAND = 'Brand#23' AND P_CONTAINER = 'MED BAG'")
  File "/usr/local/lib/python3.8/dist-packages/mysql/connector/cursor.py", line 617, in execute
    self._handle_result(self._connection.cmd_query(stmt))
  File "/usr/local/lib/python3.8/dist-packages/mysql/connector/opentelemetry/context_propagation.py", line 77, in wrapper
    return method(cnx, *args, **kwargs)
  File "/usr/local/lib/python3.8/dist-packages/mysql/connector/connection.py", line 843, in cmd_query
    result = self._handle_result(self._send_cmd(ServerCmd.QUERY, query))
  File "/usr/local/lib/python3.8/dist-packages/mysql/connector/connection.py", line 620, in _handle_result
    raise get_exception(packet)
mysql.connector.errors.ProgrammingError: 1146 (42S02): Table 'tpch.PART' doesn't exist
Score.fail_missing_output
python /grader.py /platform/source/s01/v1_9/m01010101/m01010101_q18_t0.py /platform/output/m01010101/m01010101_q18_t0.csv /platform/expected/s01/q18.csv
Traceback (most recent call last):
  File "/platform/source/s01/v1_9/m01010101/m01010101_q18_t0.py", line 28, in <module>
    mysql_cursor.execute(query2)
  File "/usr/local/lib/python3.8/dist-packages/mysql/connector/cursor.py", line 617, in execute
    self._handle_result(self._connection.cmd_query(stmt))
  File "/usr/local/lib/python3.8/dist-packages/mysql/connector/opentelemetry/context_propagation.py", line 77, in wrapper
    return method(cnx, *args, **kwargs)
  File "/usr/local/lib/python3.8/dist-packages/mysql/connector/connection.py", line 843, in cmd_query
    result = self._handle_result(self._send_cmd(ServerCmd.QUERY, query))
  File "/usr/local/lib/python3.8/dist-packages/mysql/connector/connection.py", line 620, in _handle_result
    raise get_exception(packet)
mysql.connector.errors.ProgrammingError: 1146 (42S02): Table 'tpch.customer' doesn't exist
Score.fail_missing_output
python /grader.py /platform/source/s01/v1_9/m01010101/m01010101_q18_t1.py /platform/output/m01010101/m01010101_q18_t1.csv /platform/expected/s01/q18.csv
Traceback (most recent call last):
  File "/platform/source/s01/v1_9/m01010101/m01010101_q18_t1.py", line 20, in <module>
    customer = pd.DataFrame(list(db.customer.find()))
  File "/usr/local/lib/python3.8/dist-packages/pymongo/cursor.py", line 1262, in next
    if len(self.__data) or self._refresh():
  File "/usr/local/lib/python3.8/dist-packages/pymongo/cursor.py", line 1153, in _refresh
    self.__session = self.__collection.database.client._ensure_session()
  File "/usr/local/lib/python3.8/dist-packages/pymongo/mongo_client.py", line 1868, in _ensure_session
    return self.__start_session(True, causal_consistency=False)
  File "/usr/local/lib/python3.8/dist-packages/pymongo/mongo_client.py", line 1811, in __start_session
    self._topology._check_implicit_session_support()
  File "/usr/local/lib/python3.8/dist-packages/pymongo/topology.py", line 583, in _check_implicit_session_support
    self._check_session_support()
  File "/usr/local/lib/python3.8/dist-packages/pymongo/topology.py", line 599, in _check_session_support
    self._select_servers_loop(
  File "/usr/local/lib/python3.8/dist-packages/pymongo/topology.py", line 269, in _select_servers_loop
    raise ServerSelectionTimeoutError(
pymongo.errors.ServerSelectionTimeoutError: localhost:27017: [Errno 111] Connection refused, Timeout: 30s, Topology Description: <TopologyDescription id: 654568930f1a56ff2306acf6, topology_type: Unknown, servers: [<ServerDescription ('localhost', 27017) server_type: Unknown, rtt: None, error=AutoReconnect('localhost:27017: [Errno 111] Connection refused')>]>
Score.fail_missing_output
python /grader.py /platform/source/s01/v1_9/m01010101/m01010101_q19_t0.py /platform/output/m01010101/m01010101_q19_t0.csv /platform/expected/s01/q19.csv
Traceback (most recent call last):
  File "/platform/source/s01/v1_9/m01010101/m01010101_q19_t0.py", line 18, in <module>
    mycursor.execute("SELECT * FROM PART")
  File "/usr/local/lib/python3.8/dist-packages/mysql/connector/cursor.py", line 617, in execute
    self._handle_result(self._connection.cmd_query(stmt))
  File "/usr/local/lib/python3.8/dist-packages/mysql/connector/opentelemetry/context_propagation.py", line 77, in wrapper
    return method(cnx, *args, **kwargs)
  File "/usr/local/lib/python3.8/dist-packages/mysql/connector/connection.py", line 843, in cmd_query
    result = self._handle_result(self._send_cmd(ServerCmd.QUERY, query))
  File "/usr/local/lib/python3.8/dist-packages/mysql/connector/connection.py", line 620, in _handle_result
    raise get_exception(packet)
mysql.connector.errors.ProgrammingError: 1146 (42S02): Table 'tpch.PART' doesn't exist
Score.fail_missing_output
python /grader.py /platform/source/s01/v1_9/m01010101/m01010101_q19_t1.py /platform/output/m01010101/m01010101_q19_t1.csv /platform/expected/s01/q19.csv
Traceback (most recent call last):
  File "/platform/source/s01/v1_9/m01010101/m01010101_q19_t1.py", line 14, in <module>
    mysql_cursor.execute('SELECT * FROM PART')
  File "/usr/local/lib/python3.8/dist-packages/mysql/connector/cursor.py", line 617, in execute
    self._handle_result(self._connection.cmd_query(stmt))
  File "/usr/local/lib/python3.8/dist-packages/mysql/connector/opentelemetry/context_propagation.py", line 77, in wrapper
    return method(cnx, *args, **kwargs)
  File "/usr/local/lib/python3.8/dist-packages/mysql/connector/connection.py", line 843, in cmd_query
    result = self._handle_result(self._send_cmd(ServerCmd.QUERY, query))
  File "/usr/local/lib/python3.8/dist-packages/mysql/connector/connection.py", line 620, in _handle_result
    raise get_exception(packet)
mysql.connector.errors.ProgrammingError: 1146 (42S02): Table 'tpch.PART' doesn't exist
Score.fail_missing_output
python /grader.py /platform/source/s01/v1_9/m01010101/m01010101_q1_t0.py /platform/output/m01010101/m01010101_q1_t0.csv /platform/expected/s01/q1.csv
1064 (42000): You have an error in your SQL syntax; check the manual that corresponds to your MySQL server version for the right syntax to use near '1, 1, 1, 1, 1, 1, 2, 3, 3, 3, 3, 3, 3, 4, 5, 5, 5, 6, 7, 7, 7, 7, 7, 7, 7, 32, 3' at line 13
Traceback (most recent call last):
  File "/platform/source/s01/v1_9/m01010101/m01010101_q1_t0.py", line 67, in <module>
    main()
  File "/platform/source/s01/v1_9/m01010101/m01010101_q1_t0.py", line 63, in main
    output_data = [dict(zip(mysql_data[0], record)) for record in mysql_data[1:]]
TypeError: 'NoneType' object is not subscriptable
Score.fail_missing_output
python /grader.py /platform/source/s01/v1_9/m01010101/m01010101_q1_t1.py /platform/output/m01010101/m01010101_q1_t1.csv /platform/expected/s01/q1.csv
Traceback (most recent call last):
  File "/platform/source/s01/v1_9/m01010101/m01010101_q1_t1.py", line 11, in <module>
    lineitems = list(collection_lineitem.find())
  File "/usr/local/lib/python3.8/dist-packages/pymongo/cursor.py", line 1262, in next
    if len(self.__data) or self._refresh():
  File "/usr/local/lib/python3.8/dist-packages/pymongo/cursor.py", line 1153, in _refresh
    self.__session = self.__collection.database.client._ensure_session()
  File "/usr/local/lib/python3.8/dist-packages/pymongo/mongo_client.py", line 1868, in _ensure_session
    return self.__start_session(True, causal_consistency=False)
  File "/usr/local/lib/python3.8/dist-packages/pymongo/mongo_client.py", line 1811, in __start_session
    self._topology._check_implicit_session_support()
  File "/usr/local/lib/python3.8/dist-packages/pymongo/topology.py", line 583, in _check_implicit_session_support
    self._check_session_support()
  File "/usr/local/lib/python3.8/dist-packages/pymongo/topology.py", line 599, in _check_session_support
    self._select_servers_loop(
  File "/usr/local/lib/python3.8/dist-packages/pymongo/topology.py", line 269, in _select_servers_loop
    raise ServerSelectionTimeoutError(
pymongo.errors.ServerSelectionTimeoutError: localhost:27017: [Errno 111] Connection refused, Timeout: 30s, Topology Description: <TopologyDescription id: 654568baabdd7a2aa2fab197, topology_type: Unknown, servers: [<ServerDescription ('localhost', 27017) server_type: Unknown, rtt: None, error=AutoReconnect('localhost:27017: [Errno 111] Connection refused')>]>
Score.fail_missing_output
python /grader.py /platform/source/s01/v1_9/m01010101/m01010101_q20_t0.py /platform/output/m01010101/m01010101_q20_t0.csv /platform/expected/s01/q20.csv
Traceback (most recent call last):
  File "/platform/source/s01/v1_9/m01010101/m01010101_q20_t0.py", line 2, in <module>
    import MySQLdb
ModuleNotFoundError: No module named 'MySQLdb'
Score.fail_missing_output
python /grader.py /platform/source/s01/v1_9/m01010101/m01010101_q20_t1.py /platform/output/m01010101/m01010101_q20_t1.csv /platform/expected/s01/q20.csv
Traceback (most recent call last):
  File "/platform/source/s01/v1_9/m01010101/m01010101_q20_t1.py", line 22, in <module>
    AND L_SHIPDATE < '1995-01-01'""" % ','.join(partkeys))
TypeError: sequence item 0: expected str instance, int found
Score.fail_missing_output
python /grader.py /platform/source/s01/v1_9/m01010101/m01010101_q21_t0.py /platform/output/m01010101/m01010101_q21_t0.csv /platform/expected/s01/q21.csv
Traceback (most recent call last):
  File "/platform/source/s01/v1_9/m01010101/m01010101_q21_t0.py", line 18, in <module>
    mysql_cur.execute(supplier_query)
  File "/usr/local/lib/python3.8/dist-packages/mysql/connector/cursor.py", line 617, in execute
    self._handle_result(self._connection.cmd_query(stmt))
  File "/usr/local/lib/python3.8/dist-packages/mysql/connector/opentelemetry/context_propagation.py", line 77, in wrapper
    return method(cnx, *args, **kwargs)
  File "/usr/local/lib/python3.8/dist-packages/mysql/connector/connection.py", line 843, in cmd_query
    result = self._handle_result(self._send_cmd(ServerCmd.QUERY, query))
  File "/usr/local/lib/python3.8/dist-packages/mysql/connector/connection.py", line 620, in _handle_result
    raise get_exception(packet)
mysql.connector.errors.ProgrammingError: 1146 (42S02): Table 'tpch.supplier' doesn't exist
Score.fail_missing_output
python /grader.py /platform/source/s01/v1_9/m01010101/m01010101_q21_t1.py /platform/output/m01010101/m01010101_q21_t1.csv /platform/expected/s01/q21.csv
/platform/source/s01/v1_9/m01010101/m01010101_q21_t1.py:40: UserWarning: pandas only supports SQLAlchemy connectable (engine/connection) or database string URI or sqlite3 DBAPI2 connection. Other DBAPI2 objects are not tested. Please consider using SQLAlchemy.
  df = pd.read_sql(q, con=mydb)
Traceback (most recent call last):
  File "/usr/local/lib/python3.8/dist-packages/pandas/io/sql.py", line 2202, in execute
    cur.execute(sql, *args)
  File "/usr/local/lib/python3.8/dist-packages/mysql/connector/cursor.py", line 617, in execute
    self._handle_result(self._connection.cmd_query(stmt))
  File "/usr/local/lib/python3.8/dist-packages/mysql/connector/opentelemetry/context_propagation.py", line 77, in wrapper
    return method(cnx, *args, **kwargs)
  File "/usr/local/lib/python3.8/dist-packages/mysql/connector/connection.py", line 843, in cmd_query
    result = self._handle_result(self._send_cmd(ServerCmd.QUERY, query))
  File "/usr/local/lib/python3.8/dist-packages/mysql/connector/connection.py", line 620, in _handle_result
    raise get_exception(packet)
mysql.connector.errors.ProgrammingError: 1146 (42S02): Table 'tpch.supplier' doesn't exist

The above exception was the direct cause of the following exception:

Traceback (most recent call last):
  File "/platform/source/s01/v1_9/m01010101/m01010101_q21_t1.py", line 40, in <module>
    df = pd.read_sql(q, con=mydb)
  File "/usr/local/lib/python3.8/dist-packages/pandas/io/sql.py", line 635, in read_sql
    return pandas_sql.read_query(
  File "/usr/local/lib/python3.8/dist-packages/pandas/io/sql.py", line 2266, in read_query
    cursor = self.execute(sql, params)
  File "/usr/local/lib/python3.8/dist-packages/pandas/io/sql.py", line 2214, in execute
    raise ex from exc
pandas.errors.DatabaseError: Execution failed on sql '
SELECT
    S_NAME,
    COUNT(*) AS NUMWAIT
FROM
    supplier,
    lineitem AS L1,
    orders,
    nation
WHERE
    S_SUPPKEY = L1.L_SUPPKEY
    AND O_ORDERKEY = L1.L_ORDERKEY
    AND O_ORDERSTATUS = 'F'
    AND L1.L_RECEIPTDATE > L1.L_COMMITDATE
    AND S_NATIONKEY = N_NATIONKEY
    AND N_NAME = 'SAUDI ARABIA'
GROUP BY
    S_NAME
    ORDER BY
    NUMWAIT DESC,
    S_NAME
': 1146 (42S02): Table 'tpch.supplier' doesn't exist
Score.fail_missing_output
python /grader.py /platform/source/s01/v1_9/m01010101/m01010101_q22_t0.py /platform/output/m01010101/m01010101_q22_t0.csv /platform/expected/s01/q22.csv
Traceback (most recent call last):
  File "/usr/local/lib/python3.8/dist-packages/sqlalchemy/engine/base.py", line 1969, in _exec_single_context
    self.dialect.do_execute(
  File "/usr/local/lib/python3.8/dist-packages/sqlalchemy/engine/default.py", line 922, in do_execute
    cursor.execute(statement, parameters)
  File "/usr/local/lib/python3.8/dist-packages/pymysql/cursors.py", line 153, in execute
    result = self._query(query)
  File "/usr/local/lib/python3.8/dist-packages/pymysql/cursors.py", line 322, in _query
    conn.query(q)
  File "/usr/local/lib/python3.8/dist-packages/pymysql/connections.py", line 558, in query
    self._affected_rows = self._read_query_result(unbuffered=unbuffered)
  File "/usr/local/lib/python3.8/dist-packages/pymysql/connections.py", line 822, in _read_query_result
    result.read()
  File "/usr/local/lib/python3.8/dist-packages/pymysql/connections.py", line 1200, in read
    first_packet = self.connection._read_packet()
  File "/usr/local/lib/python3.8/dist-packages/pymysql/connections.py", line 772, in _read_packet
    packet.raise_for_error()
  File "/usr/local/lib/python3.8/dist-packages/pymysql/protocol.py", line 221, in raise_for_error
    err.raise_mysql_exception(self._data)
  File "/usr/local/lib/python3.8/dist-packages/pymysql/err.py", line 143, in raise_mysql_exception
    raise errorclass(errno, errval)
pymysql.err.ProgrammingError: (1146, "Table 'tpch.customer' doesn't exist")

The above exception was the direct cause of the following exception:

Traceback (most recent call last):
  File "/platform/source/s01/v1_9/m01010101/m01010101_q22_t0.py", line 13, in <module>
    avg_acctbal = pd.read_sql(my_sql_query, engine)
  File "/usr/local/lib/python3.8/dist-packages/pandas/io/sql.py", line 663, in read_sql
    return pandas_sql.read_query(
  File "/usr/local/lib/python3.8/dist-packages/pandas/io/sql.py", line 1738, in read_query
    result = self.execute(sql, params)
  File "/usr/local/lib/python3.8/dist-packages/pandas/io/sql.py", line 1562, in execute
    return self.con.exec_driver_sql(sql, *args)
  File "/usr/local/lib/python3.8/dist-packages/sqlalchemy/engine/base.py", line 1778, in exec_driver_sql
    ret = self._execute_context(
  File "/usr/local/lib/python3.8/dist-packages/sqlalchemy/engine/base.py", line 1848, in _execute_context
    return self._exec_single_context(
  File "/usr/local/lib/python3.8/dist-packages/sqlalchemy/engine/base.py", line 1988, in _exec_single_context
    self._handle_dbapi_exception(
  File "/usr/local/lib/python3.8/dist-packages/sqlalchemy/engine/base.py", line 2343, in _handle_dbapi_exception
    raise sqlalchemy_exception.with_traceback(exc_info[2]) from e
  File "/usr/local/lib/python3.8/dist-packages/sqlalchemy/engine/base.py", line 1969, in _exec_single_context
    self.dialect.do_execute(
  File "/usr/local/lib/python3.8/dist-packages/sqlalchemy/engine/default.py", line 922, in do_execute
    cursor.execute(statement, parameters)
  File "/usr/local/lib/python3.8/dist-packages/pymysql/cursors.py", line 153, in execute
    result = self._query(query)
  File "/usr/local/lib/python3.8/dist-packages/pymysql/cursors.py", line 322, in _query
    conn.query(q)
  File "/usr/local/lib/python3.8/dist-packages/pymysql/connections.py", line 558, in query
    self._affected_rows = self._read_query_result(unbuffered=unbuffered)
  File "/usr/local/lib/python3.8/dist-packages/pymysql/connections.py", line 822, in _read_query_result
    result.read()
  File "/usr/local/lib/python3.8/dist-packages/pymysql/connections.py", line 1200, in read
    first_packet = self.connection._read_packet()
  File "/usr/local/lib/python3.8/dist-packages/pymysql/connections.py", line 772, in _read_packet
    packet.raise_for_error()
  File "/usr/local/lib/python3.8/dist-packages/pymysql/protocol.py", line 221, in raise_for_error
    err.raise_mysql_exception(self._data)
  File "/usr/local/lib/python3.8/dist-packages/pymysql/err.py", line 143, in raise_mysql_exception
    raise errorclass(errno, errval)
sqlalchemy.exc.ProgrammingError: (pymysql.err.ProgrammingError) (1146, "Table 'tpch.customer' doesn't exist")
[SQL: 
SELECT AVG(C_ACCTBAL) as avg_acctbal FROM customer WHERE C_ACCTBAL > 0.00
]
(Background on this error at: https://sqlalche.me/e/20/f405)
Score.fail_missing_output
python /grader.py /platform/source/s01/v1_9/m01010101/m01010101_q22_t1.py /platform/output/m01010101/m01010101_q22_t1.csv /platform/expected/s01/q22.csv
Traceback (most recent call last):
  File "/platform/source/s01/v1_9/m01010101/m01010101_q22_t1.py", line 10, in <module>
    engine = create_engine('mysql://root:my-secret-pw@localhost:3306/tpch')
  File "<string>", line 2, in create_engine
  File "/usr/local/lib/python3.8/dist-packages/sqlalchemy/util/deprecations.py", line 281, in warned
    return fn(*args, **kwargs)  # type: ignore[no-any-return]
  File "/usr/local/lib/python3.8/dist-packages/sqlalchemy/engine/create.py", line 601, in create_engine
    dbapi = dbapi_meth(**dbapi_args)
  File "/usr/local/lib/python3.8/dist-packages/sqlalchemy/dialects/mysql/mysqldb.py", line 152, in import_dbapi
    return __import__("MySQLdb")
ModuleNotFoundError: No module named 'MySQLdb'
Score.fail_missing_output
python /grader.py /platform/source/s01/v1_9/m01010101/m01010101_q2_t0.py /platform/output/m01010101/m01010101_q2_t0.csv /platform/expected/s01/q2.csv
Traceback (most recent call last):
  File "/platform/source/s01/v1_9/m01010101/m01010101_q2_t0.py", line 12, in <module>
    data_mongodb = {table: pd.DataFrame(list(mongodb_db[table].find())) for table in tables_mongodb}
  File "/platform/source/s01/v1_9/m01010101/m01010101_q2_t0.py", line 12, in <dictcomp>
    data_mongodb = {table: pd.DataFrame(list(mongodb_db[table].find())) for table in tables_mongodb}
  File "/usr/local/lib/python3.8/dist-packages/pymongo/cursor.py", line 1262, in next
    if len(self.__data) or self._refresh():
  File "/usr/local/lib/python3.8/dist-packages/pymongo/cursor.py", line 1153, in _refresh
    self.__session = self.__collection.database.client._ensure_session()
  File "/usr/local/lib/python3.8/dist-packages/pymongo/mongo_client.py", line 1868, in _ensure_session
    return self.__start_session(True, causal_consistency=False)
  File "/usr/local/lib/python3.8/dist-packages/pymongo/mongo_client.py", line 1811, in __start_session
    self._topology._check_implicit_session_support()
  File "/usr/local/lib/python3.8/dist-packages/pymongo/topology.py", line 583, in _check_implicit_session_support
    self._check_session_support()
  File "/usr/local/lib/python3.8/dist-packages/pymongo/topology.py", line 599, in _check_session_support
    self._select_servers_loop(
  File "/usr/local/lib/python3.8/dist-packages/pymongo/topology.py", line 269, in _select_servers_loop
    raise ServerSelectionTimeoutError(
pymongo.errors.ServerSelectionTimeoutError: localhost:27017: [Errno 111] Connection refused, Timeout: 30s, Topology Description: <TopologyDescription id: 654568de764c170d957d6530, topology_type: Unknown, servers: [<ServerDescription ('localhost', 27017) server_type: Unknown, rtt: None, error=AutoReconnect('localhost:27017: [Errno 111] Connection refused')>]>
Score.fail_missing_output
python /grader.py /platform/source/s01/v1_9/m01010101/m01010101_q2_t1.py /platform/output/m01010101/m01010101_q2_t1.csv /platform/expected/s01/q2.csv
Traceback (most recent call last):
  File "/platform/source/s01/v1_9/m01010101/m01010101_q2_t1.py", line 20, in <module>
    cursor.execute(sql)
  File "/usr/local/lib/python3.8/dist-packages/pymysql/cursors.py", line 153, in execute
    result = self._query(query)
  File "/usr/local/lib/python3.8/dist-packages/pymysql/cursors.py", line 322, in _query
    conn.query(q)
  File "/usr/local/lib/python3.8/dist-packages/pymysql/connections.py", line 558, in query
    self._affected_rows = self._read_query_result(unbuffered=unbuffered)
  File "/usr/local/lib/python3.8/dist-packages/pymysql/connections.py", line 822, in _read_query_result
    result.read()
  File "/usr/local/lib/python3.8/dist-packages/pymysql/connections.py", line 1200, in read
    first_packet = self.connection._read_packet()
  File "/usr/local/lib/python3.8/dist-packages/pymysql/connections.py", line 772, in _read_packet
    packet.raise_for_error()
  File "/usr/local/lib/python3.8/dist-packages/pymysql/protocol.py", line 221, in raise_for_error
    err.raise_mysql_exception(self._data)
  File "/usr/local/lib/python3.8/dist-packages/pymysql/err.py", line 143, in raise_mysql_exception
    raise errorclass(errno, errval)
pymysql.err.ProgrammingError: (1064, "You have an error in your SQL syntax; check the manual that corresponds to your MySQL server version for the right syntax to use near 'YOUR QUERY HERE' at line 1")
Score.fail_missing_output
python /grader.py /platform/source/s01/v1_9/m01010101/m01010101_q3_t0.py /platform/output/m01010101/m01010101_q3_t0.csv /platform/expected/s01/q3.csv
Traceback (most recent call last):
  File "/usr/local/lib/python3.8/dist-packages/sqlalchemy/engine/base.py", line 1969, in _exec_single_context
    self.dialect.do_execute(
  File "/usr/local/lib/python3.8/dist-packages/sqlalchemy/engine/default.py", line 922, in do_execute
    cursor.execute(statement, parameters)
  File "/usr/local/lib/python3.8/dist-packages/pymysql/cursors.py", line 153, in execute
    result = self._query(query)
  File "/usr/local/lib/python3.8/dist-packages/pymysql/cursors.py", line 322, in _query
    conn.query(q)
  File "/usr/local/lib/python3.8/dist-packages/pymysql/connections.py", line 558, in query
    self._affected_rows = self._read_query_result(unbuffered=unbuffered)
  File "/usr/local/lib/python3.8/dist-packages/pymysql/connections.py", line 822, in _read_query_result
    result.read()
  File "/usr/local/lib/python3.8/dist-packages/pymysql/connections.py", line 1200, in read
    first_packet = self.connection._read_packet()
  File "/usr/local/lib/python3.8/dist-packages/pymysql/connections.py", line 772, in _read_packet
    packet.raise_for_error()
  File "/usr/local/lib/python3.8/dist-packages/pymysql/protocol.py", line 221, in raise_for_error
    err.raise_mysql_exception(self._data)
  File "/usr/local/lib/python3.8/dist-packages/pymysql/err.py", line 143, in raise_mysql_exception
    raise errorclass(errno, errval)
pymysql.err.ProgrammingError: (1146, "Table 'tpch.ORDERS' doesn't exist")

The above exception was the direct cause of the following exception:

Traceback (most recent call last):
  File "/platform/source/s01/v1_9/m01010101/m01010101_q3_t0.py", line 11, in <module>
    orders_query = pd.read_sql_query("SELECT * FROM ORDERS", connection)
  File "/usr/local/lib/python3.8/dist-packages/pandas/io/sql.py", line 469, in read_sql_query
    return pandas_sql.read_query(
  File "/usr/local/lib/python3.8/dist-packages/pandas/io/sql.py", line 1738, in read_query
    result = self.execute(sql, params)
  File "/usr/local/lib/python3.8/dist-packages/pandas/io/sql.py", line 1562, in execute
    return self.con.exec_driver_sql(sql, *args)
  File "/usr/local/lib/python3.8/dist-packages/sqlalchemy/engine/base.py", line 1778, in exec_driver_sql
    ret = self._execute_context(
  File "/usr/local/lib/python3.8/dist-packages/sqlalchemy/engine/base.py", line 1848, in _execute_context
    return self._exec_single_context(
  File "/usr/local/lib/python3.8/dist-packages/sqlalchemy/engine/base.py", line 1988, in _exec_single_context
    self._handle_dbapi_exception(
  File "/usr/local/lib/python3.8/dist-packages/sqlalchemy/engine/base.py", line 2343, in _handle_dbapi_exception
    raise sqlalchemy_exception.with_traceback(exc_info[2]) from e
  File "/usr/local/lib/python3.8/dist-packages/sqlalchemy/engine/base.py", line 1969, in _exec_single_context
    self.dialect.do_execute(
  File "/usr/local/lib/python3.8/dist-packages/sqlalchemy/engine/default.py", line 922, in do_execute
    cursor.execute(statement, parameters)
  File "/usr/local/lib/python3.8/dist-packages/pymysql/cursors.py", line 153, in execute
    result = self._query(query)
  File "/usr/local/lib/python3.8/dist-packages/pymysql/cursors.py", line 322, in _query
    conn.query(q)
  File "/usr/local/lib/python3.8/dist-packages/pymysql/connections.py", line 558, in query
    self._affected_rows = self._read_query_result(unbuffered=unbuffered)
  File "/usr/local/lib/python3.8/dist-packages/pymysql/connections.py", line 822, in _read_query_result
    result.read()
  File "/usr/local/lib/python3.8/dist-packages/pymysql/connections.py", line 1200, in read
    first_packet = self.connection._read_packet()
  File "/usr/local/lib/python3.8/dist-packages/pymysql/connections.py", line 772, in _read_packet
    packet.raise_for_error()
  File "/usr/local/lib/python3.8/dist-packages/pymysql/protocol.py", line 221, in raise_for_error
    err.raise_mysql_exception(self._data)
  File "/usr/local/lib/python3.8/dist-packages/pymysql/err.py", line 143, in raise_mysql_exception
    raise errorclass(errno, errval)
sqlalchemy.exc.ProgrammingError: (pymysql.err.ProgrammingError) (1146, "Table 'tpch.ORDERS' doesn't exist")
[SQL: SELECT * FROM ORDERS]
(Background on this error at: https://sqlalche.me/e/20/f405)
Score.fail_missing_output
python /grader.py /platform/source/s01/v1_9/m01010101/m01010101_q3_t1.py /platform/output/m01010101/m01010101_q3_t1.csv /platform/expected/s01/q3.csv
/platform/source/s01/v1_9/m01010101/m01010101_q3_t1.py:12: UserWarning: pandas only supports SQLAlchemy connectable (engine/connection) or database string URI or sqlite3 DBAPI2 connection. Other DBAPI2 objects are not tested. Please consider using SQLAlchemy.
  mysql_df1 = pd.read_sql(customer_query, mysql_conn)
Traceback (most recent call last):
  File "/usr/local/lib/python3.8/dist-packages/pandas/io/sql.py", line 2202, in execute
    cur.execute(sql, *args)
  File "/usr/local/lib/python3.8/dist-packages/pymysql/cursors.py", line 153, in execute
    result = self._query(query)
  File "/usr/local/lib/python3.8/dist-packages/pymysql/cursors.py", line 322, in _query
    conn.query(q)
  File "/usr/local/lib/python3.8/dist-packages/pymysql/connections.py", line 558, in query
    self._affected_rows = self._read_query_result(unbuffered=unbuffered)
  File "/usr/local/lib/python3.8/dist-packages/pymysql/connections.py", line 822, in _read_query_result
    result.read()
  File "/usr/local/lib/python3.8/dist-packages/pymysql/connections.py", line 1200, in read
    first_packet = self.connection._read_packet()
  File "/usr/local/lib/python3.8/dist-packages/pymysql/connections.py", line 772, in _read_packet
    packet.raise_for_error()
  File "/usr/local/lib/python3.8/dist-packages/pymysql/protocol.py", line 221, in raise_for_error
    err.raise_mysql_exception(self._data)
  File "/usr/local/lib/python3.8/dist-packages/pymysql/err.py", line 143, in raise_mysql_exception
    raise errorclass(errno, errval)
pymysql.err.ProgrammingError: (1146, "Table 'tpch.customer' doesn't exist")

The above exception was the direct cause of the following exception:

Traceback (most recent call last):
  File "/platform/source/s01/v1_9/m01010101/m01010101_q3_t1.py", line 12, in <module>
    mysql_df1 = pd.read_sql(customer_query, mysql_conn)
  File "/usr/local/lib/python3.8/dist-packages/pandas/io/sql.py", line 635, in read_sql
    return pandas_sql.read_query(
  File "/usr/local/lib/python3.8/dist-packages/pandas/io/sql.py", line 2266, in read_query
    cursor = self.execute(sql, params)
  File "/usr/local/lib/python3.8/dist-packages/pandas/io/sql.py", line 2214, in execute
    raise ex from exc
pandas.errors.DatabaseError: Execution failed on sql 'SELECT * FROM customer': (1146, "Table 'tpch.customer' doesn't exist")
Score.fail_missing_output
python /grader.py /platform/source/s01/v1_9/m01010101/m01010101_q4_t0.py /platform/output/m01010101/m01010101_q4_t0.csv /platform/expected/s01/q4.csv
Traceback (most recent call last):
  File "/platform/source/s01/v1_9/m01010101/m01010101_q4_t0.py", line 12, in <module>
    order_cursor.execute("""
  File "/usr/local/lib/python3.8/dist-packages/mysql/connector/cursor.py", line 617, in execute
    self._handle_result(self._connection.cmd_query(stmt))
  File "/usr/local/lib/python3.8/dist-packages/mysql/connector/opentelemetry/context_propagation.py", line 77, in wrapper
    return method(cnx, *args, **kwargs)
  File "/usr/local/lib/python3.8/dist-packages/mysql/connector/connection.py", line 843, in cmd_query
    result = self._handle_result(self._send_cmd(ServerCmd.QUERY, query))
  File "/usr/local/lib/python3.8/dist-packages/mysql/connector/connection.py", line 620, in _handle_result
    raise get_exception(packet)
mysql.connector.errors.ProgrammingError: 1146 (42S02): Table 'tpch.ORDERS' doesn't exist
Score.fail_missing_output
python /grader.py /platform/source/s01/v1_9/m01010101/m01010101_q4_t1.py /platform/output/m01010101/m01010101_q4_t1.csv /platform/expected/s01/q4.csv
Traceback (most recent call last):
  File "/platform/source/s01/v1_9/m01010101/m01010101_q4_t1.py", line 5, in <module>
    from pandas.io.json import json_normalize
ImportError: cannot import name 'json_normalize' from 'pandas.io.json' (/usr/local/lib/python3.8/dist-packages/pandas/io/json/__init__.py)
Score.fail_missing_output
python /grader.py /platform/source/s01/v1_9/m01010101/m01010101_q5_t0.py /platform/output/m01010101/m01010101_q5_t0.csv /platform/expected/s01/q5.csv
Score.fail_missing_output
python /grader.py /platform/source/s01/v1_9/m01010101/m01010101_q5_t1.py /platform/output/m01010101/m01010101_q5_t1.csv /platform/expected/s01/q5.csv
Traceback (most recent call last):
  File "/platform/source/s01/v1_9/m01010101/m01010101_q5_t1.py", line 19, in <module>
    mysql_cursor.execute(mysql_query_1)
  File "/usr/local/lib/python3.8/dist-packages/mysql/connector/cursor.py", line 617, in execute
    self._handle_result(self._connection.cmd_query(stmt))
  File "/usr/local/lib/python3.8/dist-packages/mysql/connector/opentelemetry/context_propagation.py", line 77, in wrapper
    return method(cnx, *args, **kwargs)
  File "/usr/local/lib/python3.8/dist-packages/mysql/connector/connection.py", line 843, in cmd_query
    result = self._handle_result(self._send_cmd(ServerCmd.QUERY, query))
  File "/usr/local/lib/python3.8/dist-packages/mysql/connector/connection.py", line 620, in _handle_result
    raise get_exception(packet)
mysql.connector.errors.ProgrammingError: 1146 (42S02): Table 'tpch.customer' doesn't exist
Score.fail_missing_output
python /grader.py /platform/source/s01/v1_9/m01010101/m01010101_q6_t0.py /platform/output/m01010101/m01010101_q6_t0.csv /platform/expected/s01/q6.csv
Traceback (most recent call last):
  File "/platform/source/s01/v1_9/m01010101/m01010101_q6_t0.py", line 4, in <module>
    from pandas.io.json import json_normalize
ImportError: cannot import name 'json_normalize' from 'pandas.io.json' (/usr/local/lib/python3.8/dist-packages/pandas/io/json/__init__.py)
Score.fail_missing_output
python /grader.py /platform/source/s01/v1_9/m01010101/m01010101_q6_t1.py /platform/output/m01010101/m01010101_q6_t1.csv /platform/expected/s01/q6.csv
Traceback (most recent call last):
  File "/platform/source/s01/v1_9/m01010101/m01010101_q6_t1.py", line 39, in <module>
    revenue = get_query_results()
  File "/platform/source/s01/v1_9/m01010101/m01010101_q6_t1.py", line 13, in get_query_results
    'L_DISCOUNT': {'$gte': Decimal('.06') - 0.01, '$lte': Decimal('.06') + 0.01},
TypeError: unsupported operand type(s) for -: 'decimal.Decimal' and 'float'
Score.fail_missing_output
python /grader.py /platform/source/s01/v1_9/m01010101/m01010101_q7_t0.py /platform/output/m01010101/m01010101_q7_t0.csv /platform/expected/s01/q7.csv
Traceback (most recent call last):
  File "/usr/local/lib/python3.8/dist-packages/sqlalchemy/engine/base.py", line 1969, in _exec_single_context
    self.dialect.do_execute(
  File "/usr/local/lib/python3.8/dist-packages/sqlalchemy/engine/default.py", line 922, in do_execute
    cursor.execute(statement, parameters)
  File "/usr/local/lib/python3.8/dist-packages/mysql/connector/cursor.py", line 617, in execute
    self._handle_result(self._connection.cmd_query(stmt))
  File "/usr/local/lib/python3.8/dist-packages/mysql/connector/opentelemetry/context_propagation.py", line 77, in wrapper
    return method(cnx, *args, **kwargs)
  File "/usr/local/lib/python3.8/dist-packages/mysql/connector/connection.py", line 843, in cmd_query
    result = self._handle_result(self._send_cmd(ServerCmd.QUERY, query))
  File "/usr/local/lib/python3.8/dist-packages/mysql/connector/connection.py", line 620, in _handle_result
    raise get_exception(packet)
mysql.connector.errors.ProgrammingError: 1146 (42S02): Table 'tpch.supplier' doesn't exist

The above exception was the direct cause of the following exception:

Traceback (most recent call last):
  File "/platform/source/s01/v1_9/m01010101/m01010101_q7_t0.py", line 49, in <module>
    df = pd.read_sql_query(query, engine)
  File "/usr/local/lib/python3.8/dist-packages/pandas/io/sql.py", line 469, in read_sql_query
    return pandas_sql.read_query(
  File "/usr/local/lib/python3.8/dist-packages/pandas/io/sql.py", line 1738, in read_query
    result = self.execute(sql, params)
  File "/usr/local/lib/python3.8/dist-packages/pandas/io/sql.py", line 1562, in execute
    return self.con.exec_driver_sql(sql, *args)
  File "/usr/local/lib/python3.8/dist-packages/sqlalchemy/engine/base.py", line 1778, in exec_driver_sql
    ret = self._execute_context(
  File "/usr/local/lib/python3.8/dist-packages/sqlalchemy/engine/base.py", line 1848, in _execute_context
    return self._exec_single_context(
  File "/usr/local/lib/python3.8/dist-packages/sqlalchemy/engine/base.py", line 1988, in _exec_single_context
    self._handle_dbapi_exception(
  File "/usr/local/lib/python3.8/dist-packages/sqlalchemy/engine/base.py", line 2343, in _handle_dbapi_exception
    raise sqlalchemy_exception.with_traceback(exc_info[2]) from e
  File "/usr/local/lib/python3.8/dist-packages/sqlalchemy/engine/base.py", line 1969, in _exec_single_context
    self.dialect.do_execute(
  File "/usr/local/lib/python3.8/dist-packages/sqlalchemy/engine/default.py", line 922, in do_execute
    cursor.execute(statement, parameters)
  File "/usr/local/lib/python3.8/dist-packages/mysql/connector/cursor.py", line 617, in execute
    self._handle_result(self._connection.cmd_query(stmt))
  File "/usr/local/lib/python3.8/dist-packages/mysql/connector/opentelemetry/context_propagation.py", line 77, in wrapper
    return method(cnx, *args, **kwargs)
  File "/usr/local/lib/python3.8/dist-packages/mysql/connector/connection.py", line 843, in cmd_query
    result = self._handle_result(self._send_cmd(ServerCmd.QUERY, query))
  File "/usr/local/lib/python3.8/dist-packages/mysql/connector/connection.py", line 620, in _handle_result
    raise get_exception(packet)
sqlalchemy.exc.ProgrammingError: (mysql.connector.errors.ProgrammingError) 1146 (42S02): Table 'tpch.supplier' doesn't exist
[SQL: 
SELECT
    SUPP_NATION,
    CUST_NATION,
    L_YEAR,
    SUM(VOLUME) AS REVENUE
FROM
    (
    SELECT
        N1.N_NAME AS SUPP_NATION,
        N2.N_NAME AS CUST_NATION,
        strftime('%Y', L_SHIPDATE) AS L_YEAR,
        L_EXTENDEDPRICE * (1 - L_DISCOUNT) AS VOLUME
    FROM
        supplier,
        lineitem,
        orders,
        customer,
        nation n1,
        nation n2
    WHERE
        S_SUPPKEY = L_SUPPKEY
        AND O_ORDERKEY = L_ORDERKEY
        AND C_CUSTKEY = O_CUSTKEY
        AND S_NATIONKEY = N1.N_NATIONKEY
        AND C_NATIONKEY = N2.N_NATIONKEY
        AND (
            (N1.N_NAME = 'JAPAN' AND N2.N_NAME = 'INDIA')
            OR (N1.N_NAME = 'INDIA' AND N2.N_NAME = 'JAPAN')
            )
        AND L_SHIPDATE BETWEEN '1995-01-01' AND '1996-12-31'
    ) AS SHIPPING
GROUP BY
    SUPP_NATION,
    CUST_NATION,
    L_YEAR
ORDER BY
    SUPP_NATION,
    CUST_NATION,
    L_YEAR
]
(Background on this error at: https://sqlalche.me/e/20/f405)
Score.fail_missing_output
python /grader.py /platform/source/s01/v1_9/m01010101/m01010101_q7_t1.py /platform/output/m01010101/m01010101_q7_t1.csv /platform/expected/s01/q7.csv
/platform/source/s01/v1_9/m01010101/m01010101_q7_t1.py:21: UserWarning: pandas only supports SQLAlchemy connectable (engine/connection) or database string URI or sqlite3 DBAPI2 connection. Other DBAPI2 objects are not tested. Please consider using SQLAlchemy.
  df_mysql_nation = pd.read_sql_query(sql_query, mysql_conn)
Traceback (most recent call last):
  File "/usr/local/lib/python3.8/dist-packages/pandas/io/sql.py", line 2202, in execute
    cur.execute(sql, *args)
  File "/usr/local/lib/python3.8/dist-packages/pymysql/cursors.py", line 153, in execute
    result = self._query(query)
  File "/usr/local/lib/python3.8/dist-packages/pymysql/cursors.py", line 322, in _query
    conn.query(q)
  File "/usr/local/lib/python3.8/dist-packages/pymysql/connections.py", line 558, in query
    self._affected_rows = self._read_query_result(unbuffered=unbuffered)
  File "/usr/local/lib/python3.8/dist-packages/pymysql/connections.py", line 822, in _read_query_result
    result.read()
  File "/usr/local/lib/python3.8/dist-packages/pymysql/connections.py", line 1200, in read
    first_packet = self.connection._read_packet()
  File "/usr/local/lib/python3.8/dist-packages/pymysql/connections.py", line 772, in _read_packet
    packet.raise_for_error()
  File "/usr/local/lib/python3.8/dist-packages/pymysql/protocol.py", line 221, in raise_for_error
    err.raise_mysql_exception(self._data)
  File "/usr/local/lib/python3.8/dist-packages/pymysql/err.py", line 143, in raise_mysql_exception
    raise errorclass(errno, errval)
pymysql.err.ProgrammingError: (1146, "Table 'tpch.NATION' doesn't exist")

The above exception was the direct cause of the following exception:

Traceback (most recent call last):
  File "/platform/source/s01/v1_9/m01010101/m01010101_q7_t1.py", line 21, in <module>
    df_mysql_nation = pd.read_sql_query(sql_query, mysql_conn)
  File "/usr/local/lib/python3.8/dist-packages/pandas/io/sql.py", line 469, in read_sql_query
    return pandas_sql.read_query(
  File "/usr/local/lib/python3.8/dist-packages/pandas/io/sql.py", line 2266, in read_query
    cursor = self.execute(sql, params)
  File "/usr/local/lib/python3.8/dist-packages/pandas/io/sql.py", line 2214, in execute
    raise ex from exc
pandas.errors.DatabaseError: Execution failed on sql 'SELECT * FROM NATION': (1146, "Table 'tpch.NATION' doesn't exist")
Score.fail_missing_output
python /grader.py /platform/source/s01/v1_9/m01010101/m01010101_q8_t0.py /platform/output/m01010101/m01010101_q8_t0.csv /platform/expected/s01/q8.csv
/platform/source/s01/v1_9/m01010101/m01010101_q8_t0.py:24: UserWarning: pandas only supports SQLAlchemy connectable (engine/connection) or database string URI or sqlite3 DBAPI2 connection. Other DBAPI2 objects are not tested. Please consider using SQLAlchemy.
  df = pd.read_sql(query, cnx)
Traceback (most recent call last):
  File "/usr/local/lib/python3.8/dist-packages/pandas/io/sql.py", line 2202, in execute
    cur.execute(sql, *args)
  File "/usr/local/lib/python3.8/dist-packages/mysql/connector/cursor.py", line 617, in execute
    self._handle_result(self._connection.cmd_query(stmt))
  File "/usr/local/lib/python3.8/dist-packages/mysql/connector/opentelemetry/context_propagation.py", line 77, in wrapper
    return method(cnx, *args, **kwargs)
  File "/usr/local/lib/python3.8/dist-packages/mysql/connector/connection.py", line 843, in cmd_query
    result = self._handle_result(self._send_cmd(ServerCmd.QUERY, query))
  File "/usr/local/lib/python3.8/dist-packages/mysql/connector/connection.py", line 620, in _handle_result
    raise get_exception(packet)
mysql.connector.errors.ProgrammingError: 1146 (42S02): Table 'tpch.NATION' doesn't exist

The above exception was the direct cause of the following exception:

Traceback (most recent call last):
  File "/platform/source/s01/v1_9/m01010101/m01010101_q8_t0.py", line 36, in <module>
    nation_df = read_mysql('tpch', query_nation)
  File "/platform/source/s01/v1_9/m01010101/m01010101_q8_t0.py", line 24, in read_mysql
    df = pd.read_sql(query, cnx)
  File "/usr/local/lib/python3.8/dist-packages/pandas/io/sql.py", line 635, in read_sql
    return pandas_sql.read_query(
  File "/usr/local/lib/python3.8/dist-packages/pandas/io/sql.py", line 2266, in read_query
    cursor = self.execute(sql, params)
  File "/usr/local/lib/python3.8/dist-packages/pandas/io/sql.py", line 2214, in execute
    raise ex from exc
pandas.errors.DatabaseError: Execution failed on sql 'SELECT * FROM NATION': 1146 (42S02): Table 'tpch.NATION' doesn't exist
Score.fail_missing_output
python /grader.py /platform/source/s01/v1_9/m01010101/m01010101_q8_t1.py /platform/output/m01010101/m01010101_q8_t1.csv /platform/expected/s01/q8.csv
  File "/platform/source/s01/v1_9/m01010101/m01010101_q8_t1.py", line 38
    df = pd.merge(....)
                      ^
SyntaxError: invalid syntax
Score.fail_missing_output
python /grader.py /platform/source/s01/v1_9/m01010101/m01010101_q9_t0.py /platform/output/m01010101/m01010101_q9_t0.csv /platform/expected/s01/q9.csv
Traceback (most recent call last):
  File "/platform/source/s01/v1_9/m01010101/m01010101_q9_t0.py", line 9, in <module>
    region = pd.DataFrame(list(db_mongo.region.find()))
  File "/usr/local/lib/python3.8/dist-packages/pymongo/cursor.py", line 1262, in next
    if len(self.__data) or self._refresh():
  File "/usr/local/lib/python3.8/dist-packages/pymongo/cursor.py", line 1153, in _refresh
    self.__session = self.__collection.database.client._ensure_session()
  File "/usr/local/lib/python3.8/dist-packages/pymongo/mongo_client.py", line 1868, in _ensure_session
    return self.__start_session(True, causal_consistency=False)
  File "/usr/local/lib/python3.8/dist-packages/pymongo/mongo_client.py", line 1811, in __start_session
    self._topology._check_implicit_session_support()
  File "/usr/local/lib/python3.8/dist-packages/pymongo/topology.py", line 583, in _check_implicit_session_support
    self._check_session_support()
  File "/usr/local/lib/python3.8/dist-packages/pymongo/topology.py", line 599, in _check_session_support
    self._select_servers_loop(
  File "/usr/local/lib/python3.8/dist-packages/pymongo/topology.py", line 269, in _select_servers_loop
    raise ServerSelectionTimeoutError(
pymongo.errors.ServerSelectionTimeoutError: localhost:27017: [Errno 111] Connection refused, Timeout: 30s, Topology Description: <TopologyDescription id: 654569077187a23a328e8a7f, topology_type: Unknown, servers: [<ServerDescription ('localhost', 27017) server_type: Unknown, rtt: None, error=AutoReconnect('localhost:27017: [Errno 111] Connection refused')>]>
Score.fail_missing_output
python /grader.py /platform/source/s01/v1_9/m01010101/m01010101_q9_t1.py /platform/output/m01010101/m01010101_q9_t1.csv /platform/expected/s01/q9.csv
Traceback (most recent call last):
  File "/usr/local/lib/python3.8/dist-packages/sqlalchemy/engine/base.py", line 1969, in _exec_single_context
    self.dialect.do_execute(
  File "/usr/local/lib/python3.8/dist-packages/sqlalchemy/engine/default.py", line 922, in do_execute
    cursor.execute(statement, parameters)
  File "/usr/local/lib/python3.8/dist-packages/mysql/connector/cursor.py", line 617, in execute
    self._handle_result(self._connection.cmd_query(stmt))
  File "/usr/local/lib/python3.8/dist-packages/mysql/connector/opentelemetry/context_propagation.py", line 77, in wrapper
    return method(cnx, *args, **kwargs)
  File "/usr/local/lib/python3.8/dist-packages/mysql/connector/connection.py", line 843, in cmd_query
    result = self._handle_result(self._send_cmd(ServerCmd.QUERY, query))
  File "/usr/local/lib/python3.8/dist-packages/mysql/connector/connection.py", line 620, in _handle_result
    raise get_exception(packet)
mysql.connector.errors.ProgrammingError: 1054 (42S22): Unknown column 'S_NATIONKEY' in 'where clause'

The above exception was the direct cause of the following exception:

Traceback (most recent call last):
  File "/platform/source/s01/v1_9/m01010101/m01010101_q9_t1.py", line 28, in <module>
    df_mysql = pd.read_sql_query(mysql_query, engine)
  File "/usr/local/lib/python3.8/dist-packages/pandas/io/sql.py", line 469, in read_sql_query
    return pandas_sql.read_query(
  File "/usr/local/lib/python3.8/dist-packages/pandas/io/sql.py", line 1738, in read_query
    result = self.execute(sql, params)
  File "/usr/local/lib/python3.8/dist-packages/pandas/io/sql.py", line 1562, in execute
    return self.con.exec_driver_sql(sql, *args)
  File "/usr/local/lib/python3.8/dist-packages/sqlalchemy/engine/base.py", line 1778, in exec_driver_sql
    ret = self._execute_context(
  File "/usr/local/lib/python3.8/dist-packages/sqlalchemy/engine/base.py", line 1848, in _execute_context
    return self._exec_single_context(
  File "/usr/local/lib/python3.8/dist-packages/sqlalchemy/engine/base.py", line 1988, in _exec_single_context
    self._handle_dbapi_exception(
  File "/usr/local/lib/python3.8/dist-packages/sqlalchemy/engine/base.py", line 2343, in _handle_dbapi_exception
    raise sqlalchemy_exception.with_traceback(exc_info[2]) from e
  File "/usr/local/lib/python3.8/dist-packages/sqlalchemy/engine/base.py", line 1969, in _exec_single_context
    self.dialect.do_execute(
  File "/usr/local/lib/python3.8/dist-packages/sqlalchemy/engine/default.py", line 922, in do_execute
    cursor.execute(statement, parameters)
  File "/usr/local/lib/python3.8/dist-packages/mysql/connector/cursor.py", line 617, in execute
    self._handle_result(self._connection.cmd_query(stmt))
  File "/usr/local/lib/python3.8/dist-packages/mysql/connector/opentelemetry/context_propagation.py", line 77, in wrapper
    return method(cnx, *args, **kwargs)
  File "/usr/local/lib/python3.8/dist-packages/mysql/connector/connection.py", line 843, in cmd_query
    result = self._handle_result(self._send_cmd(ServerCmd.QUERY, query))
  File "/usr/local/lib/python3.8/dist-packages/mysql/connector/connection.py", line 620, in _handle_result
    raise get_exception(packet)
sqlalchemy.exc.ProgrammingError: (mysql.connector.errors.ProgrammingError) 1054 (42S22): Unknown column 'S_NATIONKEY' in 'where clause'
[SQL: 
SELECT
    PS_PARTKEY,
    PS_SUPPKEY,
    PS_SUPPLYCOST,
    N_NAME,
    N_NATIONKEY,
    P_PARTKEY,
    P_NAME
FROM
    part,
    partsupp,
    nation
WHERE
    PS_PARTKEY = P_PARTKEY
    AND S_NATIONKEY = N_NATIONKEY
    AND P_NAME LIKE '%dim%'
]
(Background on this error at: https://sqlalche.me/e/20/f405)
Score.fail_missing_output
