Using MAPPING_STR=22200011, VERSION_DIR=v4_enggpt
Running /platform/source/s01/v4_enggpt/m22200011/m22200011_q10_t0.sh
/platform/source/s01/v4_enggpt/m22200011/m22200011_q10_t0.sh: line 5: sudo: command not found
/platform/source/s01/v4_enggpt/m22200011/m22200011_q10_t0.sh: line 8: sudo: command not found
Requirement already satisfied: pymysql in /usr/local/lib/python3.8/dist-packages (1.1.0)
Requirement already satisfied: pymongo in /usr/local/lib/python3.8/dist-packages (4.6.0)
Requirement already satisfied: pandas in /usr/local/lib/python3.8/dist-packages (2.0.3)
Requirement already satisfied: direct-redis in /usr/local/lib/python3.8/dist-packages (0.3.1)
Requirement already satisfied: dnspython<3.0.0,>=1.16.0 in /usr/local/lib/python3.8/dist-packages (from pymongo) (2.4.2)
Requirement already satisfied: tzdata>=2022.1 in /usr/local/lib/python3.8/dist-packages (from pandas) (2023.3)
Requirement already satisfied: pytz>=2020.1 in /usr/local/lib/python3.8/dist-packages (from pandas) (2023.3.post1)
Requirement already satisfied: python-dateutil>=2.8.2 in /usr/local/lib/python3.8/dist-packages (from pandas) (2.8.2)
Requirement already satisfied: numpy>=1.20.3; python_version < "3.10" in /usr/local/lib/python3.8/dist-packages (from pandas) (1.24.4)
Requirement already satisfied: redis==3.4.1 in /usr/local/lib/python3.8/dist-packages (from direct-redis) (3.4.1)
Requirement already satisfied: six>=1.5 in /usr/local/lib/python3.8/dist-packages (from python-dateutil>=2.8.2->pandas) (1.16.0)
Running /platform/source/s01/v4_enggpt/m22200011/m22200011_q11_t0.sh
Requirement already satisfied: pymysql in /usr/local/lib/python3.8/dist-packages (1.1.0)
Requirement already satisfied: pandas in /usr/local/lib/python3.8/dist-packages (2.0.3)
Requirement already satisfied: redis in /usr/local/lib/python3.8/dist-packages (3.4.1)
Requirement already satisfied: direct_redis in /usr/local/lib/python3.8/dist-packages (0.3.1)
Requirement already satisfied: tzdata>=2022.1 in /usr/local/lib/python3.8/dist-packages (from pandas) (2023.3)
Requirement already satisfied: pytz>=2020.1 in /usr/local/lib/python3.8/dist-packages (from pandas) (2023.3.post1)
Requirement already satisfied: numpy>=1.20.3; python_version < "3.10" in /usr/local/lib/python3.8/dist-packages (from pandas) (1.24.4)
Requirement already satisfied: python-dateutil>=2.8.2 in /usr/local/lib/python3.8/dist-packages (from pandas) (2.8.2)
Requirement already satisfied: six>=1.5 in /usr/local/lib/python3.8/dist-packages (from python-dateutil>=2.8.2->pandas) (1.16.0)
Running /platform/source/s01/v4_enggpt/m22200011/m22200011_q12_t0.sh
0% [Working]            Hit:1 http://ports.ubuntu.com/ubuntu-ports focal InRelease
0% [Working]            Get:2 http://ports.ubuntu.com/ubuntu-ports focal-updates InRelease [114 kB]
0% [2 InRelease 4096 B/114 kB 4%]0% [2 InRelease 15.7 kB/114 kB 14%]                                   0% [Working]            Hit:3 http://ports.ubuntu.com/ubuntu-ports focal-backports InRelease
0% [Working]0% [Waiting for headers]                        Hit:4 http://ports.ubuntu.com/ubuntu-ports focal-security InRelease
                        0% [Working]0% [Waiting for headers]                        Get:5 http://ports.ubuntu.com/ubuntu-ports focal-updates/main arm64 Packages [2804 kB]
0% [5 Packages 8477 B/2804 kB 0%]22% [5 Packages 57.7 kB/2804 kB 2%]                                   74% [Waiting for headers]                         Get:6 http://ports.ubuntu.com/ubuntu-ports focal-updates/universe arm64 Packages [1328 kB]
78% [6 Packages 227 kB/1328 kB 17%]78% [5 Packages store 0 B] [6 Packages 234 kB/1328 kB 18%]                                                          99% [5 Packages store 0 B]                          99% [Working]99% [6 Packages store 0 B]                          100% [Working]              Fetched 4246 kB in 2s (2527 kB/s)
Reading package lists... 0%Reading package lists... 0%Reading package lists... 0%Reading package lists... 6%Reading package lists... 6%Reading package lists... 6%Reading package lists... 6%Reading package lists... 60%Reading package lists... 60%Reading package lists... 61%Reading package lists... 61%Reading package lists... 74%Reading package lists... 74%Reading package lists... 75%Reading package lists... 75%Reading package lists... 81%Reading package lists... 81%Reading package lists... 81%Reading package lists... 81%Reading package lists... 81%Reading package lists... 82%Reading package lists... 82%Reading package lists... 82%Reading package lists... 82%Reading package lists... 94%Reading package lists... 94%Reading package lists... 94%Reading package lists... 94%Reading package lists... 99%Reading package lists... 99%Reading package lists... 99%Reading package lists... 99%Reading package lists... Done
/platform/source/s01/v4_enggpt/m22200011/m22200011_q12_t0.sh: line 9: wget: command not found
gpg: no valid OpenPGP data found.
deb [ arch=amd64,arm64 ] http://repo.mongodb.org/apt/ubuntu focal/mongodb-org/4.4 multiverse
0% [Working]            Ign:1 http://repo.mongodb.org/apt/ubuntu focal/mongodb-org/4.4 InRelease
0% [Waiting for headers]                        Hit:2 http://ports.ubuntu.com/ubuntu-ports focal InRelease
0% [Waiting for headers]                        Get:3 http://repo.mongodb.org/apt/ubuntu focal/mongodb-org/4.4 Release [3094 B]
0% [Waiting for headers] [3 Release 3094 B/3094 B 100%]                                                       0% [Waiting for headers]0% [Waiting for headers] [Waiting for headers]                                              Hit:4 http://ports.ubuntu.com/ubuntu-ports focal-updates InRelease
                                              0% [Waiting for headers]                        Get:5 http://repo.mongodb.org/apt/ubuntu focal/mongodb-org/4.4 Release.gpg [866 B]
0% [Waiting for headers] [5 Release.gpg 866 B/866 B 100%]                                                         0% [Waiting for headers]0% [Waiting for headers]                        Hit:6 http://ports.ubuntu.com/ubuntu-ports focal-backports InRelease
                        0% [Working]            Ign:5 http://repo.mongodb.org/apt/ubuntu focal/mongodb-org/4.4 Release.gpg
0% [Waiting for headers]                        Hit:7 http://ports.ubuntu.com/ubuntu-ports focal-security InRelease
                        0% [Working]0% [Working]83% [Working]             Reading package lists... 0%Reading package lists... 0%Reading package lists... 0%Reading package lists... 6%Reading package lists... 6%Reading package lists... 6%Reading package lists... 6%Reading package lists... 60%Reading package lists... 60%Reading package lists... 61%Reading package lists... 61%Reading package lists... 74%Reading package lists... 74%Reading package lists... 75%Reading package lists... 75%Reading package lists... 81%Reading package lists... 81%Reading package lists... 81%Reading package lists... 81%Reading package lists... 82%Reading package lists... 82%Reading package lists... 82%Reading package lists... 82%Reading package lists... 94%Reading package lists... 94%Reading package lists... 94%Reading package lists... 94%Reading package lists... 99%Reading package lists... 99%Reading package lists... 99%Reading package lists... 99%Reading package lists... Done
W: GPG error: http://repo.mongodb.org/apt/ubuntu focal/mongodb-org/4.4 Release: The following signatures couldn't be verified because the public key is not available: NO_PUBKEY 656408E390CFB1F5
E: The repository 'http://repo.mongodb.org/apt/ubuntu focal/mongodb-org/4.4 Release' is not signed.
N: Updating from such a repository can't be done securely, and is therefore disabled by default.
N: See apt-secure(8) manpage for repository creation and user configuration details.
Reading package lists... 0%Reading package lists... 0%Reading package lists... 0%Reading package lists... 6%Reading package lists... 6%Reading package lists... 6%Reading package lists... 6%Reading package lists... 60%Reading package lists... 60%Reading package lists... 61%Reading package lists... 61%Reading package lists... 74%Reading package lists... 74%Reading package lists... 75%Reading package lists... 75%Reading package lists... 81%Reading package lists... 81%Reading package lists... 81%Reading package lists... 81%Reading package lists... 82%Reading package lists... 82%Reading package lists... 82%Reading package lists... 82%Reading package lists... 94%Reading package lists... 94%Reading package lists... 94%Reading package lists... 94%Reading package lists... 99%Reading package lists... 99%Reading package lists... 99%Reading package lists... 99%Reading package lists... Done
Building dependency tree... 0%Building dependency tree... 0%Building dependency tree... 50%Building dependency tree... 50%Building dependency tree... 73%Building dependency tree       
Reading state information... 0%Reading state information... 0%Reading state information... Done
E: Unable to locate package mongodb-org
Reading package lists... 0%Reading package lists... 0%Reading package lists... 0%Reading package lists... 6%Reading package lists... 6%Reading package lists... 6%Reading package lists... 6%Reading package lists... 60%Reading package lists... 60%Reading package lists... 61%Reading package lists... 61%Reading package lists... 74%Reading package lists... 74%Reading package lists... 75%Reading package lists... 75%Reading package lists... 81%Reading package lists... 81%Reading package lists... 81%Reading package lists... 81%Reading package lists... 82%Reading package lists... 82%Reading package lists... 82%Reading package lists... 82%Reading package lists... 94%Reading package lists... 94%Reading package lists... 94%Reading package lists... 94%Reading package lists... 99%Reading package lists... 99%Reading package lists... 99%Reading package lists... 99%Reading package lists... Done
Building dependency tree... 0%Building dependency tree... 0%Building dependency tree... 50%Building dependency tree... 50%Building dependency tree... 78%Building dependency tree       
Reading state information... 0%Reading state information... 0%Reading state information... Done
python3 is already the newest version (3.8.2-0ubuntu2).
python3 set to manually installed.
python3-pip is already the newest version (20.0.2-5ubuntu1.10).
0 upgraded, 0 newly installed, 0 to remove and 0 not upgraded.
Requirement already satisfied: pymongo in /usr/local/lib/python3.8/dist-packages (4.6.0)
Requirement already satisfied: dnspython<3.0.0,>=1.16.0 in /usr/local/lib/python3.8/dist-packages (from pymongo) (2.4.2)
Running /platform/source/s01/v4_enggpt/m22200011/m22200011_q13_t0.sh
/platform/source/s01/v4_enggpt/m22200011/m22200011_q13_t0.sh: line 4: sudo: command not found
/platform/source/s01/v4_enggpt/m22200011/m22200011_q13_t0.sh: line 7: sudo: command not found
/platform/source/s01/v4_enggpt/m22200011/m22200011_q13_t0.sh: line 10: sudo: command not found
Requirement already satisfied: pymysql in /usr/local/lib/python3.8/dist-packages (1.1.0)
Requirement already satisfied: pymongo in /usr/local/lib/python3.8/dist-packages (4.6.0)
Requirement already satisfied: dnspython<3.0.0,>=1.16.0 in /usr/local/lib/python3.8/dist-packages (from pymongo) (2.4.2)
Running /platform/source/s01/v4_enggpt/m22200011/m22200011_q14_t0.sh
/platform/source/s01/v4_enggpt/m22200011/m22200011_q14_t0.sh: line 4: sudo: command not found
/platform/source/s01/v4_enggpt/m22200011/m22200011_q14_t0.sh: line 5: sudo: command not found
Requirement already satisfied: pymongo in /usr/local/lib/python3.8/dist-packages (4.6.0)
Requirement already satisfied: pandas in /usr/local/lib/python3.8/dist-packages (2.0.3)
Requirement already satisfied: direct-redis in /usr/local/lib/python3.8/dist-packages (0.3.1)
Requirement already satisfied: dnspython<3.0.0,>=1.16.0 in /usr/local/lib/python3.8/dist-packages (from pymongo) (2.4.2)
Requirement already satisfied: python-dateutil>=2.8.2 in /usr/local/lib/python3.8/dist-packages (from pandas) (2.8.2)
Requirement already satisfied: numpy>=1.20.3; python_version < "3.10" in /usr/local/lib/python3.8/dist-packages (from pandas) (1.24.4)
Requirement already satisfied: pytz>=2020.1 in /usr/local/lib/python3.8/dist-packages (from pandas) (2023.3.post1)
Requirement already satisfied: tzdata>=2022.1 in /usr/local/lib/python3.8/dist-packages (from pandas) (2023.3)
Requirement already satisfied: redis==3.4.1 in /usr/local/lib/python3.8/dist-packages (from direct-redis) (3.4.1)
Requirement already satisfied: six>=1.5 in /usr/local/lib/python3.8/dist-packages (from python-dateutil>=2.8.2->pandas) (1.16.0)
Running /platform/source/s01/v4_enggpt/m22200011/m22200011_q15_t0.sh
0% [Working]            Ign:1 http://repo.mongodb.org/apt/ubuntu focal/mongodb-org/4.4 InRelease
0% [Connecting to ports.ubuntu.com (185.125.190.36)]                                                    Get:2 http://repo.mongodb.org/apt/ubuntu focal/mongodb-org/4.4 Release [3094 B]
0% [Waiting for headers] [2 Release 3094 B/3094 B 100%]                                                       0% [Waiting for headers]                        Hit:3 http://ports.ubuntu.com/ubuntu-ports focal InRelease
0% [Waiting for headers]0% [Waiting for headers] [Waiting for headers]                                              Hit:4 http://ports.ubuntu.com/ubuntu-ports focal-updates InRelease
                                              Get:5 http://repo.mongodb.org/apt/ubuntu focal/mongodb-org/4.4 Release.gpg [866 B]
                                              0% [Working]0% [Waiting for headers]                        Hit:6 http://ports.ubuntu.com/ubuntu-ports focal-backports InRelease
                        0% [Working]            Ign:5 http://repo.mongodb.org/apt/ubuntu focal/mongodb-org/4.4 Release.gpg
0% [Waiting for headers]                        Hit:7 http://ports.ubuntu.com/ubuntu-ports focal-security InRelease
                        0% [Working]0% [Working]83% [Working]             Reading package lists... 0%Reading package lists... 0%Reading package lists... 0%Reading package lists... 6%Reading package lists... 6%Reading package lists... 6%Reading package lists... 6%Reading package lists... 60%Reading package lists... 60%Reading package lists... 61%Reading package lists... 61%Reading package lists... 74%Reading package lists... 74%Reading package lists... 75%Reading package lists... 75%Reading package lists... 81%Reading package lists... 81%Reading package lists... 81%Reading package lists... 81%Reading package lists... 82%Reading package lists... 82%Reading package lists... 82%Reading package lists... 82%Reading package lists... 94%Reading package lists... 94%Reading package lists... 94%Reading package lists... 94%Reading package lists... 99%Reading package lists... 99%Reading package lists... 99%Reading package lists... 99%Reading package lists... Done
W: GPG error: http://repo.mongodb.org/apt/ubuntu focal/mongodb-org/4.4 Release: The following signatures couldn't be verified because the public key is not available: NO_PUBKEY 656408E390CFB1F5
E: The repository 'http://repo.mongodb.org/apt/ubuntu focal/mongodb-org/4.4 Release' is not signed.
N: Updating from such a repository can't be done securely, and is therefore disabled by default.
N: See apt-secure(8) manpage for repository creation and user configuration details.
Running /platform/source/s01/v4_enggpt/m22200011/m22200011_q16_t0.sh
0% [Working]            Ign:1 http://repo.mongodb.org/apt/ubuntu focal/mongodb-org/4.4 InRelease
0% [Connecting to ports.ubuntu.com (185.125.190.36)]                                                    Get:2 http://repo.mongodb.org/apt/ubuntu focal/mongodb-org/4.4 Release [3094 B]
0% [Connecting to ports.ubuntu.com (185.125.190.36)] [2 Release 3094 B/3094 B 1                                                                               0% [Connecting to ports.ubuntu.com (185.125.190.36)]                                                    Get:3 http://repo.mongodb.org/apt/ubuntu focal/mongodb-org/4.4 Release.gpg [866 B]
0% [Waiting for headers] [3 Release.gpg 866 B/866 B 100%]                                                         0% [Waiting for headers]                        Hit:4 http://ports.ubuntu.com/ubuntu-ports focal InRelease
                        0% [Working]            Ign:3 http://repo.mongodb.org/apt/ubuntu focal/mongodb-org/4.4 Release.gpg
0% [Waiting for headers]                        Hit:5 http://ports.ubuntu.com/ubuntu-ports focal-updates InRelease
0% [Waiting for headers]0% [Waiting for headers]                        Hit:6 http://ports.ubuntu.com/ubuntu-ports focal-backports InRelease
                        0% [Working]0% [Waiting for headers]                        Hit:7 http://ports.ubuntu.com/ubuntu-ports focal-security InRelease
                        0% [Working]0% [Working]83% [Working]             Reading package lists... 0%Reading package lists... 0%Reading package lists... 0%Reading package lists... 6%Reading package lists... 6%Reading package lists... 6%Reading package lists... 6%Reading package lists... 60%Reading package lists... 60%Reading package lists... 61%Reading package lists... 61%Reading package lists... 74%Reading package lists... 74%Reading package lists... 75%Reading package lists... 75%Reading package lists... 81%Reading package lists... 81%Reading package lists... 81%Reading package lists... 81%Reading package lists... 82%Reading package lists... 82%Reading package lists... 82%Reading package lists... 82%Reading package lists... 94%Reading package lists... 94%Reading package lists... 94%Reading package lists... 94%Reading package lists... 99%Reading package lists... 99%Reading package lists... 99%Reading package lists... 99%Reading package lists... Done
W: GPG error: http://repo.mongodb.org/apt/ubuntu focal/mongodb-org/4.4 Release: The following signatures couldn't be verified because the public key is not available: NO_PUBKEY 656408E390CFB1F5
E: The repository 'http://repo.mongodb.org/apt/ubuntu focal/mongodb-org/4.4 Release' is not signed.
N: Updating from such a repository can't be done securely, and is therefore disabled by default.
N: See apt-secure(8) manpage for repository creation and user configuration details.
Reading package lists... 0%Reading package lists... 0%Reading package lists... 0%Reading package lists... 6%Reading package lists... 6%Reading package lists... 6%Reading package lists... 6%Reading package lists... 60%Reading package lists... 60%Reading package lists... 61%Reading package lists... 61%Reading package lists... 74%Reading package lists... 74%Reading package lists... 75%Reading package lists... 75%Reading package lists... 81%Reading package lists... 81%Reading package lists... 81%Reading package lists... 81%Reading package lists... 82%Reading package lists... 82%Reading package lists... 82%Reading package lists... 82%Reading package lists... 94%Reading package lists... 94%Reading package lists... 94%Reading package lists... 94%Reading package lists... 99%Reading package lists... 99%Reading package lists... 99%Reading package lists... 99%Reading package lists... Done
Building dependency tree... 0%Building dependency tree... 0%Building dependency tree... 50%Building dependency tree... 50%Building dependency tree... 99%Building dependency tree       
Reading state information... 0%Reading state information... 0%Reading state information... Done
python3-pip is already the newest version (20.0.2-5ubuntu1.10).
0 upgraded, 0 newly installed, 0 to remove and 0 not upgraded.
Requirement already satisfied: pymysql in /usr/local/lib/python3.8/dist-packages (1.1.0)
Requirement already satisfied: direct_redis in /usr/local/lib/python3.8/dist-packages (0.3.1)
Collecting msgpack-python
  Downloading msgpack-python-0.5.6.tar.gz (138 kB)
[?25l[K     |‚ñà‚ñà‚ñç                             | 10 kB 24.8 MB/s eta 0:00:01[K     |‚ñà‚ñà‚ñà‚ñà‚ñä                           | 20 kB 6.0 MB/s eta 0:00:01[K     |‚ñà‚ñà‚ñà‚ñà‚ñà‚ñà‚ñà                         | 30 kB 8.4 MB/s eta 0:00:01[K     |‚ñà‚ñà‚ñà‚ñà‚ñà‚ñà‚ñà‚ñà‚ñà‚ñç                      | 40 kB 4.9 MB/s eta 0:00:01[K     |‚ñà‚ñà‚ñà‚ñà‚ñà‚ñà‚ñà‚ñà‚ñà‚ñà‚ñà‚ñâ                    | 51 kB 5.2 MB/s eta 0:00:01[K     |‚ñà‚ñà‚ñà‚ñà‚ñà‚ñà‚ñà‚ñà‚ñà‚ñà‚ñà‚ñà‚ñà‚ñà‚ñè                 | 61 kB 6.1 MB/s eta 0:00:01[K     |‚ñà‚ñà‚ñà‚ñà‚ñà‚ñà‚ñà‚ñà‚ñà‚ñà‚ñà‚ñà‚ñà‚ñà‚ñà‚ñà‚ñå               | 71 kB 6.7 MB/s eta 0:00:01[K     |‚ñà‚ñà‚ñà‚ñà‚ñà‚ñà‚ñà‚ñà‚ñà‚ñà‚ñà‚ñà‚ñà‚ñà‚ñà‚ñà‚ñà‚ñà‚ñâ             | 81 kB 6.6 MB/s eta 0:00:01[K     |‚ñà‚ñà‚ñà‚ñà‚ñà‚ñà‚ñà‚ñà‚ñà‚ñà‚ñà‚ñà‚ñà‚ñà‚ñà‚ñà‚ñà‚ñà‚ñà‚ñà‚ñà‚ñè          | 92 kB 7.4 MB/s eta 0:00:01[K     |‚ñà‚ñà‚ñà‚ñà‚ñà‚ñà‚ñà‚ñà‚ñà‚ñà‚ñà‚ñà‚ñà‚ñà‚ñà‚ñà‚ñà‚ñà‚ñà‚ñà‚ñà‚ñà‚ñà‚ñã        | 102 kB 7.5 MB/s eta 0:00:01[K     |‚ñà‚ñà‚ñà‚ñà‚ñà‚ñà‚ñà‚ñà‚ñà‚ñà‚ñà‚ñà‚ñà‚ñà‚ñà‚ñà‚ñà‚ñà‚ñà‚ñà‚ñà‚ñà‚ñà‚ñà‚ñà‚ñà      | 112 kB 7.5 MB/s eta 0:00:01[K     |‚ñà‚ñà‚ñà‚ñà‚ñà‚ñà‚ñà‚ñà‚ñà‚ñà‚ñà‚ñà‚ñà‚ñà‚ñà‚ñà‚ñà‚ñà‚ñà‚ñà‚ñà‚ñà‚ñà‚ñà‚ñà‚ñà‚ñà‚ñà‚ñé   | 122 kB 7.5 MB/s eta 0:00:01[K     |‚ñà‚ñà‚ñà‚ñà‚ñà‚ñà‚ñà‚ñà‚ñà‚ñà‚ñà‚ñà‚ñà‚ñà‚ñà‚ñà‚ñà‚ñà‚ñà‚ñà‚ñà‚ñà‚ñà‚ñà‚ñà‚ñà‚ñà‚ñà‚ñà‚ñà‚ñã | 133 kB 7.5 MB/s eta 0:00:01[K     |‚ñà‚ñà‚ñà‚ñà‚ñà‚ñà‚ñà‚ñà‚ñà‚ñà‚ñà‚ñà‚ñà‚ñà‚ñà‚ñà‚ñà‚ñà‚ñà‚ñà‚ñà‚ñà‚ñà‚ñà‚ñà‚ñà‚ñà‚ñà‚ñà‚ñà‚ñà‚ñà| 138 kB 7.5 MB/s 
[?25hRequirement already satisfied: pandas in /usr/local/lib/python3.8/dist-packages (2.0.3)
Requirement already satisfied: redis==3.4.1 in /usr/local/lib/python3.8/dist-packages (from direct_redis) (3.4.1)
Requirement already satisfied: tzdata>=2022.1 in /usr/local/lib/python3.8/dist-packages (from pandas) (2023.3)
Requirement already satisfied: python-dateutil>=2.8.2 in /usr/local/lib/python3.8/dist-packages (from pandas) (2.8.2)
Requirement already satisfied: numpy>=1.20.3; python_version < "3.10" in /usr/local/lib/python3.8/dist-packages (from pandas) (1.24.4)
Requirement already satisfied: pytz>=2020.1 in /usr/local/lib/python3.8/dist-packages (from pandas) (2023.3.post1)
Requirement already satisfied: six>=1.5 in /usr/local/lib/python3.8/dist-packages (from python-dateutil>=2.8.2->pandas) (1.16.0)
Building wheels for collected packages: msgpack-python
  Building wheel for msgpack-python (setup.py) ... [?25l- \ | / - \ done
[?25h  Created wheel for msgpack-python: filename=msgpack_python-0.5.6-cp38-cp38-linux_aarch64.whl size=446721 sha256=04534e35bf7c92db58320493c4e4c2966e52a6933915d33a35e2c50bb5d823a6
  Stored in directory: /root/.cache/pip/wheels/03/7f/e7/8ec405fe5220fe1401be3dfa943f6e1f10b525f54f68d75e0a
Successfully built msgpack-python
Installing collected packages: msgpack-python
Successfully installed msgpack-python-0.5.6
Running /platform/source/s01/v4_enggpt/m22200011/m22200011_q17_t0.sh
/platform/source/s01/v4_enggpt/m22200011/m22200011_q17_t0.sh: line 4: sudo: command not found
/platform/source/s01/v4_enggpt/m22200011/m22200011_q17_t0.sh: line 7: sudo: command not found
Requirement already satisfied: pymongo in /usr/local/lib/python3.8/dist-packages (4.6.0)
Requirement already satisfied: pandas in /usr/local/lib/python3.8/dist-packages (2.0.3)
Requirement already satisfied: redis in /usr/local/lib/python3.8/dist-packages (3.4.1)
Requirement already satisfied: dnspython<3.0.0,>=1.16.0 in /usr/local/lib/python3.8/dist-packages (from pymongo) (2.4.2)
Requirement already satisfied: tzdata>=2022.1 in /usr/local/lib/python3.8/dist-packages (from pandas) (2023.3)
Requirement already satisfied: numpy>=1.20.3; python_version < "3.10" in /usr/local/lib/python3.8/dist-packages (from pandas) (1.24.4)
Requirement already satisfied: pytz>=2020.1 in /usr/local/lib/python3.8/dist-packages (from pandas) (2023.3.post1)
Requirement already satisfied: python-dateutil>=2.8.2 in /usr/local/lib/python3.8/dist-packages (from pandas) (2.8.2)
Requirement already satisfied: six>=1.5 in /usr/local/lib/python3.8/dist-packages (from python-dateutil>=2.8.2->pandas) (1.16.0)
Running /platform/source/s01/v4_enggpt/m22200011/m22200011_q18_t0.sh
Running /platform/source/s01/v4_enggpt/m22200011/m22200011_q19_t0.sh
Requirement already satisfied: pymongo in /usr/local/lib/python3.8/dist-packages (4.6.0)
Requirement already satisfied: dnspython<3.0.0,>=1.16.0 in /usr/local/lib/python3.8/dist-packages (from pymongo) (2.4.2)
Requirement already satisfied: direct-redis in /usr/local/lib/python3.8/dist-packages (0.3.1)
Requirement already satisfied: redis==3.4.1 in /usr/local/lib/python3.8/dist-packages (from direct-redis) (3.4.1)
Requirement already satisfied: pandas in /usr/local/lib/python3.8/dist-packages (2.0.3)
Requirement already satisfied: pytz>=2020.1 in /usr/local/lib/python3.8/dist-packages (from pandas) (2023.3.post1)
Requirement already satisfied: numpy>=1.20.3; python_version < "3.10" in /usr/local/lib/python3.8/dist-packages (from pandas) (1.24.4)
Requirement already satisfied: tzdata>=2022.1 in /usr/local/lib/python3.8/dist-packages (from pandas) (2023.3)
Requirement already satisfied: python-dateutil>=2.8.2 in /usr/local/lib/python3.8/dist-packages (from pandas) (2.8.2)
Requirement already satisfied: six>=1.5 in /usr/local/lib/python3.8/dist-packages (from python-dateutil>=2.8.2->pandas) (1.16.0)
Running /platform/source/s01/v4_enggpt/m22200011/m22200011_q1_t0.sh
/platform/source/s01/v4_enggpt/m22200011/m22200011_q1_t0.sh: line 4: sudo: command not found
/platform/source/s01/v4_enggpt/m22200011/m22200011_q1_t0.sh: line 5: sudo: command not found
/platform/source/s01/v4_enggpt/m22200011/m22200011_q1_t0.sh: line 8: sudo: command not found
Requirement already satisfied: pymongo in /usr/local/lib/python3.8/dist-packages (4.6.0)
Requirement already satisfied: pandas in /usr/local/lib/python3.8/dist-packages (2.0.3)
Requirement already satisfied: dnspython<3.0.0,>=1.16.0 in /usr/local/lib/python3.8/dist-packages (from pymongo) (2.4.2)
Requirement already satisfied: tzdata>=2022.1 in /usr/local/lib/python3.8/dist-packages (from pandas) (2023.3)
Requirement already satisfied: numpy>=1.20.3; python_version < "3.10" in /usr/local/lib/python3.8/dist-packages (from pandas) (1.24.4)
Requirement already satisfied: python-dateutil>=2.8.2 in /usr/local/lib/python3.8/dist-packages (from pandas) (2.8.2)
Requirement already satisfied: pytz>=2020.1 in /usr/local/lib/python3.8/dist-packages (from pandas) (2023.3.post1)
Requirement already satisfied: six>=1.5 in /usr/local/lib/python3.8/dist-packages (from python-dateutil>=2.8.2->pandas) (1.16.0)
Running /platform/source/s01/v4_enggpt/m22200011/m22200011_q20_t0.sh
/platform/source/s01/v4_enggpt/m22200011/m22200011_q20_t0.sh: line 4: sudo: command not found
/platform/source/s01/v4_enggpt/m22200011/m22200011_q20_t0.sh: line 5: sudo: command not found
Collecting pip
  Downloading pip-23.3.1-py3-none-any.whl (2.1 MB)
[?25l[K     |‚ñè                               | 10 kB 7.7 MB/s eta 0:00:01[K     |‚ñé                               | 20 kB 8.7 MB/s eta 0:00:01[K     |‚ñå                               | 30 kB 10.7 MB/s eta 0:00:01[K     |‚ñã                               | 40 kB 4.2 MB/s eta 0:00:01[K     |‚ñä                               | 51 kB 2.6 MB/s eta 0:00:01[K     |‚ñà                               | 61 kB 3.1 MB/s eta 0:00:01[K     |‚ñà                               | 71 kB 3.6 MB/s eta 0:00:01[K     |‚ñà‚ñé                              | 81 kB 4.0 MB/s eta 0:00:01[K     |‚ñà‚ñç                              | 92 kB 4.5 MB/s eta 0:00:01[K     |‚ñà‚ñå                              | 102 kB 5.0 MB/s eta 0:00:01[K     |‚ñà‚ñä                              | 112 kB 5.0 MB/s eta 0:00:01[K     |‚ñà‚ñâ                              | 122 kB 5.0 MB/s eta 0:00:01[K     |‚ñà‚ñà                              | 133 kB 5.0 MB/s eta 0:00:01[K     |‚ñà‚ñà‚ñè                             | 143 kB 5.0 MB/s eta 0:00:01[K     |‚ñà‚ñà‚ñé                             | 153 kB 5.0 MB/s eta 0:00:01[K     |‚ñà‚ñà‚ñå                             | 163 kB 5.0 MB/s eta 0:00:01[K     |‚ñà‚ñà‚ñã                             | 174 kB 5.0 MB/s eta 0:00:01[K     |‚ñà‚ñà‚ñâ                             | 184 kB 5.0 MB/s eta 0:00:01[K     |‚ñà‚ñà‚ñà                             | 194 kB 5.0 MB/s eta 0:00:01[K     |‚ñà‚ñà‚ñà                             | 204 kB 5.0 MB/s eta 0:00:01[K     |‚ñà‚ñà‚ñà‚ñé                            | 215 kB 5.0 MB/s eta 0:00:01[K     |‚ñà‚ñà‚ñà‚ñç                            | 225 kB 5.0 MB/s eta 0:00:01[K     |‚ñà‚ñà‚ñà‚ñã                            | 235 kB 5.0 MB/s eta 0:00:01[K     |‚ñà‚ñà‚ñà‚ñä                            | 245 kB 5.0 MB/s eta 0:00:01[K     |‚ñà‚ñà‚ñà‚ñâ                            | 256 kB 5.0 MB/s eta 0:00:01[K     |‚ñà‚ñà‚ñà‚ñà                            | 266 kB 5.0 MB/s eta 0:00:01[K     |‚ñà‚ñà‚ñà‚ñà‚ñè                           | 276 kB 5.0 MB/s eta 0:00:01[K     |‚ñà‚ñà‚ñà‚ñà‚ñç                           | 286 kB 5.0 MB/s eta 0:00:01[K     |‚ñà‚ñà‚ñà‚ñà‚ñå                           | 296 kB 5.0 MB/s eta 0:00:01[K     |‚ñà‚ñà‚ñà‚ñà‚ñã                           | 307 kB 5.0 MB/s eta 0:00:01[K     |‚ñà‚ñà‚ñà‚ñà‚ñâ                           | 317 kB 5.0 MB/s eta 0:00:01[K     |‚ñà‚ñà‚ñà‚ñà‚ñà                           | 327 kB 5.0 MB/s eta 0:00:01[K     |‚ñà‚ñà‚ñà‚ñà‚ñà‚ñè                          | 337 kB 5.0 MB/s eta 0:00:01[K     |‚ñà‚ñà‚ñà‚ñà‚ñà‚ñé                          | 348 kB 5.0 MB/s eta 0:00:01[K     |‚ñà‚ñà‚ñà‚ñà‚ñà‚ñç                          | 358 kB 5.0 MB/s eta 0:00:01[K     |‚ñà‚ñà‚ñà‚ñà‚ñà‚ñã                          | 368 kB 5.0 MB/s eta 0:00:01[K     |‚ñà‚ñà‚ñà‚ñà‚ñà‚ñä                          | 378 kB 5.0 MB/s eta 0:00:01[K     |‚ñà‚ñà‚ñà‚ñà‚ñà‚ñà                          | 389 kB 5.0 MB/s eta 0:00:01[K     |‚ñà‚ñà‚ñà‚ñà‚ñà‚ñà                          | 399 kB 5.0 MB/s eta 0:00:01[K     |‚ñà‚ñà‚ñà‚ñà‚ñà‚ñà‚ñè                         | 409 kB 5.0 MB/s eta 0:00:01[K     |‚ñà‚ñà‚ñà‚ñà‚ñà‚ñà‚ñç                         | 419 kB 5.0 MB/s eta 0:00:01[K     |‚ñà‚ñà‚ñà‚ñà‚ñà‚ñà‚ñå                         | 430 kB 5.0 MB/s eta 0:00:01[K     |‚ñà‚ñà‚ñà‚ñà‚ñà‚ñà‚ñä                         | 440 kB 5.0 MB/s eta 0:00:01[K     |‚ñà‚ñà‚ñà‚ñà‚ñà‚ñà‚ñâ                         | 450 kB 5.0 MB/s eta 0:00:01[K     |‚ñà‚ñà‚ñà‚ñà‚ñà‚ñà‚ñà                         | 460 kB 5.0 MB/s eta 0:00:01[K     |‚ñà‚ñà‚ñà‚ñà‚ñà‚ñà‚ñà‚ñè                        | 471 kB 5.0 MB/s eta 0:00:01[K     |‚ñà‚ñà‚ñà‚ñà‚ñà‚ñà‚ñà‚ñé                        | 481 kB 5.0 MB/s eta 0:00:01[K     |‚ñà‚ñà‚ñà‚ñà‚ñà‚ñà‚ñà‚ñå                        | 491 kB 5.0 MB/s eta 0:00:01[K     |‚ñà‚ñà‚ñà‚ñà‚ñà‚ñà‚ñà‚ñã                        | 501 kB 5.0 MB/s eta 0:00:01[K     |‚ñà‚ñà‚ñà‚ñà‚ñà‚ñà‚ñà‚ñä                        | 512 kB 5.0 MB/s eta 0:00:01[K     |‚ñà‚ñà‚ñà‚ñà‚ñà‚ñà‚ñà‚ñà                        | 522 kB 5.0 MB/s eta 0:00:01[K     |‚ñà‚ñà‚ñà‚ñà‚ñà‚ñà‚ñà‚ñà                        | 532 kB 5.0 MB/s eta 0:00:01[K     |‚ñà‚ñà‚ñà‚ñà‚ñà‚ñà‚ñà‚ñà‚ñé                       | 542 kB 5.0 MB/s eta 0:00:01[K     |‚ñà‚ñà‚ñà‚ñà‚ñà‚ñà‚ñà‚ñà‚ñç                       | 552 kB 5.0 MB/s eta 0:00:01[K     |‚ñà‚ñà‚ñà‚ñà‚ñà‚ñà‚ñà‚ñà‚ñå                       | 563 kB 5.0 MB/s eta 0:00:01[K     |‚ñà‚ñà‚ñà‚ñà‚ñà‚ñà‚ñà‚ñà‚ñä                       | 573 kB 5.0 MB/s eta 0:00:01[K     |‚ñà‚ñà‚ñà‚ñà‚ñà‚ñà‚ñà‚ñà‚ñâ                       | 583 kB 5.0 MB/s eta 0:00:01[K     |‚ñà‚ñà‚ñà‚ñà‚ñà‚ñà‚ñà‚ñà‚ñà                       | 593 kB 5.0 MB/s eta 0:00:01[K     |‚ñà‚ñà‚ñà‚ñà‚ñà‚ñà‚ñà‚ñà‚ñà‚ñè                      | 604 kB 5.0 MB/s eta 0:00:01[K     |‚ñà‚ñà‚ñà‚ñà‚ñà‚ñà‚ñà‚ñà‚ñà‚ñé                      | 614 kB 5.0 MB/s eta 0:00:01[K     |‚ñà‚ñà‚ñà‚ñà‚ñà‚ñà‚ñà‚ñà‚ñà‚ñå                      | 624 kB 5.0 MB/s eta 0:00:01[K     |‚ñà‚ñà‚ñà‚ñà‚ñà‚ñà‚ñà‚ñà‚ñà‚ñã                      | 634 kB 5.0 MB/s eta 0:00:01[K     |‚ñà‚ñà‚ñà‚ñà‚ñà‚ñà‚ñà‚ñà‚ñà‚ñâ                      | 645 kB 5.0 MB/s eta 0:00:01[K     |‚ñà‚ñà‚ñà‚ñà‚ñà‚ñà‚ñà‚ñà‚ñà‚ñà                      | 655 kB 5.0 MB/s eta 0:00:01[K     |‚ñà‚ñà‚ñà‚ñà‚ñà‚ñà‚ñà‚ñà‚ñà‚ñà                      | 665 kB 5.0 MB/s eta 0:00:01[K     |‚ñà‚ñà‚ñà‚ñà‚ñà‚ñà‚ñà‚ñà‚ñà‚ñà‚ñé                     | 675 kB 5.0 MB/s eta 0:00:01[K     |‚ñà‚ñà‚ñà‚ñà‚ñà‚ñà‚ñà‚ñà‚ñà‚ñà‚ñç                     | 686 kB 5.0 MB/s eta 0:00:01[K     |‚ñà‚ñà‚ñà‚ñà‚ñà‚ñà‚ñà‚ñà‚ñà‚ñà‚ñã                     | 696 kB 5.0 MB/s eta 0:00:01[K     |‚ñà‚ñà‚ñà‚ñà‚ñà‚ñà‚ñà‚ñà‚ñà‚ñà‚ñä                     | 706 kB 5.0 MB/s eta 0:00:01[K     |‚ñà‚ñà‚ñà‚ñà‚ñà‚ñà‚ñà‚ñà‚ñà‚ñà‚ñâ                     | 716 kB 5.0 MB/s eta 0:00:01[K     |‚ñà‚ñà‚ñà‚ñà‚ñà‚ñà‚ñà‚ñà‚ñà‚ñà‚ñà                     | 727 kB 5.0 MB/s eta 0:00:01[K     |‚ñà‚ñà‚ñà‚ñà‚ñà‚ñà‚ñà‚ñà‚ñà‚ñà‚ñà‚ñè                    | 737 kB 5.0 MB/s eta 0:00:01[K     |‚ñà‚ñà‚ñà‚ñà‚ñà‚ñà‚ñà‚ñà‚ñà‚ñà‚ñà‚ñç                    | 747 kB 5.0 MB/s eta 0:00:01[K     |‚ñà‚ñà‚ñà‚ñà‚ñà‚ñà‚ñà‚ñà‚ñà‚ñà‚ñà‚ñå                    | 757 kB 5.0 MB/s eta 0:00:01[K     |‚ñà‚ñà‚ñà‚ñà‚ñà‚ñà‚ñà‚ñà‚ñà‚ñà‚ñà‚ñã                    | 768 kB 5.0 MB/s eta 0:00:01[K     |‚ñà‚ñà‚ñà‚ñà‚ñà‚ñà‚ñà‚ñà‚ñà‚ñà‚ñà‚ñâ                    | 778 kB 5.0 MB/s eta 0:00:01[K     |‚ñà‚ñà‚ñà‚ñà‚ñà‚ñà‚ñà‚ñà‚ñà‚ñà‚ñà‚ñà                    | 788 kB 5.0 MB/s eta 0:00:01[K     |‚ñà‚ñà‚ñà‚ñà‚ñà‚ñà‚ñà‚ñà‚ñà‚ñà‚ñà‚ñà‚ñè                   | 798 kB 5.0 MB/s eta 0:00:01[K     |‚ñà‚ñà‚ñà‚ñà‚ñà‚ñà‚ñà‚ñà‚ñà‚ñà‚ñà‚ñà‚ñé                   | 808 kB 5.0 MB/s eta 0:00:01[K     |‚ñà‚ñà‚ñà‚ñà‚ñà‚ñà‚ñà‚ñà‚ñà‚ñà‚ñà‚ñà‚ñç                   | 819 kB 5.0 MB/s eta 0:00:01[K     |‚ñà‚ñà‚ñà‚ñà‚ñà‚ñà‚ñà‚ñà‚ñà‚ñà‚ñà‚ñà‚ñã                   | 829 kB 5.0 MB/s eta 0:00:01[K     |‚ñà‚ñà‚ñà‚ñà‚ñà‚ñà‚ñà‚ñà‚ñà‚ñà‚ñà‚ñà‚ñä                   | 839 kB 5.0 MB/s eta 0:00:01[K     |‚ñà‚ñà‚ñà‚ñà‚ñà‚ñà‚ñà‚ñà‚ñà‚ñà‚ñà‚ñà‚ñà                   | 849 kB 5.0 MB/s eta 0:00:01[K     |‚ñà‚ñà‚ñà‚ñà‚ñà‚ñà‚ñà‚ñà‚ñà‚ñà‚ñà‚ñà‚ñà                   | 860 kB 5.0 MB/s eta 0:00:01[K     |‚ñà‚ñà‚ñà‚ñà‚ñà‚ñà‚ñà‚ñà‚ñà‚ñà‚ñà‚ñà‚ñà‚ñè                  | 870 kB 5.0 MB/s eta 0:00:01[K     |‚ñà‚ñà‚ñà‚ñà‚ñà‚ñà‚ñà‚ñà‚ñà‚ñà‚ñà‚ñà‚ñà‚ñç                  | 880 kB 5.0 MB/s eta 0:00:01[K     |‚ñà‚ñà‚ñà‚ñà‚ñà‚ñà‚ñà‚ñà‚ñà‚ñà‚ñà‚ñà‚ñà‚ñå                  | 890 kB 5.0 MB/s eta 0:00:01[K     |‚ñà‚ñà‚ñà‚ñà‚ñà‚ñà‚ñà‚ñà‚ñà‚ñà‚ñà‚ñà‚ñà‚ñä                  | 901 kB 5.0 MB/s eta 0:00:01[K     |‚ñà‚ñà‚ñà‚ñà‚ñà‚ñà‚ñà‚ñà‚ñà‚ñà‚ñà‚ñà‚ñà‚ñâ                  | 911 kB 5.0 MB/s eta 0:00:01[K     |‚ñà‚ñà‚ñà‚ñà‚ñà‚ñà‚ñà‚ñà‚ñà‚ñà‚ñà‚ñà‚ñà‚ñà                  | 921 kB 5.0 MB/s eta 0:00:01[K     |‚ñà‚ñà‚ñà‚ñà‚ñà‚ñà‚ñà‚ñà‚ñà‚ñà‚ñà‚ñà‚ñà‚ñà‚ñè                 | 931 kB 5.0 MB/s eta 0:00:01[K     |‚ñà‚ñà‚ñà‚ñà‚ñà‚ñà‚ñà‚ñà‚ñà‚ñà‚ñà‚ñà‚ñà‚ñà‚ñé                 | 942 kB 5.0 MB/s eta 0:00:01[K     |‚ñà‚ñà‚ñà‚ñà‚ñà‚ñà‚ñà‚ñà‚ñà‚ñà‚ñà‚ñà‚ñà‚ñà‚ñå                 | 952 kB 5.0 MB/s eta 0:00:01[K     |‚ñà‚ñà‚ñà‚ñà‚ñà‚ñà‚ñà‚ñà‚ñà‚ñà‚ñà‚ñà‚ñà‚ñà‚ñã                 | 962 kB 5.0 MB/s eta 0:00:01[K     |‚ñà‚ñà‚ñà‚ñà‚ñà‚ñà‚ñà‚ñà‚ñà‚ñà‚ñà‚ñà‚ñà‚ñà‚ñä                 | 972 kB 5.0 MB/s eta 0:00:01[K     |‚ñà‚ñà‚ñà‚ñà‚ñà‚ñà‚ñà‚ñà‚ñà‚ñà‚ñà‚ñà‚ñà‚ñà‚ñà                 | 983 kB 5.0 MB/s eta 0:00:01[K     |‚ñà‚ñà‚ñà‚ñà‚ñà‚ñà‚ñà‚ñà‚ñà‚ñà‚ñà‚ñà‚ñà‚ñà‚ñà                 | 993 kB 5.0 MB/s eta 0:00:01[K     |‚ñà‚ñà‚ñà‚ñà‚ñà‚ñà‚ñà‚ñà‚ñà‚ñà‚ñà‚ñà‚ñà‚ñà‚ñà‚ñé                | 1.0 MB 5.0 MB/s eta 0:00:01[K     |‚ñà‚ñà‚ñà‚ñà‚ñà‚ñà‚ñà‚ñà‚ñà‚ñà‚ñà‚ñà‚ñà‚ñà‚ñà‚ñç                | 1.0 MB 5.0 MB/s eta 0:00:01[K     |‚ñà‚ñà‚ñà‚ñà‚ñà‚ñà‚ñà‚ñà‚ñà‚ñà‚ñà‚ñà‚ñà‚ñà‚ñà‚ñå                | 1.0 MB 5.0 MB/s eta 0:00:01[K     |‚ñà‚ñà‚ñà‚ñà‚ñà‚ñà‚ñà‚ñà‚ñà‚ñà‚ñà‚ñà‚ñà‚ñà‚ñà‚ñä                | 1.0 MB 5.0 MB/s eta 0:00:01[K     |‚ñà‚ñà‚ñà‚ñà‚ñà‚ñà‚ñà‚ñà‚ñà‚ñà‚ñà‚ñà‚ñà‚ñà‚ñà‚ñâ                | 1.0 MB 5.0 MB/s eta 0:00:01[K     |‚ñà‚ñà‚ñà‚ñà‚ñà‚ñà‚ñà‚ñà‚ñà‚ñà‚ñà‚ñà‚ñà‚ñà‚ñà‚ñà                | 1.1 MB 5.0 MB/s eta 0:00:01[K     |‚ñà‚ñà‚ñà‚ñà‚ñà‚ñà‚ñà‚ñà‚ñà‚ñà‚ñà‚ñà‚ñà‚ñà‚ñà‚ñà‚ñè               | 1.1 MB 5.0 MB/s eta 0:00:01[K     |‚ñà‚ñà‚ñà‚ñà‚ñà‚ñà‚ñà‚ñà‚ñà‚ñà‚ñà‚ñà‚ñà‚ñà‚ñà‚ñà‚ñé               | 1.1 MB 5.0 MB/s eta 0:00:01[K     |‚ñà‚ñà‚ñà‚ñà‚ñà‚ñà‚ñà‚ñà‚ñà‚ñà‚ñà‚ñà‚ñà‚ñà‚ñà‚ñà‚ñå               | 1.1 MB 5.0 MB/s eta 0:00:01[K     |‚ñà‚ñà‚ñà‚ñà‚ñà‚ñà‚ñà‚ñà‚ñà‚ñà‚ñà‚ñà‚ñà‚ñà‚ñà‚ñà‚ñã               | 1.1 MB 5.0 MB/s eta 0:00:01[K     |‚ñà‚ñà‚ñà‚ñà‚ñà‚ñà‚ñà‚ñà‚ñà‚ñà‚ñà‚ñà‚ñà‚ñà‚ñà‚ñà‚ñâ               | 1.1 MB 5.0 MB/s eta 0:00:01[K     |‚ñà‚ñà‚ñà‚ñà‚ñà‚ñà‚ñà‚ñà‚ñà‚ñà‚ñà‚ñà‚ñà‚ñà‚ñà‚ñà‚ñà               | 1.1 MB 5.0 MB/s eta 0:00:01[K     |‚ñà‚ñà‚ñà‚ñà‚ñà‚ñà‚ñà‚ñà‚ñà‚ñà‚ñà‚ñà‚ñà‚ñà‚ñà‚ñà‚ñà               | 1.1 MB 5.0 MB/s eta 0:00:01[K     |‚ñà‚ñà‚ñà‚ñà‚ñà‚ñà‚ñà‚ñà‚ñà‚ñà‚ñà‚ñà‚ñà‚ñà‚ñà‚ñà‚ñà‚ñé              | 1.1 MB 5.0 MB/s eta 0:00:01[K     |‚ñà‚ñà‚ñà‚ñà‚ñà‚ñà‚ñà‚ñà‚ñà‚ñà‚ñà‚ñà‚ñà‚ñà‚ñà‚ñà‚ñà‚ñç              | 1.1 MB 5.0 MB/s eta 0:00:01[K     |‚ñà‚ñà‚ñà‚ñà‚ñà‚ñà‚ñà‚ñà‚ñà‚ñà‚ñà‚ñà‚ñà‚ñà‚ñà‚ñà‚ñà‚ñã              | 1.2 MB 5.0 MB/s eta 0:00:01[K     |‚ñà‚ñà‚ñà‚ñà‚ñà‚ñà‚ñà‚ñà‚ñà‚ñà‚ñà‚ñà‚ñà‚ñà‚ñà‚ñà‚ñà‚ñä              | 1.2 MB 5.0 MB/s eta 0:00:01[K     |‚ñà‚ñà‚ñà‚ñà‚ñà‚ñà‚ñà‚ñà‚ñà‚ñà‚ñà‚ñà‚ñà‚ñà‚ñà‚ñà‚ñà‚ñâ              | 1.2 MB 5.0 MB/s eta 0:00:01[K     |‚ñà‚ñà‚ñà‚ñà‚ñà‚ñà‚ñà‚ñà‚ñà‚ñà‚ñà‚ñà‚ñà‚ñà‚ñà‚ñà‚ñà‚ñà              | 1.2 MB 5.0 MB/s eta 0:00:01[K     |‚ñà‚ñà‚ñà‚ñà‚ñà‚ñà‚ñà‚ñà‚ñà‚ñà‚ñà‚ñà‚ñà‚ñà‚ñà‚ñà‚ñà‚ñà‚ñè             | 1.2 MB 5.0 MB/s eta 0:00:01[K     |‚ñà‚ñà‚ñà‚ñà‚ñà‚ñà‚ñà‚ñà‚ñà‚ñà‚ñà‚ñà‚ñà‚ñà‚ñà‚ñà‚ñà‚ñà‚ñç             | 1.2 MB 5.0 MB/s eta 0:00:01[K     |‚ñà‚ñà‚ñà‚ñà‚ñà‚ñà‚ñà‚ñà‚ñà‚ñà‚ñà‚ñà‚ñà‚ñà‚ñà‚ñà‚ñà‚ñà‚ñå             | 1.2 MB 5.0 MB/s eta 0:00:01[K     |‚ñà‚ñà‚ñà‚ñà‚ñà‚ñà‚ñà‚ñà‚ñà‚ñà‚ñà‚ñà‚ñà‚ñà‚ñà‚ñà‚ñà‚ñà‚ñã             | 1.2 MB 5.0 MB/s eta 0:00:01[K     |‚ñà‚ñà‚ñà‚ñà‚ñà‚ñà‚ñà‚ñà‚ñà‚ñà‚ñà‚ñà‚ñà‚ñà‚ñà‚ñà‚ñà‚ñà‚ñâ             | 1.2 MB 5.0 MB/s eta 0:00:01[K     |‚ñà‚ñà‚ñà‚ñà‚ñà‚ñà‚ñà‚ñà‚ñà‚ñà‚ñà‚ñà‚ñà‚ñà‚ñà‚ñà‚ñà‚ñà‚ñà             | 1.2 MB 5.0 MB/s eta 0:00:01[K     |‚ñà‚ñà‚ñà‚ñà‚ñà‚ñà‚ñà‚ñà‚ñà‚ñà‚ñà‚ñà‚ñà‚ñà‚ñà‚ñà‚ñà‚ñà‚ñà‚ñè            | 1.3 MB 5.0 MB/s eta 0:00:01[K     |‚ñà‚ñà‚ñà‚ñà‚ñà‚ñà‚ñà‚ñà‚ñà‚ñà‚ñà‚ñà‚ñà‚ñà‚ñà‚ñà‚ñà‚ñà‚ñà‚ñé            | 1.3 MB 5.0 MB/s eta 0:00:01[K     |‚ñà‚ñà‚ñà‚ñà‚ñà‚ñà‚ñà‚ñà‚ñà‚ñà‚ñà‚ñà‚ñà‚ñà‚ñà‚ñà‚ñà‚ñà‚ñà‚ñç            | 1.3 MB 5.0 MB/s eta 0:00:01[K     |‚ñà‚ñà‚ñà‚ñà‚ñà‚ñà‚ñà‚ñà‚ñà‚ñà‚ñà‚ñà‚ñà‚ñà‚ñà‚ñà‚ñà‚ñà‚ñà‚ñã            | 1.3 MB 5.0 MB/s eta 0:00:01[K     |‚ñà‚ñà‚ñà‚ñà‚ñà‚ñà‚ñà‚ñà‚ñà‚ñà‚ñà‚ñà‚ñà‚ñà‚ñà‚ñà‚ñà‚ñà‚ñà‚ñä            | 1.3 MB 5.0 MB/s eta 0:00:01[K     |‚ñà‚ñà‚ñà‚ñà‚ñà‚ñà‚ñà‚ñà‚ñà‚ñà‚ñà‚ñà‚ñà‚ñà‚ñà‚ñà‚ñà‚ñà‚ñà‚ñà            | 1.3 MB 5.0 MB/s eta 0:00:01[K     |‚ñà‚ñà‚ñà‚ñà‚ñà‚ñà‚ñà‚ñà‚ñà‚ñà‚ñà‚ñà‚ñà‚ñà‚ñà‚ñà‚ñà‚ñà‚ñà‚ñà            | 1.3 MB 5.0 MB/s eta 0:00:01[K     |‚ñà‚ñà‚ñà‚ñà‚ñà‚ñà‚ñà‚ñà‚ñà‚ñà‚ñà‚ñà‚ñà‚ñà‚ñà‚ñà‚ñà‚ñà‚ñà‚ñà‚ñè           | 1.3 MB 5.0 MB/s eta 0:00:01[K     |‚ñà‚ñà‚ñà‚ñà‚ñà‚ñà‚ñà‚ñà‚ñà‚ñà‚ñà‚ñà‚ñà‚ñà‚ñà‚ñà‚ñà‚ñà‚ñà‚ñà‚ñç           | 1.3 MB 5.0 MB/s eta 0:00:01[K     |‚ñà‚ñà‚ñà‚ñà‚ñà‚ñà‚ñà‚ñà‚ñà‚ñà‚ñà‚ñà‚ñà‚ñà‚ñà‚ñà‚ñà‚ñà‚ñà‚ñà‚ñå           | 1.4 MB 5.0 MB/s eta 0:00:01[K     |‚ñà‚ñà‚ñà‚ñà‚ñà‚ñà‚ñà‚ñà‚ñà‚ñà‚ñà‚ñà‚ñà‚ñà‚ñà‚ñà‚ñà‚ñà‚ñà‚ñà‚ñä           | 1.4 MB 5.0 MB/s eta 0:00:01[K     |‚ñà‚ñà‚ñà‚ñà‚ñà‚ñà‚ñà‚ñà‚ñà‚ñà‚ñà‚ñà‚ñà‚ñà‚ñà‚ñà‚ñà‚ñà‚ñà‚ñà‚ñâ           | 1.4 MB 5.0 MB/s eta 0:00:01[K     |‚ñà‚ñà‚ñà‚ñà‚ñà‚ñà‚ñà‚ñà‚ñà‚ñà‚ñà‚ñà‚ñà‚ñà‚ñà‚ñà‚ñà‚ñà‚ñà‚ñà‚ñà           | 1.4 MB 5.0 MB/s eta 0:00:01[K     |‚ñà‚ñà‚ñà‚ñà‚ñà‚ñà‚ñà‚ñà‚ñà‚ñà‚ñà‚ñà‚ñà‚ñà‚ñà‚ñà‚ñà‚ñà‚ñà‚ñà‚ñà‚ñè          | 1.4 MB 5.0 MB/s eta 0:00:01[K     |‚ñà‚ñà‚ñà‚ñà‚ñà‚ñà‚ñà‚ñà‚ñà‚ñà‚ñà‚ñà‚ñà‚ñà‚ñà‚ñà‚ñà‚ñà‚ñà‚ñà‚ñà‚ñé          | 1.4 MB 5.0 MB/s eta 0:00:01[K     |‚ñà‚ñà‚ñà‚ñà‚ñà‚ñà‚ñà‚ñà‚ñà‚ñà‚ñà‚ñà‚ñà‚ñà‚ñà‚ñà‚ñà‚ñà‚ñà‚ñà‚ñà‚ñå          | 1.4 MB 5.0 MB/s eta 0:00:01[K     |‚ñà‚ñà‚ñà‚ñà‚ñà‚ñà‚ñà‚ñà‚ñà‚ñà‚ñà‚ñà‚ñà‚ñà‚ñà‚ñà‚ñà‚ñà‚ñà‚ñà‚ñà‚ñã          | 1.4 MB 5.0 MB/s eta 0:00:01[K     |‚ñà‚ñà‚ñà‚ñà‚ñà‚ñà‚ñà‚ñà‚ñà‚ñà‚ñà‚ñà‚ñà‚ñà‚ñà‚ñà‚ñà‚ñà‚ñà‚ñà‚ñà‚ñä          | 1.4 MB 5.0 MB/s eta 0:00:01[K     |‚ñà‚ñà‚ñà‚ñà‚ñà‚ñà‚ñà‚ñà‚ñà‚ñà‚ñà‚ñà‚ñà‚ñà‚ñà‚ñà‚ñà‚ñà‚ñà‚ñà‚ñà‚ñà          | 1.4 MB 5.0 MB/s eta 0:00:01[K     |‚ñà‚ñà‚ñà‚ñà‚ñà‚ñà‚ñà‚ñà‚ñà‚ñà‚ñà‚ñà‚ñà‚ñà‚ñà‚ñà‚ñà‚ñà‚ñà‚ñà‚ñà‚ñà          | 1.5 MB 5.0 MB/s eta 0:00:01[K     |‚ñà‚ñà‚ñà‚ñà‚ñà‚ñà‚ñà‚ñà‚ñà‚ñà‚ñà‚ñà‚ñà‚ñà‚ñà‚ñà‚ñà‚ñà‚ñà‚ñà‚ñà‚ñà‚ñé         | 1.5 MB 5.0 MB/s eta 0:00:01[K     |‚ñà‚ñà‚ñà‚ñà‚ñà‚ñà‚ñà‚ñà‚ñà‚ñà‚ñà‚ñà‚ñà‚ñà‚ñà‚ñà‚ñà‚ñà‚ñà‚ñà‚ñà‚ñà‚ñç         | 1.5 MB 5.0 MB/s eta 0:00:01[K     |‚ñà‚ñà‚ñà‚ñà‚ñà‚ñà‚ñà‚ñà‚ñà‚ñà‚ñà‚ñà‚ñà‚ñà‚ñà‚ñà‚ñà‚ñà‚ñà‚ñà‚ñà‚ñà‚ñå         | 1.5 MB 5.0 MB/s eta 0:00:01[K     |‚ñà‚ñà‚ñà‚ñà‚ñà‚ñà‚ñà‚ñà‚ñà‚ñà‚ñà‚ñà‚ñà‚ñà‚ñà‚ñà‚ñà‚ñà‚ñà‚ñà‚ñà‚ñà‚ñä         | 1.5 MB 5.0 MB/s eta 0:00:01[K     |‚ñà‚ñà‚ñà‚ñà‚ñà‚ñà‚ñà‚ñà‚ñà‚ñà‚ñà‚ñà‚ñà‚ñà‚ñà‚ñà‚ñà‚ñà‚ñà‚ñà‚ñà‚ñà‚ñâ         | 1.5 MB 5.0 MB/s eta 0:00:01[K     |‚ñà‚ñà‚ñà‚ñà‚ñà‚ñà‚ñà‚ñà‚ñà‚ñà‚ñà‚ñà‚ñà‚ñà‚ñà‚ñà‚ñà‚ñà‚ñà‚ñà‚ñà‚ñà‚ñà         | 1.5 MB 5.0 MB/s eta 0:00:01[K     |‚ñà‚ñà‚ñà‚ñà‚ñà‚ñà‚ñà‚ñà‚ñà‚ñà‚ñà‚ñà‚ñà‚ñà‚ñà‚ñà‚ñà‚ñà‚ñà‚ñà‚ñà‚ñà‚ñà‚ñè        | 1.5 MB 5.0 MB/s eta 0:00:01[K     |‚ñà‚ñà‚ñà‚ñà‚ñà‚ñà‚ñà‚ñà‚ñà‚ñà‚ñà‚ñà‚ñà‚ñà‚ñà‚ñà‚ñà‚ñà‚ñà‚ñà‚ñà‚ñà‚ñà‚ñé        | 1.5 MB 5.0 MB/s eta 0:00:01[K     |‚ñà‚ñà‚ñà‚ñà‚ñà‚ñà‚ñà‚ñà‚ñà‚ñà‚ñà‚ñà‚ñà‚ñà‚ñà‚ñà‚ñà‚ñà‚ñà‚ñà‚ñà‚ñà‚ñà‚ñå        | 1.5 MB 5.0 MB/s eta 0:00:01[K     |‚ñà‚ñà‚ñà‚ñà‚ñà‚ñà‚ñà‚ñà‚ñà‚ñà‚ñà‚ñà‚ñà‚ñà‚ñà‚ñà‚ñà‚ñà‚ñà‚ñà‚ñà‚ñà‚ñà‚ñã        | 1.6 MB 5.0 MB/s eta 0:00:01[K     |‚ñà‚ñà‚ñà‚ñà‚ñà‚ñà‚ñà‚ñà‚ñà‚ñà‚ñà‚ñà‚ñà‚ñà‚ñà‚ñà‚ñà‚ñà‚ñà‚ñà‚ñà‚ñà‚ñà‚ñâ        | 1.6 MB 5.0 MB/s eta 0:00:01[K     |‚ñà‚ñà‚ñà‚ñà‚ñà‚ñà‚ñà‚ñà‚ñà‚ñà‚ñà‚ñà‚ñà‚ñà‚ñà‚ñà‚ñà‚ñà‚ñà‚ñà‚ñà‚ñà‚ñà‚ñà        | 1.6 MB 5.0 MB/s eta 0:00:01[K     |‚ñà‚ñà‚ñà‚ñà‚ñà‚ñà‚ñà‚ñà‚ñà‚ñà‚ñà‚ñà‚ñà‚ñà‚ñà‚ñà‚ñà‚ñà‚ñà‚ñà‚ñà‚ñà‚ñà‚ñà        | 1.6 MB 5.0 MB/s eta 0:00:01[K     |‚ñà‚ñà‚ñà‚ñà‚ñà‚ñà‚ñà‚ñà‚ñà‚ñà‚ñà‚ñà‚ñà‚ñà‚ñà‚ñà‚ñà‚ñà‚ñà‚ñà‚ñà‚ñà‚ñà‚ñà‚ñé       | 1.6 MB 5.0 MB/s eta 0:00:01[K     |‚ñà‚ñà‚ñà‚ñà‚ñà‚ñà‚ñà‚ñà‚ñà‚ñà‚ñà‚ñà‚ñà‚ñà‚ñà‚ñà‚ñà‚ñà‚ñà‚ñà‚ñà‚ñà‚ñà‚ñà‚ñç       | 1.6 MB 5.0 MB/s eta 0:00:01[K     |‚ñà‚ñà‚ñà‚ñà‚ñà‚ñà‚ñà‚ñà‚ñà‚ñà‚ñà‚ñà‚ñà‚ñà‚ñà‚ñà‚ñà‚ñà‚ñà‚ñà‚ñà‚ñà‚ñà‚ñà‚ñã       | 1.6 MB 5.0 MB/s eta 0:00:01[K     |‚ñà‚ñà‚ñà‚ñà‚ñà‚ñà‚ñà‚ñà‚ñà‚ñà‚ñà‚ñà‚ñà‚ñà‚ñà‚ñà‚ñà‚ñà‚ñà‚ñà‚ñà‚ñà‚ñà‚ñà‚ñä       | 1.6 MB 5.0 MB/s eta 0:00:01[K     |‚ñà‚ñà‚ñà‚ñà‚ñà‚ñà‚ñà‚ñà‚ñà‚ñà‚ñà‚ñà‚ñà‚ñà‚ñà‚ñà‚ñà‚ñà‚ñà‚ñà‚ñà‚ñà‚ñà‚ñà‚ñâ       | 1.6 MB 5.0 MB/s eta 0:00:01[K     |‚ñà‚ñà‚ñà‚ñà‚ñà‚ñà‚ñà‚ñà‚ñà‚ñà‚ñà‚ñà‚ñà‚ñà‚ñà‚ñà‚ñà‚ñà‚ñà‚ñà‚ñà‚ñà‚ñà‚ñà‚ñà       | 1.6 MB 5.0 MB/s eta 0:00:01[K     |‚ñà‚ñà‚ñà‚ñà‚ñà‚ñà‚ñà‚ñà‚ñà‚ñà‚ñà‚ñà‚ñà‚ñà‚ñà‚ñà‚ñà‚ñà‚ñà‚ñà‚ñà‚ñà‚ñà‚ñà‚ñà‚ñè      | 1.7 MB 5.0 MB/s eta 0:00:01[K     |‚ñà‚ñà‚ñà‚ñà‚ñà‚ñà‚ñà‚ñà‚ñà‚ñà‚ñà‚ñà‚ñà‚ñà‚ñà‚ñà‚ñà‚ñà‚ñà‚ñà‚ñà‚ñà‚ñà‚ñà‚ñà‚ñç      | 1.7 MB 5.0 MB/s eta 0:00:01[K     |‚ñà‚ñà‚ñà‚ñà‚ñà‚ñà‚ñà‚ñà‚ñà‚ñà‚ñà‚ñà‚ñà‚ñà‚ñà‚ñà‚ñà‚ñà‚ñà‚ñà‚ñà‚ñà‚ñà‚ñà‚ñà‚ñå      | 1.7 MB 5.0 MB/s eta 0:00:01[K     |‚ñà‚ñà‚ñà‚ñà‚ñà‚ñà‚ñà‚ñà‚ñà‚ñà‚ñà‚ñà‚ñà‚ñà‚ñà‚ñà‚ñà‚ñà‚ñà‚ñà‚ñà‚ñà‚ñà‚ñà‚ñà‚ñã      | 1.7 MB 5.0 MB/s eta 0:00:01[K     |‚ñà‚ñà‚ñà‚ñà‚ñà‚ñà‚ñà‚ñà‚ñà‚ñà‚ñà‚ñà‚ñà‚ñà‚ñà‚ñà‚ñà‚ñà‚ñà‚ñà‚ñà‚ñà‚ñà‚ñà‚ñà‚ñâ      | 1.7 MB 5.0 MB/s eta 0:00:01[K     |‚ñà‚ñà‚ñà‚ñà‚ñà‚ñà‚ñà‚ñà‚ñà‚ñà‚ñà‚ñà‚ñà‚ñà‚ñà‚ñà‚ñà‚ñà‚ñà‚ñà‚ñà‚ñà‚ñà‚ñà‚ñà‚ñà      | 1.7 MB 5.0 MB/s eta 0:00:01[K     |‚ñà‚ñà‚ñà‚ñà‚ñà‚ñà‚ñà‚ñà‚ñà‚ñà‚ñà‚ñà‚ñà‚ñà‚ñà‚ñà‚ñà‚ñà‚ñà‚ñà‚ñà‚ñà‚ñà‚ñà‚ñà‚ñà‚ñè     | 1.7 MB 5.0 MB/s eta 0:00:01[K     |‚ñà‚ñà‚ñà‚ñà‚ñà‚ñà‚ñà‚ñà‚ñà‚ñà‚ñà‚ñà‚ñà‚ñà‚ñà‚ñà‚ñà‚ñà‚ñà‚ñà‚ñà‚ñà‚ñà‚ñà‚ñà‚ñà‚ñé     | 1.7 MB 5.0 MB/s eta 0:00:01[K     |‚ñà‚ñà‚ñà‚ñà‚ñà‚ñà‚ñà‚ñà‚ñà‚ñà‚ñà‚ñà‚ñà‚ñà‚ñà‚ñà‚ñà‚ñà‚ñà‚ñà‚ñà‚ñà‚ñà‚ñà‚ñà‚ñà‚ñç     | 1.7 MB 5.0 MB/s eta 0:00:01[K     |‚ñà‚ñà‚ñà‚ñà‚ñà‚ñà‚ñà‚ñà‚ñà‚ñà‚ñà‚ñà‚ñà‚ñà‚ñà‚ñà‚ñà‚ñà‚ñà‚ñà‚ñà‚ñà‚ñà‚ñà‚ñà‚ñà‚ñã     | 1.8 MB 5.0 MB/s eta 0:00:01[K     |‚ñà‚ñà‚ñà‚ñà‚ñà‚ñà‚ñà‚ñà‚ñà‚ñà‚ñà‚ñà‚ñà‚ñà‚ñà‚ñà‚ñà‚ñà‚ñà‚ñà‚ñà‚ñà‚ñà‚ñà‚ñà‚ñà‚ñä     | 1.8 MB 5.0 MB/s eta 0:00:01[K     |‚ñà‚ñà‚ñà‚ñà‚ñà‚ñà‚ñà‚ñà‚ñà‚ñà‚ñà‚ñà‚ñà‚ñà‚ñà‚ñà‚ñà‚ñà‚ñà‚ñà‚ñà‚ñà‚ñà‚ñà‚ñà‚ñà‚ñà     | 1.8 MB 5.0 MB/s eta 0:00:01[K     |‚ñà‚ñà‚ñà‚ñà‚ñà‚ñà‚ñà‚ñà‚ñà‚ñà‚ñà‚ñà‚ñà‚ñà‚ñà‚ñà‚ñà‚ñà‚ñà‚ñà‚ñà‚ñà‚ñà‚ñà‚ñà‚ñà‚ñà     | 1.8 MB 5.0 MB/s eta 0:00:01[K     |‚ñà‚ñà‚ñà‚ñà‚ñà‚ñà‚ñà‚ñà‚ñà‚ñà‚ñà‚ñà‚ñà‚ñà‚ñà‚ñà‚ñà‚ñà‚ñà‚ñà‚ñà‚ñà‚ñà‚ñà‚ñà‚ñà‚ñà‚ñè    | 1.8 MB 5.0 MB/s eta 0:00:01[K     |‚ñà‚ñà‚ñà‚ñà‚ñà‚ñà‚ñà‚ñà‚ñà‚ñà‚ñà‚ñà‚ñà‚ñà‚ñà‚ñà‚ñà‚ñà‚ñà‚ñà‚ñà‚ñà‚ñà‚ñà‚ñà‚ñà‚ñà‚ñç    | 1.8 MB 5.0 MB/s eta 0:00:01[K     |‚ñà‚ñà‚ñà‚ñà‚ñà‚ñà‚ñà‚ñà‚ñà‚ñà‚ñà‚ñà‚ñà‚ñà‚ñà‚ñà‚ñà‚ñà‚ñà‚ñà‚ñà‚ñà‚ñà‚ñà‚ñà‚ñà‚ñà‚ñå    | 1.8 MB 5.0 MB/s eta 0:00:01[K     |‚ñà‚ñà‚ñà‚ñà‚ñà‚ñà‚ñà‚ñà‚ñà‚ñà‚ñà‚ñà‚ñà‚ñà‚ñà‚ñà‚ñà‚ñà‚ñà‚ñà‚ñà‚ñà‚ñà‚ñà‚ñà‚ñà‚ñà‚ñä    | 1.8 MB 5.0 MB/s eta 0:00:01[K     |‚ñà‚ñà‚ñà‚ñà‚ñà‚ñà‚ñà‚ñà‚ñà‚ñà‚ñà‚ñà‚ñà‚ñà‚ñà‚ñà‚ñà‚ñà‚ñà‚ñà‚ñà‚ñà‚ñà‚ñà‚ñà‚ñà‚ñà‚ñâ    | 1.8 MB 5.0 MB/s eta 0:00:01[K     |‚ñà‚ñà‚ñà‚ñà‚ñà‚ñà‚ñà‚ñà‚ñà‚ñà‚ñà‚ñà‚ñà‚ñà‚ñà‚ñà‚ñà‚ñà‚ñà‚ñà‚ñà‚ñà‚ñà‚ñà‚ñà‚ñà‚ñà‚ñà    | 1.8 MB 5.0 MB/s eta 0:00:01[K     |‚ñà‚ñà‚ñà‚ñà‚ñà‚ñà‚ñà‚ñà‚ñà‚ñà‚ñà‚ñà‚ñà‚ñà‚ñà‚ñà‚ñà‚ñà‚ñà‚ñà‚ñà‚ñà‚ñà‚ñà‚ñà‚ñà‚ñà‚ñà‚ñè   | 1.9 MB 5.0 MB/s eta 0:00:01[K     |‚ñà‚ñà‚ñà‚ñà‚ñà‚ñà‚ñà‚ñà‚ñà‚ñà‚ñà‚ñà‚ñà‚ñà‚ñà‚ñà‚ñà‚ñà‚ñà‚ñà‚ñà‚ñà‚ñà‚ñà‚ñà‚ñà‚ñà‚ñà‚ñé   | 1.9 MB 5.0 MB/s eta 0:00:01[K     |‚ñà‚ñà‚ñà‚ñà‚ñà‚ñà‚ñà‚ñà‚ñà‚ñà‚ñà‚ñà‚ñà‚ñà‚ñà‚ñà‚ñà‚ñà‚ñà‚ñà‚ñà‚ñà‚ñà‚ñà‚ñà‚ñà‚ñà‚ñà‚ñå   | 1.9 MB 5.0 MB/s eta 0:00:01[K     |‚ñà‚ñà‚ñà‚ñà‚ñà‚ñà‚ñà‚ñà‚ñà‚ñà‚ñà‚ñà‚ñà‚ñà‚ñà‚ñà‚ñà‚ñà‚ñà‚ñà‚ñà‚ñà‚ñà‚ñà‚ñà‚ñà‚ñà‚ñà‚ñã   | 1.9 MB 5.0 MB/s eta 0:00:01[K     |‚ñà‚ñà‚ñà‚ñà‚ñà‚ñà‚ñà‚ñà‚ñà‚ñà‚ñà‚ñà‚ñà‚ñà‚ñà‚ñà‚ñà‚ñà‚ñà‚ñà‚ñà‚ñà‚ñà‚ñà‚ñà‚ñà‚ñà‚ñà‚ñä   | 1.9 MB 5.0 MB/s eta 0:00:01[K     |‚ñà‚ñà‚ñà‚ñà‚ñà‚ñà‚ñà‚ñà‚ñà‚ñà‚ñà‚ñà‚ñà‚ñà‚ñà‚ñà‚ñà‚ñà‚ñà‚ñà‚ñà‚ñà‚ñà‚ñà‚ñà‚ñà‚ñà‚ñà‚ñà   | 1.9 MB 5.0 MB/s eta 0:00:01[K     |‚ñà‚ñà‚ñà‚ñà‚ñà‚ñà‚ñà‚ñà‚ñà‚ñà‚ñà‚ñà‚ñà‚ñà‚ñà‚ñà‚ñà‚ñà‚ñà‚ñà‚ñà‚ñà‚ñà‚ñà‚ñà‚ñà‚ñà‚ñà‚ñà   | 1.9 MB 5.0 MB/s eta 0:00:01[K     |‚ñà‚ñà‚ñà‚ñà‚ñà‚ñà‚ñà‚ñà‚ñà‚ñà‚ñà‚ñà‚ñà‚ñà‚ñà‚ñà‚ñà‚ñà‚ñà‚ñà‚ñà‚ñà‚ñà‚ñà‚ñà‚ñà‚ñà‚ñà‚ñà‚ñé  | 1.9 MB 5.0 MB/s eta 0:00:01[K     |‚ñà‚ñà‚ñà‚ñà‚ñà‚ñà‚ñà‚ñà‚ñà‚ñà‚ñà‚ñà‚ñà‚ñà‚ñà‚ñà‚ñà‚ñà‚ñà‚ñà‚ñà‚ñà‚ñà‚ñà‚ñà‚ñà‚ñà‚ñà‚ñà‚ñç  | 1.9 MB 5.0 MB/s eta 0:00:01[K     |‚ñà‚ñà‚ñà‚ñà‚ñà‚ñà‚ñà‚ñà‚ñà‚ñà‚ñà‚ñà‚ñà‚ñà‚ñà‚ñà‚ñà‚ñà‚ñà‚ñà‚ñà‚ñà‚ñà‚ñà‚ñà‚ñà‚ñà‚ñà‚ñà‚ñå  | 1.9 MB 5.0 MB/s eta 0:00:01[K     |‚ñà‚ñà‚ñà‚ñà‚ñà‚ñà‚ñà‚ñà‚ñà‚ñà‚ñà‚ñà‚ñà‚ñà‚ñà‚ñà‚ñà‚ñà‚ñà‚ñà‚ñà‚ñà‚ñà‚ñà‚ñà‚ñà‚ñà‚ñà‚ñà‚ñä  | 2.0 MB 5.0 MB/s eta 0:00:01[K     |‚ñà‚ñà‚ñà‚ñà‚ñà‚ñà‚ñà‚ñà‚ñà‚ñà‚ñà‚ñà‚ñà‚ñà‚ñà‚ñà‚ñà‚ñà‚ñà‚ñà‚ñà‚ñà‚ñà‚ñà‚ñà‚ñà‚ñà‚ñà‚ñà‚ñâ  | 2.0 MB 5.0 MB/s eta 0:00:01[K     |‚ñà‚ñà‚ñà‚ñà‚ñà‚ñà‚ñà‚ñà‚ñà‚ñà‚ñà‚ñà‚ñà‚ñà‚ñà‚ñà‚ñà‚ñà‚ñà‚ñà‚ñà‚ñà‚ñà‚ñà‚ñà‚ñà‚ñà‚ñà‚ñà‚ñà  | 2.0 MB 5.0 MB/s eta 0:00:01[K     |‚ñà‚ñà‚ñà‚ñà‚ñà‚ñà‚ñà‚ñà‚ñà‚ñà‚ñà‚ñà‚ñà‚ñà‚ñà‚ñà‚ñà‚ñà‚ñà‚ñà‚ñà‚ñà‚ñà‚ñà‚ñà‚ñà‚ñà‚ñà‚ñà‚ñà‚ñè | 2.0 MB 5.0 MB/s eta 0:00:01[K     |‚ñà‚ñà‚ñà‚ñà‚ñà‚ñà‚ñà‚ñà‚ñà‚ñà‚ñà‚ñà‚ñà‚ñà‚ñà‚ñà‚ñà‚ñà‚ñà‚ñà‚ñà‚ñà‚ñà‚ñà‚ñà‚ñà‚ñà‚ñà‚ñà‚ñà‚ñé | 2.0 MB 5.0 MB/s eta 0:00:01[K     |‚ñà‚ñà‚ñà‚ñà‚ñà‚ñà‚ñà‚ñà‚ñà‚ñà‚ñà‚ñà‚ñà‚ñà‚ñà‚ñà‚ñà‚ñà‚ñà‚ñà‚ñà‚ñà‚ñà‚ñà‚ñà‚ñà‚ñà‚ñà‚ñà‚ñà‚ñå | 2.0 MB 5.0 MB/s eta 0:00:01[K     |‚ñà‚ñà‚ñà‚ñà‚ñà‚ñà‚ñà‚ñà‚ñà‚ñà‚ñà‚ñà‚ñà‚ñà‚ñà‚ñà‚ñà‚ñà‚ñà‚ñà‚ñà‚ñà‚ñà‚ñà‚ñà‚ñà‚ñà‚ñà‚ñà‚ñà‚ñã | 2.0 MB 5.0 MB/s eta 0:00:01[K     |‚ñà‚ñà‚ñà‚ñà‚ñà‚ñà‚ñà‚ñà‚ñà‚ñà‚ñà‚ñà‚ñà‚ñà‚ñà‚ñà‚ñà‚ñà‚ñà‚ñà‚ñà‚ñà‚ñà‚ñà‚ñà‚ñà‚ñà‚ñà‚ñà‚ñà‚ñâ | 2.0 MB 5.0 MB/s eta 0:00:01[K     |‚ñà‚ñà‚ñà‚ñà‚ñà‚ñà‚ñà‚ñà‚ñà‚ñà‚ñà‚ñà‚ñà‚ñà‚ñà‚ñà‚ñà‚ñà‚ñà‚ñà‚ñà‚ñà‚ñà‚ñà‚ñà‚ñà‚ñà‚ñà‚ñà‚ñà‚ñà | 2.0 MB 5.0 MB/s eta 0:00:01[K     |‚ñà‚ñà‚ñà‚ñà‚ñà‚ñà‚ñà‚ñà‚ñà‚ñà‚ñà‚ñà‚ñà‚ñà‚ñà‚ñà‚ñà‚ñà‚ñà‚ñà‚ñà‚ñà‚ñà‚ñà‚ñà‚ñà‚ñà‚ñà‚ñà‚ñà‚ñà | 2.0 MB 5.0 MB/s eta 0:00:01[K     |‚ñà‚ñà‚ñà‚ñà‚ñà‚ñà‚ñà‚ñà‚ñà‚ñà‚ñà‚ñà‚ñà‚ñà‚ñà‚ñà‚ñà‚ñà‚ñà‚ñà‚ñà‚ñà‚ñà‚ñà‚ñà‚ñà‚ñà‚ñà‚ñà‚ñà‚ñà‚ñé| 2.1 MB 5.0 MB/s eta 0:00:01[K     |‚ñà‚ñà‚ñà‚ñà‚ñà‚ñà‚ñà‚ñà‚ñà‚ñà‚ñà‚ñà‚ñà‚ñà‚ñà‚ñà‚ñà‚ñà‚ñà‚ñà‚ñà‚ñà‚ñà‚ñà‚ñà‚ñà‚ñà‚ñà‚ñà‚ñà‚ñà‚ñç| 2.1 MB 5.0 MB/s eta 0:00:01[K     |‚ñà‚ñà‚ñà‚ñà‚ñà‚ñà‚ñà‚ñà‚ñà‚ñà‚ñà‚ñà‚ñà‚ñà‚ñà‚ñà‚ñà‚ñà‚ñà‚ñà‚ñà‚ñà‚ñà‚ñà‚ñà‚ñà‚ñà‚ñà‚ñà‚ñà‚ñà‚ñã| 2.1 MB 5.0 MB/s eta 0:00:01[K     |‚ñà‚ñà‚ñà‚ñà‚ñà‚ñà‚ñà‚ñà‚ñà‚ñà‚ñà‚ñà‚ñà‚ñà‚ñà‚ñà‚ñà‚ñà‚ñà‚ñà‚ñà‚ñà‚ñà‚ñà‚ñà‚ñà‚ñà‚ñà‚ñà‚ñà‚ñà‚ñä| 2.1 MB 5.0 MB/s eta 0:00:01[K     |‚ñà‚ñà‚ñà‚ñà‚ñà‚ñà‚ñà‚ñà‚ñà‚ñà‚ñà‚ñà‚ñà‚ñà‚ñà‚ñà‚ñà‚ñà‚ñà‚ñà‚ñà‚ñà‚ñà‚ñà‚ñà‚ñà‚ñà‚ñà‚ñà‚ñà‚ñà‚ñâ| 2.1 MB 5.0 MB/s eta 0:00:01[K     |‚ñà‚ñà‚ñà‚ñà‚ñà‚ñà‚ñà‚ñà‚ñà‚ñà‚ñà‚ñà‚ñà‚ñà‚ñà‚ñà‚ñà‚ñà‚ñà‚ñà‚ñà‚ñà‚ñà‚ñà‚ñà‚ñà‚ñà‚ñà‚ñà‚ñà‚ñà‚ñà| 2.1 MB 5.0 MB/s 
[?25hInstalling collected packages: pip
  Attempting uninstall: pip
    Found existing installation: pip 20.0.2
    Not uninstalling pip at /usr/lib/python3/dist-packages, outside environment /usr
    Can't uninstall 'pip'. No files were found to uninstall.
Successfully installed pip-23.3.1
Requirement already satisfied: pymysql in /usr/local/lib/python3.8/dist-packages (1.1.0)
Requirement already satisfied: pymongo in /usr/local/lib/python3.8/dist-packages (4.6.0)
Requirement already satisfied: pandas in /usr/local/lib/python3.8/dist-packages (2.0.3)
Requirement already satisfied: direct_redis in /usr/local/lib/python3.8/dist-packages (0.3.1)
Requirement already satisfied: dnspython<3.0.0,>=1.16.0 in /usr/local/lib/python3.8/dist-packages (from pymongo) (2.4.2)
Requirement already satisfied: python-dateutil>=2.8.2 in /usr/local/lib/python3.8/dist-packages (from pandas) (2.8.2)
Requirement already satisfied: pytz>=2020.1 in /usr/local/lib/python3.8/dist-packages (from pandas) (2023.3.post1)
Requirement already satisfied: tzdata>=2022.1 in /usr/local/lib/python3.8/dist-packages (from pandas) (2023.3)
Requirement already satisfied: numpy>=1.20.3; python_version < "3.10" in /usr/local/lib/python3.8/dist-packages (from pandas) (1.24.4)
Requirement already satisfied: redis==3.4.1 in /usr/local/lib/python3.8/dist-packages (from direct_redis) (3.4.1)
Requirement already satisfied: six>=1.5 in /usr/local/lib/python3.8/dist-packages (from python-dateutil>=2.8.2->pandas) (1.16.0)
Running /platform/source/s01/v4_enggpt/m22200011/m22200011_q21_t0.sh
/platform/source/s01/v4_enggpt/m22200011/m22200011_q21_t0.sh: line 6: sudo: command not found
/platform/source/s01/v4_enggpt/m22200011/m22200011_q21_t0.sh: line 9: sudo: command not found
/platform/source/s01/v4_enggpt/m22200011/m22200011_q21_t0.sh: line 12: sudo: command not found
/platform/source/s01/v4_enggpt/m22200011/m22200011_q21_t0.sh: line 15: sudo: command not found
Requirement already satisfied: pandas in /usr/local/lib/python3.8/dist-packages (2.0.3)
Requirement already satisfied: pymysql in /usr/local/lib/python3.8/dist-packages (1.1.0)
Requirement already satisfied: pymongo in /usr/local/lib/python3.8/dist-packages (4.6.0)
Requirement already satisfied: direct_redis in /usr/local/lib/python3.8/dist-packages (0.3.1)
Requirement already satisfied: python-dateutil>=2.8.2 in /usr/local/lib/python3.8/dist-packages (from pandas) (2.8.2)
Requirement already satisfied: pytz>=2020.1 in /usr/local/lib/python3.8/dist-packages (from pandas) (2023.3.post1)
Requirement already satisfied: tzdata>=2022.1 in /usr/local/lib/python3.8/dist-packages (from pandas) (2023.3)
Requirement already satisfied: numpy>=1.20.3 in /usr/local/lib/python3.8/dist-packages (from pandas) (1.24.4)
Requirement already satisfied: dnspython<3.0.0,>=1.16.0 in /usr/local/lib/python3.8/dist-packages (from pymongo) (2.4.2)
Requirement already satisfied: redis==3.4.1 in /usr/local/lib/python3.8/dist-packages (from direct_redis) (3.4.1)
Requirement already satisfied: six>=1.5 in /usr/local/lib/python3.8/dist-packages (from python-dateutil>=2.8.2->pandas) (1.16.0)
[33mWARNING: Running pip as the 'root' user can result in broken permissions and conflicting behaviour with the system package manager. It is recommended to use a virtual environment instead: https://pip.pypa.io/warnings/venv[0m[33m
[0mRunning /platform/source/s01/v4_enggpt/m22200011/m22200011_q22_t0.sh
0% [Working]            Ign:1 http://repo.mongodb.org/apt/ubuntu focal/mongodb-org/4.4 InRelease
0% [Connecting to ports.ubuntu.com (185.125.190.36)]                                                    Get:2 http://repo.mongodb.org/apt/ubuntu focal/mongodb-org/4.4 Release [3094 B]
0% [Connecting to ports.ubuntu.com (185.125.190.36)] [2 Release 3094 B/3094 B 1                                                                               0% [Connecting to ports.ubuntu.com (185.125.190.36)]                                                    Get:3 http://repo.mongodb.org/apt/ubuntu focal/mongodb-org/4.4 Release.gpg [866 B]
0% [Waiting for headers] [3 Release.gpg 866 B/866 B 100%]                                                         0% [Waiting for headers]                        Hit:4 http://ports.ubuntu.com/ubuntu-ports focal InRelease
                        0% [Working]            Ign:3 http://repo.mongodb.org/apt/ubuntu focal/mongodb-org/4.4 Release.gpg
0% [Waiting for headers]0% [Waiting for headers]                        Hit:5 http://ports.ubuntu.com/ubuntu-ports focal-updates InRelease
                        0% [Working]0% [Waiting for headers]                        Hit:6 http://ports.ubuntu.com/ubuntu-ports focal-backports InRelease
                        0% [Working]0% [Waiting for headers]                        Hit:7 http://ports.ubuntu.com/ubuntu-ports focal-security InRelease
                        0% [Working]83% [Working]             Reading package lists... 0%Reading package lists... 0%Reading package lists... 0%Reading package lists... 6%Reading package lists... 6%Reading package lists... 6%Reading package lists... 6%Reading package lists... 60%Reading package lists... 60%Reading package lists... 61%Reading package lists... 61%Reading package lists... 74%Reading package lists... 74%Reading package lists... 75%Reading package lists... 75%Reading package lists... 81%Reading package lists... 81%Reading package lists... 81%Reading package lists... 81%Reading package lists... 82%Reading package lists... 82%Reading package lists... 82%Reading package lists... 82%Reading package lists... 94%Reading package lists... 94%Reading package lists... 94%Reading package lists... 94%Reading package lists... 99%Reading package lists... 99%Reading package lists... 99%Reading package lists... 99%Reading package lists... Done
W: GPG error: http://repo.mongodb.org/apt/ubuntu focal/mongodb-org/4.4 Release: The following signatures couldn't be verified because the public key is not available: NO_PUBKEY 656408E390CFB1F5
E: The repository 'http://repo.mongodb.org/apt/ubuntu focal/mongodb-org/4.4 Release' is not signed.
N: Updating from such a repository can't be done securely, and is therefore disabled by default.
N: See apt-secure(8) manpage for repository creation and user configuration details.
Reading package lists... 0%Reading package lists... 0%Reading package lists... 0%Reading package lists... 6%Reading package lists... 6%Reading package lists... 6%Reading package lists... 6%Reading package lists... 60%Reading package lists... 60%Reading package lists... 61%Reading package lists... 61%Reading package lists... 74%Reading package lists... 74%Reading package lists... 75%Reading package lists... 75%Reading package lists... 81%Reading package lists... 81%Reading package lists... 81%Reading package lists... 81%Reading package lists... 82%Reading package lists... 82%Reading package lists... 82%Reading package lists... 82%Reading package lists... 94%Reading package lists... 94%Reading package lists... 94%Reading package lists... 94%Reading package lists... 99%Reading package lists... 99%Reading package lists... 99%Reading package lists... 99%Reading package lists... Done
Building dependency tree... 0%Building dependency tree... 0%Building dependency tree... 50%Building dependency tree... 50%Building dependency tree       
Reading state information... 0%Reading state information... 0%Reading state information... Done
python3 is already the newest version (3.8.2-0ubuntu2).
python3-pip is already the newest version (20.0.2-5ubuntu1.10).
0 upgraded, 0 newly installed, 0 to remove and 0 not upgraded.
Requirement already satisfied: pymysql in /usr/local/lib/python3.8/dist-packages (1.1.0)
Requirement already satisfied: pymongo in /usr/local/lib/python3.8/dist-packages (4.6.0)
Requirement already satisfied: pandas in /usr/local/lib/python3.8/dist-packages (2.0.3)
Requirement already satisfied: dnspython<3.0.0,>=1.16.0 in /usr/local/lib/python3.8/dist-packages (from pymongo) (2.4.2)
Requirement already satisfied: python-dateutil>=2.8.2 in /usr/local/lib/python3.8/dist-packages (from pandas) (2.8.2)
Requirement already satisfied: pytz>=2020.1 in /usr/local/lib/python3.8/dist-packages (from pandas) (2023.3.post1)
Requirement already satisfied: tzdata>=2022.1 in /usr/local/lib/python3.8/dist-packages (from pandas) (2023.3)
Requirement already satisfied: numpy>=1.20.3 in /usr/local/lib/python3.8/dist-packages (from pandas) (1.24.4)
Requirement already satisfied: six>=1.5 in /usr/local/lib/python3.8/dist-packages (from python-dateutil>=2.8.2->pandas) (1.16.0)
[33mWARNING: Running pip as the 'root' user can result in broken permissions and conflicting behaviour with the system package manager. It is recommended to use a virtual environment instead: https://pip.pypa.io/warnings/venv[0m[33m
[0mRunning /platform/source/s01/v4_enggpt/m22200011/m22200011_q2_t0.sh
0% [Working]            Ign:1 http://repo.mongodb.org/apt/ubuntu focal/mongodb-org/4.4 InRelease
0% [Connecting to ports.ubuntu.com (185.125.190.36)]                                                    Get:2 http://repo.mongodb.org/apt/ubuntu focal/mongodb-org/4.4 Release [3094 B]
0% [Connecting to ports.ubuntu.com (185.125.190.36)] [2 Release 3094 B/3094 B 1                                                                               0% [Connecting to ports.ubuntu.com (185.125.190.36)]                                                    Get:3 http://repo.mongodb.org/apt/ubuntu focal/mongodb-org/4.4 Release.gpg [866 B]
0% [Waiting for headers] [3 Release.gpg 866 B/866 B 100%]                                                         0% [Waiting for headers]                        Hit:4 http://ports.ubuntu.com/ubuntu-ports focal InRelease
                        0% [Working]            Ign:3 http://repo.mongodb.org/apt/ubuntu focal/mongodb-org/4.4 Release.gpg
0% [Waiting for headers]0% [Waiting for headers]                        Hit:5 http://ports.ubuntu.com/ubuntu-ports focal-updates InRelease
                        0% [Working]0% [Waiting for headers]                        Hit:6 http://ports.ubuntu.com/ubuntu-ports focal-backports InRelease
                        0% [Working]0% [Waiting for headers]                        Hit:7 http://ports.ubuntu.com/ubuntu-ports focal-security InRelease
                        0% [Working]83% [Working]             Reading package lists... 0%Reading package lists... 0%Reading package lists... 0%Reading package lists... 6%Reading package lists... 6%Reading package lists... 6%Reading package lists... 6%Reading package lists... 60%Reading package lists... 60%Reading package lists... 61%Reading package lists... 61%Reading package lists... 74%Reading package lists... 74%Reading package lists... 75%Reading package lists... 75%Reading package lists... 81%Reading package lists... 81%Reading package lists... 81%Reading package lists... 81%Reading package lists... 82%Reading package lists... 82%Reading package lists... 82%Reading package lists... 82%Reading package lists... 94%Reading package lists... 94%Reading package lists... 94%Reading package lists... 94%Reading package lists... 99%Reading package lists... 99%Reading package lists... 99%Reading package lists... 99%Reading package lists... Done
W: GPG error: http://repo.mongodb.org/apt/ubuntu focal/mongodb-org/4.4 Release: The following signatures couldn't be verified because the public key is not available: NO_PUBKEY 656408E390CFB1F5
E: The repository 'http://repo.mongodb.org/apt/ubuntu focal/mongodb-org/4.4 Release' is not signed.
N: Updating from such a repository can't be done securely, and is therefore disabled by default.
N: See apt-secure(8) manpage for repository creation and user configuration details.
Reading package lists... 0%Reading package lists... 0%Reading package lists... 0%Reading package lists... 6%Reading package lists... 6%Reading package lists... 6%Reading package lists... 6%Reading package lists... 60%Reading package lists... 60%Reading package lists... 61%Reading package lists... 61%Reading package lists... 74%Reading package lists... 74%Reading package lists... 75%Reading package lists... 75%Reading package lists... 81%Reading package lists... 81%Reading package lists... 81%Reading package lists... 81%Reading package lists... 82%Reading package lists... 82%Reading package lists... 82%Reading package lists... 82%Reading package lists... 94%Reading package lists... 94%Reading package lists... 94%Reading package lists... 94%Reading package lists... 99%Reading package lists... 99%Reading package lists... 99%Reading package lists... 99%Reading package lists... Done
Building dependency tree... 0%Building dependency tree... 0%Building dependency tree... 50%Building dependency tree... 50%Building dependency tree       
Reading state information... 0%Reading state information... 0%Reading state information... Done
python3 is already the newest version (3.8.2-0ubuntu2).
python3-pip is already the newest version (20.0.2-5ubuntu1.10).
0 upgraded, 0 newly installed, 0 to remove and 0 not upgraded.
Requirement already satisfied: pymysql in /usr/local/lib/python3.8/dist-packages (1.1.0)
Requirement already satisfied: pandas in /usr/local/lib/python3.8/dist-packages (2.0.3)
Requirement already satisfied: direct_redis in /usr/local/lib/python3.8/dist-packages (0.3.1)
Requirement already satisfied: python-dateutil>=2.8.2 in /usr/local/lib/python3.8/dist-packages (from pandas) (2.8.2)
Requirement already satisfied: pytz>=2020.1 in /usr/local/lib/python3.8/dist-packages (from pandas) (2023.3.post1)
Requirement already satisfied: tzdata>=2022.1 in /usr/local/lib/python3.8/dist-packages (from pandas) (2023.3)
Requirement already satisfied: numpy>=1.20.3 in /usr/local/lib/python3.8/dist-packages (from pandas) (1.24.4)
Requirement already satisfied: redis==3.4.1 in /usr/local/lib/python3.8/dist-packages (from direct_redis) (3.4.1)
Requirement already satisfied: six>=1.5 in /usr/local/lib/python3.8/dist-packages (from python-dateutil>=2.8.2->pandas) (1.16.0)
[33mWARNING: Running pip as the 'root' user can result in broken permissions and conflicting behaviour with the system package manager. It is recommended to use a virtual environment instead: https://pip.pypa.io/warnings/venv[0m[33m
[0mRunning /platform/source/s01/v4_enggpt/m22200011/m22200011_q3_t0.sh
0% [Working]            Ign:1 http://repo.mongodb.org/apt/ubuntu focal/mongodb-org/4.4 InRelease
0% [Connecting to ports.ubuntu.com (185.125.190.36)]                                                    Get:2 http://repo.mongodb.org/apt/ubuntu focal/mongodb-org/4.4 Release [3094 B]
0% [Connecting to ports.ubuntu.com (185.125.190.36)] [2 Release 3094 B/3094 B 1                                                                               0% [Connecting to ports.ubuntu.com (185.125.190.36)]                                                    Get:3 http://repo.mongodb.org/apt/ubuntu focal/mongodb-org/4.4 Release.gpg [866 B]
0% [Waiting for headers] [3 Release.gpg 866 B/866 B 100%]                                                         0% [Waiting for headers]                        Hit:4 http://ports.ubuntu.com/ubuntu-ports focal InRelease
                        0% [Working]            Ign:3 http://repo.mongodb.org/apt/ubuntu focal/mongodb-org/4.4 Release.gpg
0% [Waiting for headers]0% [Waiting for headers]                        Hit:5 http://ports.ubuntu.com/ubuntu-ports focal-updates InRelease
                        0% [Working]0% [Waiting for headers]                        Hit:6 http://ports.ubuntu.com/ubuntu-ports focal-backports InRelease
0% [Waiting for headers]0% [Waiting for headers]                        Hit:7 http://ports.ubuntu.com/ubuntu-ports focal-security InRelease
                        0% [Working]83% [Working]             Reading package lists... 0%Reading package lists... 0%Reading package lists... 0%Reading package lists... 6%Reading package lists... 6%Reading package lists... 6%Reading package lists... 6%Reading package lists... 60%Reading package lists... 60%Reading package lists... 61%Reading package lists... 61%Reading package lists... 74%Reading package lists... 74%Reading package lists... 75%Reading package lists... 75%Reading package lists... 81%Reading package lists... 81%Reading package lists... 81%Reading package lists... 81%Reading package lists... 82%Reading package lists... 82%Reading package lists... 82%Reading package lists... 82%Reading package lists... 94%Reading package lists... 94%Reading package lists... 94%Reading package lists... 94%Reading package lists... 99%Reading package lists... 99%Reading package lists... 99%Reading package lists... 99%Reading package lists... Done
W: GPG error: http://repo.mongodb.org/apt/ubuntu focal/mongodb-org/4.4 Release: The following signatures couldn't be verified because the public key is not available: NO_PUBKEY 656408E390CFB1F5
E: The repository 'http://repo.mongodb.org/apt/ubuntu focal/mongodb-org/4.4 Release' is not signed.
N: Updating from such a repository can't be done securely, and is therefore disabled by default.
N: See apt-secure(8) manpage for repository creation and user configuration details.
Reading package lists... 0%Reading package lists... 0%Reading package lists... 0%Reading package lists... 6%Reading package lists... 6%Reading package lists... 6%Reading package lists... 6%Reading package lists... 60%Reading package lists... 60%Reading package lists... 61%Reading package lists... 61%Reading package lists... 74%Reading package lists... 74%Reading package lists... 75%Reading package lists... 75%Reading package lists... 81%Reading package lists... 81%Reading package lists... 81%Reading package lists... 81%Reading package lists... 82%Reading package lists... 82%Reading package lists... 82%Reading package lists... 82%Reading package lists... 94%Reading package lists... 94%Reading package lists... 94%Reading package lists... 94%Reading package lists... 99%Reading package lists... 99%Reading package lists... 99%Reading package lists... 99%Reading package lists... Done
Building dependency tree... 0%Building dependency tree... 0%Building dependency tree... 50%Building dependency tree... 50%Building dependency tree       
Reading state information... 0%Reading state information... 0%Reading state information... Done
python3 is already the newest version (3.8.2-0ubuntu2).
python3-pip is already the newest version (20.0.2-5ubuntu1.10).
0 upgraded, 0 newly installed, 0 to remove and 0 not upgraded.
Requirement already satisfied: PyMySQL in /usr/local/lib/python3.8/dist-packages (1.1.0)
Requirement already satisfied: pymongo in /usr/local/lib/python3.8/dist-packages (4.6.0)
Requirement already satisfied: pandas in /usr/local/lib/python3.8/dist-packages (2.0.3)
Requirement already satisfied: dnspython<3.0.0,>=1.16.0 in /usr/local/lib/python3.8/dist-packages (from pymongo) (2.4.2)
Requirement already satisfied: python-dateutil>=2.8.2 in /usr/local/lib/python3.8/dist-packages (from pandas) (2.8.2)
Requirement already satisfied: pytz>=2020.1 in /usr/local/lib/python3.8/dist-packages (from pandas) (2023.3.post1)
Requirement already satisfied: tzdata>=2022.1 in /usr/local/lib/python3.8/dist-packages (from pandas) (2023.3)
Requirement already satisfied: numpy>=1.20.3 in /usr/local/lib/python3.8/dist-packages (from pandas) (1.24.4)
Requirement already satisfied: six>=1.5 in /usr/local/lib/python3.8/dist-packages (from python-dateutil>=2.8.2->pandas) (1.16.0)
[33mWARNING: Running pip as the 'root' user can result in broken permissions and conflicting behaviour with the system package manager. It is recommended to use a virtual environment instead: https://pip.pypa.io/warnings/venv[0m[33m
[0mRunning /platform/source/s01/v4_enggpt/m22200011/m22200011_q4_t0.sh
Running /platform/source/s01/v4_enggpt/m22200011/m22200011_q5_t0.sh
/platform/source/s01/v4_enggpt/m22200011/m22200011_q5_t0.sh: line 6: sudo: command not found
/platform/source/s01/v4_enggpt/m22200011/m22200011_q5_t0.sh: line 7: sudo: command not found
/platform/source/s01/v4_enggpt/m22200011/m22200011_q5_t0.sh: line 10: sudo: command not found
Requirement already satisfied: pymysql in /usr/local/lib/python3.8/dist-packages (1.1.0)
Requirement already satisfied: pymongo in /usr/local/lib/python3.8/dist-packages (4.6.0)
Requirement already satisfied: pandas in /usr/local/lib/python3.8/dist-packages (2.0.3)
Requirement already satisfied: direct-redis in /usr/local/lib/python3.8/dist-packages (0.3.1)
Requirement already satisfied: dnspython<3.0.0,>=1.16.0 in /usr/local/lib/python3.8/dist-packages (from pymongo) (2.4.2)
Requirement already satisfied: python-dateutil>=2.8.2 in /usr/local/lib/python3.8/dist-packages (from pandas) (2.8.2)
Requirement already satisfied: pytz>=2020.1 in /usr/local/lib/python3.8/dist-packages (from pandas) (2023.3.post1)
Requirement already satisfied: tzdata>=2022.1 in /usr/local/lib/python3.8/dist-packages (from pandas) (2023.3)
Requirement already satisfied: numpy>=1.20.3 in /usr/local/lib/python3.8/dist-packages (from pandas) (1.24.4)
Requirement already satisfied: redis==3.4.1 in /usr/local/lib/python3.8/dist-packages (from direct-redis) (3.4.1)
Requirement already satisfied: six>=1.5 in /usr/local/lib/python3.8/dist-packages (from python-dateutil>=2.8.2->pandas) (1.16.0)
[33mWARNING: Running pip as the 'root' user can result in broken permissions and conflicting behaviour with the system package manager. It is recommended to use a virtual environment instead: https://pip.pypa.io/warnings/venv[0m[33m
[0mRunning /platform/source/s01/v4_enggpt/m22200011/m22200011_q6_t0.sh
Running /platform/source/s01/v4_enggpt/m22200011/m22200011_q7_t0.sh
0% [Working]            Ign:1 http://repo.mongodb.org/apt/ubuntu focal/mongodb-org/4.4 InRelease
0% [Connecting to ports.ubuntu.com (185.125.190.36)]                                                    Get:2 http://repo.mongodb.org/apt/ubuntu focal/mongodb-org/4.4 Release [3094 B]
0% [Waiting for headers] [2 Release 3094 B/3094 B 100%]                                                       0% [Waiting for headers]                        Hit:3 http://ports.ubuntu.com/ubuntu-ports focal InRelease
0% [Waiting for headers]                        Get:4 http://repo.mongodb.org/apt/ubuntu focal/mongodb-org/4.4 Release.gpg [866 B]
0% [Waiting for headers] [4 Release.gpg 866 B/866 B 100%]                                                         0% [Waiting for headers]                        Hit:5 http://ports.ubuntu.com/ubuntu-ports focal-updates InRelease
                        0% [Working]0% [Waiting for headers]                        Ign:4 http://repo.mongodb.org/apt/ubuntu focal/mongodb-org/4.4 Release.gpg
0% [Waiting for headers]                        Hit:6 http://ports.ubuntu.com/ubuntu-ports focal-backports InRelease
                        0% [Working]0% [Waiting for headers]                        Hit:7 http://ports.ubuntu.com/ubuntu-ports focal-security InRelease
                        0% [Working]0% [Working]83% [Working]             Reading package lists... 0%Reading package lists... 0%Reading package lists... 0%Reading package lists... 6%Reading package lists... 6%Reading package lists... 6%Reading package lists... 6%Reading package lists... 60%Reading package lists... 60%Reading package lists... 61%Reading package lists... 61%Reading package lists... 74%Reading package lists... 74%Reading package lists... 75%Reading package lists... 75%Reading package lists... 81%Reading package lists... 81%Reading package lists... 81%Reading package lists... 81%Reading package lists... 82%Reading package lists... 82%Reading package lists... 82%Reading package lists... 82%Reading package lists... 94%Reading package lists... 94%Reading package lists... 94%Reading package lists... 94%Reading package lists... 99%Reading package lists... 99%Reading package lists... 99%Reading package lists... 99%Reading package lists... Done
W: GPG error: http://repo.mongodb.org/apt/ubuntu focal/mongodb-org/4.4 Release: The following signatures couldn't be verified because the public key is not available: NO_PUBKEY 656408E390CFB1F5
E: The repository 'http://repo.mongodb.org/apt/ubuntu focal/mongodb-org/4.4 Release' is not signed.
N: Updating from such a repository can't be done securely, and is therefore disabled by default.
N: See apt-secure(8) manpage for repository creation and user configuration details.
Reading package lists... 0%Reading package lists... 0%Reading package lists... 0%Reading package lists... 6%Reading package lists... 6%Reading package lists... 6%Reading package lists... 6%Reading package lists... 60%Reading package lists... 60%Reading package lists... 61%Reading package lists... 61%Reading package lists... 74%Reading package lists... 74%Reading package lists... 75%Reading package lists... 75%Reading package lists... 81%Reading package lists... 81%Reading package lists... 81%Reading package lists... 81%Reading package lists... 82%Reading package lists... 82%Reading package lists... 82%Reading package lists... 82%Reading package lists... 94%Reading package lists... 94%Reading package lists... 94%Reading package lists... 94%Reading package lists... 99%Reading package lists... 99%Reading package lists... 99%Reading package lists... 99%Reading package lists... Done
Building dependency tree... 0%Building dependency tree... 0%Building dependency tree... 0%Building dependency tree... 50%Building dependency tree... 50%Building dependency tree       
Reading state information... 0%Reading state information... 0%Reading state information... Done
python3-dev is already the newest version (3.8.2-0ubuntu2).
python3-dev set to manually installed.
python3-pip is already the newest version (20.0.2-5ubuntu1.10).
0 upgraded, 0 newly installed, 0 to remove and 0 not upgraded.
Requirement already satisfied: pymysql in /usr/local/lib/python3.8/dist-packages (1.1.0)
Requirement already satisfied: pymongo in /usr/local/lib/python3.8/dist-packages (4.6.0)
Requirement already satisfied: pandas in /usr/local/lib/python3.8/dist-packages (2.0.3)
Requirement already satisfied: direct_redis in /usr/local/lib/python3.8/dist-packages (0.3.1)
Requirement already satisfied: dnspython<3.0.0,>=1.16.0 in /usr/local/lib/python3.8/dist-packages (from pymongo) (2.4.2)
Requirement already satisfied: python-dateutil>=2.8.2 in /usr/local/lib/python3.8/dist-packages (from pandas) (2.8.2)
Requirement already satisfied: pytz>=2020.1 in /usr/local/lib/python3.8/dist-packages (from pandas) (2023.3.post1)
Requirement already satisfied: tzdata>=2022.1 in /usr/local/lib/python3.8/dist-packages (from pandas) (2023.3)
Requirement already satisfied: numpy>=1.20.3 in /usr/local/lib/python3.8/dist-packages (from pandas) (1.24.4)
Requirement already satisfied: redis==3.4.1 in /usr/local/lib/python3.8/dist-packages (from direct_redis) (3.4.1)
Requirement already satisfied: six>=1.5 in /usr/local/lib/python3.8/dist-packages (from python-dateutil>=2.8.2->pandas) (1.16.0)
[33mWARNING: Running pip as the 'root' user can result in broken permissions and conflicting behaviour with the system package manager. It is recommended to use a virtual environment instead: https://pip.pypa.io/warnings/venv[0m[33m
[0mRunning /platform/source/s01/v4_enggpt/m22200011/m22200011_q8_t0.sh
/platform/source/s01/v4_enggpt/m22200011/m22200011_q8_t0.sh: line 6: sudo: command not found
/platform/source/s01/v4_enggpt/m22200011/m22200011_q8_t0.sh: line 9: sudo: command not found
/platform/source/s01/v4_enggpt/m22200011/m22200011_q8_t0.sh: line 12: sudo: command not found
Requirement already satisfied: pymysql in /usr/local/lib/python3.8/dist-packages (1.1.0)
Requirement already satisfied: pandas in /usr/local/lib/python3.8/dist-packages (2.0.3)
Requirement already satisfied: pymongo in /usr/local/lib/python3.8/dist-packages (4.6.0)
Requirement already satisfied: redis in /usr/local/lib/python3.8/dist-packages (3.4.1)
Requirement already satisfied: direct_redis in /usr/local/lib/python3.8/dist-packages (0.3.1)
Requirement already satisfied: python-dateutil>=2.8.2 in /usr/local/lib/python3.8/dist-packages (from pandas) (2.8.2)
Requirement already satisfied: pytz>=2020.1 in /usr/local/lib/python3.8/dist-packages (from pandas) (2023.3.post1)
Requirement already satisfied: tzdata>=2022.1 in /usr/local/lib/python3.8/dist-packages (from pandas) (2023.3)
Requirement already satisfied: numpy>=1.20.3 in /usr/local/lib/python3.8/dist-packages (from pandas) (1.24.4)
Requirement already satisfied: dnspython<3.0.0,>=1.16.0 in /usr/local/lib/python3.8/dist-packages (from pymongo) (2.4.2)
Requirement already satisfied: six>=1.5 in /usr/local/lib/python3.8/dist-packages (from python-dateutil>=2.8.2->pandas) (1.16.0)
[33mWARNING: Running pip as the 'root' user can result in broken permissions and conflicting behaviour with the system package manager. It is recommended to use a virtual environment instead: https://pip.pypa.io/warnings/venv[0m[33m
[0mRunning /platform/source/s01/v4_enggpt/m22200011/m22200011_q9_t0.sh
/platform/source/s01/v4_enggpt/m22200011/m22200011_q9_t0.sh: line 4: sudo: command not found
/platform/source/s01/v4_enggpt/m22200011/m22200011_q9_t0.sh: line 5: sudo: command not found
Requirement already satisfied: pymysql in /usr/local/lib/python3.8/dist-packages (1.1.0)
Requirement already satisfied: pymongo in /usr/local/lib/python3.8/dist-packages (4.6.0)
Requirement already satisfied: pandas in /usr/local/lib/python3.8/dist-packages (2.0.3)
Requirement already satisfied: direct_redis in /usr/local/lib/python3.8/dist-packages (0.3.1)
Requirement already satisfied: dnspython<3.0.0,>=1.16.0 in /usr/local/lib/python3.8/dist-packages (from pymongo) (2.4.2)
Requirement already satisfied: python-dateutil>=2.8.2 in /usr/local/lib/python3.8/dist-packages (from pandas) (2.8.2)
Requirement already satisfied: pytz>=2020.1 in /usr/local/lib/python3.8/dist-packages (from pandas) (2023.3.post1)
Requirement already satisfied: tzdata>=2022.1 in /usr/local/lib/python3.8/dist-packages (from pandas) (2023.3)
Requirement already satisfied: numpy>=1.20.3 in /usr/local/lib/python3.8/dist-packages (from pandas) (1.24.4)
Requirement already satisfied: redis==3.4.1 in /usr/local/lib/python3.8/dist-packages (from direct_redis) (3.4.1)
Requirement already satisfied: six>=1.5 in /usr/local/lib/python3.8/dist-packages (from python-dateutil>=2.8.2->pandas) (1.16.0)
[33mWARNING: Running pip as the 'root' user can result in broken permissions and conflicting behaviour with the system package manager. It is recommended to use a virtual environment instead: https://pip.pypa.io/warnings/venv[0m[33m
[0mpython /dbknitter/dbknitter/grader.py /platform/source/s01/v4_enggpt/m22200011/m22200011_q10_t0.py /platform/output/s01/v4_enggpt/m22200011/m22200011_q10_t0.csv /platform/expected/s01/q10.csv
Traceback (most recent call last):
  File "/platform/source/s01/v4_enggpt/m22200011/m22200011_q10_t0.py", line 8, in <module>
    mysql_conn = pymysql.connect(
  File "/usr/local/lib/python3.8/dist-packages/pymysql/connections.py", line 358, in __init__
    self.connect()
  File "/usr/local/lib/python3.8/dist-packages/pymysql/connections.py", line 664, in connect
    self._request_authentication()
  File "/usr/local/lib/python3.8/dist-packages/pymysql/connections.py", line 976, in _request_authentication
    auth_packet = _auth.caching_sha2_password_auth(self, auth_packet)
  File "/usr/local/lib/python3.8/dist-packages/pymysql/_auth.py", line 267, in caching_sha2_password_auth
    pkt = _roundtrip(conn, data)
  File "/usr/local/lib/python3.8/dist-packages/pymysql/_auth.py", line 120, in _roundtrip
    pkt = conn._read_packet()
  File "/usr/local/lib/python3.8/dist-packages/pymysql/connections.py", line 772, in _read_packet
    packet.raise_for_error()
  File "/usr/local/lib/python3.8/dist-packages/pymysql/protocol.py", line 221, in raise_for_error
    err.raise_mysql_exception(self._data)
  File "/usr/local/lib/python3.8/dist-packages/pymysql/err.py", line 143, in raise_mysql_exception
    raise errorclass(errno, errval)
pymysql.err.OperationalError: (1049, "Unknown database 'tpch'")
Score.fail_execute
python /dbknitter/dbknitter/grader.py /platform/source/s01/v4_enggpt/m22200011/m22200011_q11_t0.py /platform/output/s01/v4_enggpt/m22200011/m22200011_q11_t0.csv /platform/expected/s01/q11.csv
Traceback (most recent call last):
  File "/platform/source/s01/v4_enggpt/m22200011/m22200011_q11_t0.py", line 92, in <module>
    main()
  File "/platform/source/s01/v4_enggpt/m22200011/m22200011_q11_t0.py", line 85, in main
    supplier_df, partsupp_df = query_mysql()
  File "/platform/source/s01/v4_enggpt/m22200011/m22200011_q11_t0.py", line 24, in query_mysql
    connection = pymysql.connect(**mysql_connection_info)
  File "/usr/local/lib/python3.8/dist-packages/pymysql/connections.py", line 358, in __init__
    self.connect()
  File "/usr/local/lib/python3.8/dist-packages/pymysql/connections.py", line 664, in connect
    self._request_authentication()
  File "/usr/local/lib/python3.8/dist-packages/pymysql/connections.py", line 976, in _request_authentication
    auth_packet = _auth.caching_sha2_password_auth(self, auth_packet)
  File "/usr/local/lib/python3.8/dist-packages/pymysql/_auth.py", line 240, in caching_sha2_password_auth
    pkt = conn._read_packet()
  File "/usr/local/lib/python3.8/dist-packages/pymysql/connections.py", line 772, in _read_packet
    packet.raise_for_error()
  File "/usr/local/lib/python3.8/dist-packages/pymysql/protocol.py", line 221, in raise_for_error
    err.raise_mysql_exception(self._data)
  File "/usr/local/lib/python3.8/dist-packages/pymysql/err.py", line 143, in raise_mysql_exception
    raise errorclass(errno, errval)
pymysql.err.OperationalError: (1049, "Unknown database 'tpch'")
Score.fail_execute
python /dbknitter/dbknitter/grader.py /platform/source/s01/v4_enggpt/m22200011/m22200011_q12_t0.py /platform/output/s01/v4_enggpt/m22200011/m22200011_q12_t0.csv /platform/expected/s01/q12.csv
Output written to query_output.csv
>>> Expected ((2, 3))
   HIGH_LINE_COUNT  LOW_LINE_COUNT L_SHIPMODE
0              647             945       MAIL
1              620             943       SHIP

>>> Actual ((0, 3))
Empty DataFrame
Columns: [HIGH_LINE_COUNT, LOW_LINE_COUNT, SHIPMODE]
Index: []

Score.fail_wrong_output
python /dbknitter/dbknitter/grader.py /platform/source/s01/v4_enggpt/m22200011/m22200011_q13_t0.py /platform/output/s01/v4_enggpt/m22200011/m22200011_q13_t0.csv /platform/expected/s01/q13.csv
Traceback (most recent call last):
  File "/platform/source/s01/v4_enggpt/m22200011/m22200011_q13_t0.py", line 6, in <module>
    mysql_conn = pymysql.connect(
  File "/usr/local/lib/python3.8/dist-packages/pymysql/connections.py", line 358, in __init__
    self.connect()
  File "/usr/local/lib/python3.8/dist-packages/pymysql/connections.py", line 664, in connect
    self._request_authentication()
  File "/usr/local/lib/python3.8/dist-packages/pymysql/connections.py", line 976, in _request_authentication
    auth_packet = _auth.caching_sha2_password_auth(self, auth_packet)
  File "/usr/local/lib/python3.8/dist-packages/pymysql/_auth.py", line 240, in caching_sha2_password_auth
    pkt = conn._read_packet()
  File "/usr/local/lib/python3.8/dist-packages/pymysql/connections.py", line 772, in _read_packet
    packet.raise_for_error()
  File "/usr/local/lib/python3.8/dist-packages/pymysql/protocol.py", line 221, in raise_for_error
    err.raise_mysql_exception(self._data)
  File "/usr/local/lib/python3.8/dist-packages/pymysql/err.py", line 143, in raise_mysql_exception
    raise errorclass(errno, errval)
pymysql.err.OperationalError: (1049, "Unknown database 'tpch'")
Score.fail_execute
python /dbknitter/dbknitter/grader.py /platform/source/s01/v4_enggpt/m22200011/m22200011_q14_t0.py /platform/output/s01/v4_enggpt/m22200011/m22200011_q14_t0.csv /platform/expected/s01/q14.csv
Traceback (most recent call last):
  File "/platform/source/s01/v4_enggpt/m22200011/m22200011_q14_t0.py", line 27, in <module>
    part_df = pd.read_msgpack(part_data)
AttributeError: module 'pandas' has no attribute 'read_msgpack'
Score.fail_execute
python /dbknitter/dbknitter/grader.py /platform/source/s01/v4_enggpt/m22200011/m22200011_q15_t0.py /platform/output/s01/v4_enggpt/m22200011/m22200011_q15_t0.csv /platform/expected/s01/q15.csv
Traceback (most recent call last):
  File "/platform/source/s01/v4_enggpt/m22200011/m22200011_q15_t0.py", line 8, in <module>
    mysql_conn = pymysql.connect(host='mysql', user='root', password='my-secret-pw', database='tpch')
  File "/usr/local/lib/python3.8/dist-packages/pymysql/connections.py", line 358, in __init__
    self.connect()
  File "/usr/local/lib/python3.8/dist-packages/pymysql/connections.py", line 664, in connect
    self._request_authentication()
  File "/usr/local/lib/python3.8/dist-packages/pymysql/connections.py", line 976, in _request_authentication
    auth_packet = _auth.caching_sha2_password_auth(self, auth_packet)
  File "/usr/local/lib/python3.8/dist-packages/pymysql/_auth.py", line 240, in caching_sha2_password_auth
    pkt = conn._read_packet()
  File "/usr/local/lib/python3.8/dist-packages/pymysql/connections.py", line 772, in _read_packet
    packet.raise_for_error()
  File "/usr/local/lib/python3.8/dist-packages/pymysql/protocol.py", line 221, in raise_for_error
    err.raise_mysql_exception(self._data)
  File "/usr/local/lib/python3.8/dist-packages/pymysql/err.py", line 143, in raise_mysql_exception
    raise errorclass(errno, errval)
pymysql.err.OperationalError: (1049, "Unknown database 'tpch'")
Score.fail_execute
python /dbknitter/dbknitter/grader.py /platform/source/s01/v4_enggpt/m22200011/m22200011_q16_t0.py /platform/output/s01/v4_enggpt/m22200011/m22200011_q16_t0.csv /platform/expected/s01/q16.csv
Traceback (most recent call last):
  File "/platform/source/s01/v4_enggpt/m22200011/m22200011_q16_t0.py", line 6, in <module>
    mysql_conn = pymysql.connect(
  File "/usr/local/lib/python3.8/dist-packages/pymysql/connections.py", line 358, in __init__
    self.connect()
  File "/usr/local/lib/python3.8/dist-packages/pymysql/connections.py", line 664, in connect
    self._request_authentication()
  File "/usr/local/lib/python3.8/dist-packages/pymysql/connections.py", line 976, in _request_authentication
    auth_packet = _auth.caching_sha2_password_auth(self, auth_packet)
  File "/usr/local/lib/python3.8/dist-packages/pymysql/_auth.py", line 240, in caching_sha2_password_auth
    pkt = conn._read_packet()
  File "/usr/local/lib/python3.8/dist-packages/pymysql/connections.py", line 772, in _read_packet
    packet.raise_for_error()
  File "/usr/local/lib/python3.8/dist-packages/pymysql/protocol.py", line 221, in raise_for_error
    err.raise_mysql_exception(self._data)
  File "/usr/local/lib/python3.8/dist-packages/pymysql/err.py", line 143, in raise_mysql_exception
    raise errorclass(errno, errval)
pymysql.err.OperationalError: (1049, "Unknown database 'tpch'")
Score.fail_execute
python /dbknitter/dbknitter/grader.py /platform/source/s01/v4_enggpt/m22200011/m22200011_q17_t0.py /platform/output/s01/v4_enggpt/m22200011/m22200011_q17_t0.csv /platform/expected/s01/q17.csv
Traceback (most recent call last):
  File "/platform/source/s01/v4_enggpt/m22200011/m22200011_q17_t0.py", line 16, in <module>
    part_data = json.loads(redis_conn.get('part'))
  File "/usr/lib/python3.8/json/__init__.py", line 341, in loads
    raise TypeError(f'the JSON object must be str, bytes or bytearray, '
TypeError: the JSON object must be str, bytes or bytearray, not DataFrame
Score.fail_execute
python /dbknitter/dbknitter/grader.py /platform/source/s01/v4_enggpt/m22200011/m22200011_q18_t0.py /platform/output/s01/v4_enggpt/m22200011/m22200011_q18_t0.csv /platform/expected/s01/q18.csv
Traceback (most recent call last):
  File "/platform/source/s01/v4_enggpt/m22200011/m22200011_q18_t0.py", line 6, in <module>
    mysql_conn = pymysql.connect(host='mysql', user='root', password='my-secret-pw', db='tpch')
  File "/usr/local/lib/python3.8/dist-packages/pymysql/connections.py", line 358, in __init__
    self.connect()
  File "/usr/local/lib/python3.8/dist-packages/pymysql/connections.py", line 664, in connect
    self._request_authentication()
  File "/usr/local/lib/python3.8/dist-packages/pymysql/connections.py", line 976, in _request_authentication
    auth_packet = _auth.caching_sha2_password_auth(self, auth_packet)
  File "/usr/local/lib/python3.8/dist-packages/pymysql/_auth.py", line 240, in caching_sha2_password_auth
    pkt = conn._read_packet()
  File "/usr/local/lib/python3.8/dist-packages/pymysql/connections.py", line 772, in _read_packet
    packet.raise_for_error()
  File "/usr/local/lib/python3.8/dist-packages/pymysql/protocol.py", line 221, in raise_for_error
    err.raise_mysql_exception(self._data)
  File "/usr/local/lib/python3.8/dist-packages/pymysql/err.py", line 143, in raise_mysql_exception
    raise errorclass(errno, errval)
pymysql.err.OperationalError: (1049, "Unknown database 'tpch'")
Score.fail_execute
python /dbknitter/dbknitter/grader.py /platform/source/s01/v4_enggpt/m22200011/m22200011_q19_t0.py /platform/output/s01/v4_enggpt/m22200011/m22200011_q19_t0.csv /platform/expected/s01/q19.csv
Traceback (most recent call last):
  File "/platform/source/s01/v4_enggpt/m22200011/m22200011_q19_t0.py", line 12, in <module>
    part_df = pd.read_json(r.get("part"))
  File "/usr/local/lib/python3.8/dist-packages/pandas/io/json/_json.py", line 760, in read_json
    json_reader = JsonReader(
  File "/usr/local/lib/python3.8/dist-packages/pandas/io/json/_json.py", line 861, in __init__
    data = self._get_data_from_filepath(filepath_or_buffer)
  File "/usr/local/lib/python3.8/dist-packages/pandas/io/json/_json.py", line 901, in _get_data_from_filepath
    self.handles = get_handle(
  File "/usr/local/lib/python3.8/dist-packages/pandas/io/common.py", line 707, in get_handle
    if _is_binary_mode(path_or_buf, mode) and "b" not in mode:
  File "/usr/local/lib/python3.8/dist-packages/pandas/io/common.py", line 1167, in _is_binary_mode
    return isinstance(handle, _get_binary_io_classes()) or "b" in getattr(
TypeError: argument of type 'method' is not iterable
Score.fail_execute
python /dbknitter/dbknitter/grader.py /platform/source/s01/v4_enggpt/m22200011/m22200011_q1_t0.py /platform/output/s01/v4_enggpt/m22200011/m22200011_q1_t0.csv /platform/expected/s01/q1.csv
Traceback (most recent call last):
  File "/platform/source/s01/v4_enggpt/m22200011/m22200011_q1_t0.py", line 33, in <module>
    result = (df
  File "/usr/local/lib/python3.8/dist-packages/pandas/core/frame.py", line 4844, in assign
    data[k] = com.apply_if_callable(v, data)
  File "/usr/local/lib/python3.8/dist-packages/pandas/core/common.py", line 379, in apply_if_callable
    return maybe_callable(obj, **kwargs)
  File "/platform/source/s01/v4_enggpt/m22200011/m22200011_q1_t0.py", line 34, in <lambda>
    .assign(SUM_DISC_PRICE=lambda x: x['L_EXTENDEDPRICE'] * (1 - x['L_DISCOUNT']),
  File "/usr/local/lib/python3.8/dist-packages/pandas/core/frame.py", line 3761, in __getitem__
    indexer = self.columns.get_loc(key)
  File "/usr/local/lib/python3.8/dist-packages/pandas/core/indexes/range.py", line 349, in get_loc
    raise KeyError(key)
KeyError: 'L_EXTENDEDPRICE'
Score.fail_execute
python /dbknitter/dbknitter/grader.py /platform/source/s01/v4_enggpt/m22200011/m22200011_q20_t0.py /platform/output/s01/v4_enggpt/m22200011/m22200011_q20_t0.csv /platform/expected/s01/q20.csv
Traceback (most recent call last):
  File "/platform/source/s01/v4_enggpt/m22200011/m22200011_q20_t0.py", line 9, in <module>
    mysql_connection = pymysql.connect(host='mysql', user='root', password='my-secret-pw', database='tpch')
  File "/usr/local/lib/python3.8/dist-packages/pymysql/connections.py", line 358, in __init__
    self.connect()
  File "/usr/local/lib/python3.8/dist-packages/pymysql/connections.py", line 664, in connect
    self._request_authentication()
  File "/usr/local/lib/python3.8/dist-packages/pymysql/connections.py", line 976, in _request_authentication
    auth_packet = _auth.caching_sha2_password_auth(self, auth_packet)
  File "/usr/local/lib/python3.8/dist-packages/pymysql/_auth.py", line 240, in caching_sha2_password_auth
    pkt = conn._read_packet()
  File "/usr/local/lib/python3.8/dist-packages/pymysql/connections.py", line 772, in _read_packet
    packet.raise_for_error()
  File "/usr/local/lib/python3.8/dist-packages/pymysql/protocol.py", line 221, in raise_for_error
    err.raise_mysql_exception(self._data)
  File "/usr/local/lib/python3.8/dist-packages/pymysql/err.py", line 143, in raise_mysql_exception
    raise errorclass(errno, errval)
pymysql.err.OperationalError: (1049, "Unknown database 'tpch'")
Score.fail_execute
python /dbknitter/dbknitter/grader.py /platform/source/s01/v4_enggpt/m22200011/m22200011_q21_t0.py /platform/output/s01/v4_enggpt/m22200011/m22200011_q21_t0.csv /platform/expected/s01/q21.csv
Traceback (most recent call last):
  File "/platform/source/s01/v4_enggpt/m22200011/m22200011_q21_t0.py", line 65, in <module>
    main()
  File "/platform/source/s01/v4_enggpt/m22200011/m22200011_q21_t0.py", line 22, in main
    mysql_conn = get_mysql_connection()
  File "/platform/source/s01/v4_enggpt/m22200011/m22200011_q21_t0.py", line 9, in get_mysql_connection
    return pymysql.connect(host='mysql', user='root', password='my-secret-pw', db='tpch')
  File "/usr/local/lib/python3.8/dist-packages/pymysql/connections.py", line 358, in __init__
    self.connect()
  File "/usr/local/lib/python3.8/dist-packages/pymysql/connections.py", line 664, in connect
    self._request_authentication()
  File "/usr/local/lib/python3.8/dist-packages/pymysql/connections.py", line 976, in _request_authentication
    auth_packet = _auth.caching_sha2_password_auth(self, auth_packet)
  File "/usr/local/lib/python3.8/dist-packages/pymysql/_auth.py", line 240, in caching_sha2_password_auth
    pkt = conn._read_packet()
  File "/usr/local/lib/python3.8/dist-packages/pymysql/connections.py", line 772, in _read_packet
    packet.raise_for_error()
  File "/usr/local/lib/python3.8/dist-packages/pymysql/protocol.py", line 221, in raise_for_error
    err.raise_mysql_exception(self._data)
  File "/usr/local/lib/python3.8/dist-packages/pymysql/err.py", line 143, in raise_mysql_exception
    raise errorclass(errno, errval)
pymysql.err.OperationalError: (1049, "Unknown database 'tpch'")
Score.fail_execute
python /dbknitter/dbknitter/grader.py /platform/source/s01/v4_enggpt/m22200011/m22200011_q22_t0.py /platform/output/s01/v4_enggpt/m22200011/m22200011_q22_t0.csv /platform/expected/s01/q22.csv
Traceback (most recent call last):
  File "/platform/source/s01/v4_enggpt/m22200011/m22200011_q22_t0.py", line 6, in <module>
    mysql_conn = pymysql.connect(
  File "/usr/local/lib/python3.8/dist-packages/pymysql/connections.py", line 358, in __init__
    self.connect()
  File "/usr/local/lib/python3.8/dist-packages/pymysql/connections.py", line 664, in connect
    self._request_authentication()
  File "/usr/local/lib/python3.8/dist-packages/pymysql/connections.py", line 976, in _request_authentication
    auth_packet = _auth.caching_sha2_password_auth(self, auth_packet)
  File "/usr/local/lib/python3.8/dist-packages/pymysql/_auth.py", line 240, in caching_sha2_password_auth
    pkt = conn._read_packet()
  File "/usr/local/lib/python3.8/dist-packages/pymysql/connections.py", line 772, in _read_packet
    packet.raise_for_error()
  File "/usr/local/lib/python3.8/dist-packages/pymysql/protocol.py", line 221, in raise_for_error
    err.raise_mysql_exception(self._data)
  File "/usr/local/lib/python3.8/dist-packages/pymysql/err.py", line 143, in raise_mysql_exception
    raise errorclass(errno, errval)
pymysql.err.OperationalError: (1049, "Unknown database 'tpch'")
Score.fail_execute
python /dbknitter/dbknitter/grader.py /platform/source/s01/v4_enggpt/m22200011/m22200011_q2_t0.py /platform/output/s01/v4_enggpt/m22200011/m22200011_q2_t0.csv /platform/expected/s01/q2.csv
Traceback (most recent call last):
  File "/platform/source/s01/v4_enggpt/m22200011/m22200011_q2_t0.py", line 6, in <module>
    mysql_conn = pymysql.connect(host='mysql', user='root', password='my-secret-pw', db='tpch')
  File "/usr/local/lib/python3.8/dist-packages/pymysql/connections.py", line 358, in __init__
    self.connect()
  File "/usr/local/lib/python3.8/dist-packages/pymysql/connections.py", line 664, in connect
    self._request_authentication()
  File "/usr/local/lib/python3.8/dist-packages/pymysql/connections.py", line 976, in _request_authentication
    auth_packet = _auth.caching_sha2_password_auth(self, auth_packet)
  File "/usr/local/lib/python3.8/dist-packages/pymysql/_auth.py", line 240, in caching_sha2_password_auth
    pkt = conn._read_packet()
  File "/usr/local/lib/python3.8/dist-packages/pymysql/connections.py", line 772, in _read_packet
    packet.raise_for_error()
  File "/usr/local/lib/python3.8/dist-packages/pymysql/protocol.py", line 221, in raise_for_error
    err.raise_mysql_exception(self._data)
  File "/usr/local/lib/python3.8/dist-packages/pymysql/err.py", line 143, in raise_mysql_exception
    raise errorclass(errno, errval)
pymysql.err.OperationalError: (1049, "Unknown database 'tpch'")
Score.fail_execute
python /dbknitter/dbknitter/grader.py /platform/source/s01/v4_enggpt/m22200011/m22200011_q3_t0.py /platform/output/s01/v4_enggpt/m22200011/m22200011_q3_t0.csv /platform/expected/s01/q3.csv
Traceback (most recent call last):
  File "/platform/source/s01/v4_enggpt/m22200011/m22200011_q3_t0.py", line 7, in <module>
    mysql_conn = pymysql.connect(
  File "/usr/local/lib/python3.8/dist-packages/pymysql/connections.py", line 358, in __init__
    self.connect()
  File "/usr/local/lib/python3.8/dist-packages/pymysql/connections.py", line 664, in connect
    self._request_authentication()
  File "/usr/local/lib/python3.8/dist-packages/pymysql/connections.py", line 976, in _request_authentication
    auth_packet = _auth.caching_sha2_password_auth(self, auth_packet)
  File "/usr/local/lib/python3.8/dist-packages/pymysql/_auth.py", line 240, in caching_sha2_password_auth
    pkt = conn._read_packet()
  File "/usr/local/lib/python3.8/dist-packages/pymysql/connections.py", line 772, in _read_packet
    packet.raise_for_error()
  File "/usr/local/lib/python3.8/dist-packages/pymysql/protocol.py", line 221, in raise_for_error
    err.raise_mysql_exception(self._data)
  File "/usr/local/lib/python3.8/dist-packages/pymysql/err.py", line 143, in raise_mysql_exception
    raise errorclass(errno, errval)
pymysql.err.OperationalError: (1049, "Unknown database 'tpch'")
Score.fail_execute
python /dbknitter/dbknitter/grader.py /platform/source/s01/v4_enggpt/m22200011/m22200011_q4_t0.py /platform/output/s01/v4_enggpt/m22200011/m22200011_q4_t0.csv /platform/expected/s01/q4.csv
>>> Expected ((5, 2))
   ORDER_COUNT  O_ORDERPRIORITY
0          999         1-URGENT
1          997           2-HIGH
2         1031         3-MEDIUM
3          989  4-NOT SPECIFIED
4         1077            5-LOW

>>> Actual ((0, 2))
Empty DataFrame
Columns: [O_ORDERPRIORITY, order_count]
Index: []

Score.fail_wrong_output
python /dbknitter/dbknitter/grader.py /platform/source/s01/v4_enggpt/m22200011/m22200011_q5_t0.py /platform/output/s01/v4_enggpt/m22200011/m22200011_q5_t0.csv /platform/expected/s01/q5.csv
Traceback (most recent call last):
  File "/platform/source/s01/v4_enggpt/m22200011/m22200011_q5_t0.py", line 116, in <module>
    main()
  File "/platform/source/s01/v4_enggpt/m22200011/m22200011_q5_t0.py", line 85, in main
    customers_df, supplier_nations_df = get_mysql_data()
  File "/platform/source/s01/v4_enggpt/m22200011/m22200011_q5_t0.py", line 10, in get_mysql_data
    connection = pymysql.connect(
  File "/usr/local/lib/python3.8/dist-packages/pymysql/connections.py", line 358, in __init__
    self.connect()
  File "/usr/local/lib/python3.8/dist-packages/pymysql/connections.py", line 664, in connect
    self._request_authentication()
  File "/usr/local/lib/python3.8/dist-packages/pymysql/connections.py", line 976, in _request_authentication
    auth_packet = _auth.caching_sha2_password_auth(self, auth_packet)
  File "/usr/local/lib/python3.8/dist-packages/pymysql/_auth.py", line 240, in caching_sha2_password_auth
    pkt = conn._read_packet()
  File "/usr/local/lib/python3.8/dist-packages/pymysql/connections.py", line 772, in _read_packet
    packet.raise_for_error()
  File "/usr/local/lib/python3.8/dist-packages/pymysql/protocol.py", line 221, in raise_for_error
    err.raise_mysql_exception(self._data)
  File "/usr/local/lib/python3.8/dist-packages/pymysql/err.py", line 143, in raise_mysql_exception
    raise errorclass(errno, errval)
pymysql.err.OperationalError: (1049, "Unknown database 'tpch'")
Score.fail_execute
python /dbknitter/dbknitter/grader.py /platform/source/s01/v4_enggpt/m22200011/m22200011_q6_t0.py /platform/output/s01/v4_enggpt/m22200011/m22200011_q6_t0.csv /platform/expected/s01/q6.csv
>>> Expected ((1, 1))
        REVENUE
0  7.115407e+06

>>> Actual ((1, 1))
   total_revenue
0   1.845191e+08

Head row similarity: 0.375
Score.fail_wrong_output
python /dbknitter/dbknitter/grader.py /platform/source/s01/v4_enggpt/m22200011/m22200011_q7_t0.py /platform/output/s01/v4_enggpt/m22200011/m22200011_q7_t0.csv /platform/expected/s01/q7.csv
Traceback (most recent call last):
  File "/platform/source/s01/v4_enggpt/m22200011/m22200011_q7_t0.py", line 9, in <module>
    mysql_conn = pymysql.connect(host='mysql', user='root', password='my-secret-pw', db='tpch')
  File "/usr/local/lib/python3.8/dist-packages/pymysql/connections.py", line 358, in __init__
    self.connect()
  File "/usr/local/lib/python3.8/dist-packages/pymysql/connections.py", line 664, in connect
    self._request_authentication()
  File "/usr/local/lib/python3.8/dist-packages/pymysql/connections.py", line 976, in _request_authentication
    auth_packet = _auth.caching_sha2_password_auth(self, auth_packet)
  File "/usr/local/lib/python3.8/dist-packages/pymysql/_auth.py", line 240, in caching_sha2_password_auth
    pkt = conn._read_packet()
  File "/usr/local/lib/python3.8/dist-packages/pymysql/connections.py", line 772, in _read_packet
    packet.raise_for_error()
  File "/usr/local/lib/python3.8/dist-packages/pymysql/protocol.py", line 221, in raise_for_error
    err.raise_mysql_exception(self._data)
  File "/usr/local/lib/python3.8/dist-packages/pymysql/err.py", line 143, in raise_mysql_exception
    raise errorclass(errno, errval)
pymysql.err.OperationalError: (1049, "Unknown database 'tpch'")
Score.fail_execute
python /dbknitter/dbknitter/grader.py /platform/source/s01/v4_enggpt/m22200011/m22200011_q8_t0.py /platform/output/s01/v4_enggpt/m22200011/m22200011_q8_t0.csv /platform/expected/s01/q8.csv
Traceback (most recent call last):
  File "/platform/source/s01/v4_enggpt/m22200011/m22200011_q8_t0.py", line 9, in <module>
    mysql_conn = pymysql.connect(
  File "/usr/local/lib/python3.8/dist-packages/pymysql/connections.py", line 358, in __init__
    self.connect()
  File "/usr/local/lib/python3.8/dist-packages/pymysql/connections.py", line 664, in connect
    self._request_authentication()
  File "/usr/local/lib/python3.8/dist-packages/pymysql/connections.py", line 976, in _request_authentication
    auth_packet = _auth.caching_sha2_password_auth(self, auth_packet)
  File "/usr/local/lib/python3.8/dist-packages/pymysql/_auth.py", line 240, in caching_sha2_password_auth
    pkt = conn._read_packet()
  File "/usr/local/lib/python3.8/dist-packages/pymysql/connections.py", line 772, in _read_packet
    packet.raise_for_error()
  File "/usr/local/lib/python3.8/dist-packages/pymysql/protocol.py", line 221, in raise_for_error
    err.raise_mysql_exception(self._data)
  File "/usr/local/lib/python3.8/dist-packages/pymysql/err.py", line 143, in raise_mysql_exception
    raise errorclass(errno, errval)
pymysql.err.OperationalError: (1049, "Unknown database 'tpch'")
Score.fail_execute
python /dbknitter/dbknitter/grader.py /platform/source/s01/v4_enggpt/m22200011/m22200011_q9_t0.py /platform/output/s01/v4_enggpt/m22200011/m22200011_q9_t0.csv /platform/expected/s01/q9.csv
Traceback (most recent call last):
  File "/platform/source/s01/v4_enggpt/m22200011/m22200011_q9_t0.py", line 8, in <module>
    mysql_conn = pymysql.connect(
  File "/usr/local/lib/python3.8/dist-packages/pymysql/connections.py", line 358, in __init__
    self.connect()
  File "/usr/local/lib/python3.8/dist-packages/pymysql/connections.py", line 664, in connect
    self._request_authentication()
  File "/usr/local/lib/python3.8/dist-packages/pymysql/connections.py", line 976, in _request_authentication
    auth_packet = _auth.caching_sha2_password_auth(self, auth_packet)
  File "/usr/local/lib/python3.8/dist-packages/pymysql/_auth.py", line 240, in caching_sha2_password_auth
    pkt = conn._read_packet()
  File "/usr/local/lib/python3.8/dist-packages/pymysql/connections.py", line 772, in _read_packet
    packet.raise_for_error()
  File "/usr/local/lib/python3.8/dist-packages/pymysql/protocol.py", line 221, in raise_for_error
    err.raise_mysql_exception(self._data)
  File "/usr/local/lib/python3.8/dist-packages/pymysql/err.py", line 143, in raise_mysql_exception
    raise errorclass(errno, errval)
pymysql.err.OperationalError: (1049, "Unknown database 'tpch'")
Score.fail_execute
