Using MAPPING_STR=02020202, VERSION_DIR=v4_engoff
Running /platform/source/s01/v4_engoff/m02020202/m02020202_q10_t0.sh
/platform/source/s01/v4_engoff/m02020202/m02020202_q10_t0.sh: line 4: sudo: command not found
/platform/source/s01/v4_engoff/m02020202/m02020202_q10_t0.sh: line 5: sudo: command not found
Requirement already satisfied: pymysql in /usr/local/lib/python3.8/dist-packages (1.1.0)
Requirement already satisfied: pandas in /usr/local/lib/python3.8/dist-packages (2.0.3)
Requirement already satisfied: direct_redis in /usr/local/lib/python3.8/dist-packages (0.3.1)
Requirement already satisfied: numpy>=1.20.3; python_version < "3.10" in /usr/local/lib/python3.8/dist-packages (from pandas) (1.24.4)
Requirement already satisfied: python-dateutil>=2.8.2 in /usr/local/lib/python3.8/dist-packages (from pandas) (2.8.2)
Requirement already satisfied: pytz>=2020.1 in /usr/local/lib/python3.8/dist-packages (from pandas) (2023.3.post1)
Requirement already satisfied: tzdata>=2022.1 in /usr/local/lib/python3.8/dist-packages (from pandas) (2023.3)
Requirement already satisfied: redis==3.4.1 in /usr/local/lib/python3.8/dist-packages (from direct_redis) (3.4.1)
Requirement already satisfied: six>=1.5 in /usr/local/lib/python3.8/dist-packages (from python-dateutil>=2.8.2->pandas) (1.16.0)
Running /platform/source/s01/v4_engoff/m02020202/m02020202_q11_t0.sh

0% [Working]
            
Hit:1 http://ports.ubuntu.com/ubuntu-ports focal InRelease

0% [Waiting for headers]
                        
Hit:2 http://ports.ubuntu.com/ubuntu-ports focal-updates InRelease

                        
0% [Working]
0% [Waiting for headers]
0% [Waiting for headers]
                        
Hit:3 http://ports.ubuntu.com/ubuntu-ports focal-backports InRelease

                        
0% [Working]
0% [Waiting for headers]
                        
Hit:4 http://ports.ubuntu.com/ubuntu-ports focal-security InRelease

                        
0% [Working]
20% [Working]
             

Reading package lists... 0%

Reading package lists... 0%

Reading package lists... 0%

Reading package lists... 6%

Reading package lists... 6%

Reading package lists... 6%

Reading package lists... 6%

Reading package lists... 60%

Reading package lists... 60%

Reading package lists... 61%

Reading package lists... 61%

Reading package lists... 74%

Reading package lists... 74%

Reading package lists... 75%

Reading package lists... 75%

Reading package lists... 81%

Reading package lists... 81%

Reading package lists... 81%

Reading package lists... 81%

Reading package lists... 82%

Reading package lists... 82%

Reading package lists... 82%

Reading package lists... 82%

Reading package lists... 94%

Reading package lists... 94%

Reading package lists... 94%

Reading package lists... 94%

Reading package lists... 99%

Reading package lists... 99%

Reading package lists... 99%

Reading package lists... 99%

Reading package lists... Done


Reading package lists... 0%

Reading package lists... 0%

Reading package lists... 0%

Reading package lists... 6%

Reading package lists... 6%

Reading package lists... 6%

Reading package lists... 6%

Reading package lists... 60%

Reading package lists... 60%

Reading package lists... 61%

Reading package lists... 61%

Reading package lists... 74%

Reading package lists... 74%

Reading package lists... 75%

Reading package lists... 75%

Reading package lists... 81%

Reading package lists... 81%

Reading package lists... 81%

Reading package lists... 81%

Reading package lists... 82%

Reading package lists... 82%

Reading package lists... 82%

Reading package lists... 82%

Reading package lists... 94%

Reading package lists... 94%

Reading package lists... 94%

Reading package lists... 94%

Reading package lists... 99%

Reading package lists... 99%

Reading package lists... 99%

Reading package lists... 99%

Reading package lists... Done


Building dependency tree... 0%

Building dependency tree... 0%

Building dependency tree... 50%

Building dependency tree... 50%

Building dependency tree       


Reading state information... 0%

Reading state information... 0%

Reading state information... Done

python3 is already the newest version (3.8.2-0ubuntu2).
python3 set to manually installed.
python3-pip is already the newest version (20.0.2-5ubuntu1.10).
0 upgraded, 0 newly installed, 0 to remove and 0 not upgraded.
Requirement already satisfied: pymysql in /usr/local/lib/python3.8/dist-packages (1.1.0)
Requirement already satisfied: pandas in /usr/local/lib/python3.8/dist-packages (2.0.3)
Requirement already satisfied: redis in /usr/local/lib/python3.8/dist-packages (3.4.1)
Requirement already satisfied: direct_redis in /usr/local/lib/python3.8/dist-packages (0.3.1)
Requirement already satisfied: pytz>=2020.1 in /usr/local/lib/python3.8/dist-packages (from pandas) (2023.3.post1)
Requirement already satisfied: numpy>=1.20.3; python_version < "3.10" in /usr/local/lib/python3.8/dist-packages (from pandas) (1.24.4)
Requirement already satisfied: python-dateutil>=2.8.2 in /usr/local/lib/python3.8/dist-packages (from pandas) (2.8.2)
Requirement already satisfied: tzdata>=2022.1 in /usr/local/lib/python3.8/dist-packages (from pandas) (2023.3)
Requirement already satisfied: six>=1.5 in /usr/local/lib/python3.8/dist-packages (from python-dateutil>=2.8.2->pandas) (1.16.0)
Running /platform/source/s01/v4_engoff/m02020202/m02020202_q12_t0.sh
/platform/source/s01/v4_engoff/m02020202/m02020202_q12_t0.sh: line 4: sudo: command not found
/platform/source/s01/v4_engoff/m02020202/m02020202_q12_t0.sh: line 7: sudo: command not found
Requirement already satisfied: pymysql in /usr/local/lib/python3.8/dist-packages (1.1.0)
Requirement already satisfied: pandas in /usr/local/lib/python3.8/dist-packages (2.0.3)
Requirement already satisfied: numpy>=1.20.3; python_version < "3.10" in /usr/local/lib/python3.8/dist-packages (from pandas) (1.24.4)
Requirement already satisfied: pytz>=2020.1 in /usr/local/lib/python3.8/dist-packages (from pandas) (2023.3.post1)
Requirement already satisfied: tzdata>=2022.1 in /usr/local/lib/python3.8/dist-packages (from pandas) (2023.3)
Requirement already satisfied: python-dateutil>=2.8.2 in /usr/local/lib/python3.8/dist-packages (from pandas) (2.8.2)
Requirement already satisfied: six>=1.5 in /usr/local/lib/python3.8/dist-packages (from python-dateutil>=2.8.2->pandas) (1.16.0)
Collecting git+https://github.com/RedisGears/direct_redis.git
  Cloning https://github.com/RedisGears/direct_redis.git to /tmp/pip-req-build-d_70dlwp
  Running command git clone -q https://github.com/RedisGears/direct_redis.git /tmp/pip-req-build-d_70dlwp
[31m  ERROR: Error [Errno 2] No such file or directory: 'git' while executing command git clone -q https://github.com/RedisGears/direct_redis.git /tmp/pip-req-build-d_70dlwp[0m
[31mERROR: Cannot find command 'git' - do you have 'git' installed and in your PATH?[0m
Running /platform/source/s01/v4_engoff/m02020202/m02020202_q13_t0.sh
/platform/source/s01/v4_engoff/m02020202/m02020202_q13_t0.sh: line 4: sudo: command not found
/platform/source/s01/v4_engoff/m02020202/m02020202_q13_t0.sh: line 5: sudo: command not found
Requirement already satisfied: pymysql in /usr/local/lib/python3.8/dist-packages (1.1.0)
Requirement already satisfied: pandas in /usr/local/lib/python3.8/dist-packages (2.0.3)
Requirement already satisfied: direct-redis in /usr/local/lib/python3.8/dist-packages (0.3.1)
Requirement already satisfied: numpy>=1.20.3; python_version < "3.10" in /usr/local/lib/python3.8/dist-packages (from pandas) (1.24.4)
Requirement already satisfied: tzdata>=2022.1 in /usr/local/lib/python3.8/dist-packages (from pandas) (2023.3)
Requirement already satisfied: python-dateutil>=2.8.2 in /usr/local/lib/python3.8/dist-packages (from pandas) (2.8.2)
Requirement already satisfied: pytz>=2020.1 in /usr/local/lib/python3.8/dist-packages (from pandas) (2023.3.post1)
Requirement already satisfied: redis==3.4.1 in /usr/local/lib/python3.8/dist-packages (from direct-redis) (3.4.1)
Requirement already satisfied: six>=1.5 in /usr/local/lib/python3.8/dist-packages (from python-dateutil>=2.8.2->pandas) (1.16.0)
Running /platform/source/s01/v4_engoff/m02020202/m02020202_q14_t0.sh
Running /platform/source/s01/v4_engoff/m02020202/m02020202_q15_t0.sh
The virtual environment was not created successfully because ensurepip is not
available.  On Debian/Ubuntu systems, you need to install the python3-venv
package using the following command.

    apt install python3.8-venv

You may need to use sudo with that command.  After installing the python3-venv
package, recreate your virtual environment.

Failing command: ['/venv/bin/python3', '-Im', 'ensurepip', '--upgrade', '--default-pip']

/platform/source/s01/v4_engoff/m02020202/m02020202_q15_t0.sh: line 5: venv/bin/activate: No such file or directory
Requirement already satisfied: pandas in /usr/local/lib/python3.8/dist-packages (2.0.3)
Requirement already satisfied: direct_redis in /usr/local/lib/python3.8/dist-packages (0.3.1)
Requirement already satisfied: tzdata>=2022.1 in /usr/local/lib/python3.8/dist-packages (from pandas) (2023.3)
Requirement already satisfied: numpy>=1.20.3; python_version < "3.10" in /usr/local/lib/python3.8/dist-packages (from pandas) (1.24.4)
Requirement already satisfied: pytz>=2020.1 in /usr/local/lib/python3.8/dist-packages (from pandas) (2023.3.post1)
Requirement already satisfied: python-dateutil>=2.8.2 in /usr/local/lib/python3.8/dist-packages (from pandas) (2.8.2)
Requirement already satisfied: redis==3.4.1 in /usr/local/lib/python3.8/dist-packages (from direct_redis) (3.4.1)
Requirement already satisfied: six>=1.5 in /usr/local/lib/python3.8/dist-packages (from python-dateutil>=2.8.2->pandas) (1.16.0)
Running /platform/source/s01/v4_engoff/m02020202/m02020202_q16_t0.sh
Running /platform/source/s01/v4_engoff/m02020202/m02020202_q17_t0.sh
/platform/source/s01/v4_engoff/m02020202/m02020202_q17_t0.sh: line 4: sudo: command not found
/platform/source/s01/v4_engoff/m02020202/m02020202_q17_t0.sh: line 7: sudo: command not found
Requirement already satisfied: pymysql in /usr/local/lib/python3.8/dist-packages (1.1.0)
Requirement already satisfied: pandas in /usr/local/lib/python3.8/dist-packages (2.0.3)
Requirement already satisfied: tzdata>=2022.1 in /usr/local/lib/python3.8/dist-packages (from pandas) (2023.3)
Requirement already satisfied: pytz>=2020.1 in /usr/local/lib/python3.8/dist-packages (from pandas) (2023.3.post1)
Requirement already satisfied: python-dateutil>=2.8.2 in /usr/local/lib/python3.8/dist-packages (from pandas) (2.8.2)
Requirement already satisfied: numpy>=1.20.3; python_version < "3.10" in /usr/local/lib/python3.8/dist-packages (from pandas) (1.24.4)
Requirement already satisfied: six>=1.5 in /usr/local/lib/python3.8/dist-packages (from python-dateutil>=2.8.2->pandas) (1.16.0)
Collecting git+https://github.com/predict-idlab/direct-redis.git
  Cloning https://github.com/predict-idlab/direct-redis.git to /tmp/pip-req-build-jxl4xlvz
  Running command git clone -q https://github.com/predict-idlab/direct-redis.git /tmp/pip-req-build-jxl4xlvz
[31m  ERROR: Error [Errno 2] No such file or directory: 'git' while executing command git clone -q https://github.com/predict-idlab/direct-redis.git /tmp/pip-req-build-jxl4xlvz[0m
[31mERROR: Cannot find command 'git' - do you have 'git' installed and in your PATH?[0m
Running /platform/source/s01/v4_engoff/m02020202/m02020202_q18_t0.sh
/platform/source/s01/v4_engoff/m02020202/m02020202_q18_t0.sh: line 5: sudo: command not found
/platform/source/s01/v4_engoff/m02020202/m02020202_q18_t0.sh: line 6: sudo: command not found
Requirement already satisfied: pymysql in /usr/local/lib/python3.8/dist-packages (1.1.0)
Requirement already satisfied: pandas in /usr/local/lib/python3.8/dist-packages (2.0.3)
Requirement already satisfied: python-dateutil>=2.8.2 in /usr/local/lib/python3.8/dist-packages (from pandas) (2.8.2)
Requirement already satisfied: numpy>=1.20.3; python_version < "3.10" in /usr/local/lib/python3.8/dist-packages (from pandas) (1.24.4)
Requirement already satisfied: pytz>=2020.1 in /usr/local/lib/python3.8/dist-packages (from pandas) (2023.3.post1)
Requirement already satisfied: tzdata>=2022.1 in /usr/local/lib/python3.8/dist-packages (from pandas) (2023.3)
Requirement already satisfied: six>=1.5 in /usr/local/lib/python3.8/dist-packages (from python-dateutil>=2.8.2->pandas) (1.16.0)
Requirement already satisfied: direct_redis in /usr/local/lib/python3.8/dist-packages (0.3.1)
Requirement already satisfied: redis==3.4.1 in /usr/local/lib/python3.8/dist-packages (from direct_redis) (3.4.1)
Running /platform/source/s01/v4_engoff/m02020202/m02020202_q19_t0.sh
/platform/source/s01/v4_engoff/m02020202/m02020202_q19_t0.sh: line 4: sudo: command not found
/platform/source/s01/v4_engoff/m02020202/m02020202_q19_t0.sh: line 7: sudo: command not found
Collecting git+https://github.com/RedisLabsModules/direct_redis.git
  Cloning https://github.com/RedisLabsModules/direct_redis.git to /tmp/pip-req-build-b74mcvvd
  Running command git clone -q https://github.com/RedisLabsModules/direct_redis.git /tmp/pip-req-build-b74mcvvd
[31m  ERROR: Error [Errno 2] No such file or directory: 'git' while executing command git clone -q https://github.com/RedisLabsModules/direct_redis.git /tmp/pip-req-build-b74mcvvd[0m
[31mERROR: Cannot find command 'git' - do you have 'git' installed and in your PATH?[0m
Requirement already satisfied: redis in /usr/local/lib/python3.8/dist-packages (3.4.1)
Collecting msgpack
  Downloading msgpack-1.0.7-cp38-cp38-manylinux_2_17_aarch64.manylinux2014_aarch64.whl (525 kB)
[?25l
[K     |â–‹                               | 10 kB 2.0 MB/s eta 0:00:01
[K     |â–ˆâ–Ž                              | 20 kB 3.4 MB/s eta 0:00:01
[K     |â–ˆâ–‰                              | 30 kB 5.0 MB/s eta 0:00:01
[K     |â–ˆâ–ˆâ–Œ                             | 40 kB 3.3 MB/s eta 0:00:01
[K     |â–ˆâ–ˆâ–ˆâ–                            | 51 kB 3.7 MB/s eta 0:00:01
[K     |â–ˆâ–ˆâ–ˆâ–Š                            | 61 kB 4.4 MB/s eta 0:00:01
[K     |â–ˆâ–ˆâ–ˆâ–ˆâ–                           | 71 kB 4.3 MB/s eta 0:00:01
[K     |â–ˆâ–ˆâ–ˆâ–ˆâ–ˆ                           | 81 kB 4.9 MB/s eta 0:00:01
[K     |â–ˆâ–ˆâ–ˆâ–ˆâ–ˆâ–‹                          | 92 kB 5.4 MB/s eta 0:00:01
[K     |â–ˆâ–ˆâ–ˆâ–ˆâ–ˆâ–ˆâ–Ž                         | 102 kB 5.5 MB/s eta 0:00:01
[K     |â–ˆâ–ˆâ–ˆâ–ˆâ–ˆâ–ˆâ–‰                         | 112 kB 5.5 MB/s eta 0:00:01
[K     |â–ˆâ–ˆâ–ˆâ–ˆâ–ˆâ–ˆâ–ˆâ–Œ                        | 122 kB 5.5 MB/s eta 0:00:01
[K     |â–ˆâ–ˆâ–ˆâ–ˆâ–ˆâ–ˆâ–ˆâ–ˆ                        | 133 kB 5.5 MB/s eta 0:00:01
[K     |â–ˆâ–ˆâ–ˆâ–ˆâ–ˆâ–ˆâ–ˆâ–ˆâ–Š                       | 143 kB 5.5 MB/s eta 0:00:01
[K     |â–ˆâ–ˆâ–ˆâ–ˆâ–ˆâ–ˆâ–ˆâ–ˆâ–ˆâ–                      | 153 kB 5.5 MB/s eta 0:00:01
[K     |â–ˆâ–ˆâ–ˆâ–ˆâ–ˆâ–ˆâ–ˆâ–ˆâ–ˆâ–ˆ                      | 163 kB 5.5 MB/s eta 0:00:01
[K     |â–ˆâ–ˆâ–ˆâ–ˆâ–ˆâ–ˆâ–ˆâ–ˆâ–ˆâ–ˆâ–‹                     | 174 kB 5.5 MB/s eta 0:00:01
[K     |â–ˆâ–ˆâ–ˆâ–ˆâ–ˆâ–ˆâ–ˆâ–ˆâ–ˆâ–ˆâ–ˆâ–Ž                    | 184 kB 5.5 MB/s eta 0:00:01
[K     |â–ˆâ–ˆâ–ˆâ–ˆâ–ˆâ–ˆâ–ˆâ–ˆâ–ˆâ–ˆâ–ˆâ–‰                    | 194 kB 5.5 MB/s eta 0:00:01
[K     |â–ˆâ–ˆâ–ˆâ–ˆâ–ˆâ–ˆâ–ˆâ–ˆâ–ˆâ–ˆâ–ˆâ–ˆâ–Œ                   | 204 kB 5.5 MB/s eta 0:00:01
[K     |â–ˆâ–ˆâ–ˆâ–ˆâ–ˆâ–ˆâ–ˆâ–ˆâ–ˆâ–ˆâ–ˆâ–ˆâ–ˆ                   | 215 kB 5.5 MB/s eta 0:00:01
[K     |â–ˆâ–ˆâ–ˆâ–ˆâ–ˆâ–ˆâ–ˆâ–ˆâ–ˆâ–ˆâ–ˆâ–ˆâ–ˆâ–Š                  | 225 kB 5.5 MB/s eta 0:00:01
[K     |â–ˆâ–ˆâ–ˆâ–ˆâ–ˆâ–ˆâ–ˆâ–ˆâ–ˆâ–ˆâ–ˆâ–ˆâ–ˆâ–ˆâ–                 | 235 kB 5.5 MB/s eta 0:00:01
[K     |â–ˆâ–ˆâ–ˆâ–ˆâ–ˆâ–ˆâ–ˆâ–ˆâ–ˆâ–ˆâ–ˆâ–ˆâ–ˆâ–ˆâ–ˆ                 | 245 kB 5.5 MB/s eta 0:00:01
[K     |â–ˆâ–ˆâ–ˆâ–ˆâ–ˆâ–ˆâ–ˆâ–ˆâ–ˆâ–ˆâ–ˆâ–ˆâ–ˆâ–ˆâ–ˆâ–‹                | 256 kB 5.5 MB/s eta 0:00:01
[K     |â–ˆâ–ˆâ–ˆâ–ˆâ–ˆâ–ˆâ–ˆâ–ˆâ–ˆâ–ˆâ–ˆâ–ˆâ–ˆâ–ˆâ–ˆâ–ˆâ–               | 266 kB 5.5 MB/s eta 0:00:01
[K     |â–ˆâ–ˆâ–ˆâ–ˆâ–ˆâ–ˆâ–ˆâ–ˆâ–ˆâ–ˆâ–ˆâ–ˆâ–ˆâ–ˆâ–ˆâ–ˆâ–‰               | 276 kB 5.5 MB/s eta 0:00:01
[K     |â–ˆâ–ˆâ–ˆâ–ˆâ–ˆâ–ˆâ–ˆâ–ˆâ–ˆâ–ˆâ–ˆâ–ˆâ–ˆâ–ˆâ–ˆâ–ˆâ–ˆâ–Œ              | 286 kB 5.5 MB/s eta 0:00:01
[K     |â–ˆâ–ˆâ–ˆâ–ˆâ–ˆâ–ˆâ–ˆâ–ˆâ–ˆâ–ˆâ–ˆâ–ˆâ–ˆâ–ˆâ–ˆâ–ˆâ–ˆâ–ˆ              | 296 kB 5.5 MB/s eta 0:00:01
[K     |â–ˆâ–ˆâ–ˆâ–ˆâ–ˆâ–ˆâ–ˆâ–ˆâ–ˆâ–ˆâ–ˆâ–ˆâ–ˆâ–ˆâ–ˆâ–ˆâ–ˆâ–ˆâ–Š             | 307 kB 5.5 MB/s eta 0:00:01
[K     |â–ˆâ–ˆâ–ˆâ–ˆâ–ˆâ–ˆâ–ˆâ–ˆâ–ˆâ–ˆâ–ˆâ–ˆâ–ˆâ–ˆâ–ˆâ–ˆâ–ˆâ–ˆâ–ˆâ–            | 317 kB 5.5 MB/s eta 0:00:01
[K     |â–ˆâ–ˆâ–ˆâ–ˆâ–ˆâ–ˆâ–ˆâ–ˆâ–ˆâ–ˆâ–ˆâ–ˆâ–ˆâ–ˆâ–ˆâ–ˆâ–ˆâ–ˆâ–ˆâ–ˆ            | 327 kB 5.5 MB/s eta 0:00:01
[K     |â–ˆâ–ˆâ–ˆâ–ˆâ–ˆâ–ˆâ–ˆâ–ˆâ–ˆâ–ˆâ–ˆâ–ˆâ–ˆâ–ˆâ–ˆâ–ˆâ–ˆâ–ˆâ–ˆâ–ˆâ–‹           | 337 kB 5.5 MB/s eta 0:00:01
[K     |â–ˆâ–ˆâ–ˆâ–ˆâ–ˆâ–ˆâ–ˆâ–ˆâ–ˆâ–ˆâ–ˆâ–ˆâ–ˆâ–ˆâ–ˆâ–ˆâ–ˆâ–ˆâ–ˆâ–ˆâ–ˆâ–          | 348 kB 5.5 MB/s eta 0:00:01
[K     |â–ˆâ–ˆâ–ˆâ–ˆâ–ˆâ–ˆâ–ˆâ–ˆâ–ˆâ–ˆâ–ˆâ–ˆâ–ˆâ–ˆâ–ˆâ–ˆâ–ˆâ–ˆâ–ˆâ–ˆâ–ˆâ–‰          | 358 kB 5.5 MB/s eta 0:00:01
[K     |â–ˆâ–ˆâ–ˆâ–ˆâ–ˆâ–ˆâ–ˆâ–ˆâ–ˆâ–ˆâ–ˆâ–ˆâ–ˆâ–ˆâ–ˆâ–ˆâ–ˆâ–ˆâ–ˆâ–ˆâ–ˆâ–ˆâ–Œ         | 368 kB 5.5 MB/s eta 0:00:01
[K     |â–ˆâ–ˆâ–ˆâ–ˆâ–ˆâ–ˆâ–ˆâ–ˆâ–ˆâ–ˆâ–ˆâ–ˆâ–ˆâ–ˆâ–ˆâ–ˆâ–ˆâ–ˆâ–ˆâ–ˆâ–ˆâ–ˆâ–ˆ         | 378 kB 5.5 MB/s eta 0:00:01
[K     |â–ˆâ–ˆâ–ˆâ–ˆâ–ˆâ–ˆâ–ˆâ–ˆâ–ˆâ–ˆâ–ˆâ–ˆâ–ˆâ–ˆâ–ˆâ–ˆâ–ˆâ–ˆâ–ˆâ–ˆâ–ˆâ–ˆâ–ˆâ–Š        | 389 kB 5.5 MB/s eta 0:00:01
[K     |â–ˆâ–ˆâ–ˆâ–ˆâ–ˆâ–ˆâ–ˆâ–ˆâ–ˆâ–ˆâ–ˆâ–ˆâ–ˆâ–ˆâ–ˆâ–ˆâ–ˆâ–ˆâ–ˆâ–ˆâ–ˆâ–ˆâ–ˆâ–ˆâ–Ž       | 399 kB 5.5 MB/s eta 0:00:01
[K     |â–ˆâ–ˆâ–ˆâ–ˆâ–ˆâ–ˆâ–ˆâ–ˆâ–ˆâ–ˆâ–ˆâ–ˆâ–ˆâ–ˆâ–ˆâ–ˆâ–ˆâ–ˆâ–ˆâ–ˆâ–ˆâ–ˆâ–ˆâ–ˆâ–ˆ       | 409 kB 5.5 MB/s eta 0:00:01
[K     |â–ˆâ–ˆâ–ˆâ–ˆâ–ˆâ–ˆâ–ˆâ–ˆâ–ˆâ–ˆâ–ˆâ–ˆâ–ˆâ–ˆâ–ˆâ–ˆâ–ˆâ–ˆâ–ˆâ–ˆâ–ˆâ–ˆâ–ˆâ–ˆâ–ˆâ–‹      | 419 kB 5.5 MB/s eta 0:00:01
[K     |â–ˆâ–ˆâ–ˆâ–ˆâ–ˆâ–ˆâ–ˆâ–ˆâ–ˆâ–ˆâ–ˆâ–ˆâ–ˆâ–ˆâ–ˆâ–ˆâ–ˆâ–ˆâ–ˆâ–ˆâ–ˆâ–ˆâ–ˆâ–ˆâ–ˆâ–ˆâ–     | 430 kB 5.5 MB/s eta 0:00:01
[K     |â–ˆâ–ˆâ–ˆâ–ˆâ–ˆâ–ˆâ–ˆâ–ˆâ–ˆâ–ˆâ–ˆâ–ˆâ–ˆâ–ˆâ–ˆâ–ˆâ–ˆâ–ˆâ–ˆâ–ˆâ–ˆâ–ˆâ–ˆâ–ˆâ–ˆâ–ˆâ–‰     | 440 kB 5.5 MB/s eta 0:00:01
[K     |â–ˆâ–ˆâ–ˆâ–ˆâ–ˆâ–ˆâ–ˆâ–ˆâ–ˆâ–ˆâ–ˆâ–ˆâ–ˆâ–ˆâ–ˆâ–ˆâ–ˆâ–ˆâ–ˆâ–ˆâ–ˆâ–ˆâ–ˆâ–ˆâ–ˆâ–ˆâ–ˆâ–    | 450 kB 5.5 MB/s eta 0:00:01
[K     |â–ˆâ–ˆâ–ˆâ–ˆâ–ˆâ–ˆâ–ˆâ–ˆâ–ˆâ–ˆâ–ˆâ–ˆâ–ˆâ–ˆâ–ˆâ–ˆâ–ˆâ–ˆâ–ˆâ–ˆâ–ˆâ–ˆâ–ˆâ–ˆâ–ˆâ–ˆâ–ˆâ–ˆ    | 460 kB 5.5 MB/s eta 0:00:01
[K     |â–ˆâ–ˆâ–ˆâ–ˆâ–ˆâ–ˆâ–ˆâ–ˆâ–ˆâ–ˆâ–ˆâ–ˆâ–ˆâ–ˆâ–ˆâ–ˆâ–ˆâ–ˆâ–ˆâ–ˆâ–ˆâ–ˆâ–ˆâ–ˆâ–ˆâ–ˆâ–ˆâ–ˆâ–Š   | 471 kB 5.5 MB/s eta 0:00:01
[K     |â–ˆâ–ˆâ–ˆâ–ˆâ–ˆâ–ˆâ–ˆâ–ˆâ–ˆâ–ˆâ–ˆâ–ˆâ–ˆâ–ˆâ–ˆâ–ˆâ–ˆâ–ˆâ–ˆâ–ˆâ–ˆâ–ˆâ–ˆâ–ˆâ–ˆâ–ˆâ–ˆâ–ˆâ–ˆâ–Ž  | 481 kB 5.5 MB/s eta 0:00:01
[K     |â–ˆâ–ˆâ–ˆâ–ˆâ–ˆâ–ˆâ–ˆâ–ˆâ–ˆâ–ˆâ–ˆâ–ˆâ–ˆâ–ˆâ–ˆâ–ˆâ–ˆâ–ˆâ–ˆâ–ˆâ–ˆâ–ˆâ–ˆâ–ˆâ–ˆâ–ˆâ–ˆâ–ˆâ–ˆâ–ˆ  | 491 kB 5.5 MB/s eta 0:00:01
[K     |â–ˆâ–ˆâ–ˆâ–ˆâ–ˆâ–ˆâ–ˆâ–ˆâ–ˆâ–ˆâ–ˆâ–ˆâ–ˆâ–ˆâ–ˆâ–ˆâ–ˆâ–ˆâ–ˆâ–ˆâ–ˆâ–ˆâ–ˆâ–ˆâ–ˆâ–ˆâ–ˆâ–ˆâ–ˆâ–ˆâ–‹ | 501 kB 5.5 MB/s eta 0:00:01
[K     |â–ˆâ–ˆâ–ˆâ–ˆâ–ˆâ–ˆâ–ˆâ–ˆâ–ˆâ–ˆâ–ˆâ–ˆâ–ˆâ–ˆâ–ˆâ–ˆâ–ˆâ–ˆâ–ˆâ–ˆâ–ˆâ–ˆâ–ˆâ–ˆâ–ˆâ–ˆâ–ˆâ–ˆâ–ˆâ–ˆâ–ˆâ–| 512 kB 5.5 MB/s eta 0:00:01
[K     |â–ˆâ–ˆâ–ˆâ–ˆâ–ˆâ–ˆâ–ˆâ–ˆâ–ˆâ–ˆâ–ˆâ–ˆâ–ˆâ–ˆâ–ˆâ–ˆâ–ˆâ–ˆâ–ˆâ–ˆâ–ˆâ–ˆâ–ˆâ–ˆâ–ˆâ–ˆâ–ˆâ–ˆâ–ˆâ–ˆâ–ˆâ–‰| 522 kB 5.5 MB/s eta 0:00:01
[K     |â–ˆâ–ˆâ–ˆâ–ˆâ–ˆâ–ˆâ–ˆâ–ˆâ–ˆâ–ˆâ–ˆâ–ˆâ–ˆâ–ˆâ–ˆâ–ˆâ–ˆâ–ˆâ–ˆâ–ˆâ–ˆâ–ˆâ–ˆâ–ˆâ–ˆâ–ˆâ–ˆâ–ˆâ–ˆâ–ˆâ–ˆâ–ˆ| 525 kB 5.5 MB/s 
[?25hInstalling collected packages: msgpack
Successfully installed msgpack-1.0.7
python3: can't open file 'discounted_revenue.py': [Errno 2] No such file or directory
Running /platform/source/s01/v4_engoff/m02020202/m02020202_q1_t0.sh
/platform/source/s01/v4_engoff/m02020202/m02020202_q1_t0.sh: line 4: sudo: command not found
/platform/source/s01/v4_engoff/m02020202/m02020202_q1_t0.sh: line 5: sudo: command not found
/platform/source/s01/v4_engoff/m02020202/m02020202_q1_t0.sh: line 8: sudo: command not found
Collecting pip
  Downloading pip-23.3.1-py3-none-any.whl (2.1 MB)
[?25l
[K     |â–                               | 10 kB 11.9 MB/s eta 0:00:01
[K     |â–Ž                               | 20 kB 4.2 MB/s eta 0:00:01
[K     |â–Œ                               | 30 kB 6.2 MB/s eta 0:00:01
[K     |â–‹                               | 40 kB 5.9 MB/s eta 0:00:01
[K     |â–Š                               | 51 kB 4.2 MB/s eta 0:00:01
[K     |â–ˆ                               | 61 kB 5.0 MB/s eta 0:00:01
[K     |â–ˆ                               | 71 kB 5.8 MB/s eta 0:00:01
[K     |â–ˆâ–Ž                              | 81 kB 5.4 MB/s eta 0:00:01
[K     |â–ˆâ–                              | 92 kB 6.1 MB/s eta 0:00:01
[K     |â–ˆâ–Œ                              | 102 kB 6.2 MB/s eta 0:00:01
[K     |â–ˆâ–Š                              | 112 kB 6.2 MB/s eta 0:00:01
[K     |â–ˆâ–‰                              | 122 kB 6.2 MB/s eta 0:00:01
[K     |â–ˆâ–ˆ                              | 133 kB 6.2 MB/s eta 0:00:01
[K     |â–ˆâ–ˆâ–                             | 143 kB 6.2 MB/s eta 0:00:01
[K     |â–ˆâ–ˆâ–Ž                             | 153 kB 6.2 MB/s eta 0:00:01
[K     |â–ˆâ–ˆâ–Œ                             | 163 kB 6.2 MB/s eta 0:00:01
[K     |â–ˆâ–ˆâ–‹                             | 174 kB 6.2 MB/s eta 0:00:01
[K     |â–ˆâ–ˆâ–‰                             | 184 kB 6.2 MB/s eta 0:00:01
[K     |â–ˆâ–ˆâ–ˆ                             | 194 kB 6.2 MB/s eta 0:00:01
[K     |â–ˆâ–ˆâ–ˆ                             | 204 kB 6.2 MB/s eta 0:00:01
[K     |â–ˆâ–ˆâ–ˆâ–Ž                            | 215 kB 6.2 MB/s eta 0:00:01
[K     |â–ˆâ–ˆâ–ˆâ–                            | 225 kB 6.2 MB/s eta 0:00:01
[K     |â–ˆâ–ˆâ–ˆâ–‹                            | 235 kB 6.2 MB/s eta 0:00:01
[K     |â–ˆâ–ˆâ–ˆâ–Š                            | 245 kB 6.2 MB/s eta 0:00:01
[K     |â–ˆâ–ˆâ–ˆâ–‰                            | 256 kB 6.2 MB/s eta 0:00:01
[K     |â–ˆâ–ˆâ–ˆâ–ˆ                            | 266 kB 6.2 MB/s eta 0:00:01
[K     |â–ˆâ–ˆâ–ˆâ–ˆâ–                           | 276 kB 6.2 MB/s eta 0:00:01
[K     |â–ˆâ–ˆâ–ˆâ–ˆâ–                           | 286 kB 6.2 MB/s eta 0:00:01
[K     |â–ˆâ–ˆâ–ˆâ–ˆâ–Œ                           | 296 kB 6.2 MB/s eta 0:00:01
[K     |â–ˆâ–ˆâ–ˆâ–ˆâ–‹                           | 307 kB 6.2 MB/s eta 0:00:01
[K     |â–ˆâ–ˆâ–ˆâ–ˆâ–‰                           | 317 kB 6.2 MB/s eta 0:00:01
[K     |â–ˆâ–ˆâ–ˆâ–ˆâ–ˆ                           | 327 kB 6.2 MB/s eta 0:00:01
[K     |â–ˆâ–ˆâ–ˆâ–ˆâ–ˆâ–                          | 337 kB 6.2 MB/s eta 0:00:01
[K     |â–ˆâ–ˆâ–ˆâ–ˆâ–ˆâ–Ž                          | 348 kB 6.2 MB/s eta 0:00:01
[K     |â–ˆâ–ˆâ–ˆâ–ˆâ–ˆâ–                          | 358 kB 6.2 MB/s eta 0:00:01
[K     |â–ˆâ–ˆâ–ˆâ–ˆâ–ˆâ–‹                          | 368 kB 6.2 MB/s eta 0:00:01
[K     |â–ˆâ–ˆâ–ˆâ–ˆâ–ˆâ–Š                          | 378 kB 6.2 MB/s eta 0:00:01
[K     |â–ˆâ–ˆâ–ˆâ–ˆâ–ˆâ–ˆ                          | 389 kB 6.2 MB/s eta 0:00:01
[K     |â–ˆâ–ˆâ–ˆâ–ˆâ–ˆâ–ˆ                          | 399 kB 6.2 MB/s eta 0:00:01
[K     |â–ˆâ–ˆâ–ˆâ–ˆâ–ˆâ–ˆâ–                         | 409 kB 6.2 MB/s eta 0:00:01
[K     |â–ˆâ–ˆâ–ˆâ–ˆâ–ˆâ–ˆâ–                         | 419 kB 6.2 MB/s eta 0:00:01
[K     |â–ˆâ–ˆâ–ˆâ–ˆâ–ˆâ–ˆâ–Œ                         | 430 kB 6.2 MB/s eta 0:00:01
[K     |â–ˆâ–ˆâ–ˆâ–ˆâ–ˆâ–ˆâ–Š                         | 440 kB 6.2 MB/s eta 0:00:01
[K     |â–ˆâ–ˆâ–ˆâ–ˆâ–ˆâ–ˆâ–‰                         | 450 kB 6.2 MB/s eta 0:00:01
[K     |â–ˆâ–ˆâ–ˆâ–ˆâ–ˆâ–ˆâ–ˆ                         | 460 kB 6.2 MB/s eta 0:00:01
[K     |â–ˆâ–ˆâ–ˆâ–ˆâ–ˆâ–ˆâ–ˆâ–                        | 471 kB 6.2 MB/s eta 0:00:01
[K     |â–ˆâ–ˆâ–ˆâ–ˆâ–ˆâ–ˆâ–ˆâ–Ž                        | 481 kB 6.2 MB/s eta 0:00:01
[K     |â–ˆâ–ˆâ–ˆâ–ˆâ–ˆâ–ˆâ–ˆâ–Œ                        | 491 kB 6.2 MB/s eta 0:00:01
[K     |â–ˆâ–ˆâ–ˆâ–ˆâ–ˆâ–ˆâ–ˆâ–‹                        | 501 kB 6.2 MB/s eta 0:00:01
[K     |â–ˆâ–ˆâ–ˆâ–ˆâ–ˆâ–ˆâ–ˆâ–Š                        | 512 kB 6.2 MB/s eta 0:00:01
[K     |â–ˆâ–ˆâ–ˆâ–ˆâ–ˆâ–ˆâ–ˆâ–ˆ                        | 522 kB 6.2 MB/s eta 0:00:01
[K     |â–ˆâ–ˆâ–ˆâ–ˆâ–ˆâ–ˆâ–ˆâ–ˆ                        | 532 kB 6.2 MB/s eta 0:00:01
[K     |â–ˆâ–ˆâ–ˆâ–ˆâ–ˆâ–ˆâ–ˆâ–ˆâ–Ž                       | 542 kB 6.2 MB/s eta 0:00:01
[K     |â–ˆâ–ˆâ–ˆâ–ˆâ–ˆâ–ˆâ–ˆâ–ˆâ–                       | 552 kB 6.2 MB/s eta 0:00:01
[K     |â–ˆâ–ˆâ–ˆâ–ˆâ–ˆâ–ˆâ–ˆâ–ˆâ–Œ                       | 563 kB 6.2 MB/s eta 0:00:01
[K     |â–ˆâ–ˆâ–ˆâ–ˆâ–ˆâ–ˆâ–ˆâ–ˆâ–Š                       | 573 kB 6.2 MB/s eta 0:00:01
[K     |â–ˆâ–ˆâ–ˆâ–ˆâ–ˆâ–ˆâ–ˆâ–ˆâ–‰                       | 583 kB 6.2 MB/s eta 0:00:01
[K     |â–ˆâ–ˆâ–ˆâ–ˆâ–ˆâ–ˆâ–ˆâ–ˆâ–ˆ                       | 593 kB 6.2 MB/s eta 0:00:01
[K     |â–ˆâ–ˆâ–ˆâ–ˆâ–ˆâ–ˆâ–ˆâ–ˆâ–ˆâ–                      | 604 kB 6.2 MB/s eta 0:00:01
[K     |â–ˆâ–ˆâ–ˆâ–ˆâ–ˆâ–ˆâ–ˆâ–ˆâ–ˆâ–Ž                      | 614 kB 6.2 MB/s eta 0:00:01
[K     |â–ˆâ–ˆâ–ˆâ–ˆâ–ˆâ–ˆâ–ˆâ–ˆâ–ˆâ–Œ                      | 624 kB 6.2 MB/s eta 0:00:01
[K     |â–ˆâ–ˆâ–ˆâ–ˆâ–ˆâ–ˆâ–ˆâ–ˆâ–ˆâ–‹                      | 634 kB 6.2 MB/s eta 0:00:01
[K     |â–ˆâ–ˆâ–ˆâ–ˆâ–ˆâ–ˆâ–ˆâ–ˆâ–ˆâ–‰                      | 645 kB 6.2 MB/s eta 0:00:01
[K     |â–ˆâ–ˆâ–ˆâ–ˆâ–ˆâ–ˆâ–ˆâ–ˆâ–ˆâ–ˆ                      | 655 kB 6.2 MB/s eta 0:00:01
[K     |â–ˆâ–ˆâ–ˆâ–ˆâ–ˆâ–ˆâ–ˆâ–ˆâ–ˆâ–ˆ                      | 665 kB 6.2 MB/s eta 0:00:01
[K     |â–ˆâ–ˆâ–ˆâ–ˆâ–ˆâ–ˆâ–ˆâ–ˆâ–ˆâ–ˆâ–Ž                     | 675 kB 6.2 MB/s eta 0:00:01
[K     |â–ˆâ–ˆâ–ˆâ–ˆâ–ˆâ–ˆâ–ˆâ–ˆâ–ˆâ–ˆâ–                     | 686 kB 6.2 MB/s eta 0:00:01
[K     |â–ˆâ–ˆâ–ˆâ–ˆâ–ˆâ–ˆâ–ˆâ–ˆâ–ˆâ–ˆâ–‹                     | 696 kB 6.2 MB/s eta 0:00:01
[K     |â–ˆâ–ˆâ–ˆâ–ˆâ–ˆâ–ˆâ–ˆâ–ˆâ–ˆâ–ˆâ–Š                     | 706 kB 6.2 MB/s eta 0:00:01
[K     |â–ˆâ–ˆâ–ˆâ–ˆâ–ˆâ–ˆâ–ˆâ–ˆâ–ˆâ–ˆâ–‰                     | 716 kB 6.2 MB/s eta 0:00:01
[K     |â–ˆâ–ˆâ–ˆâ–ˆâ–ˆâ–ˆâ–ˆâ–ˆâ–ˆâ–ˆâ–ˆ                     | 727 kB 6.2 MB/s eta 0:00:01
[K     |â–ˆâ–ˆâ–ˆâ–ˆâ–ˆâ–ˆâ–ˆâ–ˆâ–ˆâ–ˆâ–ˆâ–                    | 737 kB 6.2 MB/s eta 0:00:01
[K     |â–ˆâ–ˆâ–ˆâ–ˆâ–ˆâ–ˆâ–ˆâ–ˆâ–ˆâ–ˆâ–ˆâ–                    | 747 kB 6.2 MB/s eta 0:00:01
[K     |â–ˆâ–ˆâ–ˆâ–ˆâ–ˆâ–ˆâ–ˆâ–ˆâ–ˆâ–ˆâ–ˆâ–Œ                    | 757 kB 6.2 MB/s eta 0:00:01
[K     |â–ˆâ–ˆâ–ˆâ–ˆâ–ˆâ–ˆâ–ˆâ–ˆâ–ˆâ–ˆâ–ˆâ–‹                    | 768 kB 6.2 MB/s eta 0:00:01
[K     |â–ˆâ–ˆâ–ˆâ–ˆâ–ˆâ–ˆâ–ˆâ–ˆâ–ˆâ–ˆâ–ˆâ–‰                    | 778 kB 6.2 MB/s eta 0:00:01
[K     |â–ˆâ–ˆâ–ˆâ–ˆâ–ˆâ–ˆâ–ˆâ–ˆâ–ˆâ–ˆâ–ˆâ–ˆ                    | 788 kB 6.2 MB/s eta 0:00:01
[K     |â–ˆâ–ˆâ–ˆâ–ˆâ–ˆâ–ˆâ–ˆâ–ˆâ–ˆâ–ˆâ–ˆâ–ˆâ–                   | 798 kB 6.2 MB/s eta 0:00:01
[K     |â–ˆâ–ˆâ–ˆâ–ˆâ–ˆâ–ˆâ–ˆâ–ˆâ–ˆâ–ˆâ–ˆâ–ˆâ–Ž                   | 808 kB 6.2 MB/s eta 0:00:01
[K     |â–ˆâ–ˆâ–ˆâ–ˆâ–ˆâ–ˆâ–ˆâ–ˆâ–ˆâ–ˆâ–ˆâ–ˆâ–                   | 819 kB 6.2 MB/s eta 0:00:01
[K     |â–ˆâ–ˆâ–ˆâ–ˆâ–ˆâ–ˆâ–ˆâ–ˆâ–ˆâ–ˆâ–ˆâ–ˆâ–‹                   | 829 kB 6.2 MB/s eta 0:00:01
[K     |â–ˆâ–ˆâ–ˆâ–ˆâ–ˆâ–ˆâ–ˆâ–ˆâ–ˆâ–ˆâ–ˆâ–ˆâ–Š                   | 839 kB 6.2 MB/s eta 0:00:01
[K     |â–ˆâ–ˆâ–ˆâ–ˆâ–ˆâ–ˆâ–ˆâ–ˆâ–ˆâ–ˆâ–ˆâ–ˆâ–ˆ                   | 849 kB 6.2 MB/s eta 0:00:01
[K     |â–ˆâ–ˆâ–ˆâ–ˆâ–ˆâ–ˆâ–ˆâ–ˆâ–ˆâ–ˆâ–ˆâ–ˆâ–ˆ                   | 860 kB 6.2 MB/s eta 0:00:01
[K     |â–ˆâ–ˆâ–ˆâ–ˆâ–ˆâ–ˆâ–ˆâ–ˆâ–ˆâ–ˆâ–ˆâ–ˆâ–ˆâ–                  | 870 kB 6.2 MB/s eta 0:00:01
[K     |â–ˆâ–ˆâ–ˆâ–ˆâ–ˆâ–ˆâ–ˆâ–ˆâ–ˆâ–ˆâ–ˆâ–ˆâ–ˆâ–                  | 880 kB 6.2 MB/s eta 0:00:01
[K     |â–ˆâ–ˆâ–ˆâ–ˆâ–ˆâ–ˆâ–ˆâ–ˆâ–ˆâ–ˆâ–ˆâ–ˆâ–ˆâ–Œ                  | 890 kB 6.2 MB/s eta 0:00:01
[K     |â–ˆâ–ˆâ–ˆâ–ˆâ–ˆâ–ˆâ–ˆâ–ˆâ–ˆâ–ˆâ–ˆâ–ˆâ–ˆâ–Š                  | 901 kB 6.2 MB/s eta 0:00:01
[K     |â–ˆâ–ˆâ–ˆâ–ˆâ–ˆâ–ˆâ–ˆâ–ˆâ–ˆâ–ˆâ–ˆâ–ˆâ–ˆâ–‰                  | 911 kB 6.2 MB/s eta 0:00:01
[K     |â–ˆâ–ˆâ–ˆâ–ˆâ–ˆâ–ˆâ–ˆâ–ˆâ–ˆâ–ˆâ–ˆâ–ˆâ–ˆâ–ˆ                  | 921 kB 6.2 MB/s eta 0:00:01
[K     |â–ˆâ–ˆâ–ˆâ–ˆâ–ˆâ–ˆâ–ˆâ–ˆâ–ˆâ–ˆâ–ˆâ–ˆâ–ˆâ–ˆâ–                 | 931 kB 6.2 MB/s eta 0:00:01
[K     |â–ˆâ–ˆâ–ˆâ–ˆâ–ˆâ–ˆâ–ˆâ–ˆâ–ˆâ–ˆâ–ˆâ–ˆâ–ˆâ–ˆâ–Ž                 | 942 kB 6.2 MB/s eta 0:00:01
[K     |â–ˆâ–ˆâ–ˆâ–ˆâ–ˆâ–ˆâ–ˆâ–ˆâ–ˆâ–ˆâ–ˆâ–ˆâ–ˆâ–ˆâ–Œ                 | 952 kB 6.2 MB/s eta 0:00:01
[K     |â–ˆâ–ˆâ–ˆâ–ˆâ–ˆâ–ˆâ–ˆâ–ˆâ–ˆâ–ˆâ–ˆâ–ˆâ–ˆâ–ˆâ–‹                 | 962 kB 6.2 MB/s eta 0:00:01
[K     |â–ˆâ–ˆâ–ˆâ–ˆâ–ˆâ–ˆâ–ˆâ–ˆâ–ˆâ–ˆâ–ˆâ–ˆâ–ˆâ–ˆâ–Š                 | 972 kB 6.2 MB/s eta 0:00:01
[K     |â–ˆâ–ˆâ–ˆâ–ˆâ–ˆâ–ˆâ–ˆâ–ˆâ–ˆâ–ˆâ–ˆâ–ˆâ–ˆâ–ˆâ–ˆ                 | 983 kB 6.2 MB/s eta 0:00:01
[K     |â–ˆâ–ˆâ–ˆâ–ˆâ–ˆâ–ˆâ–ˆâ–ˆâ–ˆâ–ˆâ–ˆâ–ˆâ–ˆâ–ˆâ–ˆ                 | 993 kB 6.2 MB/s eta 0:00:01
[K     |â–ˆâ–ˆâ–ˆâ–ˆâ–ˆâ–ˆâ–ˆâ–ˆâ–ˆâ–ˆâ–ˆâ–ˆâ–ˆâ–ˆâ–ˆâ–Ž                | 1.0 MB 6.2 MB/s eta 0:00:01
[K     |â–ˆâ–ˆâ–ˆâ–ˆâ–ˆâ–ˆâ–ˆâ–ˆâ–ˆâ–ˆâ–ˆâ–ˆâ–ˆâ–ˆâ–ˆâ–                | 1.0 MB 6.2 MB/s eta 0:00:01
[K     |â–ˆâ–ˆâ–ˆâ–ˆâ–ˆâ–ˆâ–ˆâ–ˆâ–ˆâ–ˆâ–ˆâ–ˆâ–ˆâ–ˆâ–ˆâ–Œ                | 1.0 MB 6.2 MB/s eta 0:00:01
[K     |â–ˆâ–ˆâ–ˆâ–ˆâ–ˆâ–ˆâ–ˆâ–ˆâ–ˆâ–ˆâ–ˆâ–ˆâ–ˆâ–ˆâ–ˆâ–Š                | 1.0 MB 6.2 MB/s eta 0:00:01
[K     |â–ˆâ–ˆâ–ˆâ–ˆâ–ˆâ–ˆâ–ˆâ–ˆâ–ˆâ–ˆâ–ˆâ–ˆâ–ˆâ–ˆâ–ˆâ–‰                | 1.0 MB 6.2 MB/s eta 0:00:01
[K     |â–ˆâ–ˆâ–ˆâ–ˆâ–ˆâ–ˆâ–ˆâ–ˆâ–ˆâ–ˆâ–ˆâ–ˆâ–ˆâ–ˆâ–ˆâ–ˆ                | 1.1 MB 6.2 MB/s eta 0:00:01
[K     |â–ˆâ–ˆâ–ˆâ–ˆâ–ˆâ–ˆâ–ˆâ–ˆâ–ˆâ–ˆâ–ˆâ–ˆâ–ˆâ–ˆâ–ˆâ–ˆâ–               | 1.1 MB 6.2 MB/s eta 0:00:01
[K     |â–ˆâ–ˆâ–ˆâ–ˆâ–ˆâ–ˆâ–ˆâ–ˆâ–ˆâ–ˆâ–ˆâ–ˆâ–ˆâ–ˆâ–ˆâ–ˆâ–Ž               | 1.1 MB 6.2 MB/s eta 0:00:01
[K     |â–ˆâ–ˆâ–ˆâ–ˆâ–ˆâ–ˆâ–ˆâ–ˆâ–ˆâ–ˆâ–ˆâ–ˆâ–ˆâ–ˆâ–ˆâ–ˆâ–Œ               | 1.1 MB 6.2 MB/s eta 0:00:01
[K     |â–ˆâ–ˆâ–ˆâ–ˆâ–ˆâ–ˆâ–ˆâ–ˆâ–ˆâ–ˆâ–ˆâ–ˆâ–ˆâ–ˆâ–ˆâ–ˆâ–‹               | 1.1 MB 6.2 MB/s eta 0:00:01
[K     |â–ˆâ–ˆâ–ˆâ–ˆâ–ˆâ–ˆâ–ˆâ–ˆâ–ˆâ–ˆâ–ˆâ–ˆâ–ˆâ–ˆâ–ˆâ–ˆâ–‰               | 1.1 MB 6.2 MB/s eta 0:00:01
[K     |â–ˆâ–ˆâ–ˆâ–ˆâ–ˆâ–ˆâ–ˆâ–ˆâ–ˆâ–ˆâ–ˆâ–ˆâ–ˆâ–ˆâ–ˆâ–ˆâ–ˆ               | 1.1 MB 6.2 MB/s eta 0:00:01
[K     |â–ˆâ–ˆâ–ˆâ–ˆâ–ˆâ–ˆâ–ˆâ–ˆâ–ˆâ–ˆâ–ˆâ–ˆâ–ˆâ–ˆâ–ˆâ–ˆâ–ˆ               | 1.1 MB 6.2 MB/s eta 0:00:01
[K     |â–ˆâ–ˆâ–ˆâ–ˆâ–ˆâ–ˆâ–ˆâ–ˆâ–ˆâ–ˆâ–ˆâ–ˆâ–ˆâ–ˆâ–ˆâ–ˆâ–ˆâ–Ž              | 1.1 MB 6.2 MB/s eta 0:00:01
[K     |â–ˆâ–ˆâ–ˆâ–ˆâ–ˆâ–ˆâ–ˆâ–ˆâ–ˆâ–ˆâ–ˆâ–ˆâ–ˆâ–ˆâ–ˆâ–ˆâ–ˆâ–              | 1.1 MB 6.2 MB/s eta 0:00:01
[K     |â–ˆâ–ˆâ–ˆâ–ˆâ–ˆâ–ˆâ–ˆâ–ˆâ–ˆâ–ˆâ–ˆâ–ˆâ–ˆâ–ˆâ–ˆâ–ˆâ–ˆâ–‹              | 1.2 MB 6.2 MB/s eta 0:00:01
[K     |â–ˆâ–ˆâ–ˆâ–ˆâ–ˆâ–ˆâ–ˆâ–ˆâ–ˆâ–ˆâ–ˆâ–ˆâ–ˆâ–ˆâ–ˆâ–ˆâ–ˆâ–Š              | 1.2 MB 6.2 MB/s eta 0:00:01
[K     |â–ˆâ–ˆâ–ˆâ–ˆâ–ˆâ–ˆâ–ˆâ–ˆâ–ˆâ–ˆâ–ˆâ–ˆâ–ˆâ–ˆâ–ˆâ–ˆâ–ˆâ–‰              | 1.2 MB 6.2 MB/s eta 0:00:01
[K     |â–ˆâ–ˆâ–ˆâ–ˆâ–ˆâ–ˆâ–ˆâ–ˆâ–ˆâ–ˆâ–ˆâ–ˆâ–ˆâ–ˆâ–ˆâ–ˆâ–ˆâ–ˆ              | 1.2 MB 6.2 MB/s eta 0:00:01
[K     |â–ˆâ–ˆâ–ˆâ–ˆâ–ˆâ–ˆâ–ˆâ–ˆâ–ˆâ–ˆâ–ˆâ–ˆâ–ˆâ–ˆâ–ˆâ–ˆâ–ˆâ–ˆâ–             | 1.2 MB 6.2 MB/s eta 0:00:01
[K     |â–ˆâ–ˆâ–ˆâ–ˆâ–ˆâ–ˆâ–ˆâ–ˆâ–ˆâ–ˆâ–ˆâ–ˆâ–ˆâ–ˆâ–ˆâ–ˆâ–ˆâ–ˆâ–             | 1.2 MB 6.2 MB/s eta 0:00:01
[K     |â–ˆâ–ˆâ–ˆâ–ˆâ–ˆâ–ˆâ–ˆâ–ˆâ–ˆâ–ˆâ–ˆâ–ˆâ–ˆâ–ˆâ–ˆâ–ˆâ–ˆâ–ˆâ–Œ             | 1.2 MB 6.2 MB/s eta 0:00:01
[K     |â–ˆâ–ˆâ–ˆâ–ˆâ–ˆâ–ˆâ–ˆâ–ˆâ–ˆâ–ˆâ–ˆâ–ˆâ–ˆâ–ˆâ–ˆâ–ˆâ–ˆâ–ˆâ–‹             | 1.2 MB 6.2 MB/s eta 0:00:01
[K     |â–ˆâ–ˆâ–ˆâ–ˆâ–ˆâ–ˆâ–ˆâ–ˆâ–ˆâ–ˆâ–ˆâ–ˆâ–ˆâ–ˆâ–ˆâ–ˆâ–ˆâ–ˆâ–‰             | 1.2 MB 6.2 MB/s eta 0:00:01
[K     |â–ˆâ–ˆâ–ˆâ–ˆâ–ˆâ–ˆâ–ˆâ–ˆâ–ˆâ–ˆâ–ˆâ–ˆâ–ˆâ–ˆâ–ˆâ–ˆâ–ˆâ–ˆâ–ˆ             | 1.2 MB 6.2 MB/s eta 0:00:01
[K     |â–ˆâ–ˆâ–ˆâ–ˆâ–ˆâ–ˆâ–ˆâ–ˆâ–ˆâ–ˆâ–ˆâ–ˆâ–ˆâ–ˆâ–ˆâ–ˆâ–ˆâ–ˆâ–ˆâ–            | 1.3 MB 6.2 MB/s eta 0:00:01
[K     |â–ˆâ–ˆâ–ˆâ–ˆâ–ˆâ–ˆâ–ˆâ–ˆâ–ˆâ–ˆâ–ˆâ–ˆâ–ˆâ–ˆâ–ˆâ–ˆâ–ˆâ–ˆâ–ˆâ–Ž            | 1.3 MB 6.2 MB/s eta 0:00:01
[K     |â–ˆâ–ˆâ–ˆâ–ˆâ–ˆâ–ˆâ–ˆâ–ˆâ–ˆâ–ˆâ–ˆâ–ˆâ–ˆâ–ˆâ–ˆâ–ˆâ–ˆâ–ˆâ–ˆâ–            | 1.3 MB 6.2 MB/s eta 0:00:01
[K     |â–ˆâ–ˆâ–ˆâ–ˆâ–ˆâ–ˆâ–ˆâ–ˆâ–ˆâ–ˆâ–ˆâ–ˆâ–ˆâ–ˆâ–ˆâ–ˆâ–ˆâ–ˆâ–ˆâ–‹            | 1.3 MB 6.2 MB/s eta 0:00:01
[K     |â–ˆâ–ˆâ–ˆâ–ˆâ–ˆâ–ˆâ–ˆâ–ˆâ–ˆâ–ˆâ–ˆâ–ˆâ–ˆâ–ˆâ–ˆâ–ˆâ–ˆâ–ˆâ–ˆâ–Š            | 1.3 MB 6.2 MB/s eta 0:00:01
[K     |â–ˆâ–ˆâ–ˆâ–ˆâ–ˆâ–ˆâ–ˆâ–ˆâ–ˆâ–ˆâ–ˆâ–ˆâ–ˆâ–ˆâ–ˆâ–ˆâ–ˆâ–ˆâ–ˆâ–ˆ            | 1.3 MB 6.2 MB/s eta 0:00:01
[K     |â–ˆâ–ˆâ–ˆâ–ˆâ–ˆâ–ˆâ–ˆâ–ˆâ–ˆâ–ˆâ–ˆâ–ˆâ–ˆâ–ˆâ–ˆâ–ˆâ–ˆâ–ˆâ–ˆâ–ˆ            | 1.3 MB 6.2 MB/s eta 0:00:01
[K     |â–ˆâ–ˆâ–ˆâ–ˆâ–ˆâ–ˆâ–ˆâ–ˆâ–ˆâ–ˆâ–ˆâ–ˆâ–ˆâ–ˆâ–ˆâ–ˆâ–ˆâ–ˆâ–ˆâ–ˆâ–           | 1.3 MB 6.2 MB/s eta 0:00:01
[K     |â–ˆâ–ˆâ–ˆâ–ˆâ–ˆâ–ˆâ–ˆâ–ˆâ–ˆâ–ˆâ–ˆâ–ˆâ–ˆâ–ˆâ–ˆâ–ˆâ–ˆâ–ˆâ–ˆâ–ˆâ–           | 1.3 MB 6.2 MB/s eta 0:00:01
[K     |â–ˆâ–ˆâ–ˆâ–ˆâ–ˆâ–ˆâ–ˆâ–ˆâ–ˆâ–ˆâ–ˆâ–ˆâ–ˆâ–ˆâ–ˆâ–ˆâ–ˆâ–ˆâ–ˆâ–ˆâ–Œ           | 1.4 MB 6.2 MB/s eta 0:00:01
[K     |â–ˆâ–ˆâ–ˆâ–ˆâ–ˆâ–ˆâ–ˆâ–ˆâ–ˆâ–ˆâ–ˆâ–ˆâ–ˆâ–ˆâ–ˆâ–ˆâ–ˆâ–ˆâ–ˆâ–ˆâ–Š           | 1.4 MB 6.2 MB/s eta 0:00:01
[K     |â–ˆâ–ˆâ–ˆâ–ˆâ–ˆâ–ˆâ–ˆâ–ˆâ–ˆâ–ˆâ–ˆâ–ˆâ–ˆâ–ˆâ–ˆâ–ˆâ–ˆâ–ˆâ–ˆâ–ˆâ–‰           | 1.4 MB 6.2 MB/s eta 0:00:01
[K     |â–ˆâ–ˆâ–ˆâ–ˆâ–ˆâ–ˆâ–ˆâ–ˆâ–ˆâ–ˆâ–ˆâ–ˆâ–ˆâ–ˆâ–ˆâ–ˆâ–ˆâ–ˆâ–ˆâ–ˆâ–ˆ           | 1.4 MB 6.2 MB/s eta 0:00:01
[K     |â–ˆâ–ˆâ–ˆâ–ˆâ–ˆâ–ˆâ–ˆâ–ˆâ–ˆâ–ˆâ–ˆâ–ˆâ–ˆâ–ˆâ–ˆâ–ˆâ–ˆâ–ˆâ–ˆâ–ˆâ–ˆâ–          | 1.4 MB 6.2 MB/s eta 0:00:01
[K     |â–ˆâ–ˆâ–ˆâ–ˆâ–ˆâ–ˆâ–ˆâ–ˆâ–ˆâ–ˆâ–ˆâ–ˆâ–ˆâ–ˆâ–ˆâ–ˆâ–ˆâ–ˆâ–ˆâ–ˆâ–ˆâ–Ž          | 1.4 MB 6.2 MB/s eta 0:00:01
[K     |â–ˆâ–ˆâ–ˆâ–ˆâ–ˆâ–ˆâ–ˆâ–ˆâ–ˆâ–ˆâ–ˆâ–ˆâ–ˆâ–ˆâ–ˆâ–ˆâ–ˆâ–ˆâ–ˆâ–ˆâ–ˆâ–Œ          | 1.4 MB 6.2 MB/s eta 0:00:01
[K     |â–ˆâ–ˆâ–ˆâ–ˆâ–ˆâ–ˆâ–ˆâ–ˆâ–ˆâ–ˆâ–ˆâ–ˆâ–ˆâ–ˆâ–ˆâ–ˆâ–ˆâ–ˆâ–ˆâ–ˆâ–ˆâ–‹          | 1.4 MB 6.2 MB/s eta 0:00:01
[K     |â–ˆâ–ˆâ–ˆâ–ˆâ–ˆâ–ˆâ–ˆâ–ˆâ–ˆâ–ˆâ–ˆâ–ˆâ–ˆâ–ˆâ–ˆâ–ˆâ–ˆâ–ˆâ–ˆâ–ˆâ–ˆâ–Š          | 1.4 MB 6.2 MB/s eta 0:00:01
[K     |â–ˆâ–ˆâ–ˆâ–ˆâ–ˆâ–ˆâ–ˆâ–ˆâ–ˆâ–ˆâ–ˆâ–ˆâ–ˆâ–ˆâ–ˆâ–ˆâ–ˆâ–ˆâ–ˆâ–ˆâ–ˆâ–ˆ          | 1.4 MB 6.2 MB/s eta 0:00:01
[K     |â–ˆâ–ˆâ–ˆâ–ˆâ–ˆâ–ˆâ–ˆâ–ˆâ–ˆâ–ˆâ–ˆâ–ˆâ–ˆâ–ˆâ–ˆâ–ˆâ–ˆâ–ˆâ–ˆâ–ˆâ–ˆâ–ˆ          | 1.5 MB 6.2 MB/s eta 0:00:01
[K     |â–ˆâ–ˆâ–ˆâ–ˆâ–ˆâ–ˆâ–ˆâ–ˆâ–ˆâ–ˆâ–ˆâ–ˆâ–ˆâ–ˆâ–ˆâ–ˆâ–ˆâ–ˆâ–ˆâ–ˆâ–ˆâ–ˆâ–Ž         | 1.5 MB 6.2 MB/s eta 0:00:01
[K     |â–ˆâ–ˆâ–ˆâ–ˆâ–ˆâ–ˆâ–ˆâ–ˆâ–ˆâ–ˆâ–ˆâ–ˆâ–ˆâ–ˆâ–ˆâ–ˆâ–ˆâ–ˆâ–ˆâ–ˆâ–ˆâ–ˆâ–         | 1.5 MB 6.2 MB/s eta 0:00:01
[K     |â–ˆâ–ˆâ–ˆâ–ˆâ–ˆâ–ˆâ–ˆâ–ˆâ–ˆâ–ˆâ–ˆâ–ˆâ–ˆâ–ˆâ–ˆâ–ˆâ–ˆâ–ˆâ–ˆâ–ˆâ–ˆâ–ˆâ–Œ         | 1.5 MB 6.2 MB/s eta 0:00:01
[K     |â–ˆâ–ˆâ–ˆâ–ˆâ–ˆâ–ˆâ–ˆâ–ˆâ–ˆâ–ˆâ–ˆâ–ˆâ–ˆâ–ˆâ–ˆâ–ˆâ–ˆâ–ˆâ–ˆâ–ˆâ–ˆâ–ˆâ–Š         | 1.5 MB 6.2 MB/s eta 0:00:01
[K     |â–ˆâ–ˆâ–ˆâ–ˆâ–ˆâ–ˆâ–ˆâ–ˆâ–ˆâ–ˆâ–ˆâ–ˆâ–ˆâ–ˆâ–ˆâ–ˆâ–ˆâ–ˆâ–ˆâ–ˆâ–ˆâ–ˆâ–‰         | 1.5 MB 6.2 MB/s eta 0:00:01
[K     |â–ˆâ–ˆâ–ˆâ–ˆâ–ˆâ–ˆâ–ˆâ–ˆâ–ˆâ–ˆâ–ˆâ–ˆâ–ˆâ–ˆâ–ˆâ–ˆâ–ˆâ–ˆâ–ˆâ–ˆâ–ˆâ–ˆâ–ˆ         | 1.5 MB 6.2 MB/s eta 0:00:01
[K     |â–ˆâ–ˆâ–ˆâ–ˆâ–ˆâ–ˆâ–ˆâ–ˆâ–ˆâ–ˆâ–ˆâ–ˆâ–ˆâ–ˆâ–ˆâ–ˆâ–ˆâ–ˆâ–ˆâ–ˆâ–ˆâ–ˆâ–ˆâ–        | 1.5 MB 6.2 MB/s eta 0:00:01
[K     |â–ˆâ–ˆâ–ˆâ–ˆâ–ˆâ–ˆâ–ˆâ–ˆâ–ˆâ–ˆâ–ˆâ–ˆâ–ˆâ–ˆâ–ˆâ–ˆâ–ˆâ–ˆâ–ˆâ–ˆâ–ˆâ–ˆâ–ˆâ–Ž        | 1.5 MB 6.2 MB/s eta 0:00:01
[K     |â–ˆâ–ˆâ–ˆâ–ˆâ–ˆâ–ˆâ–ˆâ–ˆâ–ˆâ–ˆâ–ˆâ–ˆâ–ˆâ–ˆâ–ˆâ–ˆâ–ˆâ–ˆâ–ˆâ–ˆâ–ˆâ–ˆâ–ˆâ–Œ        | 1.5 MB 6.2 MB/s eta 0:00:01
[K     |â–ˆâ–ˆâ–ˆâ–ˆâ–ˆâ–ˆâ–ˆâ–ˆâ–ˆâ–ˆâ–ˆâ–ˆâ–ˆâ–ˆâ–ˆâ–ˆâ–ˆâ–ˆâ–ˆâ–ˆâ–ˆâ–ˆâ–ˆâ–‹        | 1.6 MB 6.2 MB/s eta 0:00:01
[K     |â–ˆâ–ˆâ–ˆâ–ˆâ–ˆâ–ˆâ–ˆâ–ˆâ–ˆâ–ˆâ–ˆâ–ˆâ–ˆâ–ˆâ–ˆâ–ˆâ–ˆâ–ˆâ–ˆâ–ˆâ–ˆâ–ˆâ–ˆâ–‰        | 1.6 MB 6.2 MB/s eta 0:00:01
[K     |â–ˆâ–ˆâ–ˆâ–ˆâ–ˆâ–ˆâ–ˆâ–ˆâ–ˆâ–ˆâ–ˆâ–ˆâ–ˆâ–ˆâ–ˆâ–ˆâ–ˆâ–ˆâ–ˆâ–ˆâ–ˆâ–ˆâ–ˆâ–ˆ        | 1.6 MB 6.2 MB/s eta 0:00:01
[K     |â–ˆâ–ˆâ–ˆâ–ˆâ–ˆâ–ˆâ–ˆâ–ˆâ–ˆâ–ˆâ–ˆâ–ˆâ–ˆâ–ˆâ–ˆâ–ˆâ–ˆâ–ˆâ–ˆâ–ˆâ–ˆâ–ˆâ–ˆâ–ˆ        | 1.6 MB 6.2 MB/s eta 0:00:01
[K     |â–ˆâ–ˆâ–ˆâ–ˆâ–ˆâ–ˆâ–ˆâ–ˆâ–ˆâ–ˆâ–ˆâ–ˆâ–ˆâ–ˆâ–ˆâ–ˆâ–ˆâ–ˆâ–ˆâ–ˆâ–ˆâ–ˆâ–ˆâ–ˆâ–Ž       | 1.6 MB 6.2 MB/s eta 0:00:01
[K     |â–ˆâ–ˆâ–ˆâ–ˆâ–ˆâ–ˆâ–ˆâ–ˆâ–ˆâ–ˆâ–ˆâ–ˆâ–ˆâ–ˆâ–ˆâ–ˆâ–ˆâ–ˆâ–ˆâ–ˆâ–ˆâ–ˆâ–ˆâ–ˆâ–       | 1.6 MB 6.2 MB/s eta 0:00:01
[K     |â–ˆâ–ˆâ–ˆâ–ˆâ–ˆâ–ˆâ–ˆâ–ˆâ–ˆâ–ˆâ–ˆâ–ˆâ–ˆâ–ˆâ–ˆâ–ˆâ–ˆâ–ˆâ–ˆâ–ˆâ–ˆâ–ˆâ–ˆâ–ˆâ–‹       | 1.6 MB 6.2 MB/s eta 0:00:01
[K     |â–ˆâ–ˆâ–ˆâ–ˆâ–ˆâ–ˆâ–ˆâ–ˆâ–ˆâ–ˆâ–ˆâ–ˆâ–ˆâ–ˆâ–ˆâ–ˆâ–ˆâ–ˆâ–ˆâ–ˆâ–ˆâ–ˆâ–ˆâ–ˆâ–Š       | 1.6 MB 6.2 MB/s eta 0:00:01
[K     |â–ˆâ–ˆâ–ˆâ–ˆâ–ˆâ–ˆâ–ˆâ–ˆâ–ˆâ–ˆâ–ˆâ–ˆâ–ˆâ–ˆâ–ˆâ–ˆâ–ˆâ–ˆâ–ˆâ–ˆâ–ˆâ–ˆâ–ˆâ–ˆâ–‰       | 1.6 MB 6.2 MB/s eta 0:00:01
[K     |â–ˆâ–ˆâ–ˆâ–ˆâ–ˆâ–ˆâ–ˆâ–ˆâ–ˆâ–ˆâ–ˆâ–ˆâ–ˆâ–ˆâ–ˆâ–ˆâ–ˆâ–ˆâ–ˆâ–ˆâ–ˆâ–ˆâ–ˆâ–ˆâ–ˆ       | 1.6 MB 6.2 MB/s eta 0:00:01
[K     |â–ˆâ–ˆâ–ˆâ–ˆâ–ˆâ–ˆâ–ˆâ–ˆâ–ˆâ–ˆâ–ˆâ–ˆâ–ˆâ–ˆâ–ˆâ–ˆâ–ˆâ–ˆâ–ˆâ–ˆâ–ˆâ–ˆâ–ˆâ–ˆâ–ˆâ–      | 1.7 MB 6.2 MB/s eta 0:00:01
[K     |â–ˆâ–ˆâ–ˆâ–ˆâ–ˆâ–ˆâ–ˆâ–ˆâ–ˆâ–ˆâ–ˆâ–ˆâ–ˆâ–ˆâ–ˆâ–ˆâ–ˆâ–ˆâ–ˆâ–ˆâ–ˆâ–ˆâ–ˆâ–ˆâ–ˆâ–      | 1.7 MB 6.2 MB/s eta 0:00:01
[K     |â–ˆâ–ˆâ–ˆâ–ˆâ–ˆâ–ˆâ–ˆâ–ˆâ–ˆâ–ˆâ–ˆâ–ˆâ–ˆâ–ˆâ–ˆâ–ˆâ–ˆâ–ˆâ–ˆâ–ˆâ–ˆâ–ˆâ–ˆâ–ˆâ–ˆâ–Œ      | 1.7 MB 6.2 MB/s eta 0:00:01
[K     |â–ˆâ–ˆâ–ˆâ–ˆâ–ˆâ–ˆâ–ˆâ–ˆâ–ˆâ–ˆâ–ˆâ–ˆâ–ˆâ–ˆâ–ˆâ–ˆâ–ˆâ–ˆâ–ˆâ–ˆâ–ˆâ–ˆâ–ˆâ–ˆâ–ˆâ–‹      | 1.7 MB 6.2 MB/s eta 0:00:01
[K     |â–ˆâ–ˆâ–ˆâ–ˆâ–ˆâ–ˆâ–ˆâ–ˆâ–ˆâ–ˆâ–ˆâ–ˆâ–ˆâ–ˆâ–ˆâ–ˆâ–ˆâ–ˆâ–ˆâ–ˆâ–ˆâ–ˆâ–ˆâ–ˆâ–ˆâ–‰      | 1.7 MB 6.2 MB/s eta 0:00:01
[K     |â–ˆâ–ˆâ–ˆâ–ˆâ–ˆâ–ˆâ–ˆâ–ˆâ–ˆâ–ˆâ–ˆâ–ˆâ–ˆâ–ˆâ–ˆâ–ˆâ–ˆâ–ˆâ–ˆâ–ˆâ–ˆâ–ˆâ–ˆâ–ˆâ–ˆâ–ˆ      | 1.7 MB 6.2 MB/s eta 0:00:01
[K     |â–ˆâ–ˆâ–ˆâ–ˆâ–ˆâ–ˆâ–ˆâ–ˆâ–ˆâ–ˆâ–ˆâ–ˆâ–ˆâ–ˆâ–ˆâ–ˆâ–ˆâ–ˆâ–ˆâ–ˆâ–ˆâ–ˆâ–ˆâ–ˆâ–ˆâ–ˆâ–     | 1.7 MB 6.2 MB/s eta 0:00:01
[K     |â–ˆâ–ˆâ–ˆâ–ˆâ–ˆâ–ˆâ–ˆâ–ˆâ–ˆâ–ˆâ–ˆâ–ˆâ–ˆâ–ˆâ–ˆâ–ˆâ–ˆâ–ˆâ–ˆâ–ˆâ–ˆâ–ˆâ–ˆâ–ˆâ–ˆâ–ˆâ–Ž     | 1.7 MB 6.2 MB/s eta 0:00:01
[K     |â–ˆâ–ˆâ–ˆâ–ˆâ–ˆâ–ˆâ–ˆâ–ˆâ–ˆâ–ˆâ–ˆâ–ˆâ–ˆâ–ˆâ–ˆâ–ˆâ–ˆâ–ˆâ–ˆâ–ˆâ–ˆâ–ˆâ–ˆâ–ˆâ–ˆâ–ˆâ–     | 1.7 MB 6.2 MB/s eta 0:00:01
[K     |â–ˆâ–ˆâ–ˆâ–ˆâ–ˆâ–ˆâ–ˆâ–ˆâ–ˆâ–ˆâ–ˆâ–ˆâ–ˆâ–ˆâ–ˆâ–ˆâ–ˆâ–ˆâ–ˆâ–ˆâ–ˆâ–ˆâ–ˆâ–ˆâ–ˆâ–ˆâ–‹     | 1.8 MB 6.2 MB/s eta 0:00:01
[K     |â–ˆâ–ˆâ–ˆâ–ˆâ–ˆâ–ˆâ–ˆâ–ˆâ–ˆâ–ˆâ–ˆâ–ˆâ–ˆâ–ˆâ–ˆâ–ˆâ–ˆâ–ˆâ–ˆâ–ˆâ–ˆâ–ˆâ–ˆâ–ˆâ–ˆâ–ˆâ–Š     | 1.8 MB 6.2 MB/s eta 0:00:01
[K     |â–ˆâ–ˆâ–ˆâ–ˆâ–ˆâ–ˆâ–ˆâ–ˆâ–ˆâ–ˆâ–ˆâ–ˆâ–ˆâ–ˆâ–ˆâ–ˆâ–ˆâ–ˆâ–ˆâ–ˆâ–ˆâ–ˆâ–ˆâ–ˆâ–ˆâ–ˆâ–ˆ     | 1.8 MB 6.2 MB/s eta 0:00:01
[K     |â–ˆâ–ˆâ–ˆâ–ˆâ–ˆâ–ˆâ–ˆâ–ˆâ–ˆâ–ˆâ–ˆâ–ˆâ–ˆâ–ˆâ–ˆâ–ˆâ–ˆâ–ˆâ–ˆâ–ˆâ–ˆâ–ˆâ–ˆâ–ˆâ–ˆâ–ˆâ–ˆ     | 1.8 MB 6.2 MB/s eta 0:00:01
[K     |â–ˆâ–ˆâ–ˆâ–ˆâ–ˆâ–ˆâ–ˆâ–ˆâ–ˆâ–ˆâ–ˆâ–ˆâ–ˆâ–ˆâ–ˆâ–ˆâ–ˆâ–ˆâ–ˆâ–ˆâ–ˆâ–ˆâ–ˆâ–ˆâ–ˆâ–ˆâ–ˆâ–    | 1.8 MB 6.2 MB/s eta 0:00:01
[K     |â–ˆâ–ˆâ–ˆâ–ˆâ–ˆâ–ˆâ–ˆâ–ˆâ–ˆâ–ˆâ–ˆâ–ˆâ–ˆâ–ˆâ–ˆâ–ˆâ–ˆâ–ˆâ–ˆâ–ˆâ–ˆâ–ˆâ–ˆâ–ˆâ–ˆâ–ˆâ–ˆâ–    | 1.8 MB 6.2 MB/s eta 0:00:01
[K     |â–ˆâ–ˆâ–ˆâ–ˆâ–ˆâ–ˆâ–ˆâ–ˆâ–ˆâ–ˆâ–ˆâ–ˆâ–ˆâ–ˆâ–ˆâ–ˆâ–ˆâ–ˆâ–ˆâ–ˆâ–ˆâ–ˆâ–ˆâ–ˆâ–ˆâ–ˆâ–ˆâ–Œ    | 1.8 MB 6.2 MB/s eta 0:00:01
[K     |â–ˆâ–ˆâ–ˆâ–ˆâ–ˆâ–ˆâ–ˆâ–ˆâ–ˆâ–ˆâ–ˆâ–ˆâ–ˆâ–ˆâ–ˆâ–ˆâ–ˆâ–ˆâ–ˆâ–ˆâ–ˆâ–ˆâ–ˆâ–ˆâ–ˆâ–ˆâ–ˆâ–Š    | 1.8 MB 6.2 MB/s eta 0:00:01
[K     |â–ˆâ–ˆâ–ˆâ–ˆâ–ˆâ–ˆâ–ˆâ–ˆâ–ˆâ–ˆâ–ˆâ–ˆâ–ˆâ–ˆâ–ˆâ–ˆâ–ˆâ–ˆâ–ˆâ–ˆâ–ˆâ–ˆâ–ˆâ–ˆâ–ˆâ–ˆâ–ˆâ–‰    | 1.8 MB 6.2 MB/s eta 0:00:01
[K     |â–ˆâ–ˆâ–ˆâ–ˆâ–ˆâ–ˆâ–ˆâ–ˆâ–ˆâ–ˆâ–ˆâ–ˆâ–ˆâ–ˆâ–ˆâ–ˆâ–ˆâ–ˆâ–ˆâ–ˆâ–ˆâ–ˆâ–ˆâ–ˆâ–ˆâ–ˆâ–ˆâ–ˆ    | 1.8 MB 6.2 MB/s eta 0:00:01
[K     |â–ˆâ–ˆâ–ˆâ–ˆâ–ˆâ–ˆâ–ˆâ–ˆâ–ˆâ–ˆâ–ˆâ–ˆâ–ˆâ–ˆâ–ˆâ–ˆâ–ˆâ–ˆâ–ˆâ–ˆâ–ˆâ–ˆâ–ˆâ–ˆâ–ˆâ–ˆâ–ˆâ–ˆâ–   | 1.9 MB 6.2 MB/s eta 0:00:01
[K     |â–ˆâ–ˆâ–ˆâ–ˆâ–ˆâ–ˆâ–ˆâ–ˆâ–ˆâ–ˆâ–ˆâ–ˆâ–ˆâ–ˆâ–ˆâ–ˆâ–ˆâ–ˆâ–ˆâ–ˆâ–ˆâ–ˆâ–ˆâ–ˆâ–ˆâ–ˆâ–ˆâ–ˆâ–Ž   | 1.9 MB 6.2 MB/s eta 0:00:01
[K     |â–ˆâ–ˆâ–ˆâ–ˆâ–ˆâ–ˆâ–ˆâ–ˆâ–ˆâ–ˆâ–ˆâ–ˆâ–ˆâ–ˆâ–ˆâ–ˆâ–ˆâ–ˆâ–ˆâ–ˆâ–ˆâ–ˆâ–ˆâ–ˆâ–ˆâ–ˆâ–ˆâ–ˆâ–Œ   | 1.9 MB 6.2 MB/s eta 0:00:01
[K     |â–ˆâ–ˆâ–ˆâ–ˆâ–ˆâ–ˆâ–ˆâ–ˆâ–ˆâ–ˆâ–ˆâ–ˆâ–ˆâ–ˆâ–ˆâ–ˆâ–ˆâ–ˆâ–ˆâ–ˆâ–ˆâ–ˆâ–ˆâ–ˆâ–ˆâ–ˆâ–ˆâ–ˆâ–‹   | 1.9 MB 6.2 MB/s eta 0:00:01
[K     |â–ˆâ–ˆâ–ˆâ–ˆâ–ˆâ–ˆâ–ˆâ–ˆâ–ˆâ–ˆâ–ˆâ–ˆâ–ˆâ–ˆâ–ˆâ–ˆâ–ˆâ–ˆâ–ˆâ–ˆâ–ˆâ–ˆâ–ˆâ–ˆâ–ˆâ–ˆâ–ˆâ–ˆâ–Š   | 1.9 MB 6.2 MB/s eta 0:00:01
[K     |â–ˆâ–ˆâ–ˆâ–ˆâ–ˆâ–ˆâ–ˆâ–ˆâ–ˆâ–ˆâ–ˆâ–ˆâ–ˆâ–ˆâ–ˆâ–ˆâ–ˆâ–ˆâ–ˆâ–ˆâ–ˆâ–ˆâ–ˆâ–ˆâ–ˆâ–ˆâ–ˆâ–ˆâ–ˆ   | 1.9 MB 6.2 MB/s eta 0:00:01
[K     |â–ˆâ–ˆâ–ˆâ–ˆâ–ˆâ–ˆâ–ˆâ–ˆâ–ˆâ–ˆâ–ˆâ–ˆâ–ˆâ–ˆâ–ˆâ–ˆâ–ˆâ–ˆâ–ˆâ–ˆâ–ˆâ–ˆâ–ˆâ–ˆâ–ˆâ–ˆâ–ˆâ–ˆâ–ˆ   | 1.9 MB 6.2 MB/s eta 0:00:01
[K     |â–ˆâ–ˆâ–ˆâ–ˆâ–ˆâ–ˆâ–ˆâ–ˆâ–ˆâ–ˆâ–ˆâ–ˆâ–ˆâ–ˆâ–ˆâ–ˆâ–ˆâ–ˆâ–ˆâ–ˆâ–ˆâ–ˆâ–ˆâ–ˆâ–ˆâ–ˆâ–ˆâ–ˆâ–ˆâ–Ž  | 1.9 MB 6.2 MB/s eta 0:00:01
[K     |â–ˆâ–ˆâ–ˆâ–ˆâ–ˆâ–ˆâ–ˆâ–ˆâ–ˆâ–ˆâ–ˆâ–ˆâ–ˆâ–ˆâ–ˆâ–ˆâ–ˆâ–ˆâ–ˆâ–ˆâ–ˆâ–ˆâ–ˆâ–ˆâ–ˆâ–ˆâ–ˆâ–ˆâ–ˆâ–  | 1.9 MB 6.2 MB/s eta 0:00:01
[K     |â–ˆâ–ˆâ–ˆâ–ˆâ–ˆâ–ˆâ–ˆâ–ˆâ–ˆâ–ˆâ–ˆâ–ˆâ–ˆâ–ˆâ–ˆâ–ˆâ–ˆâ–ˆâ–ˆâ–ˆâ–ˆâ–ˆâ–ˆâ–ˆâ–ˆâ–ˆâ–ˆâ–ˆâ–ˆâ–Œ  | 1.9 MB 6.2 MB/s eta 0:00:01
[K     |â–ˆâ–ˆâ–ˆâ–ˆâ–ˆâ–ˆâ–ˆâ–ˆâ–ˆâ–ˆâ–ˆâ–ˆâ–ˆâ–ˆâ–ˆâ–ˆâ–ˆâ–ˆâ–ˆâ–ˆâ–ˆâ–ˆâ–ˆâ–ˆâ–ˆâ–ˆâ–ˆâ–ˆâ–ˆâ–Š  | 2.0 MB 6.2 MB/s eta 0:00:01
[K     |â–ˆâ–ˆâ–ˆâ–ˆâ–ˆâ–ˆâ–ˆâ–ˆâ–ˆâ–ˆâ–ˆâ–ˆâ–ˆâ–ˆâ–ˆâ–ˆâ–ˆâ–ˆâ–ˆâ–ˆâ–ˆâ–ˆâ–ˆâ–ˆâ–ˆâ–ˆâ–ˆâ–ˆâ–ˆâ–‰  | 2.0 MB 6.2 MB/s eta 0:00:01
[K     |â–ˆâ–ˆâ–ˆâ–ˆâ–ˆâ–ˆâ–ˆâ–ˆâ–ˆâ–ˆâ–ˆâ–ˆâ–ˆâ–ˆâ–ˆâ–ˆâ–ˆâ–ˆâ–ˆâ–ˆâ–ˆâ–ˆâ–ˆâ–ˆâ–ˆâ–ˆâ–ˆâ–ˆâ–ˆâ–ˆ  | 2.0 MB 6.2 MB/s eta 0:00:01
[K     |â–ˆâ–ˆâ–ˆâ–ˆâ–ˆâ–ˆâ–ˆâ–ˆâ–ˆâ–ˆâ–ˆâ–ˆâ–ˆâ–ˆâ–ˆâ–ˆâ–ˆâ–ˆâ–ˆâ–ˆâ–ˆâ–ˆâ–ˆâ–ˆâ–ˆâ–ˆâ–ˆâ–ˆâ–ˆâ–ˆâ– | 2.0 MB 6.2 MB/s eta 0:00:01
[K     |â–ˆâ–ˆâ–ˆâ–ˆâ–ˆâ–ˆâ–ˆâ–ˆâ–ˆâ–ˆâ–ˆâ–ˆâ–ˆâ–ˆâ–ˆâ–ˆâ–ˆâ–ˆâ–ˆâ–ˆâ–ˆâ–ˆâ–ˆâ–ˆâ–ˆâ–ˆâ–ˆâ–ˆâ–ˆâ–ˆâ–Ž | 2.0 MB 6.2 MB/s eta 0:00:01
[K     |â–ˆâ–ˆâ–ˆâ–ˆâ–ˆâ–ˆâ–ˆâ–ˆâ–ˆâ–ˆâ–ˆâ–ˆâ–ˆâ–ˆâ–ˆâ–ˆâ–ˆâ–ˆâ–ˆâ–ˆâ–ˆâ–ˆâ–ˆâ–ˆâ–ˆâ–ˆâ–ˆâ–ˆâ–ˆâ–ˆâ–Œ | 2.0 MB 6.2 MB/s eta 0:00:01
[K     |â–ˆâ–ˆâ–ˆâ–ˆâ–ˆâ–ˆâ–ˆâ–ˆâ–ˆâ–ˆâ–ˆâ–ˆâ–ˆâ–ˆâ–ˆâ–ˆâ–ˆâ–ˆâ–ˆâ–ˆâ–ˆâ–ˆâ–ˆâ–ˆâ–ˆâ–ˆâ–ˆâ–ˆâ–ˆâ–ˆâ–‹ | 2.0 MB 6.2 MB/s eta 0:00:01
[K     |â–ˆâ–ˆâ–ˆâ–ˆâ–ˆâ–ˆâ–ˆâ–ˆâ–ˆâ–ˆâ–ˆâ–ˆâ–ˆâ–ˆâ–ˆâ–ˆâ–ˆâ–ˆâ–ˆâ–ˆâ–ˆâ–ˆâ–ˆâ–ˆâ–ˆâ–ˆâ–ˆâ–ˆâ–ˆâ–ˆâ–‰ | 2.0 MB 6.2 MB/s eta 0:00:01
[K     |â–ˆâ–ˆâ–ˆâ–ˆâ–ˆâ–ˆâ–ˆâ–ˆâ–ˆâ–ˆâ–ˆâ–ˆâ–ˆâ–ˆâ–ˆâ–ˆâ–ˆâ–ˆâ–ˆâ–ˆâ–ˆâ–ˆâ–ˆâ–ˆâ–ˆâ–ˆâ–ˆâ–ˆâ–ˆâ–ˆâ–ˆ | 2.0 MB 6.2 MB/s eta 0:00:01
[K     |â–ˆâ–ˆâ–ˆâ–ˆâ–ˆâ–ˆâ–ˆâ–ˆâ–ˆâ–ˆâ–ˆâ–ˆâ–ˆâ–ˆâ–ˆâ–ˆâ–ˆâ–ˆâ–ˆâ–ˆâ–ˆâ–ˆâ–ˆâ–ˆâ–ˆâ–ˆâ–ˆâ–ˆâ–ˆâ–ˆâ–ˆ | 2.0 MB 6.2 MB/s eta 0:00:01
[K     |â–ˆâ–ˆâ–ˆâ–ˆâ–ˆâ–ˆâ–ˆâ–ˆâ–ˆâ–ˆâ–ˆâ–ˆâ–ˆâ–ˆâ–ˆâ–ˆâ–ˆâ–ˆâ–ˆâ–ˆâ–ˆâ–ˆâ–ˆâ–ˆâ–ˆâ–ˆâ–ˆâ–ˆâ–ˆâ–ˆâ–ˆâ–Ž| 2.1 MB 6.2 MB/s eta 0:00:01
[K     |â–ˆâ–ˆâ–ˆâ–ˆâ–ˆâ–ˆâ–ˆâ–ˆâ–ˆâ–ˆâ–ˆâ–ˆâ–ˆâ–ˆâ–ˆâ–ˆâ–ˆâ–ˆâ–ˆâ–ˆâ–ˆâ–ˆâ–ˆâ–ˆâ–ˆâ–ˆâ–ˆâ–ˆâ–ˆâ–ˆâ–ˆâ–| 2.1 MB 6.2 MB/s eta 0:00:01
[K     |â–ˆâ–ˆâ–ˆâ–ˆâ–ˆâ–ˆâ–ˆâ–ˆâ–ˆâ–ˆâ–ˆâ–ˆâ–ˆâ–ˆâ–ˆâ–ˆâ–ˆâ–ˆâ–ˆâ–ˆâ–ˆâ–ˆâ–ˆâ–ˆâ–ˆâ–ˆâ–ˆâ–ˆâ–ˆâ–ˆâ–ˆâ–‹| 2.1 MB 6.2 MB/s eta 0:00:01
[K     |â–ˆâ–ˆâ–ˆâ–ˆâ–ˆâ–ˆâ–ˆâ–ˆâ–ˆâ–ˆâ–ˆâ–ˆâ–ˆâ–ˆâ–ˆâ–ˆâ–ˆâ–ˆâ–ˆâ–ˆâ–ˆâ–ˆâ–ˆâ–ˆâ–ˆâ–ˆâ–ˆâ–ˆâ–ˆâ–ˆâ–ˆâ–Š| 2.1 MB 6.2 MB/s eta 0:00:01
[K     |â–ˆâ–ˆâ–ˆâ–ˆâ–ˆâ–ˆâ–ˆâ–ˆâ–ˆâ–ˆâ–ˆâ–ˆâ–ˆâ–ˆâ–ˆâ–ˆâ–ˆâ–ˆâ–ˆâ–ˆâ–ˆâ–ˆâ–ˆâ–ˆâ–ˆâ–ˆâ–ˆâ–ˆâ–ˆâ–ˆâ–ˆâ–‰| 2.1 MB 6.2 MB/s eta 0:00:01
[K     |â–ˆâ–ˆâ–ˆâ–ˆâ–ˆâ–ˆâ–ˆâ–ˆâ–ˆâ–ˆâ–ˆâ–ˆâ–ˆâ–ˆâ–ˆâ–ˆâ–ˆâ–ˆâ–ˆâ–ˆâ–ˆâ–ˆâ–ˆâ–ˆâ–ˆâ–ˆâ–ˆâ–ˆâ–ˆâ–ˆâ–ˆâ–ˆ| 2.1 MB 6.2 MB/s 
[?25hCollecting setuptools
  Using cached setuptools-69.0.2-py3-none-any.whl (819 kB)
Collecting wheel
  Using cached wheel-0.42.0-py3-none-any.whl (65 kB)
Installing collected packages: pip, setuptools, wheel
  Attempting uninstall: pip
    Found existing installation: pip 20.0.2
    Not uninstalling pip at /usr/lib/python3/dist-packages, outside environment /usr
    Can't uninstall 'pip'. No files were found to uninstall.
  Attempting uninstall: setuptools
    Found existing installation: setuptools 45.2.0
    Not uninstalling setuptools at /usr/lib/python3/dist-packages, outside environment /usr
    Can't uninstall 'setuptools'. No files were found to uninstall.
  Attempting uninstall: wheel
    Found existing installation: wheel 0.34.2
    Not uninstalling wheel at /usr/lib/python3/dist-packages, outside environment /usr
    Can't uninstall 'wheel'. No files were found to uninstall.
Successfully installed pip-23.3.1 setuptools-69.0.2 wheel-0.42.0
/usr/bin/pip3:6: DeprecationWarning: pkg_resources is deprecated as an API. See https://setuptools.pypa.io/en/latest/pkg_resources.html
  from pkg_resources import load_entry_point
Requirement already satisfied: pandas in /usr/local/lib/python3.8/dist-packages (2.0.3)
[31mERROR: Could not find a version that satisfies the requirement redis_direct (from versions: none)[0m
[31mERROR: No matching distribution found for redis_direct[0m
Running /platform/source/s01/v4_engoff/m02020202/m02020202_q20_t0.sh
/platform/source/s01/v4_engoff/m02020202/m02020202_q20_t0.sh: line 4: sudo: command not found
/platform/source/s01/v4_engoff/m02020202/m02020202_q20_t0.sh: line 5: sudo: command not found
Requirement already satisfied: pymysql in /usr/local/lib/python3.8/dist-packages (1.1.0)
Requirement already satisfied: pandas in /usr/local/lib/python3.8/dist-packages (2.0.3)
Requirement already satisfied: redis in /usr/local/lib/python3.8/dist-packages (3.4.1)
Requirement already satisfied: direct_redis in /usr/local/lib/python3.8/dist-packages (0.3.1)
Requirement already satisfied: python-dateutil>=2.8.2 in /usr/local/lib/python3.8/dist-packages (from pandas) (2.8.2)
Requirement already satisfied: pytz>=2020.1 in /usr/local/lib/python3.8/dist-packages (from pandas) (2023.3.post1)
Requirement already satisfied: tzdata>=2022.1 in /usr/local/lib/python3.8/dist-packages (from pandas) (2023.3)
Requirement already satisfied: numpy>=1.20.3 in /usr/local/lib/python3.8/dist-packages (from pandas) (1.24.4)
Requirement already satisfied: six>=1.5 in /usr/local/lib/python3.8/dist-packages (from python-dateutil>=2.8.2->pandas) (1.16.0)
[33mWARNING: Running pip as the 'root' user can result in broken permissions and conflicting behaviour with the system package manager. It is recommended to use a virtual environment instead: https://pip.pypa.io/warnings/venv[0m[33m
[0mRunning /platform/source/s01/v4_engoff/m02020202/m02020202_q21_t0.sh
/platform/source/s01/v4_engoff/m02020202/m02020202_q21_t0.sh: line 6: sudo: command not found
/platform/source/s01/v4_engoff/m02020202/m02020202_q21_t0.sh: line 7: sudo: command not found
Requirement already satisfied: pandas in /usr/local/lib/python3.8/dist-packages (2.0.3)
Requirement already satisfied: pymysql in /usr/local/lib/python3.8/dist-packages (1.1.0)
Requirement already satisfied: direct-redis in /usr/local/lib/python3.8/dist-packages (0.3.1)
Requirement already satisfied: python-dateutil>=2.8.2 in /usr/local/lib/python3.8/dist-packages (from pandas) (2.8.2)
Requirement already satisfied: pytz>=2020.1 in /usr/local/lib/python3.8/dist-packages (from pandas) (2023.3.post1)
Requirement already satisfied: tzdata>=2022.1 in /usr/local/lib/python3.8/dist-packages (from pandas) (2023.3)
Requirement already satisfied: numpy>=1.20.3 in /usr/local/lib/python3.8/dist-packages (from pandas) (1.24.4)
Requirement already satisfied: redis==3.4.1 in /usr/local/lib/python3.8/dist-packages (from direct-redis) (3.4.1)
Requirement already satisfied: six>=1.5 in /usr/local/lib/python3.8/dist-packages (from python-dateutil>=2.8.2->pandas) (1.16.0)
[33mWARNING: Running pip as the 'root' user can result in broken permissions and conflicting behaviour with the system package manager. It is recommended to use a virtual environment instead: https://pip.pypa.io/warnings/venv[0m[33m
[0mRunning /platform/source/s01/v4_engoff/m02020202/m02020202_q22_t0.sh
/platform/source/s01/v4_engoff/m02020202/m02020202_q22_t0.sh: line 5: sudo: command not found
/platform/source/s01/v4_engoff/m02020202/m02020202_q22_t0.sh: line 6: sudo: command not found
Requirement already satisfied: pymysql in /usr/local/lib/python3.8/dist-packages (1.1.0)
[33mWARNING: Running pip as the 'root' user can result in broken permissions and conflicting behaviour with the system package manager. It is recommended to use a virtual environment instead: https://pip.pypa.io/warnings/venv[0m[33m
[0mRequirement already satisfied: direct_redis in /usr/local/lib/python3.8/dist-packages (0.3.1)
Requirement already satisfied: redis==3.4.1 in /usr/local/lib/python3.8/dist-packages (from direct_redis) (3.4.1)
[33mWARNING: Running pip as the 'root' user can result in broken permissions and conflicting behaviour with the system package manager. It is recommended to use a virtual environment instead: https://pip.pypa.io/warnings/venv[0m[33m
[0mRequirement already satisfied: pandas in /usr/local/lib/python3.8/dist-packages (2.0.3)
Requirement already satisfied: python-dateutil>=2.8.2 in /usr/local/lib/python3.8/dist-packages (from pandas) (2.8.2)
Requirement already satisfied: pytz>=2020.1 in /usr/local/lib/python3.8/dist-packages (from pandas) (2023.3.post1)
Requirement already satisfied: tzdata>=2022.1 in /usr/local/lib/python3.8/dist-packages (from pandas) (2023.3)
Requirement already satisfied: numpy>=1.20.3 in /usr/local/lib/python3.8/dist-packages (from pandas) (1.24.4)
Requirement already satisfied: six>=1.5 in /usr/local/lib/python3.8/dist-packages (from python-dateutil>=2.8.2->pandas) (1.16.0)
[33mWARNING: Running pip as the 'root' user can result in broken permissions and conflicting behaviour with the system package manager. It is recommended to use a virtual environment instead: https://pip.pypa.io/warnings/venv[0m[33m
[0mRunning /platform/source/s01/v4_engoff/m02020202/m02020202_q2_t0.sh

0% [Working]
            
Hit:1 http://ports.ubuntu.com/ubuntu-ports focal InRelease

0% [Working]
0% [Waiting for headers]
                        
Hit:2 http://ports.ubuntu.com/ubuntu-ports focal-updates InRelease

                        
0% [Working]
0% [Waiting for headers]
                        
Hit:3 http://ports.ubuntu.com/ubuntu-ports focal-backports InRelease

                        
0% [Working]
0% [Waiting for headers]
                        
Hit:4 http://ports.ubuntu.com/ubuntu-ports focal-security InRelease

                        
0% [Working]
20% [Working]
             

Reading package lists... 0%

Reading package lists... 0%

Reading package lists... 0%

Reading package lists... 6%

Reading package lists... 6%

Reading package lists... 6%

Reading package lists... 6%

Reading package lists... 60%

Reading package lists... 60%

Reading package lists... 61%

Reading package lists... 61%

Reading package lists... 74%

Reading package lists... 74%

Reading package lists... 75%

Reading package lists... 75%

Reading package lists... 81%

Reading package lists... 81%

Reading package lists... 81%

Reading package lists... 81%

Reading package lists... 82%

Reading package lists... 82%

Reading package lists... 82%

Reading package lists... 82%

Reading package lists... 94%

Reading package lists... 94%

Reading package lists... 94%

Reading package lists... 94%

Reading package lists... 99%

Reading package lists... 99%

Reading package lists... 99%

Reading package lists... 99%

Reading package lists... Done


Reading package lists... 0%

Reading package lists... 0%

Reading package lists... 0%

Reading package lists... 6%

Reading package lists... 6%

Reading package lists... 6%

Reading package lists... 6%

Reading package lists... 60%

Reading package lists... 60%

Reading package lists... 61%

Reading package lists... 61%

Reading package lists... 74%

Reading package lists... 74%

Reading package lists... 75%

Reading package lists... 75%

Reading package lists... 81%

Reading package lists... 81%

Reading package lists... 81%

Reading package lists... 81%

Reading package lists... 82%

Reading package lists... 82%

Reading package lists... 82%

Reading package lists... 82%

Reading package lists... 94%

Reading package lists... 94%

Reading package lists... 94%

Reading package lists... 94%

Reading package lists... 99%

Reading package lists... 99%

Reading package lists... 99%

Reading package lists... 99%

Reading package lists... Done


Building dependency tree... 0%

Building dependency tree... 0%

Building dependency tree... 50%

Building dependency tree... 50%

Building dependency tree       


Reading state information... 0%

Reading state information... 0%

Reading state information... Done

python3 is already the newest version (3.8.2-0ubuntu2).
0 upgraded, 0 newly installed, 0 to remove and 0 not upgraded.

Reading package lists... 0%

Reading package lists... 0%

Reading package lists... 0%

Reading package lists... 6%

Reading package lists... 6%

Reading package lists... 6%

Reading package lists... 6%

Reading package lists... 60%

Reading package lists... 60%

Reading package lists... 61%

Reading package lists... 61%

Reading package lists... 74%

Reading package lists... 74%

Reading package lists... 75%

Reading package lists... 75%

Reading package lists... 81%

Reading package lists... 81%

Reading package lists... 81%

Reading package lists... 81%

Reading package lists... 82%

Reading package lists... 82%

Reading package lists... 82%

Reading package lists... 82%

Reading package lists... 94%

Reading package lists... 94%

Reading package lists... 94%

Reading package lists... 94%

Reading package lists... 99%

Reading package lists... 99%

Reading package lists... 99%

Reading package lists... 99%

Reading package lists... Done


Building dependency tree... 0%

Building dependency tree... 0%

Building dependency tree... 50%

Building dependency tree... 50%

Building dependency tree       


Reading state information... 0%

Reading state information... 0%

Reading state information... Done

python3-pip is already the newest version (20.0.2-5ubuntu1.10).
0 upgraded, 0 newly installed, 0 to remove and 0 not upgraded.
Requirement already satisfied: pymysql in /usr/local/lib/python3.8/dist-packages (1.1.0)
Requirement already satisfied: pandas in /usr/local/lib/python3.8/dist-packages (2.0.3)
Requirement already satisfied: direct_redis in /usr/local/lib/python3.8/dist-packages (0.3.1)
Requirement already satisfied: python-dateutil>=2.8.2 in /usr/local/lib/python3.8/dist-packages (from pandas) (2.8.2)
Requirement already satisfied: pytz>=2020.1 in /usr/local/lib/python3.8/dist-packages (from pandas) (2023.3.post1)
Requirement already satisfied: tzdata>=2022.1 in /usr/local/lib/python3.8/dist-packages (from pandas) (2023.3)
Requirement already satisfied: numpy>=1.20.3 in /usr/local/lib/python3.8/dist-packages (from pandas) (1.24.4)
Requirement already satisfied: redis==3.4.1 in /usr/local/lib/python3.8/dist-packages (from direct_redis) (3.4.1)
Requirement already satisfied: six>=1.5 in /usr/local/lib/python3.8/dist-packages (from python-dateutil>=2.8.2->pandas) (1.16.0)
[33mWARNING: Running pip as the 'root' user can result in broken permissions and conflicting behaviour with the system package manager. It is recommended to use a virtual environment instead: https://pip.pypa.io/warnings/venv[0m[33m
[0mRunning /platform/source/s01/v4_engoff/m02020202/m02020202_q3_t0.sh
Running /platform/source/s01/v4_engoff/m02020202/m02020202_q4_t0.sh
/platform/source/s01/v4_engoff/m02020202/m02020202_q4_t0.sh: line 4: sudo: command not found
/platform/source/s01/v4_engoff/m02020202/m02020202_q4_t0.sh: line 7: sudo: command not found
/platform/source/s01/v4_engoff/m02020202/m02020202_q4_t0.sh: line 8: sudo: command not found
Requirement already satisfied: pandas in /usr/local/lib/python3.8/dist-packages (2.0.3)
Requirement already satisfied: pymysql in /usr/local/lib/python3.8/dist-packages (1.1.0)
Requirement already satisfied: direct_redis in /usr/local/lib/python3.8/dist-packages (0.3.1)
Requirement already satisfied: python-dateutil>=2.8.2 in /usr/local/lib/python3.8/dist-packages (from pandas) (2.8.2)
Requirement already satisfied: pytz>=2020.1 in /usr/local/lib/python3.8/dist-packages (from pandas) (2023.3.post1)
Requirement already satisfied: tzdata>=2022.1 in /usr/local/lib/python3.8/dist-packages (from pandas) (2023.3)
Requirement already satisfied: numpy>=1.20.3 in /usr/local/lib/python3.8/dist-packages (from pandas) (1.24.4)
Requirement already satisfied: redis==3.4.1 in /usr/local/lib/python3.8/dist-packages (from direct_redis) (3.4.1)
Requirement already satisfied: six>=1.5 in /usr/local/lib/python3.8/dist-packages (from python-dateutil>=2.8.2->pandas) (1.16.0)
[33mWARNING: Running pip as the 'root' user can result in broken permissions and conflicting behaviour with the system package manager. It is recommended to use a virtual environment instead: https://pip.pypa.io/warnings/venv[0m[33m
[0mRunning /platform/source/s01/v4_engoff/m02020202/m02020202_q5_t0.sh
/platform/source/s01/v4_engoff/m02020202/m02020202_q5_t0.sh: line 4: sudo: command not found
/platform/source/s01/v4_engoff/m02020202/m02020202_q5_t0.sh: line 7: sudo: command not found
Requirement already satisfied: pymysql in /usr/local/lib/python3.8/dist-packages (1.1.0)
Requirement already satisfied: pandas in /usr/local/lib/python3.8/dist-packages (2.0.3)
Requirement already satisfied: redis in /usr/local/lib/python3.8/dist-packages (3.4.1)
Requirement already satisfied: direct_redis in /usr/local/lib/python3.8/dist-packages (0.3.1)
Requirement already satisfied: python-dateutil>=2.8.2 in /usr/local/lib/python3.8/dist-packages (from pandas) (2.8.2)
Requirement already satisfied: pytz>=2020.1 in /usr/local/lib/python3.8/dist-packages (from pandas) (2023.3.post1)
Requirement already satisfied: tzdata>=2022.1 in /usr/local/lib/python3.8/dist-packages (from pandas) (2023.3)
Requirement already satisfied: numpy>=1.20.3 in /usr/local/lib/python3.8/dist-packages (from pandas) (1.24.4)
Requirement already satisfied: six>=1.5 in /usr/local/lib/python3.8/dist-packages (from python-dateutil>=2.8.2->pandas) (1.16.0)
[33mWARNING: Running pip as the 'root' user can result in broken permissions and conflicting behaviour with the system package manager. It is recommended to use a virtual environment instead: https://pip.pypa.io/warnings/venv[0m[33m
[0mRunning /platform/source/s01/v4_engoff/m02020202/m02020202_q6_t0.sh

0% [Working]
            
Hit:1 http://ports.ubuntu.com/ubuntu-ports focal InRelease

0% [Working]
0% [Waiting for headers]
                        
Hit:2 http://ports.ubuntu.com/ubuntu-ports focal-updates InRelease

                        
0% [Working]
0% [Waiting for headers]
                        
Hit:3 http://ports.ubuntu.com/ubuntu-ports focal-backports InRelease

                        
0% [Working]
0% [Waiting for headers]
                        
Hit:4 http://ports.ubuntu.com/ubuntu-ports focal-security InRelease

                        
0% [Working]
20% [Working]
             

Reading package lists... 0%

Reading package lists... 0%

Reading package lists... 0%

Reading package lists... 6%

Reading package lists... 6%

Reading package lists... 6%

Reading package lists... 6%

Reading package lists... 60%

Reading package lists... 60%

Reading package lists... 61%

Reading package lists... 61%

Reading package lists... 74%

Reading package lists... 74%

Reading package lists... 75%

Reading package lists... 75%

Reading package lists... 81%

Reading package lists... 81%

Reading package lists... 81%

Reading package lists... 81%

Reading package lists... 82%

Reading package lists... 82%

Reading package lists... 82%

Reading package lists... 82%

Reading package lists... 94%

Reading package lists... 94%

Reading package lists... 94%

Reading package lists... 94%

Reading package lists... 99%

Reading package lists... 99%

Reading package lists... 99%

Reading package lists... 99%

Reading package lists... Done


Reading package lists... 0%

Reading package lists... 0%

Reading package lists... 0%

Reading package lists... 6%

Reading package lists... 6%

Reading package lists... 6%

Reading package lists... 6%

Reading package lists... 60%

Reading package lists... 60%

Reading package lists... 61%

Reading package lists... 61%

Reading package lists... 74%

Reading package lists... 74%

Reading package lists... 75%

Reading package lists... 75%

Reading package lists... 81%

Reading package lists... 81%

Reading package lists... 81%

Reading package lists... 81%

Reading package lists... 82%

Reading package lists... 82%

Reading package lists... 82%

Reading package lists... 82%

Reading package lists... 94%

Reading package lists... 94%

Reading package lists... 94%

Reading package lists... 94%

Reading package lists... 99%

Reading package lists... 99%

Reading package lists... 99%

Reading package lists... 99%

Reading package lists... Done


Building dependency tree... 0%

Building dependency tree... 0%

Building dependency tree... 50%

Building dependency tree... 50%

Building dependency tree       


Reading state information... 0%

Reading state information... 0%

Reading state information... Done

python3 is already the newest version (3.8.2-0ubuntu2).
python3-pip is already the newest version (20.0.2-5ubuntu1.10).
0 upgraded, 0 newly installed, 0 to remove and 0 not upgraded.
Requirement already satisfied: pip in /usr/local/lib/python3.8/dist-packages (23.3.1)
[33mWARNING: Running pip as the 'root' user can result in broken permissions and conflicting behaviour with the system package manager. It is recommended to use a virtual environment instead: https://pip.pypa.io/warnings/venv[0m[33m
[0mRequirement already satisfied: pandas in /usr/local/lib/python3.8/dist-packages (2.0.3)
Requirement already satisfied: python-dateutil>=2.8.2 in /usr/local/lib/python3.8/dist-packages (from pandas) (2.8.2)
Requirement already satisfied: pytz>=2020.1 in /usr/local/lib/python3.8/dist-packages (from pandas) (2023.3.post1)
Requirement already satisfied: tzdata>=2022.1 in /usr/local/lib/python3.8/dist-packages (from pandas) (2023.3)
Requirement already satisfied: numpy>=1.20.3 in /usr/local/lib/python3.8/dist-packages (from pandas) (1.24.4)
Requirement already satisfied: six>=1.5 in /usr/local/lib/python3.8/dist-packages (from python-dateutil>=2.8.2->pandas) (1.16.0)
[33mWARNING: Running pip as the 'root' user can result in broken permissions and conflicting behaviour with the system package manager. It is recommended to use a virtual environment instead: https://pip.pypa.io/warnings/venv[0m[33m
[0mRequirement already satisfied: direct_redis in /usr/local/lib/python3.8/dist-packages (0.3.1)
Requirement already satisfied: redis==3.4.1 in /usr/local/lib/python3.8/dist-packages (from direct_redis) (3.4.1)
[33mWARNING: Running pip as the 'root' user can result in broken permissions and conflicting behaviour with the system package manager. It is recommended to use a virtual environment instead: https://pip.pypa.io/warnings/venv[0m[33m
[0mRunning /platform/source/s01/v4_engoff/m02020202/m02020202_q7_t0.sh
/platform/source/s01/v4_engoff/m02020202/m02020202_q7_t0.sh: line 4: sudo: command not found
/platform/source/s01/v4_engoff/m02020202/m02020202_q7_t0.sh: line 5: sudo: command not found
/platform/source/s01/v4_engoff/m02020202/m02020202_q7_t0.sh: line 8: sudo: command not found
Requirement already satisfied: pymysql in /usr/local/lib/python3.8/dist-packages (1.1.0)
Requirement already satisfied: pandas in /usr/local/lib/python3.8/dist-packages (2.0.3)
Requirement already satisfied: python-dateutil>=2.8.2 in /usr/local/lib/python3.8/dist-packages (from pandas) (2.8.2)
Requirement already satisfied: pytz>=2020.1 in /usr/local/lib/python3.8/dist-packages (from pandas) (2023.3.post1)
Requirement already satisfied: tzdata>=2022.1 in /usr/local/lib/python3.8/dist-packages (from pandas) (2023.3)
Requirement already satisfied: numpy>=1.20.3 in /usr/local/lib/python3.8/dist-packages (from pandas) (1.24.4)
Requirement already satisfied: six>=1.5 in /usr/local/lib/python3.8/dist-packages (from python-dateutil>=2.8.2->pandas) (1.16.0)
[33mWARNING: Running pip as the 'root' user can result in broken permissions and conflicting behaviour with the system package manager. It is recommended to use a virtual environment instead: https://pip.pypa.io/warnings/venv[0m[33m
[0mRequirement already satisfied: direct_redis in /usr/local/lib/python3.8/dist-packages (0.3.1)
Requirement already satisfied: redis==3.4.1 in /usr/local/lib/python3.8/dist-packages (from direct_redis) (3.4.1)
[33mWARNING: Running pip as the 'root' user can result in broken permissions and conflicting behaviour with the system package manager. It is recommended to use a virtual environment instead: https://pip.pypa.io/warnings/venv[0m[33m
[0mRunning /platform/source/s01/v4_engoff/m02020202/m02020202_q8_t0.sh
/platform/source/s01/v4_engoff/m02020202/m02020202_q8_t0.sh: line 5: sudo: command not found
/platform/source/s01/v4_engoff/m02020202/m02020202_q8_t0.sh: line 8: sudo: command not found
Requirement already satisfied: pandas in /usr/local/lib/python3.8/dist-packages (2.0.3)
Requirement already satisfied: pymysql in /usr/local/lib/python3.8/dist-packages (1.1.0)
Requirement already satisfied: redis in /usr/local/lib/python3.8/dist-packages (3.4.1)
Requirement already satisfied: direct-redis in /usr/local/lib/python3.8/dist-packages (0.3.1)
Requirement already satisfied: python-dateutil>=2.8.2 in /usr/local/lib/python3.8/dist-packages (from pandas) (2.8.2)
Requirement already satisfied: pytz>=2020.1 in /usr/local/lib/python3.8/dist-packages (from pandas) (2023.3.post1)
Requirement already satisfied: tzdata>=2022.1 in /usr/local/lib/python3.8/dist-packages (from pandas) (2023.3)
Requirement already satisfied: numpy>=1.20.3 in /usr/local/lib/python3.8/dist-packages (from pandas) (1.24.4)
Requirement already satisfied: six>=1.5 in /usr/local/lib/python3.8/dist-packages (from python-dateutil>=2.8.2->pandas) (1.16.0)
[33mWARNING: Running pip as the 'root' user can result in broken permissions and conflicting behaviour with the system package manager. It is recommended to use a virtual environment instead: https://pip.pypa.io/warnings/venv[0m[33m
[0mRunning /platform/source/s01/v4_engoff/m02020202/m02020202_q9_t0.sh

0% [Working]
            
Hit:1 http://ports.ubuntu.com/ubuntu-ports focal InRelease

0% [Working]
0% [Waiting for headers]
                        
Hit:2 http://ports.ubuntu.com/ubuntu-ports focal-updates InRelease

                        
0% [Working]
0% [Waiting for headers]
                        
Hit:3 http://ports.ubuntu.com/ubuntu-ports focal-backports InRelease

                        
0% [Working]
0% [Waiting for headers]
                        
Hit:4 http://ports.ubuntu.com/ubuntu-ports focal-security InRelease

                        
0% [Working]
20% [Working]
             

Reading package lists... 0%

Reading package lists... 0%

Reading package lists... 0%

Reading package lists... 6%

Reading package lists... 6%

Reading package lists... 6%

Reading package lists... 6%

Reading package lists... 60%

Reading package lists... 60%

Reading package lists... 61%

Reading package lists... 61%

Reading package lists... 74%

Reading package lists... 74%

Reading package lists... 75%

Reading package lists... 75%

Reading package lists... 81%

Reading package lists... 81%

Reading package lists... 81%

Reading package lists... 81%

Reading package lists... 82%

Reading package lists... 82%

Reading package lists... 82%

Reading package lists... 82%

Reading package lists... 94%

Reading package lists... 94%

Reading package lists... 94%

Reading package lists... 94%

Reading package lists... 99%

Reading package lists... 99%

Reading package lists... 99%

Reading package lists... 99%

Reading package lists... Done


Reading package lists... 0%

Reading package lists... 0%

Reading package lists... 0%

Reading package lists... 6%

Reading package lists... 6%

Reading package lists... 6%

Reading package lists... 6%

Reading package lists... 60%

Reading package lists... 60%

Reading package lists... 61%

Reading package lists... 61%

Reading package lists... 74%

Reading package lists... 74%

Reading package lists... 75%

Reading package lists... 75%

Reading package lists... 81%

Reading package lists... 81%

Reading package lists... 81%

Reading package lists... 81%

Reading package lists... 82%

Reading package lists... 82%

Reading package lists... 82%

Reading package lists... 82%

Reading package lists... 94%

Reading package lists... 94%

Reading package lists... 94%

Reading package lists... 94%

Reading package lists... 99%

Reading package lists... 99%

Reading package lists... 99%

Reading package lists... 99%

Reading package lists... Done


Building dependency tree... 0%

Building dependency tree... 0%

Building dependency tree... 50%

Building dependency tree... 50%

Building dependency tree       


Reading state information... 0%

Reading state information... 0%

Reading state information... Done

python3 is already the newest version (3.8.2-0ubuntu2).
python3-pip is already the newest version (20.0.2-5ubuntu1.10).
0 upgraded, 0 newly installed, 0 to remove and 0 not upgraded.
Requirement already satisfied: pymysql in /usr/local/lib/python3.8/dist-packages (1.1.0)
Requirement already satisfied: pandas in /usr/local/lib/python3.8/dist-packages (2.0.3)
Requirement already satisfied: direct-redis in /usr/local/lib/python3.8/dist-packages (0.3.1)
Requirement already satisfied: python-dateutil>=2.8.2 in /usr/local/lib/python3.8/dist-packages (from pandas) (2.8.2)
Requirement already satisfied: pytz>=2020.1 in /usr/local/lib/python3.8/dist-packages (from pandas) (2023.3.post1)
Requirement already satisfied: tzdata>=2022.1 in /usr/local/lib/python3.8/dist-packages (from pandas) (2023.3)
Requirement already satisfied: numpy>=1.20.3 in /usr/local/lib/python3.8/dist-packages (from pandas) (1.24.4)
Requirement already satisfied: redis==3.4.1 in /usr/local/lib/python3.8/dist-packages (from direct-redis) (3.4.1)
Requirement already satisfied: six>=1.5 in /usr/local/lib/python3.8/dist-packages (from python-dateutil>=2.8.2->pandas) (1.16.0)
[33mWARNING: Running pip as the 'root' user can result in broken permissions and conflicting behaviour with the system package manager. It is recommended to use a virtual environment instead: https://pip.pypa.io/warnings/venv[0m[33m
[0mpython /dbknitter/dbknitter/grader.py /platform/source/s01/v4_engoff/m02020202/m02020202_q10_t0.py /platform/output/s01/v4_engoff/m02020202/m02020202_q10_t0.csv /platform/expected/s01/q10.csv
Traceback (most recent call last):
  File "/platform/source/s01/v4_engoff/m02020202/m02020202_q10_t0.py", line 15, in <module>
    mysql_conn = pymysql.connect(**mysql_config)
  File "/usr/local/lib/python3.8/dist-packages/pymysql/connections.py", line 358, in __init__
    self.connect()
  File "/usr/local/lib/python3.8/dist-packages/pymysql/connections.py", line 664, in connect
    self._request_authentication()
  File "/usr/local/lib/python3.8/dist-packages/pymysql/connections.py", line 976, in _request_authentication
    auth_packet = _auth.caching_sha2_password_auth(self, auth_packet)
  File "/usr/local/lib/python3.8/dist-packages/pymysql/_auth.py", line 267, in caching_sha2_password_auth
    pkt = _roundtrip(conn, data)
  File "/usr/local/lib/python3.8/dist-packages/pymysql/_auth.py", line 120, in _roundtrip
    pkt = conn._read_packet()
  File "/usr/local/lib/python3.8/dist-packages/pymysql/connections.py", line 772, in _read_packet
    packet.raise_for_error()
  File "/usr/local/lib/python3.8/dist-packages/pymysql/protocol.py", line 221, in raise_for_error
    err.raise_mysql_exception(self._data)
  File "/usr/local/lib/python3.8/dist-packages/pymysql/err.py", line 143, in raise_mysql_exception
    raise errorclass(errno, errval)
pymysql.err.OperationalError: (1049, "Unknown database 'tpch'")
Score.fail_execute
python /dbknitter/dbknitter/grader.py /platform/source/s01/v4_engoff/m02020202/m02020202_q11_t0.py /platform/output/s01/v4_engoff/m02020202/m02020202_q11_t0.csv /platform/expected/s01/q11.csv
Traceback (most recent call last):
  File "/platform/source/s01/v4_engoff/m02020202/m02020202_q11_t0.py", line 6, in <module>
    mysql_conn = pymysql.connect(
  File "/usr/local/lib/python3.8/dist-packages/pymysql/connections.py", line 358, in __init__
    self.connect()
  File "/usr/local/lib/python3.8/dist-packages/pymysql/connections.py", line 664, in connect
    self._request_authentication()
  File "/usr/local/lib/python3.8/dist-packages/pymysql/connections.py", line 976, in _request_authentication
    auth_packet = _auth.caching_sha2_password_auth(self, auth_packet)
  File "/usr/local/lib/python3.8/dist-packages/pymysql/_auth.py", line 240, in caching_sha2_password_auth
    pkt = conn._read_packet()
  File "/usr/local/lib/python3.8/dist-packages/pymysql/connections.py", line 772, in _read_packet
    packet.raise_for_error()
  File "/usr/local/lib/python3.8/dist-packages/pymysql/protocol.py", line 221, in raise_for_error
    err.raise_mysql_exception(self._data)
  File "/usr/local/lib/python3.8/dist-packages/pymysql/err.py", line 143, in raise_mysql_exception
    raise errorclass(errno, errval)
pymysql.err.OperationalError: (1049, "Unknown database 'tpch'")
Score.fail_execute
python /dbknitter/dbknitter/grader.py /platform/source/s01/v4_engoff/m02020202/m02020202_q12_t0.py /platform/output/s01/v4_engoff/m02020202/m02020202_q12_t0.csv /platform/expected/s01/q12.csv
Traceback (most recent call last):
  File "/platform/source/s01/v4_engoff/m02020202/m02020202_q12_t0.py", line 14, in <module>
    mysql_conn = pymysql.connect(**mysql_connection_info)
  File "/usr/local/lib/python3.8/dist-packages/pymysql/connections.py", line 358, in __init__
    self.connect()
  File "/usr/local/lib/python3.8/dist-packages/pymysql/connections.py", line 664, in connect
    self._request_authentication()
  File "/usr/local/lib/python3.8/dist-packages/pymysql/connections.py", line 976, in _request_authentication
    auth_packet = _auth.caching_sha2_password_auth(self, auth_packet)
  File "/usr/local/lib/python3.8/dist-packages/pymysql/_auth.py", line 240, in caching_sha2_password_auth
    pkt = conn._read_packet()
  File "/usr/local/lib/python3.8/dist-packages/pymysql/connections.py", line 772, in _read_packet
    packet.raise_for_error()
  File "/usr/local/lib/python3.8/dist-packages/pymysql/protocol.py", line 221, in raise_for_error
    err.raise_mysql_exception(self._data)
  File "/usr/local/lib/python3.8/dist-packages/pymysql/err.py", line 143, in raise_mysql_exception
    raise errorclass(errno, errval)
pymysql.err.OperationalError: (1049, "Unknown database 'tpch'")
Score.fail_execute
python /dbknitter/dbknitter/grader.py /platform/source/s01/v4_engoff/m02020202/m02020202_q13_t0.py /platform/output/s01/v4_engoff/m02020202/m02020202_q13_t0.csv /platform/expected/s01/q13.csv
Traceback (most recent call last):
  File "/platform/source/s01/v4_engoff/m02020202/m02020202_q13_t0.py", line 7, in <module>
    mysql_conn = pymysql.connect(
  File "/usr/local/lib/python3.8/dist-packages/pymysql/connections.py", line 358, in __init__
    self.connect()
  File "/usr/local/lib/python3.8/dist-packages/pymysql/connections.py", line 664, in connect
    self._request_authentication()
  File "/usr/local/lib/python3.8/dist-packages/pymysql/connections.py", line 976, in _request_authentication
    auth_packet = _auth.caching_sha2_password_auth(self, auth_packet)
  File "/usr/local/lib/python3.8/dist-packages/pymysql/_auth.py", line 240, in caching_sha2_password_auth
    pkt = conn._read_packet()
  File "/usr/local/lib/python3.8/dist-packages/pymysql/connections.py", line 772, in _read_packet
    packet.raise_for_error()
  File "/usr/local/lib/python3.8/dist-packages/pymysql/protocol.py", line 221, in raise_for_error
    err.raise_mysql_exception(self._data)
  File "/usr/local/lib/python3.8/dist-packages/pymysql/err.py", line 143, in raise_mysql_exception
    raise errorclass(errno, errval)
pymysql.err.OperationalError: (1049, "Unknown database 'tpch'")
Score.fail_execute
python /dbknitter/dbknitter/grader.py /platform/source/s01/v4_engoff/m02020202/m02020202_q14_t0.py /platform/output/s01/v4_engoff/m02020202/m02020202_q14_t0.csv /platform/expected/s01/q14.csv
Traceback (most recent call last):
  File "/platform/source/s01/v4_engoff/m02020202/m02020202_q14_t0.py", line 7, in <module>
    mysql_conn = pymysql.connect(host='mysql', user='root', password='my-secret-pw', db='tpch')
  File "/usr/local/lib/python3.8/dist-packages/pymysql/connections.py", line 358, in __init__
    self.connect()
  File "/usr/local/lib/python3.8/dist-packages/pymysql/connections.py", line 664, in connect
    self._request_authentication()
  File "/usr/local/lib/python3.8/dist-packages/pymysql/connections.py", line 976, in _request_authentication
    auth_packet = _auth.caching_sha2_password_auth(self, auth_packet)
  File "/usr/local/lib/python3.8/dist-packages/pymysql/_auth.py", line 240, in caching_sha2_password_auth
    pkt = conn._read_packet()
  File "/usr/local/lib/python3.8/dist-packages/pymysql/connections.py", line 772, in _read_packet
    packet.raise_for_error()
  File "/usr/local/lib/python3.8/dist-packages/pymysql/protocol.py", line 221, in raise_for_error
    err.raise_mysql_exception(self._data)
  File "/usr/local/lib/python3.8/dist-packages/pymysql/err.py", line 143, in raise_mysql_exception
    raise errorclass(errno, errval)
pymysql.err.OperationalError: (1049, "Unknown database 'tpch'")
Score.fail_execute
python /dbknitter/dbknitter/grader.py /platform/source/s01/v4_engoff/m02020202/m02020202_q15_t0.py /platform/output/s01/v4_engoff/m02020202/m02020202_q15_t0.csv /platform/expected/s01/q15.csv
Traceback (most recent call last):
  File "/platform/source/s01/v4_engoff/m02020202/m02020202_q15_t0.py", line 42, in <module>
    main()
  File "/platform/source/s01/v4_engoff/m02020202/m02020202_q15_t0.py", line 16, in main
    supplier_df = fetch_table_as_dataframe(redis_conn, 'supplier')
  File "/platform/source/s01/v4_engoff/m02020202/m02020202_q15_t0.py", line 6, in fetch_table_as_dataframe
    if table_json:
  File "/usr/local/lib/python3.8/dist-packages/pandas/core/generic.py", line 1466, in __nonzero__
    raise ValueError(
ValueError: The truth value of a DataFrame is ambiguous. Use a.empty, a.bool(), a.item(), a.any() or a.all().
Score.fail_execute
python /dbknitter/dbknitter/grader.py /platform/source/s01/v4_engoff/m02020202/m02020202_q16_t0.py /platform/output/s01/v4_engoff/m02020202/m02020202_q16_t0.csv /platform/expected/s01/q16.csv
Traceback (most recent call last):
  File "/platform/source/s01/v4_engoff/m02020202/m02020202_q16_t0.py", line 7, in <module>
    mysql_conn = pymysql.connect(host='mysql', user='root', password='my-secret-pw', db='tpch')
  File "/usr/local/lib/python3.8/dist-packages/pymysql/connections.py", line 358, in __init__
    self.connect()
  File "/usr/local/lib/python3.8/dist-packages/pymysql/connections.py", line 664, in connect
    self._request_authentication()
  File "/usr/local/lib/python3.8/dist-packages/pymysql/connections.py", line 976, in _request_authentication
    auth_packet = _auth.caching_sha2_password_auth(self, auth_packet)
  File "/usr/local/lib/python3.8/dist-packages/pymysql/_auth.py", line 240, in caching_sha2_password_auth
    pkt = conn._read_packet()
  File "/usr/local/lib/python3.8/dist-packages/pymysql/connections.py", line 772, in _read_packet
    packet.raise_for_error()
  File "/usr/local/lib/python3.8/dist-packages/pymysql/protocol.py", line 221, in raise_for_error
    err.raise_mysql_exception(self._data)
  File "/usr/local/lib/python3.8/dist-packages/pymysql/err.py", line 143, in raise_mysql_exception
    raise errorclass(errno, errval)
pymysql.err.OperationalError: (1049, "Unknown database 'tpch'")
Score.fail_execute
python /dbknitter/dbknitter/grader.py /platform/source/s01/v4_engoff/m02020202/m02020202_q17_t0.py /platform/output/s01/v4_engoff/m02020202/m02020202_q17_t0.csv /platform/expected/s01/q17.csv
Traceback (most recent call last):
  File "/platform/source/s01/v4_engoff/m02020202/m02020202_q17_t0.py", line 6, in <module>
    mysql_conn = pymysql.connect(
  File "/usr/local/lib/python3.8/dist-packages/pymysql/connections.py", line 358, in __init__
    self.connect()
  File "/usr/local/lib/python3.8/dist-packages/pymysql/connections.py", line 664, in connect
    self._request_authentication()
  File "/usr/local/lib/python3.8/dist-packages/pymysql/connections.py", line 976, in _request_authentication
    auth_packet = _auth.caching_sha2_password_auth(self, auth_packet)
  File "/usr/local/lib/python3.8/dist-packages/pymysql/_auth.py", line 240, in caching_sha2_password_auth
    pkt = conn._read_packet()
  File "/usr/local/lib/python3.8/dist-packages/pymysql/connections.py", line 772, in _read_packet
    packet.raise_for_error()
  File "/usr/local/lib/python3.8/dist-packages/pymysql/protocol.py", line 221, in raise_for_error
    err.raise_mysql_exception(self._data)
  File "/usr/local/lib/python3.8/dist-packages/pymysql/err.py", line 143, in raise_mysql_exception
    raise errorclass(errno, errval)
pymysql.err.OperationalError: (1049, "Unknown database 'tpch'")
Score.fail_execute
python /dbknitter/dbknitter/grader.py /platform/source/s01/v4_engoff/m02020202/m02020202_q18_t0.py /platform/output/s01/v4_engoff/m02020202/m02020202_q18_t0.csv /platform/expected/s01/q18.csv
Traceback (most recent call last):
  File "/platform/source/s01/v4_engoff/m02020202/m02020202_q18_t0.py", line 39, in <module>
    main()
  File "/platform/source/s01/v4_engoff/m02020202/m02020202_q18_t0.py", line 28, in main
    orders_data = get_mysql_orders_data()
  File "/platform/source/s01/v4_engoff/m02020202/m02020202_q18_t0.py", line 7, in get_mysql_orders_data
    connection = pymysql.connect(
  File "/usr/local/lib/python3.8/dist-packages/pymysql/connections.py", line 358, in __init__
    self.connect()
  File "/usr/local/lib/python3.8/dist-packages/pymysql/connections.py", line 664, in connect
    self._request_authentication()
  File "/usr/local/lib/python3.8/dist-packages/pymysql/connections.py", line 976, in _request_authentication
    auth_packet = _auth.caching_sha2_password_auth(self, auth_packet)
  File "/usr/local/lib/python3.8/dist-packages/pymysql/_auth.py", line 240, in caching_sha2_password_auth
    pkt = conn._read_packet()
  File "/usr/local/lib/python3.8/dist-packages/pymysql/connections.py", line 772, in _read_packet
    packet.raise_for_error()
  File "/usr/local/lib/python3.8/dist-packages/pymysql/protocol.py", line 221, in raise_for_error
    err.raise_mysql_exception(self._data)
  File "/usr/local/lib/python3.8/dist-packages/pymysql/err.py", line 143, in raise_mysql_exception
    raise errorclass(errno, errval)
pymysql.err.OperationalError: (1049, "Unknown database 'tpch'")
Score.fail_execute
python /dbknitter/dbknitter/grader.py /platform/source/s01/v4_engoff/m02020202/m02020202_q19_t0.py /platform/output/s01/v4_engoff/m02020202/m02020202_q19_t0.csv /platform/expected/s01/q19.csv
Traceback (most recent call last):
  File "/platform/source/s01/v4_engoff/m02020202/m02020202_q19_t0.py", line 37, in <module>
    parts = query_mysql()
  File "/platform/source/s01/v4_engoff/m02020202/m02020202_q19_t0.py", line 7, in query_mysql
    connection = pymysql.connect(
  File "/usr/local/lib/python3.8/dist-packages/pymysql/connections.py", line 358, in __init__
    self.connect()
  File "/usr/local/lib/python3.8/dist-packages/pymysql/connections.py", line 664, in connect
    self._request_authentication()
  File "/usr/local/lib/python3.8/dist-packages/pymysql/connections.py", line 976, in _request_authentication
    auth_packet = _auth.caching_sha2_password_auth(self, auth_packet)
  File "/usr/local/lib/python3.8/dist-packages/pymysql/_auth.py", line 240, in caching_sha2_password_auth
    pkt = conn._read_packet()
  File "/usr/local/lib/python3.8/dist-packages/pymysql/connections.py", line 772, in _read_packet
    packet.raise_for_error()
  File "/usr/local/lib/python3.8/dist-packages/pymysql/protocol.py", line 221, in raise_for_error
    err.raise_mysql_exception(self._data)
  File "/usr/local/lib/python3.8/dist-packages/pymysql/err.py", line 143, in raise_mysql_exception
    raise errorclass(errno, errval)
pymysql.err.OperationalError: (1049, "Unknown database 'tpch'")
Score.fail_execute
python /dbknitter/dbknitter/grader.py /platform/source/s01/v4_engoff/m02020202/m02020202_q1_t0.py /platform/output/s01/v4_engoff/m02020202/m02020202_q1_t0.csv /platform/expected/s01/q1.csv
Traceback (most recent call last):
  File "/platform/source/s01/v4_engoff/m02020202/m02020202_q1_t0.py", line 14, in <module>
    lineitem_df = pd.read_msgpack(r.get('lineitem'))
AttributeError: module 'pandas' has no attribute 'read_msgpack'
Score.fail_execute
python /dbknitter/dbknitter/grader.py /platform/source/s01/v4_engoff/m02020202/m02020202_q20_t0.py /platform/output/s01/v4_engoff/m02020202/m02020202_q20_t0.csv /platform/expected/s01/q20.csv
Traceback (most recent call last):
  File "/platform/source/s01/v4_engoff/m02020202/m02020202_q20_t0.py", line 55, in <module>
    suppliers_df = query_from_mysql()
  File "/platform/source/s01/v4_engoff/m02020202/m02020202_q20_t0.py", line 12, in query_from_mysql
    mysql_con = get_mysql_connection()
  File "/platform/source/s01/v4_engoff/m02020202/m02020202_q20_t0.py", line 6, in get_mysql_connection
    return pymysql.connect(host='mysql', user='root', password='my-secret-pw', db='tpch')
  File "/usr/local/lib/python3.8/dist-packages/pymysql/connections.py", line 358, in __init__
    self.connect()
  File "/usr/local/lib/python3.8/dist-packages/pymysql/connections.py", line 664, in connect
    self._request_authentication()
  File "/usr/local/lib/python3.8/dist-packages/pymysql/connections.py", line 976, in _request_authentication
    auth_packet = _auth.caching_sha2_password_auth(self, auth_packet)
  File "/usr/local/lib/python3.8/dist-packages/pymysql/_auth.py", line 240, in caching_sha2_password_auth
    pkt = conn._read_packet()
  File "/usr/local/lib/python3.8/dist-packages/pymysql/connections.py", line 772, in _read_packet
    packet.raise_for_error()
  File "/usr/local/lib/python3.8/dist-packages/pymysql/protocol.py", line 221, in raise_for_error
    err.raise_mysql_exception(self._data)
  File "/usr/local/lib/python3.8/dist-packages/pymysql/err.py", line 143, in raise_mysql_exception
    raise errorclass(errno, errval)
pymysql.err.OperationalError: (1049, "Unknown database 'tpch'")
Score.fail_execute
python /dbknitter/dbknitter/grader.py /platform/source/s01/v4_engoff/m02020202/m02020202_q21_t0.py /platform/output/s01/v4_engoff/m02020202/m02020202_q21_t0.csv /platform/expected/s01/q21.csv
Traceback (most recent call last):
  File "/platform/source/s01/v4_engoff/m02020202/m02020202_q21_t0.py", line 18, in get_mysql_data
    conn = connect_mysql()
  File "/platform/source/s01/v4_engoff/m02020202/m02020202_q21_t0.py", line 7, in connect_mysql
    return pymysql.connect(
  File "/usr/local/lib/python3.8/dist-packages/pymysql/connections.py", line 358, in __init__
    self.connect()
  File "/usr/local/lib/python3.8/dist-packages/pymysql/connections.py", line 664, in connect
    self._request_authentication()
  File "/usr/local/lib/python3.8/dist-packages/pymysql/connections.py", line 976, in _request_authentication
    auth_packet = _auth.caching_sha2_password_auth(self, auth_packet)
  File "/usr/local/lib/python3.8/dist-packages/pymysql/_auth.py", line 240, in caching_sha2_password_auth
    pkt = conn._read_packet()
  File "/usr/local/lib/python3.8/dist-packages/pymysql/connections.py", line 772, in _read_packet
    packet.raise_for_error()
  File "/usr/local/lib/python3.8/dist-packages/pymysql/protocol.py", line 221, in raise_for_error
    err.raise_mysql_exception(self._data)
  File "/usr/local/lib/python3.8/dist-packages/pymysql/err.py", line 143, in raise_mysql_exception
    raise errorclass(errno, errval)
pymysql.err.OperationalError: (1049, "Unknown database 'tpch'")

During handling of the above exception, another exception occurred:

Traceback (most recent call last):
  File "/platform/source/s01/v4_engoff/m02020202/m02020202_q21_t0.py", line 78, in <module>
    main()
  File "/platform/source/s01/v4_engoff/m02020202/m02020202_q21_t0.py", line 51, in main
    orders_df = get_mysql_data()
  File "/platform/source/s01/v4_engoff/m02020202/m02020202_q21_t0.py", line 39, in get_mysql_data
    conn.close()
UnboundLocalError: local variable 'conn' referenced before assignment
Score.fail_execute
python /dbknitter/dbknitter/grader.py /platform/source/s01/v4_engoff/m02020202/m02020202_q22_t0.py /platform/output/s01/v4_engoff/m02020202/m02020202_q22_t0.csv /platform/expected/s01/q22.csv
Traceback (most recent call last):
  File "/platform/source/s01/v4_engoff/m02020202/m02020202_q22_t0.py", line 9, in <module>
    mysql_conn = pymysql.connect(
  File "/usr/local/lib/python3.8/dist-packages/pymysql/connections.py", line 358, in __init__
    self.connect()
  File "/usr/local/lib/python3.8/dist-packages/pymysql/connections.py", line 664, in connect
    self._request_authentication()
  File "/usr/local/lib/python3.8/dist-packages/pymysql/connections.py", line 976, in _request_authentication
    auth_packet = _auth.caching_sha2_password_auth(self, auth_packet)
  File "/usr/local/lib/python3.8/dist-packages/pymysql/_auth.py", line 240, in caching_sha2_password_auth
    pkt = conn._read_packet()
  File "/usr/local/lib/python3.8/dist-packages/pymysql/connections.py", line 772, in _read_packet
    packet.raise_for_error()
  File "/usr/local/lib/python3.8/dist-packages/pymysql/protocol.py", line 221, in raise_for_error
    err.raise_mysql_exception(self._data)
  File "/usr/local/lib/python3.8/dist-packages/pymysql/err.py", line 143, in raise_mysql_exception
    raise errorclass(errno, errval)
pymysql.err.OperationalError: (1049, "Unknown database 'tpch'")
Score.fail_execute
python /dbknitter/dbknitter/grader.py /platform/source/s01/v4_engoff/m02020202/m02020202_q2_t0.py /platform/output/s01/v4_engoff/m02020202/m02020202_q2_t0.csv /platform/expected/s01/q2.csv
Traceback (most recent call last):
  File "/platform/source/s01/v4_engoff/m02020202/m02020202_q2_t0.py", line 7, in <module>
    mysql_conn = pymysql.connect(
  File "/usr/local/lib/python3.8/dist-packages/pymysql/connections.py", line 358, in __init__
    self.connect()
  File "/usr/local/lib/python3.8/dist-packages/pymysql/connections.py", line 664, in connect
    self._request_authentication()
  File "/usr/local/lib/python3.8/dist-packages/pymysql/connections.py", line 976, in _request_authentication
    auth_packet = _auth.caching_sha2_password_auth(self, auth_packet)
  File "/usr/local/lib/python3.8/dist-packages/pymysql/_auth.py", line 240, in caching_sha2_password_auth
    pkt = conn._read_packet()
  File "/usr/local/lib/python3.8/dist-packages/pymysql/connections.py", line 772, in _read_packet
    packet.raise_for_error()
  File "/usr/local/lib/python3.8/dist-packages/pymysql/protocol.py", line 221, in raise_for_error
    err.raise_mysql_exception(self._data)
  File "/usr/local/lib/python3.8/dist-packages/pymysql/err.py", line 143, in raise_mysql_exception
    raise errorclass(errno, errval)
pymysql.err.OperationalError: (1049, "Unknown database 'tpch'")
Score.fail_execute
python /dbknitter/dbknitter/grader.py /platform/source/s01/v4_engoff/m02020202/m02020202_q3_t0.py /platform/output/s01/v4_engoff/m02020202/m02020202_q3_t0.csv /platform/expected/s01/q3.csv
Traceback (most recent call last):
  File "/platform/source/s01/v4_engoff/m02020202/m02020202_q3_t0.py", line 7, in <module>
    mysql_connection = pymysql.connect(host='mysql', user='root', password='my-secret-pw', db='tpch')
  File "/usr/local/lib/python3.8/dist-packages/pymysql/connections.py", line 358, in __init__
    self.connect()
  File "/usr/local/lib/python3.8/dist-packages/pymysql/connections.py", line 664, in connect
    self._request_authentication()
  File "/usr/local/lib/python3.8/dist-packages/pymysql/connections.py", line 976, in _request_authentication
    auth_packet = _auth.caching_sha2_password_auth(self, auth_packet)
  File "/usr/local/lib/python3.8/dist-packages/pymysql/_auth.py", line 240, in caching_sha2_password_auth
    pkt = conn._read_packet()
  File "/usr/local/lib/python3.8/dist-packages/pymysql/connections.py", line 772, in _read_packet
    packet.raise_for_error()
  File "/usr/local/lib/python3.8/dist-packages/pymysql/protocol.py", line 221, in raise_for_error
    err.raise_mysql_exception(self._data)
  File "/usr/local/lib/python3.8/dist-packages/pymysql/err.py", line 143, in raise_mysql_exception
    raise errorclass(errno, errval)
pymysql.err.OperationalError: (1049, "Unknown database 'tpch'")
Score.fail_execute
python /dbknitter/dbknitter/grader.py /platform/source/s01/v4_engoff/m02020202/m02020202_q4_t0.py /platform/output/s01/v4_engoff/m02020202/m02020202_q4_t0.csv /platform/expected/s01/q4.csv
Traceback (most recent call last):
  File "/platform/source/s01/v4_engoff/m02020202/m02020202_q4_t0.py", line 6, in <module>
    mysql_conn = pymysql.connect(
  File "/usr/local/lib/python3.8/dist-packages/pymysql/connections.py", line 358, in __init__
    self.connect()
  File "/usr/local/lib/python3.8/dist-packages/pymysql/connections.py", line 664, in connect
    self._request_authentication()
  File "/usr/local/lib/python3.8/dist-packages/pymysql/connections.py", line 976, in _request_authentication
    auth_packet = _auth.caching_sha2_password_auth(self, auth_packet)
  File "/usr/local/lib/python3.8/dist-packages/pymysql/_auth.py", line 240, in caching_sha2_password_auth
    pkt = conn._read_packet()
  File "/usr/local/lib/python3.8/dist-packages/pymysql/connections.py", line 772, in _read_packet
    packet.raise_for_error()
  File "/usr/local/lib/python3.8/dist-packages/pymysql/protocol.py", line 221, in raise_for_error
    err.raise_mysql_exception(self._data)
  File "/usr/local/lib/python3.8/dist-packages/pymysql/err.py", line 143, in raise_mysql_exception
    raise errorclass(errno, errval)
pymysql.err.OperationalError: (1049, "Unknown database 'tpch'")
Score.fail_execute
python /dbknitter/dbknitter/grader.py /platform/source/s01/v4_engoff/m02020202/m02020202_q5_t0.py /platform/output/s01/v4_engoff/m02020202/m02020202_q5_t0.csv /platform/expected/s01/q5.csv
Traceback (most recent call last):
  File "/platform/source/s01/v4_engoff/m02020202/m02020202_q5_t0.py", line 6, in <module>
    mysql_conn = pymysql.connect(host='mysql',
  File "/usr/local/lib/python3.8/dist-packages/pymysql/connections.py", line 358, in __init__
    self.connect()
  File "/usr/local/lib/python3.8/dist-packages/pymysql/connections.py", line 664, in connect
    self._request_authentication()
  File "/usr/local/lib/python3.8/dist-packages/pymysql/connections.py", line 976, in _request_authentication
    auth_packet = _auth.caching_sha2_password_auth(self, auth_packet)
  File "/usr/local/lib/python3.8/dist-packages/pymysql/_auth.py", line 240, in caching_sha2_password_auth
    pkt = conn._read_packet()
  File "/usr/local/lib/python3.8/dist-packages/pymysql/connections.py", line 772, in _read_packet
    packet.raise_for_error()
  File "/usr/local/lib/python3.8/dist-packages/pymysql/protocol.py", line 221, in raise_for_error
    err.raise_mysql_exception(self._data)
  File "/usr/local/lib/python3.8/dist-packages/pymysql/err.py", line 143, in raise_mysql_exception
    raise errorclass(errno, errval)
pymysql.err.OperationalError: (1049, "Unknown database 'tpch'")
Score.fail_execute
python /dbknitter/dbknitter/grader.py /platform/source/s01/v4_engoff/m02020202/m02020202_q6_t0.py /platform/output/s01/v4_engoff/m02020202/m02020202_q6_t0.csv /platform/expected/s01/q6.csv
/platform/source/s01/v4_engoff/m02020202/m02020202_q6_t0.py:37: SettingWithCopyWarning: 
A value is trying to be set on a copy of a slice from a DataFrame.
Try using .loc[row_indexer,col_indexer] = value instead

See the caveats in the documentation: https://pandas.pydata.org/pandas-docs/stable/user_guide/indexing.html#returning-a-view-versus-a-copy
  filtered_df['revenue_increase'] = filtered_df['L_EXTENDEDPRICE'] * filtered_df['L_DISCOUNT']
>>> Expected ((1, 1))
        REVENUE
0  7.115407e+06

>>> Actual ((1, 1))
   total_revenue_increase
0            7.115407e+06

Head row similarity: 0.5365853658536586
Score.success_approx_manual
python /dbknitter/dbknitter/grader.py /platform/source/s01/v4_engoff/m02020202/m02020202_q7_t0.py /platform/output/s01/v4_engoff/m02020202/m02020202_q7_t0.csv /platform/expected/s01/q7.csv
Traceback (most recent call last):
  File "/platform/source/s01/v4_engoff/m02020202/m02020202_q7_t0.py", line 60, in <module>
    main()
  File "/platform/source/s01/v4_engoff/m02020202/m02020202_q7_t0.py", line 52, in main
    mysql_data = load_mysql_data()
  File "/platform/source/s01/v4_engoff/m02020202/m02020202_q7_t0.py", line 7, in load_mysql_data
    conn = pymysql.connect(host='mysql', user='root', password='my-secret-pw', database='tpch')
  File "/usr/local/lib/python3.8/dist-packages/pymysql/connections.py", line 358, in __init__
    self.connect()
  File "/usr/local/lib/python3.8/dist-packages/pymysql/connections.py", line 664, in connect
    self._request_authentication()
  File "/usr/local/lib/python3.8/dist-packages/pymysql/connections.py", line 976, in _request_authentication
    auth_packet = _auth.caching_sha2_password_auth(self, auth_packet)
  File "/usr/local/lib/python3.8/dist-packages/pymysql/_auth.py", line 240, in caching_sha2_password_auth
    pkt = conn._read_packet()
  File "/usr/local/lib/python3.8/dist-packages/pymysql/connections.py", line 772, in _read_packet
    packet.raise_for_error()
  File "/usr/local/lib/python3.8/dist-packages/pymysql/protocol.py", line 221, in raise_for_error
    err.raise_mysql_exception(self._data)
  File "/usr/local/lib/python3.8/dist-packages/pymysql/err.py", line 143, in raise_mysql_exception
    raise errorclass(errno, errval)
pymysql.err.OperationalError: (1049, "Unknown database 'tpch'")
Score.fail_execute
python /dbknitter/dbknitter/grader.py /platform/source/s01/v4_engoff/m02020202/m02020202_q8_t0.py /platform/output/s01/v4_engoff/m02020202/m02020202_q8_t0.csv /platform/expected/s01/q8.csv
Traceback (most recent call last):
  File "/platform/source/s01/v4_engoff/m02020202/m02020202_q8_t0.py", line 7, in <module>
    mysql_conn = pymysql.connect(
  File "/usr/local/lib/python3.8/dist-packages/pymysql/connections.py", line 358, in __init__
    self.connect()
  File "/usr/local/lib/python3.8/dist-packages/pymysql/connections.py", line 664, in connect
    self._request_authentication()
  File "/usr/local/lib/python3.8/dist-packages/pymysql/connections.py", line 976, in _request_authentication
    auth_packet = _auth.caching_sha2_password_auth(self, auth_packet)
  File "/usr/local/lib/python3.8/dist-packages/pymysql/_auth.py", line 240, in caching_sha2_password_auth
    pkt = conn._read_packet()
  File "/usr/local/lib/python3.8/dist-packages/pymysql/connections.py", line 772, in _read_packet
    packet.raise_for_error()
  File "/usr/local/lib/python3.8/dist-packages/pymysql/protocol.py", line 221, in raise_for_error
    err.raise_mysql_exception(self._data)
  File "/usr/local/lib/python3.8/dist-packages/pymysql/err.py", line 143, in raise_mysql_exception
    raise errorclass(errno, errval)
pymysql.err.OperationalError: (1049, "Unknown database 'tpch'")
Score.fail_execute
python /dbknitter/dbknitter/grader.py /platform/source/s01/v4_engoff/m02020202/m02020202_q9_t0.py /platform/output/s01/v4_engoff/m02020202/m02020202_q9_t0.csv /platform/expected/s01/q9.csv
Traceback (most recent call last):
  File "/platform/source/s01/v4_engoff/m02020202/m02020202_q9_t0.py", line 7, in <module>
    mysql_conn = pymysql.connect(
  File "/usr/local/lib/python3.8/dist-packages/pymysql/connections.py", line 358, in __init__
    self.connect()
  File "/usr/local/lib/python3.8/dist-packages/pymysql/connections.py", line 664, in connect
    self._request_authentication()
  File "/usr/local/lib/python3.8/dist-packages/pymysql/connections.py", line 976, in _request_authentication
    auth_packet = _auth.caching_sha2_password_auth(self, auth_packet)
  File "/usr/local/lib/python3.8/dist-packages/pymysql/_auth.py", line 240, in caching_sha2_password_auth
    pkt = conn._read_packet()
  File "/usr/local/lib/python3.8/dist-packages/pymysql/connections.py", line 772, in _read_packet
    packet.raise_for_error()
  File "/usr/local/lib/python3.8/dist-packages/pymysql/protocol.py", line 221, in raise_for_error
    err.raise_mysql_exception(self._data)
  File "/usr/local/lib/python3.8/dist-packages/pymysql/err.py", line 143, in raise_mysql_exception
    raise errorclass(errno, errval)
pymysql.err.OperationalError: (1049, "Unknown database 'tpch'")
Score.fail_execute
