Using MAPPING_STR=00002222, VERSION_DIR=v4_3.5
Running /platform/source/s01/v4_3.5/m00002222/m00002222_q10_t0.sh
0% [Working]            Hit:1 http://ports.ubuntu.com/ubuntu-ports focal InRelease
0% [Working]            Get:2 http://ports.ubuntu.com/ubuntu-ports focal-updates InRelease [114 kB]
0% [2 InRelease 1239 B/114 kB 1%]0% [2 InRelease 15.7 kB/114 kB 14%]                                   0% [Working]0% [Waiting for headers]                        Hit:3 http://ports.ubuntu.com/ubuntu-ports focal-backports InRelease
                        0% [Working]0% [Waiting for headers]                        Hit:4 http://ports.ubuntu.com/ubuntu-ports focal-security InRelease
                        0% [Working]100% [Working]              Fetched 114 kB in 1s (127 kB/s)
Reading package lists... 0%Reading package lists... 0%Reading package lists... 0%Reading package lists... 6%Reading package lists... 6%Reading package lists... 6%Reading package lists... 6%Reading package lists... 61%Reading package lists... 61%Reading package lists... 61%Reading package lists... 61%Reading package lists... 75%Reading package lists... 75%Reading package lists... 75%Reading package lists... 75%Reading package lists... 82%Reading package lists... 82%Reading package lists... 82%Reading package lists... 82%Reading package lists... 82%Reading package lists... 82%Reading package lists... 82%Reading package lists... 82%Reading package lists... 94%Reading package lists... 94%Reading package lists... 94%Reading package lists... 94%Reading package lists... 99%Reading package lists... 99%Reading package lists... 99%Reading package lists... 99%Reading package lists... Done
Reading package lists... 0%Reading package lists... 0%Reading package lists... 0%Reading package lists... 6%Reading package lists... 6%Reading package lists... 6%Reading package lists... 6%Reading package lists... 61%Reading package lists... 61%Reading package lists... 61%Reading package lists... 61%Reading package lists... 75%Reading package lists... 75%Reading package lists... 75%Reading package lists... 75%Reading package lists... 82%Reading package lists... 82%Reading package lists... 82%Reading package lists... 82%Reading package lists... 82%Reading package lists... 82%Reading package lists... 82%Reading package lists... 82%Reading package lists... 94%Reading package lists... 94%Reading package lists... 94%Reading package lists... 94%Reading package lists... 99%Reading package lists... 99%Reading package lists... 99%Reading package lists... 99%Reading package lists... Done
Building dependency tree... 0%Building dependency tree... 0%Building dependency tree... 50%Building dependency tree... 50%Building dependency tree       
Reading state information... 0%Reading state information... 0%Reading state information... Done
python3 is already the newest version (3.8.2-0ubuntu2).
python3 set to manually installed.
python3-pip is already the newest version (20.0.2-5ubuntu1.10).
0 upgraded, 0 newly installed, 0 to remove and 0 not upgraded.
Requirement already satisfied: pymysql in /usr/local/lib/python3.8/dist-packages (1.1.0)
Requirement already satisfied: pandas in /usr/local/lib/python3.8/dist-packages (2.0.3)
Requirement already satisfied: direct-redis in /usr/local/lib/python3.8/dist-packages (0.3.1)
Requirement already satisfied: numpy>=1.20.3; python_version < "3.10" in /usr/local/lib/python3.8/dist-packages (from pandas) (1.24.4)
Requirement already satisfied: tzdata>=2022.1 in /usr/local/lib/python3.8/dist-packages (from pandas) (2023.3)
Requirement already satisfied: pytz>=2020.1 in /usr/local/lib/python3.8/dist-packages (from pandas) (2023.3.post1)
Requirement already satisfied: python-dateutil>=2.8.2 in /usr/local/lib/python3.8/dist-packages (from pandas) (2.8.2)
Requirement already satisfied: redis==3.4.1 in /usr/local/lib/python3.8/dist-packages (from direct-redis) (3.4.1)
Requirement already satisfied: six>=1.5 in /usr/local/lib/python3.8/dist-packages (from python-dateutil>=2.8.2->pandas) (1.16.0)
Running /platform/source/s01/v4_3.5/m00002222/m00002222_q11_t0.sh
0% [Working]            Hit:1 http://ports.ubuntu.com/ubuntu-ports focal InRelease
0% [Working]0% [Waiting for headers]                        Hit:2 http://ports.ubuntu.com/ubuntu-ports focal-updates InRelease
                        0% [Working]0% [Waiting for headers]                        Hit:3 http://ports.ubuntu.com/ubuntu-ports focal-backports InRelease
                        0% [Working]0% [Waiting for headers]                        Hit:4 http://ports.ubuntu.com/ubuntu-ports focal-security InRelease
                        0% [Working]20% [Working]             Reading package lists... 0%Reading package lists... 0%Reading package lists... 0%Reading package lists... 6%Reading package lists... 6%Reading package lists... 6%Reading package lists... 6%Reading package lists... 61%Reading package lists... 61%Reading package lists... 61%Reading package lists... 61%Reading package lists... 75%Reading package lists... 75%Reading package lists... 75%Reading package lists... 75%Reading package lists... 82%Reading package lists... 82%Reading package lists... 82%Reading package lists... 82%Reading package lists... 82%Reading package lists... 82%Reading package lists... 82%Reading package lists... 82%Reading package lists... 94%Reading package lists... 94%Reading package lists... 94%Reading package lists... 94%Reading package lists... 99%Reading package lists... 99%Reading package lists... 99%Reading package lists... 99%Reading package lists... Done
Reading package lists... 0%Reading package lists... 0%Reading package lists... 0%Reading package lists... 6%Reading package lists... 6%Reading package lists... 6%Reading package lists... 6%Reading package lists... 61%Reading package lists... 61%Reading package lists... 61%Reading package lists... 61%Reading package lists... 75%Reading package lists... 75%Reading package lists... 75%Reading package lists... 75%Reading package lists... 82%Reading package lists... 82%Reading package lists... 82%Reading package lists... 82%Reading package lists... 82%Reading package lists... 82%Reading package lists... 82%Reading package lists... 82%Reading package lists... 94%Reading package lists... 94%Reading package lists... 94%Reading package lists... 94%Reading package lists... 99%Reading package lists... 99%Reading package lists... 99%Reading package lists... 99%Reading package lists... Done
Building dependency tree... 0%Building dependency tree... 0%Building dependency tree... 50%Building dependency tree... 50%Building dependency tree       
Reading state information... 0%Reading state information... 0%Reading state information... Done
python3-pip is already the newest version (20.0.2-5ubuntu1.10).
0 upgraded, 0 newly installed, 0 to remove and 0 not upgraded.
Requirement already satisfied: pymysql in /usr/local/lib/python3.8/dist-packages (1.1.0)
Requirement already satisfied: direct_redis in /usr/local/lib/python3.8/dist-packages (0.3.1)
Requirement already satisfied: pandas in /usr/local/lib/python3.8/dist-packages (2.0.3)
Requirement already satisfied: redis==3.4.1 in /usr/local/lib/python3.8/dist-packages (from direct_redis) (3.4.1)
Requirement already satisfied: pytz>=2020.1 in /usr/local/lib/python3.8/dist-packages (from pandas) (2023.3.post1)
Requirement already satisfied: numpy>=1.20.3; python_version < "3.10" in /usr/local/lib/python3.8/dist-packages (from pandas) (1.24.4)
Requirement already satisfied: python-dateutil>=2.8.2 in /usr/local/lib/python3.8/dist-packages (from pandas) (2.8.2)
Requirement already satisfied: tzdata>=2022.1 in /usr/local/lib/python3.8/dist-packages (from pandas) (2023.3)
Requirement already satisfied: six>=1.5 in /usr/local/lib/python3.8/dist-packages (from python-dateutil>=2.8.2->pandas) (1.16.0)
Running /platform/source/s01/v4_3.5/m00002222/m00002222_q12_t0.sh
Running /platform/source/s01/v4_3.5/m00002222/m00002222_q13_t0.sh
The virtual environment was not created successfully because ensurepip is not
available.  On Debian/Ubuntu systems, you need to install the python3-venv
package using the following command.

    apt install python3.8-venv

You may need to use sudo with that command.  After installing the python3-venv
package, recreate your virtual environment.

Failing command: ['/venv/bin/python3', '-Im', 'ensurepip', '--upgrade', '--default-pip']

/platform/source/s01/v4_3.5/m00002222/m00002222_q13_t0.sh: line 7: venv/bin/activate: No such file or directory
Collecting pip
  Downloading pip-23.3.1-py3-none-any.whl (2.1 MB)
[?25l[K     |â–                               | 10 kB 23.7 MB/s eta 0:00:01[K     |â–Ž                               | 20 kB 31.8 MB/s eta 0:00:01[K     |â–Œ                               | 30 kB 43.2 MB/s eta 0:00:01[K     |â–‹                               | 40 kB 5.3 MB/s eta 0:00:01[K     |â–Š                               | 51 kB 5.5 MB/s eta 0:00:01[K     |â–ˆ                               | 61 kB 6.6 MB/s eta 0:00:01[K     |â–ˆ                               | 71 kB 5.9 MB/s eta 0:00:01[K     |â–ˆâ–Ž                              | 81 kB 6.6 MB/s eta 0:00:01[K     |â–ˆâ–                              | 92 kB 7.4 MB/s eta 0:00:01[K     |â–ˆâ–Œ                              | 102 kB 7.6 MB/s eta 0:00:01[K     |â–ˆâ–Š                              | 112 kB 7.6 MB/s eta 0:00:01[K     |â–ˆâ–‰                              | 122 kB 7.6 MB/s eta 0:00:01[K     |â–ˆâ–ˆ                              | 133 kB 7.6 MB/s eta 0:00:01[K     |â–ˆâ–ˆâ–                             | 143 kB 7.6 MB/s eta 0:00:01[K     |â–ˆâ–ˆâ–Ž                             | 153 kB 7.6 MB/s eta 0:00:01[K     |â–ˆâ–ˆâ–Œ                             | 163 kB 7.6 MB/s eta 0:00:01[K     |â–ˆâ–ˆâ–‹                             | 174 kB 7.6 MB/s eta 0:00:01[K     |â–ˆâ–ˆâ–‰                             | 184 kB 7.6 MB/s eta 0:00:01[K     |â–ˆâ–ˆâ–ˆ                             | 194 kB 7.6 MB/s eta 0:00:01[K     |â–ˆâ–ˆâ–ˆ                             | 204 kB 7.6 MB/s eta 0:00:01[K     |â–ˆâ–ˆâ–ˆâ–Ž                            | 215 kB 7.6 MB/s eta 0:00:01[K     |â–ˆâ–ˆâ–ˆâ–                            | 225 kB 7.6 MB/s eta 0:00:01[K     |â–ˆâ–ˆâ–ˆâ–‹                            | 235 kB 7.6 MB/s eta 0:00:01[K     |â–ˆâ–ˆâ–ˆâ–Š                            | 245 kB 7.6 MB/s eta 0:00:01[K     |â–ˆâ–ˆâ–ˆâ–‰                            | 256 kB 7.6 MB/s eta 0:00:01[K     |â–ˆâ–ˆâ–ˆâ–ˆ                            | 266 kB 7.6 MB/s eta 0:00:01[K     |â–ˆâ–ˆâ–ˆâ–ˆâ–                           | 276 kB 7.6 MB/s eta 0:00:01[K     |â–ˆâ–ˆâ–ˆâ–ˆâ–                           | 286 kB 7.6 MB/s eta 0:00:01[K     |â–ˆâ–ˆâ–ˆâ–ˆâ–Œ                           | 296 kB 7.6 MB/s eta 0:00:01[K     |â–ˆâ–ˆâ–ˆâ–ˆâ–‹                           | 307 kB 7.6 MB/s eta 0:00:01[K     |â–ˆâ–ˆâ–ˆâ–ˆâ–‰                           | 317 kB 7.6 MB/s eta 0:00:01[K     |â–ˆâ–ˆâ–ˆâ–ˆâ–ˆ                           | 327 kB 7.6 MB/s eta 0:00:01[K     |â–ˆâ–ˆâ–ˆâ–ˆâ–ˆâ–                          | 337 kB 7.6 MB/s eta 0:00:01[K     |â–ˆâ–ˆâ–ˆâ–ˆâ–ˆâ–Ž                          | 348 kB 7.6 MB/s eta 0:00:01[K     |â–ˆâ–ˆâ–ˆâ–ˆâ–ˆâ–                          | 358 kB 7.6 MB/s eta 0:00:01[K     |â–ˆâ–ˆâ–ˆâ–ˆâ–ˆâ–‹                          | 368 kB 7.6 MB/s eta 0:00:01[K     |â–ˆâ–ˆâ–ˆâ–ˆâ–ˆâ–Š                          | 378 kB 7.6 MB/s eta 0:00:01[K     |â–ˆâ–ˆâ–ˆâ–ˆâ–ˆâ–ˆ                          | 389 kB 7.6 MB/s eta 0:00:01[K     |â–ˆâ–ˆâ–ˆâ–ˆâ–ˆâ–ˆ                          | 399 kB 7.6 MB/s eta 0:00:01[K     |â–ˆâ–ˆâ–ˆâ–ˆâ–ˆâ–ˆâ–                         | 409 kB 7.6 MB/s eta 0:00:01[K     |â–ˆâ–ˆâ–ˆâ–ˆâ–ˆâ–ˆâ–                         | 419 kB 7.6 MB/s eta 0:00:01[K     |â–ˆâ–ˆâ–ˆâ–ˆâ–ˆâ–ˆâ–Œ                         | 430 kB 7.6 MB/s eta 0:00:01[K     |â–ˆâ–ˆâ–ˆâ–ˆâ–ˆâ–ˆâ–Š                         | 440 kB 7.6 MB/s eta 0:00:01[K     |â–ˆâ–ˆâ–ˆâ–ˆâ–ˆâ–ˆâ–‰                         | 450 kB 7.6 MB/s eta 0:00:01[K     |â–ˆâ–ˆâ–ˆâ–ˆâ–ˆâ–ˆâ–ˆ                         | 460 kB 7.6 MB/s eta 0:00:01[K     |â–ˆâ–ˆâ–ˆâ–ˆâ–ˆâ–ˆâ–ˆâ–                        | 471 kB 7.6 MB/s eta 0:00:01[K     |â–ˆâ–ˆâ–ˆâ–ˆâ–ˆâ–ˆâ–ˆâ–Ž                        | 481 kB 7.6 MB/s eta 0:00:01[K     |â–ˆâ–ˆâ–ˆâ–ˆâ–ˆâ–ˆâ–ˆâ–Œ                        | 491 kB 7.6 MB/s eta 0:00:01[K     |â–ˆâ–ˆâ–ˆâ–ˆâ–ˆâ–ˆâ–ˆâ–‹                        | 501 kB 7.6 MB/s eta 0:00:01[K     |â–ˆâ–ˆâ–ˆâ–ˆâ–ˆâ–ˆâ–ˆâ–Š                        | 512 kB 7.6 MB/s eta 0:00:01[K     |â–ˆâ–ˆâ–ˆâ–ˆâ–ˆâ–ˆâ–ˆâ–ˆ                        | 522 kB 7.6 MB/s eta 0:00:01[K     |â–ˆâ–ˆâ–ˆâ–ˆâ–ˆâ–ˆâ–ˆâ–ˆ                        | 532 kB 7.6 MB/s eta 0:00:01[K     |â–ˆâ–ˆâ–ˆâ–ˆâ–ˆâ–ˆâ–ˆâ–ˆâ–Ž                       | 542 kB 7.6 MB/s eta 0:00:01[K     |â–ˆâ–ˆâ–ˆâ–ˆâ–ˆâ–ˆâ–ˆâ–ˆâ–                       | 552 kB 7.6 MB/s eta 0:00:01[K     |â–ˆâ–ˆâ–ˆâ–ˆâ–ˆâ–ˆâ–ˆâ–ˆâ–Œ                       | 563 kB 7.6 MB/s eta 0:00:01[K     |â–ˆâ–ˆâ–ˆâ–ˆâ–ˆâ–ˆâ–ˆâ–ˆâ–Š                       | 573 kB 7.6 MB/s eta 0:00:01[K     |â–ˆâ–ˆâ–ˆâ–ˆâ–ˆâ–ˆâ–ˆâ–ˆâ–‰                       | 583 kB 7.6 MB/s eta 0:00:01[K     |â–ˆâ–ˆâ–ˆâ–ˆâ–ˆâ–ˆâ–ˆâ–ˆâ–ˆ                       | 593 kB 7.6 MB/s eta 0:00:01[K     |â–ˆâ–ˆâ–ˆâ–ˆâ–ˆâ–ˆâ–ˆâ–ˆâ–ˆâ–                      | 604 kB 7.6 MB/s eta 0:00:01[K     |â–ˆâ–ˆâ–ˆâ–ˆâ–ˆâ–ˆâ–ˆâ–ˆâ–ˆâ–Ž                      | 614 kB 7.6 MB/s eta 0:00:01[K     |â–ˆâ–ˆâ–ˆâ–ˆâ–ˆâ–ˆâ–ˆâ–ˆâ–ˆâ–Œ                      | 624 kB 7.6 MB/s eta 0:00:01[K     |â–ˆâ–ˆâ–ˆâ–ˆâ–ˆâ–ˆâ–ˆâ–ˆâ–ˆâ–‹                      | 634 kB 7.6 MB/s eta 0:00:01[K     |â–ˆâ–ˆâ–ˆâ–ˆâ–ˆâ–ˆâ–ˆâ–ˆâ–ˆâ–‰                      | 645 kB 7.6 MB/s eta 0:00:01[K     |â–ˆâ–ˆâ–ˆâ–ˆâ–ˆâ–ˆâ–ˆâ–ˆâ–ˆâ–ˆ                      | 655 kB 7.6 MB/s eta 0:00:01[K     |â–ˆâ–ˆâ–ˆâ–ˆâ–ˆâ–ˆâ–ˆâ–ˆâ–ˆâ–ˆ                      | 665 kB 7.6 MB/s eta 0:00:01[K     |â–ˆâ–ˆâ–ˆâ–ˆâ–ˆâ–ˆâ–ˆâ–ˆâ–ˆâ–ˆâ–Ž                     | 675 kB 7.6 MB/s eta 0:00:01[K     |â–ˆâ–ˆâ–ˆâ–ˆâ–ˆâ–ˆâ–ˆâ–ˆâ–ˆâ–ˆâ–                     | 686 kB 7.6 MB/s eta 0:00:01[K     |â–ˆâ–ˆâ–ˆâ–ˆâ–ˆâ–ˆâ–ˆâ–ˆâ–ˆâ–ˆâ–‹                     | 696 kB 7.6 MB/s eta 0:00:01[K     |â–ˆâ–ˆâ–ˆâ–ˆâ–ˆâ–ˆâ–ˆâ–ˆâ–ˆâ–ˆâ–Š                     | 706 kB 7.6 MB/s eta 0:00:01[K     |â–ˆâ–ˆâ–ˆâ–ˆâ–ˆâ–ˆâ–ˆâ–ˆâ–ˆâ–ˆâ–‰                     | 716 kB 7.6 MB/s eta 0:00:01[K     |â–ˆâ–ˆâ–ˆâ–ˆâ–ˆâ–ˆâ–ˆâ–ˆâ–ˆâ–ˆâ–ˆ                     | 727 kB 7.6 MB/s eta 0:00:01[K     |â–ˆâ–ˆâ–ˆâ–ˆâ–ˆâ–ˆâ–ˆâ–ˆâ–ˆâ–ˆâ–ˆâ–                    | 737 kB 7.6 MB/s eta 0:00:01[K     |â–ˆâ–ˆâ–ˆâ–ˆâ–ˆâ–ˆâ–ˆâ–ˆâ–ˆâ–ˆâ–ˆâ–                    | 747 kB 7.6 MB/s eta 0:00:01[K     |â–ˆâ–ˆâ–ˆâ–ˆâ–ˆâ–ˆâ–ˆâ–ˆâ–ˆâ–ˆâ–ˆâ–Œ                    | 757 kB 7.6 MB/s eta 0:00:01[K     |â–ˆâ–ˆâ–ˆâ–ˆâ–ˆâ–ˆâ–ˆâ–ˆâ–ˆâ–ˆâ–ˆâ–‹                    | 768 kB 7.6 MB/s eta 0:00:01[K     |â–ˆâ–ˆâ–ˆâ–ˆâ–ˆâ–ˆâ–ˆâ–ˆâ–ˆâ–ˆâ–ˆâ–‰                    | 778 kB 7.6 MB/s eta 0:00:01[K     |â–ˆâ–ˆâ–ˆâ–ˆâ–ˆâ–ˆâ–ˆâ–ˆâ–ˆâ–ˆâ–ˆâ–ˆ                    | 788 kB 7.6 MB/s eta 0:00:01[K     |â–ˆâ–ˆâ–ˆâ–ˆâ–ˆâ–ˆâ–ˆâ–ˆâ–ˆâ–ˆâ–ˆâ–ˆâ–                   | 798 kB 7.6 MB/s eta 0:00:01[K     |â–ˆâ–ˆâ–ˆâ–ˆâ–ˆâ–ˆâ–ˆâ–ˆâ–ˆâ–ˆâ–ˆâ–ˆâ–Ž                   | 808 kB 7.6 MB/s eta 0:00:01[K     |â–ˆâ–ˆâ–ˆâ–ˆâ–ˆâ–ˆâ–ˆâ–ˆâ–ˆâ–ˆâ–ˆâ–ˆâ–                   | 819 kB 7.6 MB/s eta 0:00:01[K     |â–ˆâ–ˆâ–ˆâ–ˆâ–ˆâ–ˆâ–ˆâ–ˆâ–ˆâ–ˆâ–ˆâ–ˆâ–‹                   | 829 kB 7.6 MB/s eta 0:00:01[K     |â–ˆâ–ˆâ–ˆâ–ˆâ–ˆâ–ˆâ–ˆâ–ˆâ–ˆâ–ˆâ–ˆâ–ˆâ–Š                   | 839 kB 7.6 MB/s eta 0:00:01[K     |â–ˆâ–ˆâ–ˆâ–ˆâ–ˆâ–ˆâ–ˆâ–ˆâ–ˆâ–ˆâ–ˆâ–ˆâ–ˆ                   | 849 kB 7.6 MB/s eta 0:00:01[K     |â–ˆâ–ˆâ–ˆâ–ˆâ–ˆâ–ˆâ–ˆâ–ˆâ–ˆâ–ˆâ–ˆâ–ˆâ–ˆ                   | 860 kB 7.6 MB/s eta 0:00:01[K     |â–ˆâ–ˆâ–ˆâ–ˆâ–ˆâ–ˆâ–ˆâ–ˆâ–ˆâ–ˆâ–ˆâ–ˆâ–ˆâ–                  | 870 kB 7.6 MB/s eta 0:00:01[K     |â–ˆâ–ˆâ–ˆâ–ˆâ–ˆâ–ˆâ–ˆâ–ˆâ–ˆâ–ˆâ–ˆâ–ˆâ–ˆâ–                  | 880 kB 7.6 MB/s eta 0:00:01[K     |â–ˆâ–ˆâ–ˆâ–ˆâ–ˆâ–ˆâ–ˆâ–ˆâ–ˆâ–ˆâ–ˆâ–ˆâ–ˆâ–Œ                  | 890 kB 7.6 MB/s eta 0:00:01[K     |â–ˆâ–ˆâ–ˆâ–ˆâ–ˆâ–ˆâ–ˆâ–ˆâ–ˆâ–ˆâ–ˆâ–ˆâ–ˆâ–Š                  | 901 kB 7.6 MB/s eta 0:00:01[K     |â–ˆâ–ˆâ–ˆâ–ˆâ–ˆâ–ˆâ–ˆâ–ˆâ–ˆâ–ˆâ–ˆâ–ˆâ–ˆâ–‰                  | 911 kB 7.6 MB/s eta 0:00:01[K     |â–ˆâ–ˆâ–ˆâ–ˆâ–ˆâ–ˆâ–ˆâ–ˆâ–ˆâ–ˆâ–ˆâ–ˆâ–ˆâ–ˆ                  | 921 kB 7.6 MB/s eta 0:00:01[K     |â–ˆâ–ˆâ–ˆâ–ˆâ–ˆâ–ˆâ–ˆâ–ˆâ–ˆâ–ˆâ–ˆâ–ˆâ–ˆâ–ˆâ–                 | 931 kB 7.6 MB/s eta 0:00:01[K     |â–ˆâ–ˆâ–ˆâ–ˆâ–ˆâ–ˆâ–ˆâ–ˆâ–ˆâ–ˆâ–ˆâ–ˆâ–ˆâ–ˆâ–Ž                 | 942 kB 7.6 MB/s eta 0:00:01[K     |â–ˆâ–ˆâ–ˆâ–ˆâ–ˆâ–ˆâ–ˆâ–ˆâ–ˆâ–ˆâ–ˆâ–ˆâ–ˆâ–ˆâ–Œ                 | 952 kB 7.6 MB/s eta 0:00:01[K     |â–ˆâ–ˆâ–ˆâ–ˆâ–ˆâ–ˆâ–ˆâ–ˆâ–ˆâ–ˆâ–ˆâ–ˆâ–ˆâ–ˆâ–‹                 | 962 kB 7.6 MB/s eta 0:00:01[K     |â–ˆâ–ˆâ–ˆâ–ˆâ–ˆâ–ˆâ–ˆâ–ˆâ–ˆâ–ˆâ–ˆâ–ˆâ–ˆâ–ˆâ–Š                 | 972 kB 7.6 MB/s eta 0:00:01[K     |â–ˆâ–ˆâ–ˆâ–ˆâ–ˆâ–ˆâ–ˆâ–ˆâ–ˆâ–ˆâ–ˆâ–ˆâ–ˆâ–ˆâ–ˆ                 | 983 kB 7.6 MB/s eta 0:00:01[K     |â–ˆâ–ˆâ–ˆâ–ˆâ–ˆâ–ˆâ–ˆâ–ˆâ–ˆâ–ˆâ–ˆâ–ˆâ–ˆâ–ˆâ–ˆ                 | 993 kB 7.6 MB/s eta 0:00:01[K     |â–ˆâ–ˆâ–ˆâ–ˆâ–ˆâ–ˆâ–ˆâ–ˆâ–ˆâ–ˆâ–ˆâ–ˆâ–ˆâ–ˆâ–ˆâ–Ž                | 1.0 MB 7.6 MB/s eta 0:00:01[K     |â–ˆâ–ˆâ–ˆâ–ˆâ–ˆâ–ˆâ–ˆâ–ˆâ–ˆâ–ˆâ–ˆâ–ˆâ–ˆâ–ˆâ–ˆâ–                | 1.0 MB 7.6 MB/s eta 0:00:01[K     |â–ˆâ–ˆâ–ˆâ–ˆâ–ˆâ–ˆâ–ˆâ–ˆâ–ˆâ–ˆâ–ˆâ–ˆâ–ˆâ–ˆâ–ˆâ–Œ                | 1.0 MB 7.6 MB/s eta 0:00:01[K     |â–ˆâ–ˆâ–ˆâ–ˆâ–ˆâ–ˆâ–ˆâ–ˆâ–ˆâ–ˆâ–ˆâ–ˆâ–ˆâ–ˆâ–ˆâ–Š                | 1.0 MB 7.6 MB/s eta 0:00:01[K     |â–ˆâ–ˆâ–ˆâ–ˆâ–ˆâ–ˆâ–ˆâ–ˆâ–ˆâ–ˆâ–ˆâ–ˆâ–ˆâ–ˆâ–ˆâ–‰                | 1.0 MB 7.6 MB/s eta 0:00:01[K     |â–ˆâ–ˆâ–ˆâ–ˆâ–ˆâ–ˆâ–ˆâ–ˆâ–ˆâ–ˆâ–ˆâ–ˆâ–ˆâ–ˆâ–ˆâ–ˆ                | 1.1 MB 7.6 MB/s eta 0:00:01[K     |â–ˆâ–ˆâ–ˆâ–ˆâ–ˆâ–ˆâ–ˆâ–ˆâ–ˆâ–ˆâ–ˆâ–ˆâ–ˆâ–ˆâ–ˆâ–ˆâ–               | 1.1 MB 7.6 MB/s eta 0:00:01[K     |â–ˆâ–ˆâ–ˆâ–ˆâ–ˆâ–ˆâ–ˆâ–ˆâ–ˆâ–ˆâ–ˆâ–ˆâ–ˆâ–ˆâ–ˆâ–ˆâ–Ž               | 1.1 MB 7.6 MB/s eta 0:00:01[K     |â–ˆâ–ˆâ–ˆâ–ˆâ–ˆâ–ˆâ–ˆâ–ˆâ–ˆâ–ˆâ–ˆâ–ˆâ–ˆâ–ˆâ–ˆâ–ˆâ–Œ               | 1.1 MB 7.6 MB/s eta 0:00:01[K     |â–ˆâ–ˆâ–ˆâ–ˆâ–ˆâ–ˆâ–ˆâ–ˆâ–ˆâ–ˆâ–ˆâ–ˆâ–ˆâ–ˆâ–ˆâ–ˆâ–‹               | 1.1 MB 7.6 MB/s eta 0:00:01[K     |â–ˆâ–ˆâ–ˆâ–ˆâ–ˆâ–ˆâ–ˆâ–ˆâ–ˆâ–ˆâ–ˆâ–ˆâ–ˆâ–ˆâ–ˆâ–ˆâ–‰               | 1.1 MB 7.6 MB/s eta 0:00:01[K     |â–ˆâ–ˆâ–ˆâ–ˆâ–ˆâ–ˆâ–ˆâ–ˆâ–ˆâ–ˆâ–ˆâ–ˆâ–ˆâ–ˆâ–ˆâ–ˆâ–ˆ               | 1.1 MB 7.6 MB/s eta 0:00:01[K     |â–ˆâ–ˆâ–ˆâ–ˆâ–ˆâ–ˆâ–ˆâ–ˆâ–ˆâ–ˆâ–ˆâ–ˆâ–ˆâ–ˆâ–ˆâ–ˆâ–ˆ               | 1.1 MB 7.6 MB/s eta 0:00:01[K     |â–ˆâ–ˆâ–ˆâ–ˆâ–ˆâ–ˆâ–ˆâ–ˆâ–ˆâ–ˆâ–ˆâ–ˆâ–ˆâ–ˆâ–ˆâ–ˆâ–ˆâ–Ž              | 1.1 MB 7.6 MB/s eta 0:00:01[K     |â–ˆâ–ˆâ–ˆâ–ˆâ–ˆâ–ˆâ–ˆâ–ˆâ–ˆâ–ˆâ–ˆâ–ˆâ–ˆâ–ˆâ–ˆâ–ˆâ–ˆâ–              | 1.1 MB 7.6 MB/s eta 0:00:01[K     |â–ˆâ–ˆâ–ˆâ–ˆâ–ˆâ–ˆâ–ˆâ–ˆâ–ˆâ–ˆâ–ˆâ–ˆâ–ˆâ–ˆâ–ˆâ–ˆâ–ˆâ–‹              | 1.2 MB 7.6 MB/s eta 0:00:01[K     |â–ˆâ–ˆâ–ˆâ–ˆâ–ˆâ–ˆâ–ˆâ–ˆâ–ˆâ–ˆâ–ˆâ–ˆâ–ˆâ–ˆâ–ˆâ–ˆâ–ˆâ–Š              | 1.2 MB 7.6 MB/s eta 0:00:01[K     |â–ˆâ–ˆâ–ˆâ–ˆâ–ˆâ–ˆâ–ˆâ–ˆâ–ˆâ–ˆâ–ˆâ–ˆâ–ˆâ–ˆâ–ˆâ–ˆâ–ˆâ–‰              | 1.2 MB 7.6 MB/s eta 0:00:01[K     |â–ˆâ–ˆâ–ˆâ–ˆâ–ˆâ–ˆâ–ˆâ–ˆâ–ˆâ–ˆâ–ˆâ–ˆâ–ˆâ–ˆâ–ˆâ–ˆâ–ˆâ–ˆ              | 1.2 MB 7.6 MB/s eta 0:00:01[K     |â–ˆâ–ˆâ–ˆâ–ˆâ–ˆâ–ˆâ–ˆâ–ˆâ–ˆâ–ˆâ–ˆâ–ˆâ–ˆâ–ˆâ–ˆâ–ˆâ–ˆâ–ˆâ–             | 1.2 MB 7.6 MB/s eta 0:00:01[K     |â–ˆâ–ˆâ–ˆâ–ˆâ–ˆâ–ˆâ–ˆâ–ˆâ–ˆâ–ˆâ–ˆâ–ˆâ–ˆâ–ˆâ–ˆâ–ˆâ–ˆâ–ˆâ–             | 1.2 MB 7.6 MB/s eta 0:00:01[K     |â–ˆâ–ˆâ–ˆâ–ˆâ–ˆâ–ˆâ–ˆâ–ˆâ–ˆâ–ˆâ–ˆâ–ˆâ–ˆâ–ˆâ–ˆâ–ˆâ–ˆâ–ˆâ–Œ             | 1.2 MB 7.6 MB/s eta 0:00:01[K     |â–ˆâ–ˆâ–ˆâ–ˆâ–ˆâ–ˆâ–ˆâ–ˆâ–ˆâ–ˆâ–ˆâ–ˆâ–ˆâ–ˆâ–ˆâ–ˆâ–ˆâ–ˆâ–‹             | 1.2 MB 7.6 MB/s eta 0:00:01[K     |â–ˆâ–ˆâ–ˆâ–ˆâ–ˆâ–ˆâ–ˆâ–ˆâ–ˆâ–ˆâ–ˆâ–ˆâ–ˆâ–ˆâ–ˆâ–ˆâ–ˆâ–ˆâ–‰             | 1.2 MB 7.6 MB/s eta 0:00:01[K     |â–ˆâ–ˆâ–ˆâ–ˆâ–ˆâ–ˆâ–ˆâ–ˆâ–ˆâ–ˆâ–ˆâ–ˆâ–ˆâ–ˆâ–ˆâ–ˆâ–ˆâ–ˆâ–ˆ             | 1.2 MB 7.6 MB/s eta 0:00:01[K     |â–ˆâ–ˆâ–ˆâ–ˆâ–ˆâ–ˆâ–ˆâ–ˆâ–ˆâ–ˆâ–ˆâ–ˆâ–ˆâ–ˆâ–ˆâ–ˆâ–ˆâ–ˆâ–ˆâ–            | 1.3 MB 7.6 MB/s eta 0:00:01[K     |â–ˆâ–ˆâ–ˆâ–ˆâ–ˆâ–ˆâ–ˆâ–ˆâ–ˆâ–ˆâ–ˆâ–ˆâ–ˆâ–ˆâ–ˆâ–ˆâ–ˆâ–ˆâ–ˆâ–Ž            | 1.3 MB 7.6 MB/s eta 0:00:01[K     |â–ˆâ–ˆâ–ˆâ–ˆâ–ˆâ–ˆâ–ˆâ–ˆâ–ˆâ–ˆâ–ˆâ–ˆâ–ˆâ–ˆâ–ˆâ–ˆâ–ˆâ–ˆâ–ˆâ–            | 1.3 MB 7.6 MB/s eta 0:00:01[K     |â–ˆâ–ˆâ–ˆâ–ˆâ–ˆâ–ˆâ–ˆâ–ˆâ–ˆâ–ˆâ–ˆâ–ˆâ–ˆâ–ˆâ–ˆâ–ˆâ–ˆâ–ˆâ–ˆâ–‹            | 1.3 MB 7.6 MB/s eta 0:00:01[K     |â–ˆâ–ˆâ–ˆâ–ˆâ–ˆâ–ˆâ–ˆâ–ˆâ–ˆâ–ˆâ–ˆâ–ˆâ–ˆâ–ˆâ–ˆâ–ˆâ–ˆâ–ˆâ–ˆâ–Š            | 1.3 MB 7.6 MB/s eta 0:00:01[K     |â–ˆâ–ˆâ–ˆâ–ˆâ–ˆâ–ˆâ–ˆâ–ˆâ–ˆâ–ˆâ–ˆâ–ˆâ–ˆâ–ˆâ–ˆâ–ˆâ–ˆâ–ˆâ–ˆâ–ˆ            | 1.3 MB 7.6 MB/s eta 0:00:01[K     |â–ˆâ–ˆâ–ˆâ–ˆâ–ˆâ–ˆâ–ˆâ–ˆâ–ˆâ–ˆâ–ˆâ–ˆâ–ˆâ–ˆâ–ˆâ–ˆâ–ˆâ–ˆâ–ˆâ–ˆ            | 1.3 MB 7.6 MB/s eta 0:00:01[K     |â–ˆâ–ˆâ–ˆâ–ˆâ–ˆâ–ˆâ–ˆâ–ˆâ–ˆâ–ˆâ–ˆâ–ˆâ–ˆâ–ˆâ–ˆâ–ˆâ–ˆâ–ˆâ–ˆâ–ˆâ–           | 1.3 MB 7.6 MB/s eta 0:00:01[K     |â–ˆâ–ˆâ–ˆâ–ˆâ–ˆâ–ˆâ–ˆâ–ˆâ–ˆâ–ˆâ–ˆâ–ˆâ–ˆâ–ˆâ–ˆâ–ˆâ–ˆâ–ˆâ–ˆâ–ˆâ–           | 1.3 MB 7.6 MB/s eta 0:00:01[K     |â–ˆâ–ˆâ–ˆâ–ˆâ–ˆâ–ˆâ–ˆâ–ˆâ–ˆâ–ˆâ–ˆâ–ˆâ–ˆâ–ˆâ–ˆâ–ˆâ–ˆâ–ˆâ–ˆâ–ˆâ–Œ           | 1.4 MB 7.6 MB/s eta 0:00:01[K     |â–ˆâ–ˆâ–ˆâ–ˆâ–ˆâ–ˆâ–ˆâ–ˆâ–ˆâ–ˆâ–ˆâ–ˆâ–ˆâ–ˆâ–ˆâ–ˆâ–ˆâ–ˆâ–ˆâ–ˆâ–Š           | 1.4 MB 7.6 MB/s eta 0:00:01[K     |â–ˆâ–ˆâ–ˆâ–ˆâ–ˆâ–ˆâ–ˆâ–ˆâ–ˆâ–ˆâ–ˆâ–ˆâ–ˆâ–ˆâ–ˆâ–ˆâ–ˆâ–ˆâ–ˆâ–ˆâ–‰           | 1.4 MB 7.6 MB/s eta 0:00:01[K     |â–ˆâ–ˆâ–ˆâ–ˆâ–ˆâ–ˆâ–ˆâ–ˆâ–ˆâ–ˆâ–ˆâ–ˆâ–ˆâ–ˆâ–ˆâ–ˆâ–ˆâ–ˆâ–ˆâ–ˆâ–ˆ           | 1.4 MB 7.6 MB/s eta 0:00:01[K     |â–ˆâ–ˆâ–ˆâ–ˆâ–ˆâ–ˆâ–ˆâ–ˆâ–ˆâ–ˆâ–ˆâ–ˆâ–ˆâ–ˆâ–ˆâ–ˆâ–ˆâ–ˆâ–ˆâ–ˆâ–ˆâ–          | 1.4 MB 7.6 MB/s eta 0:00:01[K     |â–ˆâ–ˆâ–ˆâ–ˆâ–ˆâ–ˆâ–ˆâ–ˆâ–ˆâ–ˆâ–ˆâ–ˆâ–ˆâ–ˆâ–ˆâ–ˆâ–ˆâ–ˆâ–ˆâ–ˆâ–ˆâ–Ž          | 1.4 MB 7.6 MB/s eta 0:00:01[K     |â–ˆâ–ˆâ–ˆâ–ˆâ–ˆâ–ˆâ–ˆâ–ˆâ–ˆâ–ˆâ–ˆâ–ˆâ–ˆâ–ˆâ–ˆâ–ˆâ–ˆâ–ˆâ–ˆâ–ˆâ–ˆâ–Œ          | 1.4 MB 7.6 MB/s eta 0:00:01[K     |â–ˆâ–ˆâ–ˆâ–ˆâ–ˆâ–ˆâ–ˆâ–ˆâ–ˆâ–ˆâ–ˆâ–ˆâ–ˆâ–ˆâ–ˆâ–ˆâ–ˆâ–ˆâ–ˆâ–ˆâ–ˆâ–‹          | 1.4 MB 7.6 MB/s eta 0:00:01[K     |â–ˆâ–ˆâ–ˆâ–ˆâ–ˆâ–ˆâ–ˆâ–ˆâ–ˆâ–ˆâ–ˆâ–ˆâ–ˆâ–ˆâ–ˆâ–ˆâ–ˆâ–ˆâ–ˆâ–ˆâ–ˆâ–Š          | 1.4 MB 7.6 MB/s eta 0:00:01[K     |â–ˆâ–ˆâ–ˆâ–ˆâ–ˆâ–ˆâ–ˆâ–ˆâ–ˆâ–ˆâ–ˆâ–ˆâ–ˆâ–ˆâ–ˆâ–ˆâ–ˆâ–ˆâ–ˆâ–ˆâ–ˆâ–ˆ          | 1.4 MB 7.6 MB/s eta 0:00:01[K     |â–ˆâ–ˆâ–ˆâ–ˆâ–ˆâ–ˆâ–ˆâ–ˆâ–ˆâ–ˆâ–ˆâ–ˆâ–ˆâ–ˆâ–ˆâ–ˆâ–ˆâ–ˆâ–ˆâ–ˆâ–ˆâ–ˆ          | 1.5 MB 7.6 MB/s eta 0:00:01[K     |â–ˆâ–ˆâ–ˆâ–ˆâ–ˆâ–ˆâ–ˆâ–ˆâ–ˆâ–ˆâ–ˆâ–ˆâ–ˆâ–ˆâ–ˆâ–ˆâ–ˆâ–ˆâ–ˆâ–ˆâ–ˆâ–ˆâ–Ž         | 1.5 MB 7.6 MB/s eta 0:00:01[K     |â–ˆâ–ˆâ–ˆâ–ˆâ–ˆâ–ˆâ–ˆâ–ˆâ–ˆâ–ˆâ–ˆâ–ˆâ–ˆâ–ˆâ–ˆâ–ˆâ–ˆâ–ˆâ–ˆâ–ˆâ–ˆâ–ˆâ–         | 1.5 MB 7.6 MB/s eta 0:00:01[K     |â–ˆâ–ˆâ–ˆâ–ˆâ–ˆâ–ˆâ–ˆâ–ˆâ–ˆâ–ˆâ–ˆâ–ˆâ–ˆâ–ˆâ–ˆâ–ˆâ–ˆâ–ˆâ–ˆâ–ˆâ–ˆâ–ˆâ–Œ         | 1.5 MB 7.6 MB/s eta 0:00:01[K     |â–ˆâ–ˆâ–ˆâ–ˆâ–ˆâ–ˆâ–ˆâ–ˆâ–ˆâ–ˆâ–ˆâ–ˆâ–ˆâ–ˆâ–ˆâ–ˆâ–ˆâ–ˆâ–ˆâ–ˆâ–ˆâ–ˆâ–Š         | 1.5 MB 7.6 MB/s eta 0:00:01[K     |â–ˆâ–ˆâ–ˆâ–ˆâ–ˆâ–ˆâ–ˆâ–ˆâ–ˆâ–ˆâ–ˆâ–ˆâ–ˆâ–ˆâ–ˆâ–ˆâ–ˆâ–ˆâ–ˆâ–ˆâ–ˆâ–ˆâ–‰         | 1.5 MB 7.6 MB/s eta 0:00:01[K     |â–ˆâ–ˆâ–ˆâ–ˆâ–ˆâ–ˆâ–ˆâ–ˆâ–ˆâ–ˆâ–ˆâ–ˆâ–ˆâ–ˆâ–ˆâ–ˆâ–ˆâ–ˆâ–ˆâ–ˆâ–ˆâ–ˆâ–ˆ         | 1.5 MB 7.6 MB/s eta 0:00:01[K     |â–ˆâ–ˆâ–ˆâ–ˆâ–ˆâ–ˆâ–ˆâ–ˆâ–ˆâ–ˆâ–ˆâ–ˆâ–ˆâ–ˆâ–ˆâ–ˆâ–ˆâ–ˆâ–ˆâ–ˆâ–ˆâ–ˆâ–ˆâ–        | 1.5 MB 7.6 MB/s eta 0:00:01[K     |â–ˆâ–ˆâ–ˆâ–ˆâ–ˆâ–ˆâ–ˆâ–ˆâ–ˆâ–ˆâ–ˆâ–ˆâ–ˆâ–ˆâ–ˆâ–ˆâ–ˆâ–ˆâ–ˆâ–ˆâ–ˆâ–ˆâ–ˆâ–Ž        | 1.5 MB 7.6 MB/s eta 0:00:01[K     |â–ˆâ–ˆâ–ˆâ–ˆâ–ˆâ–ˆâ–ˆâ–ˆâ–ˆâ–ˆâ–ˆâ–ˆâ–ˆâ–ˆâ–ˆâ–ˆâ–ˆâ–ˆâ–ˆâ–ˆâ–ˆâ–ˆâ–ˆâ–Œ        | 1.5 MB 7.6 MB/s eta 0:00:01[K     |â–ˆâ–ˆâ–ˆâ–ˆâ–ˆâ–ˆâ–ˆâ–ˆâ–ˆâ–ˆâ–ˆâ–ˆâ–ˆâ–ˆâ–ˆâ–ˆâ–ˆâ–ˆâ–ˆâ–ˆâ–ˆâ–ˆâ–ˆâ–‹        | 1.6 MB 7.6 MB/s eta 0:00:01[K     |â–ˆâ–ˆâ–ˆâ–ˆâ–ˆâ–ˆâ–ˆâ–ˆâ–ˆâ–ˆâ–ˆâ–ˆâ–ˆâ–ˆâ–ˆâ–ˆâ–ˆâ–ˆâ–ˆâ–ˆâ–ˆâ–ˆâ–ˆâ–‰        | 1.6 MB 7.6 MB/s eta 0:00:01[K     |â–ˆâ–ˆâ–ˆâ–ˆâ–ˆâ–ˆâ–ˆâ–ˆâ–ˆâ–ˆâ–ˆâ–ˆâ–ˆâ–ˆâ–ˆâ–ˆâ–ˆâ–ˆâ–ˆâ–ˆâ–ˆâ–ˆâ–ˆâ–ˆ        | 1.6 MB 7.6 MB/s eta 0:00:01[K     |â–ˆâ–ˆâ–ˆâ–ˆâ–ˆâ–ˆâ–ˆâ–ˆâ–ˆâ–ˆâ–ˆâ–ˆâ–ˆâ–ˆâ–ˆâ–ˆâ–ˆâ–ˆâ–ˆâ–ˆâ–ˆâ–ˆâ–ˆâ–ˆ        | 1.6 MB 7.6 MB/s eta 0:00:01[K     |â–ˆâ–ˆâ–ˆâ–ˆâ–ˆâ–ˆâ–ˆâ–ˆâ–ˆâ–ˆâ–ˆâ–ˆâ–ˆâ–ˆâ–ˆâ–ˆâ–ˆâ–ˆâ–ˆâ–ˆâ–ˆâ–ˆâ–ˆâ–ˆâ–Ž       | 1.6 MB 7.6 MB/s eta 0:00:01[K     |â–ˆâ–ˆâ–ˆâ–ˆâ–ˆâ–ˆâ–ˆâ–ˆâ–ˆâ–ˆâ–ˆâ–ˆâ–ˆâ–ˆâ–ˆâ–ˆâ–ˆâ–ˆâ–ˆâ–ˆâ–ˆâ–ˆâ–ˆâ–ˆâ–       | 1.6 MB 7.6 MB/s eta 0:00:01[K     |â–ˆâ–ˆâ–ˆâ–ˆâ–ˆâ–ˆâ–ˆâ–ˆâ–ˆâ–ˆâ–ˆâ–ˆâ–ˆâ–ˆâ–ˆâ–ˆâ–ˆâ–ˆâ–ˆâ–ˆâ–ˆâ–ˆâ–ˆâ–ˆâ–‹       | 1.6 MB 7.6 MB/s eta 0:00:01[K     |â–ˆâ–ˆâ–ˆâ–ˆâ–ˆâ–ˆâ–ˆâ–ˆâ–ˆâ–ˆâ–ˆâ–ˆâ–ˆâ–ˆâ–ˆâ–ˆâ–ˆâ–ˆâ–ˆâ–ˆâ–ˆâ–ˆâ–ˆâ–ˆâ–Š       | 1.6 MB 7.6 MB/s eta 0:00:01[K     |â–ˆâ–ˆâ–ˆâ–ˆâ–ˆâ–ˆâ–ˆâ–ˆâ–ˆâ–ˆâ–ˆâ–ˆâ–ˆâ–ˆâ–ˆâ–ˆâ–ˆâ–ˆâ–ˆâ–ˆâ–ˆâ–ˆâ–ˆâ–ˆâ–‰       | 1.6 MB 7.6 MB/s eta 0:00:01[K     |â–ˆâ–ˆâ–ˆâ–ˆâ–ˆâ–ˆâ–ˆâ–ˆâ–ˆâ–ˆâ–ˆâ–ˆâ–ˆâ–ˆâ–ˆâ–ˆâ–ˆâ–ˆâ–ˆâ–ˆâ–ˆâ–ˆâ–ˆâ–ˆâ–ˆ       | 1.6 MB 7.6 MB/s eta 0:00:01[K     |â–ˆâ–ˆâ–ˆâ–ˆâ–ˆâ–ˆâ–ˆâ–ˆâ–ˆâ–ˆâ–ˆâ–ˆâ–ˆâ–ˆâ–ˆâ–ˆâ–ˆâ–ˆâ–ˆâ–ˆâ–ˆâ–ˆâ–ˆâ–ˆâ–ˆâ–      | 1.7 MB 7.6 MB/s eta 0:00:01[K     |â–ˆâ–ˆâ–ˆâ–ˆâ–ˆâ–ˆâ–ˆâ–ˆâ–ˆâ–ˆâ–ˆâ–ˆâ–ˆâ–ˆâ–ˆâ–ˆâ–ˆâ–ˆâ–ˆâ–ˆâ–ˆâ–ˆâ–ˆâ–ˆâ–ˆâ–      | 1.7 MB 7.6 MB/s eta 0:00:01[K     |â–ˆâ–ˆâ–ˆâ–ˆâ–ˆâ–ˆâ–ˆâ–ˆâ–ˆâ–ˆâ–ˆâ–ˆâ–ˆâ–ˆâ–ˆâ–ˆâ–ˆâ–ˆâ–ˆâ–ˆâ–ˆâ–ˆâ–ˆâ–ˆâ–ˆâ–Œ      | 1.7 MB 7.6 MB/s eta 0:00:01[K     |â–ˆâ–ˆâ–ˆâ–ˆâ–ˆâ–ˆâ–ˆâ–ˆâ–ˆâ–ˆâ–ˆâ–ˆâ–ˆâ–ˆâ–ˆâ–ˆâ–ˆâ–ˆâ–ˆâ–ˆâ–ˆâ–ˆâ–ˆâ–ˆâ–ˆâ–‹      | 1.7 MB 7.6 MB/s eta 0:00:01[K     |â–ˆâ–ˆâ–ˆâ–ˆâ–ˆâ–ˆâ–ˆâ–ˆâ–ˆâ–ˆâ–ˆâ–ˆâ–ˆâ–ˆâ–ˆâ–ˆâ–ˆâ–ˆâ–ˆâ–ˆâ–ˆâ–ˆâ–ˆâ–ˆâ–ˆâ–‰      | 1.7 MB 7.6 MB/s eta 0:00:01[K     |â–ˆâ–ˆâ–ˆâ–ˆâ–ˆâ–ˆâ–ˆâ–ˆâ–ˆâ–ˆâ–ˆâ–ˆâ–ˆâ–ˆâ–ˆâ–ˆâ–ˆâ–ˆâ–ˆâ–ˆâ–ˆâ–ˆâ–ˆâ–ˆâ–ˆâ–ˆ      | 1.7 MB 7.6 MB/s eta 0:00:01[K     |â–ˆâ–ˆâ–ˆâ–ˆâ–ˆâ–ˆâ–ˆâ–ˆâ–ˆâ–ˆâ–ˆâ–ˆâ–ˆâ–ˆâ–ˆâ–ˆâ–ˆâ–ˆâ–ˆâ–ˆâ–ˆâ–ˆâ–ˆâ–ˆâ–ˆâ–ˆâ–     | 1.7 MB 7.6 MB/s eta 0:00:01[K     |â–ˆâ–ˆâ–ˆâ–ˆâ–ˆâ–ˆâ–ˆâ–ˆâ–ˆâ–ˆâ–ˆâ–ˆâ–ˆâ–ˆâ–ˆâ–ˆâ–ˆâ–ˆâ–ˆâ–ˆâ–ˆâ–ˆâ–ˆâ–ˆâ–ˆâ–ˆâ–Ž     | 1.7 MB 7.6 MB/s eta 0:00:01[K     |â–ˆâ–ˆâ–ˆâ–ˆâ–ˆâ–ˆâ–ˆâ–ˆâ–ˆâ–ˆâ–ˆâ–ˆâ–ˆâ–ˆâ–ˆâ–ˆâ–ˆâ–ˆâ–ˆâ–ˆâ–ˆâ–ˆâ–ˆâ–ˆâ–ˆâ–ˆâ–     | 1.7 MB 7.6 MB/s eta 0:00:01[K     |â–ˆâ–ˆâ–ˆâ–ˆâ–ˆâ–ˆâ–ˆâ–ˆâ–ˆâ–ˆâ–ˆâ–ˆâ–ˆâ–ˆâ–ˆâ–ˆâ–ˆâ–ˆâ–ˆâ–ˆâ–ˆâ–ˆâ–ˆâ–ˆâ–ˆâ–ˆâ–‹     | 1.8 MB 7.6 MB/s eta 0:00:01[K     |â–ˆâ–ˆâ–ˆâ–ˆâ–ˆâ–ˆâ–ˆâ–ˆâ–ˆâ–ˆâ–ˆâ–ˆâ–ˆâ–ˆâ–ˆâ–ˆâ–ˆâ–ˆâ–ˆâ–ˆâ–ˆâ–ˆâ–ˆâ–ˆâ–ˆâ–ˆâ–Š     | 1.8 MB 7.6 MB/s eta 0:00:01[K     |â–ˆâ–ˆâ–ˆâ–ˆâ–ˆâ–ˆâ–ˆâ–ˆâ–ˆâ–ˆâ–ˆâ–ˆâ–ˆâ–ˆâ–ˆâ–ˆâ–ˆâ–ˆâ–ˆâ–ˆâ–ˆâ–ˆâ–ˆâ–ˆâ–ˆâ–ˆâ–ˆ     | 1.8 MB 7.6 MB/s eta 0:00:01[K     |â–ˆâ–ˆâ–ˆâ–ˆâ–ˆâ–ˆâ–ˆâ–ˆâ–ˆâ–ˆâ–ˆâ–ˆâ–ˆâ–ˆâ–ˆâ–ˆâ–ˆâ–ˆâ–ˆâ–ˆâ–ˆâ–ˆâ–ˆâ–ˆâ–ˆâ–ˆâ–ˆ     | 1.8 MB 7.6 MB/s eta 0:00:01[K     |â–ˆâ–ˆâ–ˆâ–ˆâ–ˆâ–ˆâ–ˆâ–ˆâ–ˆâ–ˆâ–ˆâ–ˆâ–ˆâ–ˆâ–ˆâ–ˆâ–ˆâ–ˆâ–ˆâ–ˆâ–ˆâ–ˆâ–ˆâ–ˆâ–ˆâ–ˆâ–ˆâ–    | 1.8 MB 7.6 MB/s eta 0:00:01[K     |â–ˆâ–ˆâ–ˆâ–ˆâ–ˆâ–ˆâ–ˆâ–ˆâ–ˆâ–ˆâ–ˆâ–ˆâ–ˆâ–ˆâ–ˆâ–ˆâ–ˆâ–ˆâ–ˆâ–ˆâ–ˆâ–ˆâ–ˆâ–ˆâ–ˆâ–ˆâ–ˆâ–    | 1.8 MB 7.6 MB/s eta 0:00:01[K     |â–ˆâ–ˆâ–ˆâ–ˆâ–ˆâ–ˆâ–ˆâ–ˆâ–ˆâ–ˆâ–ˆâ–ˆâ–ˆâ–ˆâ–ˆâ–ˆâ–ˆâ–ˆâ–ˆâ–ˆâ–ˆâ–ˆâ–ˆâ–ˆâ–ˆâ–ˆâ–ˆâ–Œ    | 1.8 MB 7.6 MB/s eta 0:00:01[K     |â–ˆâ–ˆâ–ˆâ–ˆâ–ˆâ–ˆâ–ˆâ–ˆâ–ˆâ–ˆâ–ˆâ–ˆâ–ˆâ–ˆâ–ˆâ–ˆâ–ˆâ–ˆâ–ˆâ–ˆâ–ˆâ–ˆâ–ˆâ–ˆâ–ˆâ–ˆâ–ˆâ–Š    | 1.8 MB 7.6 MB/s eta 0:00:01[K     |â–ˆâ–ˆâ–ˆâ–ˆâ–ˆâ–ˆâ–ˆâ–ˆâ–ˆâ–ˆâ–ˆâ–ˆâ–ˆâ–ˆâ–ˆâ–ˆâ–ˆâ–ˆâ–ˆâ–ˆâ–ˆâ–ˆâ–ˆâ–ˆâ–ˆâ–ˆâ–ˆâ–‰    | 1.8 MB 7.6 MB/s eta 0:00:01[K     |â–ˆâ–ˆâ–ˆâ–ˆâ–ˆâ–ˆâ–ˆâ–ˆâ–ˆâ–ˆâ–ˆâ–ˆâ–ˆâ–ˆâ–ˆâ–ˆâ–ˆâ–ˆâ–ˆâ–ˆâ–ˆâ–ˆâ–ˆâ–ˆâ–ˆâ–ˆâ–ˆâ–ˆ    | 1.8 MB 7.6 MB/s eta 0:00:01[K     |â–ˆâ–ˆâ–ˆâ–ˆâ–ˆâ–ˆâ–ˆâ–ˆâ–ˆâ–ˆâ–ˆâ–ˆâ–ˆâ–ˆâ–ˆâ–ˆâ–ˆâ–ˆâ–ˆâ–ˆâ–ˆâ–ˆâ–ˆâ–ˆâ–ˆâ–ˆâ–ˆâ–ˆâ–   | 1.9 MB 7.6 MB/s eta 0:00:01[K     |â–ˆâ–ˆâ–ˆâ–ˆâ–ˆâ–ˆâ–ˆâ–ˆâ–ˆâ–ˆâ–ˆâ–ˆâ–ˆâ–ˆâ–ˆâ–ˆâ–ˆâ–ˆâ–ˆâ–ˆâ–ˆâ–ˆâ–ˆâ–ˆâ–ˆâ–ˆâ–ˆâ–ˆâ–Ž   | 1.9 MB 7.6 MB/s eta 0:00:01[K     |â–ˆâ–ˆâ–ˆâ–ˆâ–ˆâ–ˆâ–ˆâ–ˆâ–ˆâ–ˆâ–ˆâ–ˆâ–ˆâ–ˆâ–ˆâ–ˆâ–ˆâ–ˆâ–ˆâ–ˆâ–ˆâ–ˆâ–ˆâ–ˆâ–ˆâ–ˆâ–ˆâ–ˆâ–Œ   | 1.9 MB 7.6 MB/s eta 0:00:01[K     |â–ˆâ–ˆâ–ˆâ–ˆâ–ˆâ–ˆâ–ˆâ–ˆâ–ˆâ–ˆâ–ˆâ–ˆâ–ˆâ–ˆâ–ˆâ–ˆâ–ˆâ–ˆâ–ˆâ–ˆâ–ˆâ–ˆâ–ˆâ–ˆâ–ˆâ–ˆâ–ˆâ–ˆâ–‹   | 1.9 MB 7.6 MB/s eta 0:00:01[K     |â–ˆâ–ˆâ–ˆâ–ˆâ–ˆâ–ˆâ–ˆâ–ˆâ–ˆâ–ˆâ–ˆâ–ˆâ–ˆâ–ˆâ–ˆâ–ˆâ–ˆâ–ˆâ–ˆâ–ˆâ–ˆâ–ˆâ–ˆâ–ˆâ–ˆâ–ˆâ–ˆâ–ˆâ–Š   | 1.9 MB 7.6 MB/s eta 0:00:01[K     |â–ˆâ–ˆâ–ˆâ–ˆâ–ˆâ–ˆâ–ˆâ–ˆâ–ˆâ–ˆâ–ˆâ–ˆâ–ˆâ–ˆâ–ˆâ–ˆâ–ˆâ–ˆâ–ˆâ–ˆâ–ˆâ–ˆâ–ˆâ–ˆâ–ˆâ–ˆâ–ˆâ–ˆâ–ˆ   | 1.9 MB 7.6 MB/s eta 0:00:01[K     |â–ˆâ–ˆâ–ˆâ–ˆâ–ˆâ–ˆâ–ˆâ–ˆâ–ˆâ–ˆâ–ˆâ–ˆâ–ˆâ–ˆâ–ˆâ–ˆâ–ˆâ–ˆâ–ˆâ–ˆâ–ˆâ–ˆâ–ˆâ–ˆâ–ˆâ–ˆâ–ˆâ–ˆâ–ˆ   | 1.9 MB 7.6 MB/s eta 0:00:01[K     |â–ˆâ–ˆâ–ˆâ–ˆâ–ˆâ–ˆâ–ˆâ–ˆâ–ˆâ–ˆâ–ˆâ–ˆâ–ˆâ–ˆâ–ˆâ–ˆâ–ˆâ–ˆâ–ˆâ–ˆâ–ˆâ–ˆâ–ˆâ–ˆâ–ˆâ–ˆâ–ˆâ–ˆâ–ˆâ–Ž  | 1.9 MB 7.6 MB/s eta 0:00:01[K     |â–ˆâ–ˆâ–ˆâ–ˆâ–ˆâ–ˆâ–ˆâ–ˆâ–ˆâ–ˆâ–ˆâ–ˆâ–ˆâ–ˆâ–ˆâ–ˆâ–ˆâ–ˆâ–ˆâ–ˆâ–ˆâ–ˆâ–ˆâ–ˆâ–ˆâ–ˆâ–ˆâ–ˆâ–ˆâ–  | 1.9 MB 7.6 MB/s eta 0:00:01[K     |â–ˆâ–ˆâ–ˆâ–ˆâ–ˆâ–ˆâ–ˆâ–ˆâ–ˆâ–ˆâ–ˆâ–ˆâ–ˆâ–ˆâ–ˆâ–ˆâ–ˆâ–ˆâ–ˆâ–ˆâ–ˆâ–ˆâ–ˆâ–ˆâ–ˆâ–ˆâ–ˆâ–ˆâ–ˆâ–Œ  | 1.9 MB 7.6 MB/s eta 0:00:01[K     |â–ˆâ–ˆâ–ˆâ–ˆâ–ˆâ–ˆâ–ˆâ–ˆâ–ˆâ–ˆâ–ˆâ–ˆâ–ˆâ–ˆâ–ˆâ–ˆâ–ˆâ–ˆâ–ˆâ–ˆâ–ˆâ–ˆâ–ˆâ–ˆâ–ˆâ–ˆâ–ˆâ–ˆâ–ˆâ–Š  | 2.0 MB 7.6 MB/s eta 0:00:01[K     |â–ˆâ–ˆâ–ˆâ–ˆâ–ˆâ–ˆâ–ˆâ–ˆâ–ˆâ–ˆâ–ˆâ–ˆâ–ˆâ–ˆâ–ˆâ–ˆâ–ˆâ–ˆâ–ˆâ–ˆâ–ˆâ–ˆâ–ˆâ–ˆâ–ˆâ–ˆâ–ˆâ–ˆâ–ˆâ–‰  | 2.0 MB 7.6 MB/s eta 0:00:01[K     |â–ˆâ–ˆâ–ˆâ–ˆâ–ˆâ–ˆâ–ˆâ–ˆâ–ˆâ–ˆâ–ˆâ–ˆâ–ˆâ–ˆâ–ˆâ–ˆâ–ˆâ–ˆâ–ˆâ–ˆâ–ˆâ–ˆâ–ˆâ–ˆâ–ˆâ–ˆâ–ˆâ–ˆâ–ˆâ–ˆ  | 2.0 MB 7.6 MB/s eta 0:00:01[K     |â–ˆâ–ˆâ–ˆâ–ˆâ–ˆâ–ˆâ–ˆâ–ˆâ–ˆâ–ˆâ–ˆâ–ˆâ–ˆâ–ˆâ–ˆâ–ˆâ–ˆâ–ˆâ–ˆâ–ˆâ–ˆâ–ˆâ–ˆâ–ˆâ–ˆâ–ˆâ–ˆâ–ˆâ–ˆâ–ˆâ– | 2.0 MB 7.6 MB/s eta 0:00:01[K     |â–ˆâ–ˆâ–ˆâ–ˆâ–ˆâ–ˆâ–ˆâ–ˆâ–ˆâ–ˆâ–ˆâ–ˆâ–ˆâ–ˆâ–ˆâ–ˆâ–ˆâ–ˆâ–ˆâ–ˆâ–ˆâ–ˆâ–ˆâ–ˆâ–ˆâ–ˆâ–ˆâ–ˆâ–ˆâ–ˆâ–Ž | 2.0 MB 7.6 MB/s eta 0:00:01[K     |â–ˆâ–ˆâ–ˆâ–ˆâ–ˆâ–ˆâ–ˆâ–ˆâ–ˆâ–ˆâ–ˆâ–ˆâ–ˆâ–ˆâ–ˆâ–ˆâ–ˆâ–ˆâ–ˆâ–ˆâ–ˆâ–ˆâ–ˆâ–ˆâ–ˆâ–ˆâ–ˆâ–ˆâ–ˆâ–ˆâ–Œ | 2.0 MB 7.6 MB/s eta 0:00:01[K     |â–ˆâ–ˆâ–ˆâ–ˆâ–ˆâ–ˆâ–ˆâ–ˆâ–ˆâ–ˆâ–ˆâ–ˆâ–ˆâ–ˆâ–ˆâ–ˆâ–ˆâ–ˆâ–ˆâ–ˆâ–ˆâ–ˆâ–ˆâ–ˆâ–ˆâ–ˆâ–ˆâ–ˆâ–ˆâ–ˆâ–‹ | 2.0 MB 7.6 MB/s eta 0:00:01[K     |â–ˆâ–ˆâ–ˆâ–ˆâ–ˆâ–ˆâ–ˆâ–ˆâ–ˆâ–ˆâ–ˆâ–ˆâ–ˆâ–ˆâ–ˆâ–ˆâ–ˆâ–ˆâ–ˆâ–ˆâ–ˆâ–ˆâ–ˆâ–ˆâ–ˆâ–ˆâ–ˆâ–ˆâ–ˆâ–ˆâ–‰ | 2.0 MB 7.6 MB/s eta 0:00:01[K     |â–ˆâ–ˆâ–ˆâ–ˆâ–ˆâ–ˆâ–ˆâ–ˆâ–ˆâ–ˆâ–ˆâ–ˆâ–ˆâ–ˆâ–ˆâ–ˆâ–ˆâ–ˆâ–ˆâ–ˆâ–ˆâ–ˆâ–ˆâ–ˆâ–ˆâ–ˆâ–ˆâ–ˆâ–ˆâ–ˆâ–ˆ | 2.0 MB 7.6 MB/s eta 0:00:01[K     |â–ˆâ–ˆâ–ˆâ–ˆâ–ˆâ–ˆâ–ˆâ–ˆâ–ˆâ–ˆâ–ˆâ–ˆâ–ˆâ–ˆâ–ˆâ–ˆâ–ˆâ–ˆâ–ˆâ–ˆâ–ˆâ–ˆâ–ˆâ–ˆâ–ˆâ–ˆâ–ˆâ–ˆâ–ˆâ–ˆâ–ˆ | 2.0 MB 7.6 MB/s eta 0:00:01[K     |â–ˆâ–ˆâ–ˆâ–ˆâ–ˆâ–ˆâ–ˆâ–ˆâ–ˆâ–ˆâ–ˆâ–ˆâ–ˆâ–ˆâ–ˆâ–ˆâ–ˆâ–ˆâ–ˆâ–ˆâ–ˆâ–ˆâ–ˆâ–ˆâ–ˆâ–ˆâ–ˆâ–ˆâ–ˆâ–ˆâ–ˆâ–Ž| 2.1 MB 7.6 MB/s eta 0:00:01[K     |â–ˆâ–ˆâ–ˆâ–ˆâ–ˆâ–ˆâ–ˆâ–ˆâ–ˆâ–ˆâ–ˆâ–ˆâ–ˆâ–ˆâ–ˆâ–ˆâ–ˆâ–ˆâ–ˆâ–ˆâ–ˆâ–ˆâ–ˆâ–ˆâ–ˆâ–ˆâ–ˆâ–ˆâ–ˆâ–ˆâ–ˆâ–| 2.1 MB 7.6 MB/s eta 0:00:01[K     |â–ˆâ–ˆâ–ˆâ–ˆâ–ˆâ–ˆâ–ˆâ–ˆâ–ˆâ–ˆâ–ˆâ–ˆâ–ˆâ–ˆâ–ˆâ–ˆâ–ˆâ–ˆâ–ˆâ–ˆâ–ˆâ–ˆâ–ˆâ–ˆâ–ˆâ–ˆâ–ˆâ–ˆâ–ˆâ–ˆâ–ˆâ–‹| 2.1 MB 7.6 MB/s eta 0:00:01[K     |â–ˆâ–ˆâ–ˆâ–ˆâ–ˆâ–ˆâ–ˆâ–ˆâ–ˆâ–ˆâ–ˆâ–ˆâ–ˆâ–ˆâ–ˆâ–ˆâ–ˆâ–ˆâ–ˆâ–ˆâ–ˆâ–ˆâ–ˆâ–ˆâ–ˆâ–ˆâ–ˆâ–ˆâ–ˆâ–ˆâ–ˆâ–Š| 2.1 MB 7.6 MB/s eta 0:00:01[K     |â–ˆâ–ˆâ–ˆâ–ˆâ–ˆâ–ˆâ–ˆâ–ˆâ–ˆâ–ˆâ–ˆâ–ˆâ–ˆâ–ˆâ–ˆâ–ˆâ–ˆâ–ˆâ–ˆâ–ˆâ–ˆâ–ˆâ–ˆâ–ˆâ–ˆâ–ˆâ–ˆâ–ˆâ–ˆâ–ˆâ–ˆâ–‰| 2.1 MB 7.6 MB/s eta 0:00:01[K     |â–ˆâ–ˆâ–ˆâ–ˆâ–ˆâ–ˆâ–ˆâ–ˆâ–ˆâ–ˆâ–ˆâ–ˆâ–ˆâ–ˆâ–ˆâ–ˆâ–ˆâ–ˆâ–ˆâ–ˆâ–ˆâ–ˆâ–ˆâ–ˆâ–ˆâ–ˆâ–ˆâ–ˆâ–ˆâ–ˆâ–ˆâ–ˆ| 2.1 MB 7.6 MB/s 
[?25hInstalling collected packages: pip
  Attempting uninstall: pip
    Found existing installation: pip 20.0.2
    Not uninstalling pip at /usr/lib/python3/dist-packages, outside environment /usr
    Can't uninstall 'pip'. No files were found to uninstall.
Successfully installed pip-23.3.1
Requirement already satisfied: pandas in /usr/local/lib/python3.8/dist-packages (2.0.3)
Requirement already satisfied: redis in /usr/local/lib/python3.8/dist-packages (3.4.1)
Requirement already satisfied: direct-redis in /usr/local/lib/python3.8/dist-packages (0.3.1)
Requirement already satisfied: numpy>=1.20.3; python_version < "3.10" in /usr/local/lib/python3.8/dist-packages (from pandas) (1.24.4)
Requirement already satisfied: pytz>=2020.1 in /usr/local/lib/python3.8/dist-packages (from pandas) (2023.3.post1)
Requirement already satisfied: python-dateutil>=2.8.2 in /usr/local/lib/python3.8/dist-packages (from pandas) (2.8.2)
Requirement already satisfied: tzdata>=2022.1 in /usr/local/lib/python3.8/dist-packages (from pandas) (2023.3)
Requirement already satisfied: six>=1.5 in /usr/local/lib/python3.8/dist-packages (from python-dateutil>=2.8.2->pandas) (1.16.0)
Running /platform/source/s01/v4_3.5/m00002222/m00002222_q14_t0.sh
Requirement already satisfied: pymysql in /usr/local/lib/python3.8/dist-packages (1.1.0)
Requirement already satisfied: pandas in /usr/local/lib/python3.8/dist-packages (2.0.3)
Requirement already satisfied: direct-redis in /usr/local/lib/python3.8/dist-packages (0.3.1)
Requirement already satisfied: python-dateutil>=2.8.2 in /usr/local/lib/python3.8/dist-packages (from pandas) (2.8.2)
Requirement already satisfied: pytz>=2020.1 in /usr/local/lib/python3.8/dist-packages (from pandas) (2023.3.post1)
Requirement already satisfied: tzdata>=2022.1 in /usr/local/lib/python3.8/dist-packages (from pandas) (2023.3)
Requirement already satisfied: numpy>=1.20.3 in /usr/local/lib/python3.8/dist-packages (from pandas) (1.24.4)
Requirement already satisfied: redis==3.4.1 in /usr/local/lib/python3.8/dist-packages (from direct-redis) (3.4.1)
Requirement already satisfied: six>=1.5 in /usr/local/lib/python3.8/dist-packages (from python-dateutil>=2.8.2->pandas) (1.16.0)
[33mWARNING: Running pip as the 'root' user can result in broken permissions and conflicting behaviour with the system package manager. It is recommended to use a virtual environment instead: https://pip.pypa.io/warnings/venv[0m[33m
[0mRunning /platform/source/s01/v4_3.5/m00002222/m00002222_q15_t0.sh
/platform/source/s01/v4_3.5/m00002222/m00002222_q15_t0.sh: line 5: sudo: command not found
/platform/source/s01/v4_3.5/m00002222/m00002222_q15_t0.sh: line 8: sudo: command not found
Requirement already satisfied: pymysql in /usr/local/lib/python3.8/dist-packages (1.1.0)
Requirement already satisfied: pandas in /usr/local/lib/python3.8/dist-packages (2.0.3)
Collecting sqlalchemy
  Downloading SQLAlchemy-2.0.23-cp38-cp38-manylinux_2_17_aarch64.manylinux2014_aarch64.whl.metadata (9.6 kB)
Requirement already satisfied: direct-redis in /usr/local/lib/python3.8/dist-packages (0.3.1)
Requirement already satisfied: python-dateutil>=2.8.2 in /usr/local/lib/python3.8/dist-packages (from pandas) (2.8.2)
Requirement already satisfied: pytz>=2020.1 in /usr/local/lib/python3.8/dist-packages (from pandas) (2023.3.post1)
Requirement already satisfied: tzdata>=2022.1 in /usr/local/lib/python3.8/dist-packages (from pandas) (2023.3)
Requirement already satisfied: numpy>=1.20.3 in /usr/local/lib/python3.8/dist-packages (from pandas) (1.24.4)
Requirement already satisfied: typing-extensions>=4.2.0 in /usr/local/lib/python3.8/dist-packages (from sqlalchemy) (4.8.0)
Collecting greenlet!=0.4.17 (from sqlalchemy)
  Downloading greenlet-3.0.1-cp38-cp38-manylinux_2_17_aarch64.manylinux2014_aarch64.whl.metadata (3.7 kB)
Requirement already satisfied: redis==3.4.1 in /usr/local/lib/python3.8/dist-packages (from direct-redis) (3.4.1)
Requirement already satisfied: six>=1.5 in /usr/local/lib/python3.8/dist-packages (from python-dateutil>=2.8.2->pandas) (1.16.0)
Downloading SQLAlchemy-2.0.23-cp38-cp38-manylinux_2_17_aarch64.manylinux2014_aarch64.whl (3.1 MB)
[?25l   [90mâ”â”â”â”â”â”â”â”â”â”â”â”â”â”â”â”â”â”â”â”â”â”â”â”â”â”â”â”â”â”â”â”â”â”â”â”â”â”â”â”[0m [32m0.0/3.1 MB[0m [31m?[0m eta [36m-:--:--[0m[2K   [91mâ”â”â”â”â”â”â”[0m[91mâ•¸[0m[90mâ”â”â”â”â”â”â”â”â”â”â”â”â”â”â”â”â”â”â”â”â”â”â”â”â”â”â”â”â”â”â”â”[0m [32m0.6/3.1 MB[0m [31m17.5 MB/s[0m eta [36m0:00:01[0m[2K   [91mâ”â”â”â”â”â”â”â”â”â”â”â”â”â”â”â”â”â”â”â”â”â”â”â”[0m[90mâ•º[0m[90mâ”â”â”â”â”â”â”â”â”â”â”â”â”â”â”[0m [32m1.8/3.1 MB[0m [31m26.8 MB/s[0m eta [36m0:00:01[0m[2K   [90mâ”â”â”â”â”â”â”â”â”â”â”â”â”â”â”â”â”â”â”â”â”â”â”â”â”â”â”â”â”â”â”â”â”â”â”â”â”â”â”â”[0m [32m3.1/3.1 MB[0m [31m30.4 MB/s[0m eta [36m0:00:00[0m
[?25hDownloading greenlet-3.0.1-cp38-cp38-manylinux_2_17_aarch64.manylinux2014_aarch64.whl (654 kB)
[?25l   [90mâ”â”â”â”â”â”â”â”â”â”â”â”â”â”â”â”â”â”â”â”â”â”â”â”â”â”â”â”â”â”â”â”â”â”â”â”â”â”â”â”[0m [32m0.0/654.9 kB[0m [31m?[0m eta [36m-:--:--[0m[2K   [90mâ”â”â”â”â”â”â”â”â”â”â”â”â”â”â”â”â”â”â”â”â”â”â”â”â”â”â”â”â”â”â”â”â”â”â”â”â”â”â”â”[0m [32m654.9/654.9 kB[0m [31m34.7 MB/s[0m eta [36m0:00:00[0m
[?25hInstalling collected packages: greenlet, sqlalchemy
Successfully installed greenlet-3.0.1 sqlalchemy-2.0.23
[33mWARNING: Running pip as the 'root' user can result in broken permissions and conflicting behaviour with the system package manager. It is recommended to use a virtual environment instead: https://pip.pypa.io/warnings/venv[0m[33m
[0mRunning /platform/source/s01/v4_3.5/m00002222/m00002222_q16_t0.sh
/platform/source/s01/v4_3.5/m00002222/m00002222_q16_t0.sh: line 5: sudo: command not found
/platform/source/s01/v4_3.5/m00002222/m00002222_q16_t0.sh: line 6: sudo: command not found
Requirement already satisfied: pip in /usr/local/lib/python3.8/dist-packages (23.3.1)
[33mWARNING: Running pip as the 'root' user can result in broken permissions and conflicting behaviour with the system package manager. It is recommended to use a virtual environment instead: https://pip.pypa.io/warnings/venv[0m[33m
[0mRequirement already satisfied: pandas in /usr/local/lib/python3.8/dist-packages (2.0.3)
Requirement already satisfied: pymysql in /usr/local/lib/python3.8/dist-packages (1.1.0)
Requirement already satisfied: redis in /usr/local/lib/python3.8/dist-packages (3.4.1)
Requirement already satisfied: direct-redis in /usr/local/lib/python3.8/dist-packages (0.3.1)
Requirement already satisfied: python-dateutil>=2.8.2 in /usr/local/lib/python3.8/dist-packages (from pandas) (2.8.2)
Requirement already satisfied: pytz>=2020.1 in /usr/local/lib/python3.8/dist-packages (from pandas) (2023.3.post1)
Requirement already satisfied: tzdata>=2022.1 in /usr/local/lib/python3.8/dist-packages (from pandas) (2023.3)
Requirement already satisfied: numpy>=1.20.3 in /usr/local/lib/python3.8/dist-packages (from pandas) (1.24.4)
Requirement already satisfied: six>=1.5 in /usr/local/lib/python3.8/dist-packages (from python-dateutil>=2.8.2->pandas) (1.16.0)
[33mWARNING: Running pip as the 'root' user can result in broken permissions and conflicting behaviour with the system package manager. It is recommended to use a virtual environment instead: https://pip.pypa.io/warnings/venv[0m[33m
[0mRunning /platform/source/s01/v4_3.5/m00002222/m00002222_q17_t0.sh
0% [Working]            Hit:1 http://ports.ubuntu.com/ubuntu-ports focal InRelease
0% [Working]0% [Waiting for headers]                        Hit:2 http://ports.ubuntu.com/ubuntu-ports focal-updates InRelease
                        0% [Working]0% [Waiting for headers]                        Hit:3 http://ports.ubuntu.com/ubuntu-ports focal-backports InRelease
                        0% [Working]0% [Waiting for headers]                        Hit:4 http://ports.ubuntu.com/ubuntu-ports focal-security InRelease
                        0% [Working]20% [Working]             Reading package lists... 0%Reading package lists... 0%Reading package lists... 0%Reading package lists... 6%Reading package lists... 6%Reading package lists... 6%Reading package lists... 6%Reading package lists... 61%Reading package lists... 61%Reading package lists... 61%Reading package lists... 61%Reading package lists... 75%Reading package lists... 75%Reading package lists... 75%Reading package lists... 75%Reading package lists... 82%Reading package lists... 82%Reading package lists... 82%Reading package lists... 82%Reading package lists... 82%Reading package lists... 82%Reading package lists... 82%Reading package lists... 82%Reading package lists... 94%Reading package lists... 94%Reading package lists... 94%Reading package lists... 94%Reading package lists... 99%Reading package lists... 99%Reading package lists... 99%Reading package lists... 99%Reading package lists... Done
Reading package lists... 0%Reading package lists... 0%Reading package lists... 0%Reading package lists... 6%Reading package lists... 6%Reading package lists... 6%Reading package lists... 6%Reading package lists... 61%Reading package lists... 61%Reading package lists... 61%Reading package lists... 61%Reading package lists... 75%Reading package lists... 75%Reading package lists... 75%Reading package lists... 75%Reading package lists... 82%Reading package lists... 82%Reading package lists... 82%Reading package lists... 82%Reading package lists... 82%Reading package lists... 82%Reading package lists... 82%Reading package lists... 82%Reading package lists... 94%Reading package lists... 94%Reading package lists... 94%Reading package lists... 94%Reading package lists... 99%Reading package lists... 99%Reading package lists... 99%Reading package lists... 99%Reading package lists... Done
Building dependency tree... 0%Building dependency tree... 0%Building dependency tree... 50%Building dependency tree... 50%Building dependency tree       
Reading state information... 0%Reading state information... 0%Reading state information... Done
python3 is already the newest version (3.8.2-0ubuntu2).
python3-pip is already the newest version (20.0.2-5ubuntu1.10).
0 upgraded, 0 newly installed, 0 to remove and 0 not upgraded.
Requirement already satisfied: pymysql in /usr/local/lib/python3.8/dist-packages (1.1.0)
Requirement already satisfied: pandas in /usr/local/lib/python3.8/dist-packages (2.0.3)
Requirement already satisfied: direct-redis in /usr/local/lib/python3.8/dist-packages (0.3.1)
Requirement already satisfied: python-dateutil>=2.8.2 in /usr/local/lib/python3.8/dist-packages (from pandas) (2.8.2)
Requirement already satisfied: pytz>=2020.1 in /usr/local/lib/python3.8/dist-packages (from pandas) (2023.3.post1)
Requirement already satisfied: tzdata>=2022.1 in /usr/local/lib/python3.8/dist-packages (from pandas) (2023.3)
Requirement already satisfied: numpy>=1.20.3 in /usr/local/lib/python3.8/dist-packages (from pandas) (1.24.4)
Requirement already satisfied: redis==3.4.1 in /usr/local/lib/python3.8/dist-packages (from direct-redis) (3.4.1)
Requirement already satisfied: six>=1.5 in /usr/local/lib/python3.8/dist-packages (from python-dateutil>=2.8.2->pandas) (1.16.0)
[33mWARNING: Running pip as the 'root' user can result in broken permissions and conflicting behaviour with the system package manager. It is recommended to use a virtual environment instead: https://pip.pypa.io/warnings/venv[0m[33m
[0mRunning /platform/source/s01/v4_3.5/m00002222/m00002222_q18_t0.sh
/platform/source/s01/v4_3.5/m00002222/m00002222_q18_t0.sh: line 4: sudo: command not found
/platform/source/s01/v4_3.5/m00002222/m00002222_q18_t0.sh: line 7: sudo: command not found
Requirement already satisfied: pandas in /usr/local/lib/python3.8/dist-packages (2.0.3)
Requirement already satisfied: python-dateutil>=2.8.2 in /usr/local/lib/python3.8/dist-packages (from pandas) (2.8.2)
Requirement already satisfied: pytz>=2020.1 in /usr/local/lib/python3.8/dist-packages (from pandas) (2023.3.post1)
Requirement already satisfied: tzdata>=2022.1 in /usr/local/lib/python3.8/dist-packages (from pandas) (2023.3)
Requirement already satisfied: numpy>=1.20.3 in /usr/local/lib/python3.8/dist-packages (from pandas) (1.24.4)
Requirement already satisfied: six>=1.5 in /usr/local/lib/python3.8/dist-packages (from python-dateutil>=2.8.2->pandas) (1.16.0)
[33mWARNING: Running pip as the 'root' user can result in broken permissions and conflicting behaviour with the system package manager. It is recommended to use a virtual environment instead: https://pip.pypa.io/warnings/venv[0m[33m
[0mRequirement already satisfied: direct_redis in /usr/local/lib/python3.8/dist-packages (0.3.1)
Requirement already satisfied: redis==3.4.1 in /usr/local/lib/python3.8/dist-packages (from direct_redis) (3.4.1)
[33mWARNING: Running pip as the 'root' user can result in broken permissions and conflicting behaviour with the system package manager. It is recommended to use a virtual environment instead: https://pip.pypa.io/warnings/venv[0m[33m
[0mRunning /platform/source/s01/v4_3.5/m00002222/m00002222_q19_t0.sh
/platform/source/s01/v4_3.5/m00002222/m00002222_q19_t0.sh: line 4: sudo: command not found
/platform/source/s01/v4_3.5/m00002222/m00002222_q19_t0.sh: line 7: sudo: command not found
Requirement already satisfied: pymysql in /usr/local/lib/python3.8/dist-packages (1.1.0)
[33mWARNING: Running pip as the 'root' user can result in broken permissions and conflicting behaviour with the system package manager. It is recommended to use a virtual environment instead: https://pip.pypa.io/warnings/venv[0m[33m
[0mRequirement already satisfied: pandas in /usr/local/lib/python3.8/dist-packages (2.0.3)
Requirement already satisfied: python-dateutil>=2.8.2 in /usr/local/lib/python3.8/dist-packages (from pandas) (2.8.2)
Requirement already satisfied: pytz>=2020.1 in /usr/local/lib/python3.8/dist-packages (from pandas) (2023.3.post1)
Requirement already satisfied: tzdata>=2022.1 in /usr/local/lib/python3.8/dist-packages (from pandas) (2023.3)
Requirement already satisfied: numpy>=1.20.3 in /usr/local/lib/python3.8/dist-packages (from pandas) (1.24.4)
Requirement already satisfied: six>=1.5 in /usr/local/lib/python3.8/dist-packages (from python-dateutil>=2.8.2->pandas) (1.16.0)
[33mWARNING: Running pip as the 'root' user can result in broken permissions and conflicting behaviour with the system package manager. It is recommended to use a virtual environment instead: https://pip.pypa.io/warnings/venv[0m[33m
[0mRequirement already satisfied: direct-redis in /usr/local/lib/python3.8/dist-packages (0.3.1)
Requirement already satisfied: redis==3.4.1 in /usr/local/lib/python3.8/dist-packages (from direct-redis) (3.4.1)
[33mWARNING: Running pip as the 'root' user can result in broken permissions and conflicting behaviour with the system package manager. It is recommended to use a virtual environment instead: https://pip.pypa.io/warnings/venv[0m[33m
[0mRunning /platform/source/s01/v4_3.5/m00002222/m00002222_q1_t0.sh
Running /platform/source/s01/v4_3.5/m00002222/m00002222_q20_t0.sh
/platform/source/s01/v4_3.5/m00002222/m00002222_q20_t0.sh: line 5: sudo: command not found
Requirement already satisfied: pymysql in /usr/local/lib/python3.8/dist-packages (1.1.0)
Requirement already satisfied: pandas in /usr/local/lib/python3.8/dist-packages (2.0.3)
Requirement already satisfied: direct-redis in /usr/local/lib/python3.8/dist-packages (0.3.1)
Requirement already satisfied: python-dateutil>=2.8.2 in /usr/local/lib/python3.8/dist-packages (from pandas) (2.8.2)
Requirement already satisfied: pytz>=2020.1 in /usr/local/lib/python3.8/dist-packages (from pandas) (2023.3.post1)
Requirement already satisfied: tzdata>=2022.1 in /usr/local/lib/python3.8/dist-packages (from pandas) (2023.3)
Requirement already satisfied: numpy>=1.20.3 in /usr/local/lib/python3.8/dist-packages (from pandas) (1.24.4)
Requirement already satisfied: redis==3.4.1 in /usr/local/lib/python3.8/dist-packages (from direct-redis) (3.4.1)
Requirement already satisfied: six>=1.5 in /usr/local/lib/python3.8/dist-packages (from python-dateutil>=2.8.2->pandas) (1.16.0)
[33mWARNING: Running pip as the 'root' user can result in broken permissions and conflicting behaviour with the system package manager. It is recommended to use a virtual environment instead: https://pip.pypa.io/warnings/venv[0m[33m
[0mRunning /platform/source/s01/v4_3.5/m00002222/m00002222_q21_t0.sh
/platform/source/s01/v4_3.5/m00002222/m00002222_q21_t0.sh: line 4: sudo: command not found
/platform/source/s01/v4_3.5/m00002222/m00002222_q21_t0.sh: line 7: sudo: command not found
Requirement already satisfied: pymysql in /usr/local/lib/python3.8/dist-packages (1.1.0)
Requirement already satisfied: pandas in /usr/local/lib/python3.8/dist-packages (2.0.3)
Requirement already satisfied: python-dateutil>=2.8.2 in /usr/local/lib/python3.8/dist-packages (from pandas) (2.8.2)
Requirement already satisfied: pytz>=2020.1 in /usr/local/lib/python3.8/dist-packages (from pandas) (2023.3.post1)
Requirement already satisfied: tzdata>=2022.1 in /usr/local/lib/python3.8/dist-packages (from pandas) (2023.3)
Requirement already satisfied: numpy>=1.20.3 in /usr/local/lib/python3.8/dist-packages (from pandas) (1.24.4)
Requirement already satisfied: six>=1.5 in /usr/local/lib/python3.8/dist-packages (from python-dateutil>=2.8.2->pandas) (1.16.0)
[33mWARNING: Running pip as the 'root' user can result in broken permissions and conflicting behaviour with the system package manager. It is recommended to use a virtual environment instead: https://pip.pypa.io/warnings/venv[0m[33m
[0mRequirement already satisfied: direct_redis in /usr/local/lib/python3.8/dist-packages (0.3.1)
Requirement already satisfied: redis==3.4.1 in /usr/local/lib/python3.8/dist-packages (from direct_redis) (3.4.1)
[33mWARNING: Running pip as the 'root' user can result in broken permissions and conflicting behaviour with the system package manager. It is recommended to use a virtual environment instead: https://pip.pypa.io/warnings/venv[0m[33m
[0mRunning /platform/source/s01/v4_3.5/m00002222/m00002222_q22_t0.sh
/platform/source/s01/v4_3.5/m00002222/m00002222_q22_t0.sh: line 4: sudo: command not found
/platform/source/s01/v4_3.5/m00002222/m00002222_q22_t0.sh: line 7: sudo: command not found
Requirement already satisfied: pandas in /usr/local/lib/python3.8/dist-packages (2.0.3)
Requirement already satisfied: python-dateutil>=2.8.2 in /usr/local/lib/python3.8/dist-packages (from pandas) (2.8.2)
Requirement already satisfied: pytz>=2020.1 in /usr/local/lib/python3.8/dist-packages (from pandas) (2023.3.post1)
Requirement already satisfied: tzdata>=2022.1 in /usr/local/lib/python3.8/dist-packages (from pandas) (2023.3)
Requirement already satisfied: numpy>=1.20.3 in /usr/local/lib/python3.8/dist-packages (from pandas) (1.24.4)
Requirement already satisfied: six>=1.5 in /usr/local/lib/python3.8/dist-packages (from python-dateutil>=2.8.2->pandas) (1.16.0)
[33mWARNING: Running pip as the 'root' user can result in broken permissions and conflicting behaviour with the system package manager. It is recommended to use a virtual environment instead: https://pip.pypa.io/warnings/venv[0m[33m
[0mCollecting git+https://github.com/hmartinez/direct_redis
  Cloning https://github.com/hmartinez/direct_redis to /tmp/pip-req-build-369gh6bc
[31m  ERROR: Error [Errno 2] No such file or directory: 'git' while executing command git version[0m[31m
[0m[31mERROR: Cannot find command 'git' - do you have 'git' installed and in your PATH?[0m[31m
[0mchmod: cannot access 'query_redis.py': No such file or directory
python3: can't open file 'query_redis.py': [Errno 2] No such file or directory
Running /platform/source/s01/v4_3.5/m00002222/m00002222_q2_t0.sh
/platform/source/s01/v4_3.5/m00002222/m00002222_q2_t0.sh: line 4: sudo: command not found
/platform/source/s01/v4_3.5/m00002222/m00002222_q2_t0.sh: line 5: sudo: command not found
Requirement already satisfied: pymysql in /usr/local/lib/python3.8/dist-packages (1.1.0)
Requirement already satisfied: pandas in /usr/local/lib/python3.8/dist-packages (2.0.3)
Requirement already satisfied: redis in /usr/local/lib/python3.8/dist-packages (3.4.1)
Requirement already satisfied: python-dateutil>=2.8.2 in /usr/local/lib/python3.8/dist-packages (from pandas) (2.8.2)
Requirement already satisfied: pytz>=2020.1 in /usr/local/lib/python3.8/dist-packages (from pandas) (2023.3.post1)
Requirement already satisfied: tzdata>=2022.1 in /usr/local/lib/python3.8/dist-packages (from pandas) (2023.3)
Requirement already satisfied: numpy>=1.20.3 in /usr/local/lib/python3.8/dist-packages (from pandas) (1.24.4)
Requirement already satisfied: six>=1.5 in /usr/local/lib/python3.8/dist-packages (from python-dateutil>=2.8.2->pandas) (1.16.0)
[33mWARNING: Running pip as the 'root' user can result in broken permissions and conflicting behaviour with the system package manager. It is recommended to use a virtual environment instead: https://pip.pypa.io/warnings/venv[0m[33m
[0mRunning /platform/source/s01/v4_3.5/m00002222/m00002222_q3_t0.sh
0% [Working]            Hit:1 http://ports.ubuntu.com/ubuntu-ports focal InRelease
0% [Working]0% [Waiting for headers]                        Hit:2 http://ports.ubuntu.com/ubuntu-ports focal-updates InRelease
                        0% [Working]0% [Waiting for headers]                        Hit:3 http://ports.ubuntu.com/ubuntu-ports focal-backports InRelease
                        0% [Working]0% [Waiting for headers]                        Hit:4 http://ports.ubuntu.com/ubuntu-ports focal-security InRelease
                        0% [Working]20% [Working]             Reading package lists... 0%Reading package lists... 0%Reading package lists... 0%Reading package lists... 6%Reading package lists... 6%Reading package lists... 6%Reading package lists... 6%Reading package lists... 61%Reading package lists... 61%Reading package lists... 61%Reading package lists... 61%Reading package lists... 75%Reading package lists... 75%Reading package lists... 75%Reading package lists... 75%Reading package lists... 82%Reading package lists... 82%Reading package lists... 82%Reading package lists... 82%Reading package lists... 82%Reading package lists... 82%Reading package lists... 82%Reading package lists... 82%Reading package lists... 94%Reading package lists... 94%Reading package lists... 94%Reading package lists... 94%Reading package lists... 99%Reading package lists... 99%Reading package lists... 99%Reading package lists... 99%Reading package lists... Done
Reading package lists... 0%Reading package lists... 0%Reading package lists... 0%Reading package lists... 6%Reading package lists... 6%Reading package lists... 6%Reading package lists... 6%Reading package lists... 61%Reading package lists... 61%Reading package lists... 61%Reading package lists... 61%Reading package lists... 75%Reading package lists... 75%Reading package lists... 75%Reading package lists... 75%Reading package lists... 82%Reading package lists... 82%Reading package lists... 82%Reading package lists... 82%Reading package lists... 82%Reading package lists... 82%Reading package lists... 82%Reading package lists... 82%Reading package lists... 94%Reading package lists... 94%Reading package lists... 94%Reading package lists... 94%Reading package lists... 99%Reading package lists... 99%Reading package lists... 99%Reading package lists... 99%Reading package lists... Done
Building dependency tree... 0%Building dependency tree... 0%Building dependency tree... 50%Building dependency tree... 50%Building dependency tree       
Reading state information... 0%Reading state information... 0%Reading state information... Done
python3 is already the newest version (3.8.2-0ubuntu2).
0 upgraded, 0 newly installed, 0 to remove and 0 not upgraded.
Reading package lists... 0%Reading package lists... 0%Reading package lists... 0%Reading package lists... 6%Reading package lists... 6%Reading package lists... 6%Reading package lists... 6%Reading package lists... 61%Reading package lists... 61%Reading package lists... 61%Reading package lists... 61%Reading package lists... 75%Reading package lists... 75%Reading package lists... 75%Reading package lists... 75%Reading package lists... 82%Reading package lists... 82%Reading package lists... 82%Reading package lists... 82%Reading package lists... 82%Reading package lists... 82%Reading package lists... 82%Reading package lists... 82%Reading package lists... 94%Reading package lists... 94%Reading package lists... 94%Reading package lists... 94%Reading package lists... 99%Reading package lists... 99%Reading package lists... 99%Reading package lists... 99%Reading package lists... Done
Building dependency tree... 0%Building dependency tree... 0%Building dependency tree... 50%Building dependency tree... 50%Building dependency tree       
Reading state information... 0%Reading state information... 0%Reading state information... Done
python3-pip is already the newest version (20.0.2-5ubuntu1.10).
0 upgraded, 0 newly installed, 0 to remove and 0 not upgraded.
Requirement already satisfied: pandas in /usr/local/lib/python3.8/dist-packages (2.0.3)
Requirement already satisfied: python-dateutil>=2.8.2 in /usr/local/lib/python3.8/dist-packages (from pandas) (2.8.2)
Requirement already satisfied: pytz>=2020.1 in /usr/local/lib/python3.8/dist-packages (from pandas) (2023.3.post1)
Requirement already satisfied: tzdata>=2022.1 in /usr/local/lib/python3.8/dist-packages (from pandas) (2023.3)
Requirement already satisfied: numpy>=1.20.3 in /usr/local/lib/python3.8/dist-packages (from pandas) (1.24.4)
Requirement already satisfied: six>=1.5 in /usr/local/lib/python3.8/dist-packages (from python-dateutil>=2.8.2->pandas) (1.16.0)
[33mWARNING: Running pip as the 'root' user can result in broken permissions and conflicting behaviour with the system package manager. It is recommended to use a virtual environment instead: https://pip.pypa.io/warnings/venv[0m[33m
[0mRequirement already satisfied: direct_redis in /usr/local/lib/python3.8/dist-packages (0.3.1)
Requirement already satisfied: redis==3.4.1 in /usr/local/lib/python3.8/dist-packages (from direct_redis) (3.4.1)
[33mWARNING: Running pip as the 'root' user can result in broken permissions and conflicting behaviour with the system package manager. It is recommended to use a virtual environment instead: https://pip.pypa.io/warnings/venv[0m[33m
[0mRunning /platform/source/s01/v4_3.5/m00002222/m00002222_q4_t0.sh
0% [Working]            Hit:1 http://ports.ubuntu.com/ubuntu-ports focal InRelease
0% [Working]0% [Waiting for headers]                        Hit:2 http://ports.ubuntu.com/ubuntu-ports focal-updates InRelease
                        0% [Working]0% [Waiting for headers]                        Hit:3 http://ports.ubuntu.com/ubuntu-ports focal-backports InRelease
                        0% [Working]0% [Waiting for headers]                        Hit:4 http://ports.ubuntu.com/ubuntu-ports focal-security InRelease
                        0% [Working]20% [Working]             Reading package lists... 0%Reading package lists... 0%Reading package lists... 0%Reading package lists... 6%Reading package lists... 6%Reading package lists... 6%Reading package lists... 6%Reading package lists... 61%Reading package lists... 61%Reading package lists... 61%Reading package lists... 61%Reading package lists... 75%Reading package lists... 75%Reading package lists... 75%Reading package lists... 75%Reading package lists... 82%Reading package lists... 82%Reading package lists... 82%Reading package lists... 82%Reading package lists... 82%Reading package lists... 82%Reading package lists... 82%Reading package lists... 82%Reading package lists... 94%Reading package lists... 94%Reading package lists... 94%Reading package lists... 94%Reading package lists... 99%Reading package lists... 99%Reading package lists... 99%Reading package lists... 99%Reading package lists... Done
Reading package lists... 0%Reading package lists... 0%Reading package lists... 0%Reading package lists... 6%Reading package lists... 6%Reading package lists... 6%Reading package lists... 6%Reading package lists... 61%Reading package lists... 61%Reading package lists... 61%Reading package lists... 61%Reading package lists... 75%Reading package lists... 75%Reading package lists... 75%Reading package lists... 75%Reading package lists... 82%Reading package lists... 82%Reading package lists... 82%Reading package lists... 82%Reading package lists... 82%Reading package lists... 82%Reading package lists... 82%Reading package lists... 82%Reading package lists... 94%Reading package lists... 94%Reading package lists... 94%Reading package lists... 94%Reading package lists... 99%Reading package lists... 99%Reading package lists... 99%Reading package lists... 99%Reading package lists... Done
Building dependency tree... 0%Building dependency tree... 0%Building dependency tree... 50%Building dependency tree... 50%Building dependency tree       
Reading state information... 0%Reading state information... 0%Reading state information... Done
python3-pip is already the newest version (20.0.2-5ubuntu1.10).
0 upgraded, 0 newly installed, 0 to remove and 0 not upgraded.
Requirement already satisfied: pandas in /usr/local/lib/python3.8/dist-packages (2.0.3)
Requirement already satisfied: python-dateutil>=2.8.2 in /usr/local/lib/python3.8/dist-packages (from pandas) (2.8.2)
Requirement already satisfied: pytz>=2020.1 in /usr/local/lib/python3.8/dist-packages (from pandas) (2023.3.post1)
Requirement already satisfied: tzdata>=2022.1 in /usr/local/lib/python3.8/dist-packages (from pandas) (2023.3)
Requirement already satisfied: numpy>=1.20.3 in /usr/local/lib/python3.8/dist-packages (from pandas) (1.24.4)
Requirement already satisfied: six>=1.5 in /usr/local/lib/python3.8/dist-packages (from python-dateutil>=2.8.2->pandas) (1.16.0)
[33mWARNING: Running pip as the 'root' user can result in broken permissions and conflicting behaviour with the system package manager. It is recommended to use a virtual environment instead: https://pip.pypa.io/warnings/venv[0m[33m
[0mRequirement already satisfied: direct-redis in /usr/local/lib/python3.8/dist-packages (0.3.1)
Requirement already satisfied: redis==3.4.1 in /usr/local/lib/python3.8/dist-packages (from direct-redis) (3.4.1)
[33mWARNING: Running pip as the 'root' user can result in broken permissions and conflicting behaviour with the system package manager. It is recommended to use a virtual environment instead: https://pip.pypa.io/warnings/venv[0m[33m
[0mRunning /platform/source/s01/v4_3.5/m00002222/m00002222_q5_t0.sh
/platform/source/s01/v4_3.5/m00002222/m00002222_q5_t0.sh: line 4: sudo: command not found
/platform/source/s01/v4_3.5/m00002222/m00002222_q5_t0.sh: line 7: sudo: command not found
Requirement already satisfied: pymysql in /usr/local/lib/python3.8/dist-packages (1.1.0)
Requirement already satisfied: pandas in /usr/local/lib/python3.8/dist-packages (2.0.3)
Requirement already satisfied: redis in /usr/local/lib/python3.8/dist-packages (3.4.1)
Requirement already satisfied: python-dateutil>=2.8.2 in /usr/local/lib/python3.8/dist-packages (from pandas) (2.8.2)
Requirement already satisfied: pytz>=2020.1 in /usr/local/lib/python3.8/dist-packages (from pandas) (2023.3.post1)
Requirement already satisfied: tzdata>=2022.1 in /usr/local/lib/python3.8/dist-packages (from pandas) (2023.3)
Requirement already satisfied: numpy>=1.20.3 in /usr/local/lib/python3.8/dist-packages (from pandas) (1.24.4)
Requirement already satisfied: six>=1.5 in /usr/local/lib/python3.8/dist-packages (from python-dateutil>=2.8.2->pandas) (1.16.0)
[33mWARNING: Running pip as the 'root' user can result in broken permissions and conflicting behaviour with the system package manager. It is recommended to use a virtual environment instead: https://pip.pypa.io/warnings/venv[0m[33m
[0mCollecting git+https://github.com/NoneGG/direct_redis.git
  Cloning https://github.com/NoneGG/direct_redis.git to /tmp/pip-req-build-q8awb9s9
[31m  ERROR: Error [Errno 2] No such file or directory: 'git' while executing command git version[0m[31m
[0m[31mERROR: Cannot find command 'git' - do you have 'git' installed and in your PATH?[0m[31m
[0mRunning /platform/source/s01/v4_3.5/m00002222/m00002222_q6_t0.sh
Running /platform/source/s01/v4_3.5/m00002222/m00002222_q7_t0.sh
0% [Working]            Hit:1 http://ports.ubuntu.com/ubuntu-ports focal InRelease
0% [Working]0% [Waiting for headers]                        Hit:2 http://ports.ubuntu.com/ubuntu-ports focal-updates InRelease
                        0% [Working]0% [Waiting for headers]                        Hit:3 http://ports.ubuntu.com/ubuntu-ports focal-backports InRelease
                        0% [Working]0% [Waiting for headers]                        Hit:4 http://ports.ubuntu.com/ubuntu-ports focal-security InRelease
                        0% [Working]20% [Working]             Reading package lists... 0%Reading package lists... 0%Reading package lists... 0%Reading package lists... 6%Reading package lists... 6%Reading package lists... 6%Reading package lists... 6%Reading package lists... 61%Reading package lists... 61%Reading package lists... 61%Reading package lists... 61%Reading package lists... 75%Reading package lists... 75%Reading package lists... 75%Reading package lists... 75%Reading package lists... 82%Reading package lists... 82%Reading package lists... 82%Reading package lists... 82%Reading package lists... 82%Reading package lists... 82%Reading package lists... 82%Reading package lists... 82%Reading package lists... 94%Reading package lists... 94%Reading package lists... 94%Reading package lists... 94%Reading package lists... 99%Reading package lists... 99%Reading package lists... 99%Reading package lists... 99%Reading package lists... Done
Reading package lists... 0%Reading package lists... 0%Reading package lists... 0%Reading package lists... 6%Reading package lists... 6%Reading package lists... 6%Reading package lists... 6%Reading package lists... 61%Reading package lists... 61%Reading package lists... 61%Reading package lists... 61%Reading package lists... 75%Reading package lists... 75%Reading package lists... 75%Reading package lists... 75%Reading package lists... 82%Reading package lists... 82%Reading package lists... 82%Reading package lists... 82%Reading package lists... 82%Reading package lists... 82%Reading package lists... 82%Reading package lists... 82%Reading package lists... 94%Reading package lists... 94%Reading package lists... 94%Reading package lists... 94%Reading package lists... 99%Reading package lists... 99%Reading package lists... 99%Reading package lists... 99%Reading package lists... Done
Building dependency tree... 0%Building dependency tree... 0%Building dependency tree... 50%Building dependency tree... 50%Building dependency tree       
Reading state information... 0%Reading state information... 0%Reading state information... Done
Calculating upgrade... 0%Calculating upgrade... 50%Calculating upgrade... Done
0 upgraded, 0 newly installed, 0 to remove and 0 not upgraded.
Reading package lists... 0%Reading package lists... 0%Reading package lists... 0%Reading package lists... 6%Reading package lists... 6%Reading package lists... 6%Reading package lists... 6%Reading package lists... 61%Reading package lists... 61%Reading package lists... 61%Reading package lists... 61%Reading package lists... 75%Reading package lists... 75%Reading package lists... 75%Reading package lists... 75%Reading package lists... 82%Reading package lists... 82%Reading package lists... 82%Reading package lists... 82%Reading package lists... 82%Reading package lists... 82%Reading package lists... 82%Reading package lists... 82%Reading package lists... 94%Reading package lists... 94%Reading package lists... 94%Reading package lists... 94%Reading package lists... 99%Reading package lists... 99%Reading package lists... 99%Reading package lists... 99%Reading package lists... Done
Building dependency tree... 0%Building dependency tree... 0%Building dependency tree... 50%Building dependency tree... 50%Building dependency tree       
Reading state information... 0%Reading state information... 0%Reading state information... Done
python3-dev is already the newest version (3.8.2-0ubuntu2).
python3-dev set to manually installed.
python3-pip is already the newest version (20.0.2-5ubuntu1.10).
0 upgraded, 0 newly installed, 0 to remove and 0 not upgraded.
Requirement already satisfied: pymysql in /usr/local/lib/python3.8/dist-packages (1.1.0)
Requirement already satisfied: pandas in /usr/local/lib/python3.8/dist-packages (2.0.3)
Requirement already satisfied: redis in /usr/local/lib/python3.8/dist-packages (3.4.1)
Requirement already satisfied: direct-redis in /usr/local/lib/python3.8/dist-packages (0.3.1)
Requirement already satisfied: python-dateutil>=2.8.2 in /usr/local/lib/python3.8/dist-packages (from pandas) (2.8.2)
Requirement already satisfied: pytz>=2020.1 in /usr/local/lib/python3.8/dist-packages (from pandas) (2023.3.post1)
Requirement already satisfied: tzdata>=2022.1 in /usr/local/lib/python3.8/dist-packages (from pandas) (2023.3)
Requirement already satisfied: numpy>=1.20.3 in /usr/local/lib/python3.8/dist-packages (from pandas) (1.24.4)
Requirement already satisfied: six>=1.5 in /usr/local/lib/python3.8/dist-packages (from python-dateutil>=2.8.2->pandas) (1.16.0)
[33mWARNING: Running pip as the 'root' user can result in broken permissions and conflicting behaviour with the system package manager. It is recommended to use a virtual environment instead: https://pip.pypa.io/warnings/venv[0m[33m
[0mRunning /platform/source/s01/v4_3.5/m00002222/m00002222_q8_t0.sh
/platform/source/s01/v4_3.5/m00002222/m00002222_q8_t0.sh: line 4: sudo: command not found
/platform/source/s01/v4_3.5/m00002222/m00002222_q8_t0.sh: line 5: sudo: command not found
Requirement already satisfied: pymysql in /usr/local/lib/python3.8/dist-packages (1.1.0)
Requirement already satisfied: pandas in /usr/local/lib/python3.8/dist-packages (2.0.3)
Requirement already satisfied: python-dateutil>=2.8.2 in /usr/local/lib/python3.8/dist-packages (from pandas) (2.8.2)
Requirement already satisfied: pytz>=2020.1 in /usr/local/lib/python3.8/dist-packages (from pandas) (2023.3.post1)
Requirement already satisfied: tzdata>=2022.1 in /usr/local/lib/python3.8/dist-packages (from pandas) (2023.3)
Requirement already satisfied: numpy>=1.20.3 in /usr/local/lib/python3.8/dist-packages (from pandas) (1.24.4)
Requirement already satisfied: six>=1.5 in /usr/local/lib/python3.8/dist-packages (from python-dateutil>=2.8.2->pandas) (1.16.0)
[33mWARNING: Running pip as the 'root' user can result in broken permissions and conflicting behaviour with the system package manager. It is recommended to use a virtual environment instead: https://pip.pypa.io/warnings/venv[0m[33m
[0m/platform/source/s01/v4_3.5/m00002222/m00002222_q8_t0.sh: line 15: git: command not found
/platform/source/s01/v4_3.5/m00002222/m00002222_q8_t0.sh: line 16: cd: direct_redis: No such file or directory
python3: can't open file 'setup.py': [Errno 2] No such file or directory
Running /platform/source/s01/v4_3.5/m00002222/m00002222_q9_t0.sh
/platform/source/s01/v4_3.5/m00002222/m00002222_q9_t0.sh: line 4: sudo: command not found
/platform/source/s01/v4_3.5/m00002222/m00002222_q9_t0.sh: line 5: sudo: command not found
Requirement already satisfied: pymysql in /usr/local/lib/python3.8/dist-packages (1.1.0)
Requirement already satisfied: pandas in /usr/local/lib/python3.8/dist-packages (2.0.3)
Requirement already satisfied: direct_redis in /usr/local/lib/python3.8/dist-packages (0.3.1)
Requirement already satisfied: python-dateutil>=2.8.2 in /usr/local/lib/python3.8/dist-packages (from pandas) (2.8.2)
Requirement already satisfied: pytz>=2020.1 in /usr/local/lib/python3.8/dist-packages (from pandas) (2023.3.post1)
Requirement already satisfied: tzdata>=2022.1 in /usr/local/lib/python3.8/dist-packages (from pandas) (2023.3)
Requirement already satisfied: numpy>=1.20.3 in /usr/local/lib/python3.8/dist-packages (from pandas) (1.24.4)
Requirement already satisfied: redis==3.4.1 in /usr/local/lib/python3.8/dist-packages (from direct_redis) (3.4.1)
Requirement already satisfied: six>=1.5 in /usr/local/lib/python3.8/dist-packages (from python-dateutil>=2.8.2->pandas) (1.16.0)
[33mWARNING: Running pip as the 'root' user can result in broken permissions and conflicting behaviour with the system package manager. It is recommended to use a virtual environment instead: https://pip.pypa.io/warnings/venv[0m[33m
[0mpython /dbknitter/dbknitter/grader.py /platform/source/s01/v4_3.5/m00002222/m00002222_q10_t0.py /platform/output/s01/v4_3.5/m00002222/m00002222_q10_t0.csv /platform/expected/s01/q10.csv
Traceback (most recent call last):
  File "/platform/source/s01/v4_3.5/m00002222/m00002222_q10_t0.py", line 28, in <module>
    df_customer = pd.read_json(r.get('customer'))
  File "/usr/local/lib/python3.8/dist-packages/direct_redis/direct_redis.py", line 22, in get
    encoded = super().get(key)
  File "/usr/local/lib/python3.8/dist-packages/redis/client.py", line 1579, in get
    return self.execute_command('GET', name)
  File "/usr/local/lib/python3.8/dist-packages/redis/client.py", line 878, in execute_command
    return self.parse_response(conn, command_name, **options)
  File "/usr/local/lib/python3.8/dist-packages/redis/client.py", line 892, in parse_response
    response = connection.read_response()
  File "/usr/local/lib/python3.8/dist-packages/redis/connection.py", line 734, in read_response
    response = self._parser.read_response()
  File "/usr/local/lib/python3.8/dist-packages/redis/connection.py", line 358, in read_response
    response = self.encoder.decode(response)
  File "/usr/local/lib/python3.8/dist-packages/redis/connection.py", line 129, in decode
    value = value.decode(self.encoding, self.encoding_errors)
UnicodeDecodeError: 'utf-8' codec can't decode byte 0x80 in position 0: invalid start byte
Score.fail_execute
python /dbknitter/dbknitter/grader.py /platform/source/s01/v4_3.5/m00002222/m00002222_q11_t0.py /platform/output/s01/v4_3.5/m00002222/m00002222_q11_t0.csv /platform/expected/s01/q11.csv
Traceback (most recent call last):
  File "/platform/source/s01/v4_3.5/m00002222/m00002222_q11_t0.py", line 21, in <module>
    partsupp_df = pd.read_json(partsupp_data)
  File "/usr/local/lib/python3.8/dist-packages/pandas/io/json/_json.py", line 760, in read_json
    json_reader = JsonReader(
  File "/usr/local/lib/python3.8/dist-packages/pandas/io/json/_json.py", line 861, in __init__
    data = self._get_data_from_filepath(filepath_or_buffer)
  File "/usr/local/lib/python3.8/dist-packages/pandas/io/json/_json.py", line 901, in _get_data_from_filepath
    self.handles = get_handle(
  File "/usr/local/lib/python3.8/dist-packages/pandas/io/common.py", line 707, in get_handle
    if _is_binary_mode(path_or_buf, mode) and "b" not in mode:
  File "/usr/local/lib/python3.8/dist-packages/pandas/io/common.py", line 1167, in _is_binary_mode
    return isinstance(handle, _get_binary_io_classes()) or "b" in getattr(
TypeError: argument of type 'method' is not iterable
Score.fail_execute
python /dbknitter/dbknitter/grader.py /platform/source/s01/v4_3.5/m00002222/m00002222_q12_t0.py /platform/output/s01/v4_3.5/m00002222/m00002222_q12_t0.csv /platform/expected/s01/q12.csv
Traceback (most recent call last):
  File "/platform/source/s01/v4_3.5/m00002222/m00002222_q12_t0.py", line 8, in <module>
    orders = pd.read_json(redis_client.get('orders'))
  File "/usr/local/lib/python3.8/dist-packages/pandas/io/json/_json.py", line 760, in read_json
    json_reader = JsonReader(
  File "/usr/local/lib/python3.8/dist-packages/pandas/io/json/_json.py", line 861, in __init__
    data = self._get_data_from_filepath(filepath_or_buffer)
  File "/usr/local/lib/python3.8/dist-packages/pandas/io/json/_json.py", line 901, in _get_data_from_filepath
    self.handles = get_handle(
  File "/usr/local/lib/python3.8/dist-packages/pandas/io/common.py", line 707, in get_handle
    if _is_binary_mode(path_or_buf, mode) and "b" not in mode:
  File "/usr/local/lib/python3.8/dist-packages/pandas/io/common.py", line 1167, in _is_binary_mode
    return isinstance(handle, _get_binary_io_classes()) or "b" in getattr(
TypeError: argument of type 'method' is not iterable
Score.fail_execute
python /dbknitter/dbknitter/grader.py /platform/source/s01/v4_3.5/m00002222/m00002222_q13_t0.py /platform/output/s01/v4_3.5/m00002222/m00002222_q13_t0.csv /platform/expected/s01/q13.csv
Traceback (most recent call last):
  File "/platform/source/s01/v4_3.5/m00002222/m00002222_q13_t0.py", line 41, in <module>
    main()
  File "/platform/source/s01/v4_3.5/m00002222/m00002222_q13_t0.py", line 19, in main
    customer_df = fetch_data_from_redis(redis_conn, 'customer')
  File "/platform/source/s01/v4_3.5/m00002222/m00002222_q13_t0.py", line 9, in fetch_data_from_redis
    if data_str:
  File "/usr/local/lib/python3.8/dist-packages/pandas/core/generic.py", line 1466, in __nonzero__
    raise ValueError(
ValueError: The truth value of a DataFrame is ambiguous. Use a.empty, a.bool(), a.item(), a.any() or a.all().
Score.fail_execute
python /dbknitter/dbknitter/grader.py /platform/source/s01/v4_3.5/m00002222/m00002222_q14_t0.py /platform/output/s01/v4_3.5/m00002222/m00002222_q14_t0.csv /platform/expected/s01/q14.csv
/platform/source/s01/v4_3.5/m00002222/m00002222_q14_t0.py:18: UserWarning: pandas only supports SQLAlchemy connectable (engine/connection) or database string URI or sqlite3 DBAPI2 connection. Other DBAPI2 objects are not tested. Please consider using SQLAlchemy.
  parts_df = pd.read_sql(mysql_query, mysql_conn)
Traceback (most recent call last):
  File "/platform/source/s01/v4_3.5/m00002222/m00002222_q14_t0.py", line 37, in <module>
    lineitem_df = get_redis_data()
  File "/platform/source/s01/v4_3.5/m00002222/m00002222_q14_t0.py", line 29, in get_redis_data
    lineitem_df = pd.read_json(redis_conn.get('lineitem'), orient='records')
  File "/usr/local/lib/python3.8/dist-packages/pandas/io/json/_json.py", line 760, in read_json
    json_reader = JsonReader(
  File "/usr/local/lib/python3.8/dist-packages/pandas/io/json/_json.py", line 861, in __init__
    data = self._get_data_from_filepath(filepath_or_buffer)
  File "/usr/local/lib/python3.8/dist-packages/pandas/io/json/_json.py", line 901, in _get_data_from_filepath
    self.handles = get_handle(
  File "/usr/local/lib/python3.8/dist-packages/pandas/io/common.py", line 707, in get_handle
    if _is_binary_mode(path_or_buf, mode) and "b" not in mode:
  File "/usr/local/lib/python3.8/dist-packages/pandas/io/common.py", line 1167, in _is_binary_mode
    return isinstance(handle, _get_binary_io_classes()) or "b" in getattr(
TypeError: argument of type 'method' is not iterable
Score.fail_execute
python /dbknitter/dbknitter/grader.py /platform/source/s01/v4_3.5/m00002222/m00002222_q15_t0.py /platform/output/s01/v4_3.5/m00002222/m00002222_q15_t0.csv /platform/expected/s01/q15.csv
/platform/source/s01/v4_3.5/m00002222/m00002222_q15_t0.py:14: UserWarning: pandas only supports SQLAlchemy connectable (engine/connection) or database string URI or sqlite3 DBAPI2 connection. Other DBAPI2 objects are not tested. Please consider using SQLAlchemy.
  return pd.read_sql(query, connection)
>>> Expected ((1, 5))
               S_ADDRESS              S_NAME          S_PHONE  S_SUPPKEY  TOTAL_REVENUE
0  8mhrffG7D2WJBSQbOGstQ  Supplier#000000677  23-290-639-3315        677   1.614410e+06

>>> Actual ((1, 6))
   L_SUPPKEY              S_ADDRESS              S_NAME          S_PHONE  S_SUPPKEY  TOTAL_REVENUE
0        677  8mhrffG7D2WJBSQbOGstQ  Supplier#000000677  23-290-639-3315        677   1.614410e+06

Score.fail_wrong_output
python /dbknitter/dbknitter/grader.py /platform/source/s01/v4_3.5/m00002222/m00002222_q16_t0.py /platform/output/s01/v4_3.5/m00002222/m00002222_q16_t0.csv /platform/expected/s01/q16.csv
/platform/source/s01/v4_3.5/m00002222/m00002222_q16_t0.py:21: UserWarning: pandas only supports SQLAlchemy connectable (engine/connection) or database string URI or sqlite3 DBAPI2 connection. Other DBAPI2 objects are not tested. Please consider using SQLAlchemy.
  part_df = pd.read_sql(part_query, mysql_connection)
/platform/source/s01/v4_3.5/m00002222/m00002222_q16_t0.py:27: UserWarning: pandas only supports SQLAlchemy connectable (engine/connection) or database string URI or sqlite3 DBAPI2 connection. Other DBAPI2 objects are not tested. Please consider using SQLAlchemy.
  supplier_df = pd.read_sql(supplier_query, mysql_connection)
>>> Expected ((2762, 4))
       P_BRAND  P_SIZE                  P_TYPE  SUPPLIER_CNT
0     Brand#14      45   SMALL ANODIZED NICKEL            12
1     Brand#22      19   SMALL BURNISHED BRASS            12
2     Brand#25      14   PROMO POLISHED COPPER            12
3     Brand#35      45    LARGE ANODIZED STEEL            12
4     Brand#35       9    PROMO BRUSHED COPPER            12
...        ...     ...                     ...           ...
2757  Brand#22      19     PROMO BRUSHED BRASS             3
2758  Brand#22      14  PROMO BURNISHED COPPER             3
2759  Brand#43      23  STANDARD BRUSHED BRASS             3
2760  Brand#44       9  MEDIUM ANODIZED NICKEL             3
2761  Brand#53      49  MEDIUM BURNISHED BRASS             3

[2762 rows x 4 columns]

>>> Actual ((2762, 4))
       P_BRAND  P_SIZE                  P_TYPE  SUPPLIER_CNT
0     Brand#14      45   SMALL ANODIZED NICKEL            12
1     Brand#22      19   SMALL BURNISHED BRASS            12
2     Brand#25      14   PROMO POLISHED COPPER            12
3     Brand#35      45    LARGE ANODIZED STEEL            12
4     Brand#35       9    PROMO BRUSHED COPPER            12
...        ...     ...                     ...           ...
2757  Brand#22      19     PROMO BRUSHED BRASS             3
2758  Brand#22      14  PROMO BURNISHED COPPER             3
2759  Brand#43      23  STANDARD BRUSHED BRASS             3
2760  Brand#44       9  MEDIUM ANODIZED NICKEL             3
2761  Brand#53      49  MEDIUM BURNISHED BRASS             3

[2762 rows x 4 columns]

Score.success
python /dbknitter/dbknitter/grader.py /platform/source/s01/v4_3.5/m00002222/m00002222_q17_t0.py /platform/output/s01/v4_3.5/m00002222/m00002222_q17_t0.csv /platform/expected/s01/q17.csv
Traceback (most recent call last):
  File "/platform/source/s01/v4_3.5/m00002222/m00002222_q17_t0.py", line 28, in <module>
    lineitem_df = pd.DataFrame(eval(redis_conn.get('lineitem')))
TypeError: eval() arg 1 must be a string, bytes or code object
Score.fail_execute
python /dbknitter/dbknitter/grader.py /platform/source/s01/v4_3.5/m00002222/m00002222_q18_t0.py /platform/output/s01/v4_3.5/m00002222/m00002222_q18_t0.csv /platform/expected/s01/q18.csv
Traceback (most recent call last):
  File "/platform/source/s01/v4_3.5/m00002222/m00002222_q18_t0.py", line 11, in <module>
    df_customer = pd.read_json(r.get('customer'))
  File "/usr/local/lib/python3.8/dist-packages/pandas/io/json/_json.py", line 760, in read_json
    json_reader = JsonReader(
  File "/usr/local/lib/python3.8/dist-packages/pandas/io/json/_json.py", line 861, in __init__
    data = self._get_data_from_filepath(filepath_or_buffer)
  File "/usr/local/lib/python3.8/dist-packages/pandas/io/json/_json.py", line 901, in _get_data_from_filepath
    self.handles = get_handle(
  File "/usr/local/lib/python3.8/dist-packages/pandas/io/common.py", line 707, in get_handle
    if _is_binary_mode(path_or_buf, mode) and "b" not in mode:
  File "/usr/local/lib/python3.8/dist-packages/pandas/io/common.py", line 1167, in _is_binary_mode
    return isinstance(handle, _get_binary_io_classes()) or "b" in getattr(
TypeError: argument of type 'method' is not iterable
Score.fail_execute
python /dbknitter/dbknitter/grader.py /platform/source/s01/v4_3.5/m00002222/m00002222_q19_t0.py /platform/output/s01/v4_3.5/m00002222/m00002222_q19_t0.csv /platform/expected/s01/q19.csv
/platform/source/s01/v4_3.5/m00002222/m00002222_q19_t0.py:24: UserWarning: pandas only supports SQLAlchemy connectable (engine/connection) or database string URI or sqlite3 DBAPI2 connection. Other DBAPI2 objects are not tested. Please consider using SQLAlchemy.
  part_df = pd.read_sql(part_sql_query, mysql_connection)
Traceback (most recent call last):
  File "/platform/source/s01/v4_3.5/m00002222/m00002222_q19_t0.py", line 31, in <module>
    lineitem_df = pd.read_json(lineitem)
  File "/usr/local/lib/python3.8/dist-packages/pandas/io/json/_json.py", line 760, in read_json
    json_reader = JsonReader(
  File "/usr/local/lib/python3.8/dist-packages/pandas/io/json/_json.py", line 861, in __init__
    data = self._get_data_from_filepath(filepath_or_buffer)
  File "/usr/local/lib/python3.8/dist-packages/pandas/io/json/_json.py", line 901, in _get_data_from_filepath
    self.handles = get_handle(
  File "/usr/local/lib/python3.8/dist-packages/pandas/io/common.py", line 707, in get_handle
    if _is_binary_mode(path_or_buf, mode) and "b" not in mode:
  File "/usr/local/lib/python3.8/dist-packages/pandas/io/common.py", line 1167, in _is_binary_mode
    return isinstance(handle, _get_binary_io_classes()) or "b" in getattr(
TypeError: argument of type 'method' is not iterable
Score.fail_execute
python /dbknitter/dbknitter/grader.py /platform/source/s01/v4_3.5/m00002222/m00002222_q1_t0.py /platform/output/s01/v4_3.5/m00002222/m00002222_q1_t0.csv /platform/expected/s01/q1.csv
Traceback (most recent call last):
  File "/platform/source/s01/v4_3.5/m00002222/m00002222_q1_t0.py", line 13, in <module>
    lineitem_df = pd.read_json(redis_client.get('lineitem'))
  File "/usr/local/lib/python3.8/dist-packages/pandas/io/json/_json.py", line 760, in read_json
    json_reader = JsonReader(
  File "/usr/local/lib/python3.8/dist-packages/pandas/io/json/_json.py", line 861, in __init__
    data = self._get_data_from_filepath(filepath_or_buffer)
  File "/usr/local/lib/python3.8/dist-packages/pandas/io/json/_json.py", line 901, in _get_data_from_filepath
    self.handles = get_handle(
  File "/usr/local/lib/python3.8/dist-packages/pandas/io/common.py", line 707, in get_handle
    if _is_binary_mode(path_or_buf, mode) and "b" not in mode:
  File "/usr/local/lib/python3.8/dist-packages/pandas/io/common.py", line 1167, in _is_binary_mode
    return isinstance(handle, _get_binary_io_classes()) or "b" in getattr(
TypeError: argument of type 'method' is not iterable
Score.fail_execute
python /dbknitter/dbknitter/grader.py /platform/source/s01/v4_3.5/m00002222/m00002222_q20_t0.py /platform/output/s01/v4_3.5/m00002222/m00002222_q20_t0.csv /platform/expected/s01/q20.csv
Traceback (most recent call last):
  File "/platform/source/s01/v4_3.5/m00002222/m00002222_q20_t0.py", line 24, in <module>
    partsupp_df = pd.read_json(redis_conn.get('partsupp'))
  File "/usr/local/lib/python3.8/dist-packages/pandas/io/json/_json.py", line 760, in read_json
    json_reader = JsonReader(
  File "/usr/local/lib/python3.8/dist-packages/pandas/io/json/_json.py", line 861, in __init__
    data = self._get_data_from_filepath(filepath_or_buffer)
  File "/usr/local/lib/python3.8/dist-packages/pandas/io/json/_json.py", line 901, in _get_data_from_filepath
    self.handles = get_handle(
  File "/usr/local/lib/python3.8/dist-packages/pandas/io/common.py", line 707, in get_handle
    if _is_binary_mode(path_or_buf, mode) and "b" not in mode:
  File "/usr/local/lib/python3.8/dist-packages/pandas/io/common.py", line 1167, in _is_binary_mode
    return isinstance(handle, _get_binary_io_classes()) or "b" in getattr(
TypeError: argument of type 'method' is not iterable
Score.fail_execute
python /dbknitter/dbknitter/grader.py /platform/source/s01/v4_3.5/m00002222/m00002222_q21_t0.py /platform/output/s01/v4_3.5/m00002222/m00002222_q21_t0.csv /platform/expected/s01/q21.csv
Traceback (most recent call last):
  File "/platform/source/s01/v4_3.5/m00002222/m00002222_q21_t0.py", line 36, in <module>
    orders_df = pd.read_json(redis_conn.get('orders'), orient='records')
  File "/usr/local/lib/python3.8/dist-packages/pandas/io/json/_json.py", line 760, in read_json
    json_reader = JsonReader(
  File "/usr/local/lib/python3.8/dist-packages/pandas/io/json/_json.py", line 861, in __init__
    data = self._get_data_from_filepath(filepath_or_buffer)
  File "/usr/local/lib/python3.8/dist-packages/pandas/io/json/_json.py", line 901, in _get_data_from_filepath
    self.handles = get_handle(
  File "/usr/local/lib/python3.8/dist-packages/pandas/io/common.py", line 707, in get_handle
    if _is_binary_mode(path_or_buf, mode) and "b" not in mode:
  File "/usr/local/lib/python3.8/dist-packages/pandas/io/common.py", line 1167, in _is_binary_mode
    return isinstance(handle, _get_binary_io_classes()) or "b" in getattr(
TypeError: argument of type 'method' is not iterable
Score.fail_execute
python /dbknitter/dbknitter/grader.py /platform/source/s01/v4_3.5/m00002222/m00002222_q22_t0.py /platform/output/s01/v4_3.5/m00002222/m00002222_q22_t0.csv /platform/expected/s01/q22.csv
Traceback (most recent call last):
  File "/platform/source/s01/v4_3.5/m00002222/m00002222_q22_t0.py", line 54, in <module>
    execute_query()
  File "/platform/source/s01/v4_3.5/m00002222/m00002222_q22_t0.py", line 18, in execute_query
    customer_df = pd.read_msgpack(customer_df)
AttributeError: module 'pandas' has no attribute 'read_msgpack'
Score.fail_execute
python /dbknitter/dbknitter/grader.py /platform/source/s01/v4_3.5/m00002222/m00002222_q2_t0.py /platform/output/s01/v4_3.5/m00002222/m00002222_q2_t0.csv /platform/expected/s01/q2.csv
Traceback (most recent call last):
  File "/platform/source/s01/v4_3.5/m00002222/m00002222_q2_t0.py", line 79, in <module>
    execute_query()
  File "/platform/source/s01/v4_3.5/m00002222/m00002222_q2_t0.py", line 57, in execute_query
    partsupp_df = get_partsupp_data()
  File "/platform/source/s01/v4_3.5/m00002222/m00002222_q2_t0.py", line 17, in get_partsupp_data
    return pd.read_json(dr.get('partsupp'))
  File "/usr/local/lib/python3.8/dist-packages/pandas/io/json/_json.py", line 760, in read_json
    json_reader = JsonReader(
  File "/usr/local/lib/python3.8/dist-packages/pandas/io/json/_json.py", line 861, in __init__
    data = self._get_data_from_filepath(filepath_or_buffer)
  File "/usr/local/lib/python3.8/dist-packages/pandas/io/json/_json.py", line 901, in _get_data_from_filepath
    self.handles = get_handle(
  File "/usr/local/lib/python3.8/dist-packages/pandas/io/common.py", line 707, in get_handle
    if _is_binary_mode(path_or_buf, mode) and "b" not in mode:
  File "/usr/local/lib/python3.8/dist-packages/pandas/io/common.py", line 1167, in _is_binary_mode
    return isinstance(handle, _get_binary_io_classes()) or "b" in getattr(
TypeError: argument of type 'method' is not iterable
Score.fail_execute
python /dbknitter/dbknitter/grader.py /platform/source/s01/v4_3.5/m00002222/m00002222_q3_t0.py /platform/output/s01/v4_3.5/m00002222/m00002222_q3_t0.csv /platform/expected/s01/q3.csv
Traceback (most recent call last):
  File "/platform/source/s01/v4_3.5/m00002222/m00002222_q3_t0.py", line 42, in <module>
    query_redis_and_save()
  File "/platform/source/s01/v4_3.5/m00002222/m00002222_q3_t0.py", line 15, in query_redis_and_save
    customer_df = pd.read_json(redis_instance.get('customer'))
  File "/usr/local/lib/python3.8/dist-packages/pandas/io/json/_json.py", line 760, in read_json
    json_reader = JsonReader(
  File "/usr/local/lib/python3.8/dist-packages/pandas/io/json/_json.py", line 861, in __init__
    data = self._get_data_from_filepath(filepath_or_buffer)
  File "/usr/local/lib/python3.8/dist-packages/pandas/io/json/_json.py", line 901, in _get_data_from_filepath
    self.handles = get_handle(
  File "/usr/local/lib/python3.8/dist-packages/pandas/io/common.py", line 707, in get_handle
    if _is_binary_mode(path_or_buf, mode) and "b" not in mode:
  File "/usr/local/lib/python3.8/dist-packages/pandas/io/common.py", line 1167, in _is_binary_mode
    return isinstance(handle, _get_binary_io_classes()) or "b" in getattr(
TypeError: argument of type 'method' is not iterable
Score.fail_execute
python /dbknitter/dbknitter/grader.py /platform/source/s01/v4_3.5/m00002222/m00002222_q4_t0.py /platform/output/s01/v4_3.5/m00002222/m00002222_q4_t0.csv /platform/expected/s01/q4.csv
Traceback (most recent call last):
  File "/platform/source/s01/v4_3.5/m00002222/m00002222_q4_t0.py", line 16, in <module>
    orders_df = get_data_from_redis('orders')
  File "/platform/source/s01/v4_3.5/m00002222/m00002222_q4_t0.py", line 10, in get_data_from_redis
    if data:
  File "/usr/local/lib/python3.8/dist-packages/pandas/core/generic.py", line 1466, in __nonzero__
    raise ValueError(
ValueError: The truth value of a DataFrame is ambiguous. Use a.empty, a.bool(), a.item(), a.any() or a.all().
Score.fail_execute
python /dbknitter/dbknitter/grader.py /platform/source/s01/v4_3.5/m00002222/m00002222_q5_t0.py /platform/output/s01/v4_3.5/m00002222/m00002222_q5_t0.csv /platform/expected/s01/q5.csv
/platform/source/s01/v4_3.5/m00002222/m00002222_q5_t0.py:15: UserWarning: pandas only supports SQLAlchemy connectable (engine/connection) or database string URI or sqlite3 DBAPI2 connection. Other DBAPI2 objects are not tested. Please consider using SQLAlchemy.
  nation_df = pd.read_sql("SELECT * FROM nation", mysql_conn)
/platform/source/s01/v4_3.5/m00002222/m00002222_q5_t0.py:16: UserWarning: pandas only supports SQLAlchemy connectable (engine/connection) or database string URI or sqlite3 DBAPI2 connection. Other DBAPI2 objects are not tested. Please consider using SQLAlchemy.
  region_df = pd.read_sql("SELECT * FROM region", mysql_conn)
/platform/source/s01/v4_3.5/m00002222/m00002222_q5_t0.py:17: UserWarning: pandas only supports SQLAlchemy connectable (engine/connection) or database string URI or sqlite3 DBAPI2 connection. Other DBAPI2 objects are not tested. Please consider using SQLAlchemy.
  supplier_df = pd.read_sql("SELECT * FROM supplier", mysql_conn)
Traceback (most recent call last):
  File "/platform/source/s01/v4_3.5/m00002222/m00002222_q5_t0.py", line 30, in <module>
    customer_df = pd.read_msgpack(redis_conn.get('customer'))
AttributeError: module 'pandas' has no attribute 'read_msgpack'
Score.fail_execute
python /dbknitter/dbknitter/grader.py /platform/source/s01/v4_3.5/m00002222/m00002222_q6_t0.py /platform/output/s01/v4_3.5/m00002222/m00002222_q6_t0.csv /platform/expected/s01/q6.csv
Traceback (most recent call last):
  File "/platform/source/s01/v4_3.5/m00002222/m00002222_q6_t0.py", line 22, in <module>
    query_redis()
  File "/platform/source/s01/v4_3.5/m00002222/m00002222_q6_t0.py", line 6, in query_redis
    df_lineitem = pd.read_json(r.get('lineitem'))
  File "/usr/local/lib/python3.8/dist-packages/pandas/io/json/_json.py", line 760, in read_json
    json_reader = JsonReader(
  File "/usr/local/lib/python3.8/dist-packages/pandas/io/json/_json.py", line 861, in __init__
    data = self._get_data_from_filepath(filepath_or_buffer)
  File "/usr/local/lib/python3.8/dist-packages/pandas/io/json/_json.py", line 901, in _get_data_from_filepath
    self.handles = get_handle(
  File "/usr/local/lib/python3.8/dist-packages/pandas/io/common.py", line 707, in get_handle
    if _is_binary_mode(path_or_buf, mode) and "b" not in mode:
  File "/usr/local/lib/python3.8/dist-packages/pandas/io/common.py", line 1167, in _is_binary_mode
    return isinstance(handle, _get_binary_io_classes()) or "b" in getattr(
TypeError: argument of type 'method' is not iterable
Score.fail_execute
python /dbknitter/dbknitter/grader.py /platform/source/s01/v4_3.5/m00002222/m00002222_q7_t0.py /platform/output/s01/v4_3.5/m00002222/m00002222_q7_t0.csv /platform/expected/s01/q7.csv
/platform/source/s01/v4_3.5/m00002222/m00002222_q7_t0.py:29: UserWarning: pandas only supports SQLAlchemy connectable (engine/connection) or database string URI or sqlite3 DBAPI2 connection. Other DBAPI2 objects are not tested. Please consider using SQLAlchemy.
  supplier_nation = pd.read_sql(mysql_query, mysql_conn)
Traceback (most recent call last):
  File "/platform/source/s01/v4_3.5/m00002222/m00002222_q7_t0.py", line 36, in <module>
    customer = pd.read_json(redis_client.get('customer'), orient='records')
  File "/usr/local/lib/python3.8/dist-packages/pandas/io/json/_json.py", line 760, in read_json
    json_reader = JsonReader(
  File "/usr/local/lib/python3.8/dist-packages/pandas/io/json/_json.py", line 861, in __init__
    data = self._get_data_from_filepath(filepath_or_buffer)
  File "/usr/local/lib/python3.8/dist-packages/pandas/io/json/_json.py", line 901, in _get_data_from_filepath
    self.handles = get_handle(
  File "/usr/local/lib/python3.8/dist-packages/pandas/io/common.py", line 707, in get_handle
    if _is_binary_mode(path_or_buf, mode) and "b" not in mode:
  File "/usr/local/lib/python3.8/dist-packages/pandas/io/common.py", line 1167, in _is_binary_mode
    return isinstance(handle, _get_binary_io_classes()) or "b" in getattr(
TypeError: argument of type 'method' is not iterable
Score.fail_execute
python /dbknitter/dbknitter/grader.py /platform/source/s01/v4_3.5/m00002222/m00002222_q8_t0.py /platform/output/s01/v4_3.5/m00002222/m00002222_q8_t0.csv /platform/expected/s01/q8.csv
/platform/source/s01/v4_3.5/m00002222/m00002222_q8_t0.py:37: UserWarning: pandas only supports SQLAlchemy connectable (engine/connection) or database string URI or sqlite3 DBAPI2 connection. Other DBAPI2 objects are not tested. Please consider using SQLAlchemy.
  mysql_df = pd.read_sql(mysql_query, mysql_conn)
Traceback (most recent call last):
  File "/platform/source/s01/v4_3.5/m00002222/m00002222_q8_t0.py", line 46, in <module>
    customer_df = pd.read_json(redis_conn.get('customer'))
  File "/usr/local/lib/python3.8/dist-packages/pandas/io/json/_json.py", line 760, in read_json
    json_reader = JsonReader(
  File "/usr/local/lib/python3.8/dist-packages/pandas/io/json/_json.py", line 861, in __init__
    data = self._get_data_from_filepath(filepath_or_buffer)
  File "/usr/local/lib/python3.8/dist-packages/pandas/io/json/_json.py", line 901, in _get_data_from_filepath
    self.handles = get_handle(
  File "/usr/local/lib/python3.8/dist-packages/pandas/io/common.py", line 707, in get_handle
    if _is_binary_mode(path_or_buf, mode) and "b" not in mode:
  File "/usr/local/lib/python3.8/dist-packages/pandas/io/common.py", line 1167, in _is_binary_mode
    return isinstance(handle, _get_binary_io_classes()) or "b" in getattr(
TypeError: argument of type 'method' is not iterable
Score.fail_execute
python /dbknitter/dbknitter/grader.py /platform/source/s01/v4_3.5/m00002222/m00002222_q9_t0.py /platform/output/s01/v4_3.5/m00002222/m00002222_q9_t0.csv /platform/expected/s01/q9.csv
Traceback (most recent call last):
  File "/platform/source/s01/v4_3.5/m00002222/m00002222_q9_t0.py", line 67, in <module>
    main()
  File "/platform/source/s01/v4_3.5/m00002222/m00002222_q9_t0.py", line 62, in main
    redis_data = query_redis(redis_client)
  File "/platform/source/s01/v4_3.5/m00002222/m00002222_q9_t0.py", line 28, in query_redis
    redis_df = lineitem_df.merge(partsupp_df, how='inner', on=['PS_SUPPKEY', 'PS_PARTKEY']) \
  File "/usr/local/lib/python3.8/dist-packages/pandas/core/frame.py", line 9843, in merge
    return merge(
  File "/usr/local/lib/python3.8/dist-packages/pandas/core/reshape/merge.py", line 148, in merge
    op = _MergeOperation(
  File "/usr/local/lib/python3.8/dist-packages/pandas/core/reshape/merge.py", line 737, in __init__
    ) = self._get_merge_keys()
  File "/usr/local/lib/python3.8/dist-packages/pandas/core/reshape/merge.py", line 1221, in _get_merge_keys
    left_keys.append(left._get_label_or_level_values(lk))
  File "/usr/local/lib/python3.8/dist-packages/pandas/core/generic.py", line 1778, in _get_label_or_level_values
    raise KeyError(key)
KeyError: 'PS_SUPPKEY'
Score.fail_execute
