Using MAPPING_STR=20202020, VERSION_DIR=v4_engoff
Running /platform/source/s01/v4_engoff/m20202020/m20202020_q10_t0.sh
/platform/source/s01/v4_engoff/m20202020/m20202020_q10_t0.sh: line 4: sudo: command not found
/platform/source/s01/v4_engoff/m20202020/m20202020_q10_t0.sh: line 7: sudo: command not found
/platform/source/s01/v4_engoff/m20202020/m20202020_q10_t0.sh: line 10: sudo: command not found
Requirement already satisfied: pymysql in /usr/local/lib/python3.8/dist-packages (1.1.0)
Requirement already satisfied: pandas in /usr/local/lib/python3.8/dist-packages (2.0.3)
Requirement already satisfied: pytz>=2020.1 in /usr/local/lib/python3.8/dist-packages (from pandas) (2023.3.post1)
Requirement already satisfied: numpy>=1.20.3; python_version < "3.10" in /usr/local/lib/python3.8/dist-packages (from pandas) (1.24.4)
Requirement already satisfied: python-dateutil>=2.8.2 in /usr/local/lib/python3.8/dist-packages (from pandas) (2.8.2)
Requirement already satisfied: tzdata>=2022.1 in /usr/local/lib/python3.8/dist-packages (from pandas) (2023.3)
Requirement already satisfied: six>=1.5 in /usr/local/lib/python3.8/dist-packages (from python-dateutil>=2.8.2->pandas) (1.16.0)
Requirement already satisfied: direct_redis in /usr/local/lib/python3.8/dist-packages (0.3.1)
Requirement already satisfied: redis==3.4.1 in /usr/local/lib/python3.8/dist-packages (from direct_redis) (3.4.1)
Running /platform/source/s01/v4_engoff/m20202020/m20202020_q11_t0.sh
/platform/source/s01/v4_engoff/m20202020/m20202020_q11_t0.sh: line 5: sudo: command not found
/platform/source/s01/v4_engoff/m20202020/m20202020_q11_t0.sh: line 6: sudo: command not found
Requirement already satisfied: pymysql in /usr/local/lib/python3.8/dist-packages (1.1.0)
Requirement already satisfied: pandas in /usr/local/lib/python3.8/dist-packages (2.0.3)
Requirement already satisfied: numpy>=1.20.3; python_version < "3.10" in /usr/local/lib/python3.8/dist-packages (from pandas) (1.24.4)
Requirement already satisfied: tzdata>=2022.1 in /usr/local/lib/python3.8/dist-packages (from pandas) (2023.3)
Requirement already satisfied: pytz>=2020.1 in /usr/local/lib/python3.8/dist-packages (from pandas) (2023.3.post1)
Requirement already satisfied: python-dateutil>=2.8.2 in /usr/local/lib/python3.8/dist-packages (from pandas) (2.8.2)
Requirement already satisfied: six>=1.5 in /usr/local/lib/python3.8/dist-packages (from python-dateutil>=2.8.2->pandas) (1.16.0)
/platform/source/s01/v4_engoff/m20202020/m20202020_q11_t0.sh: line 12: git: command not found
/platform/source/s01/v4_engoff/m20202020/m20202020_q11_t0.sh: line 13: cd: direct-redis: No such file or directory
python3: can't open file 'setup.py': [Errno 2] No such file or directory
Running /platform/source/s01/v4_engoff/m20202020/m20202020_q12_t0.sh
/platform/source/s01/v4_engoff/m20202020/m20202020_q12_t0.sh: line 4: sudo: command not found
/platform/source/s01/v4_engoff/m20202020/m20202020_q12_t0.sh: line 7: sudo: command not found
/platform/source/s01/v4_engoff/m20202020/m20202020_q12_t0.sh: line 10: sudo: command not found
/platform/source/s01/v4_engoff/m20202020/m20202020_q12_t0.sh: line 13: sudo: command not found
Requirement already satisfied: pymysql in /usr/local/lib/python3.8/dist-packages (1.1.0)
Requirement already satisfied: pandas in /usr/local/lib/python3.8/dist-packages (2.0.3)
Requirement already satisfied: direct-redis in /usr/local/lib/python3.8/dist-packages (0.3.1)
Requirement already satisfied: numpy>=1.20.3; python_version < "3.10" in /usr/local/lib/python3.8/dist-packages (from pandas) (1.24.4)
Requirement already satisfied: python-dateutil>=2.8.2 in /usr/local/lib/python3.8/dist-packages (from pandas) (2.8.2)
Requirement already satisfied: tzdata>=2022.1 in /usr/local/lib/python3.8/dist-packages (from pandas) (2023.3)
Requirement already satisfied: pytz>=2020.1 in /usr/local/lib/python3.8/dist-packages (from pandas) (2023.3.post1)
Requirement already satisfied: redis==3.4.1 in /usr/local/lib/python3.8/dist-packages (from direct-redis) (3.4.1)
Requirement already satisfied: six>=1.5 in /usr/local/lib/python3.8/dist-packages (from python-dateutil>=2.8.2->pandas) (1.16.0)
Running /platform/source/s01/v4_engoff/m20202020/m20202020_q13_t0.sh
Requirement already satisfied: pymysql in /usr/local/lib/python3.8/dist-packages (1.1.0)
Requirement already satisfied: pandas in /usr/local/lib/python3.8/dist-packages (2.0.3)
Requirement already satisfied: direct-redis in /usr/local/lib/python3.8/dist-packages (0.3.1)
Requirement already satisfied: numpy>=1.20.3; python_version < "3.10" in /usr/local/lib/python3.8/dist-packages (from pandas) (1.24.4)
Requirement already satisfied: pytz>=2020.1 in /usr/local/lib/python3.8/dist-packages (from pandas) (2023.3.post1)
Requirement already satisfied: tzdata>=2022.1 in /usr/local/lib/python3.8/dist-packages (from pandas) (2023.3)
Requirement already satisfied: python-dateutil>=2.8.2 in /usr/local/lib/python3.8/dist-packages (from pandas) (2.8.2)
Requirement already satisfied: redis==3.4.1 in /usr/local/lib/python3.8/dist-packages (from direct-redis) (3.4.1)
Requirement already satisfied: six>=1.5 in /usr/local/lib/python3.8/dist-packages (from python-dateutil>=2.8.2->pandas) (1.16.0)
Running /platform/source/s01/v4_engoff/m20202020/m20202020_q14_t0.sh
0% [Working]            Hit:1 http://ports.ubuntu.com/ubuntu-ports focal InRelease
0% [Working]0% [Waiting for headers]                        Hit:2 http://ports.ubuntu.com/ubuntu-ports focal-updates InRelease
                        0% [Working]0% [Waiting for headers]                        Hit:3 http://ports.ubuntu.com/ubuntu-ports focal-backports InRelease
                        0% [Working]0% [Waiting for headers]                        Hit:4 http://ports.ubuntu.com/ubuntu-ports focal-security InRelease
                        0% [Working]20% [Working]             Reading package lists... 0%Reading package lists... 0%Reading package lists... 0%Reading package lists... 6%Reading package lists... 6%Reading package lists... 6%Reading package lists... 6%Reading package lists... 60%Reading package lists... 60%Reading package lists... 61%Reading package lists... 61%Reading package lists... 74%Reading package lists... 74%Reading package lists... 75%Reading package lists... 75%Reading package lists... 81%Reading package lists... 81%Reading package lists... 81%Reading package lists... 81%Reading package lists... 82%Reading package lists... 82%Reading package lists... 82%Reading package lists... 82%Reading package lists... 94%Reading package lists... 94%Reading package lists... 94%Reading package lists... 94%Reading package lists... 99%Reading package lists... 99%Reading package lists... 99%Reading package lists... 99%Reading package lists... Done
Reading package lists... 0%Reading package lists... 0%Reading package lists... 0%Reading package lists... 6%Reading package lists... 6%Reading package lists... 6%Reading package lists... 6%Reading package lists... 60%Reading package lists... 60%Reading package lists... 61%Reading package lists... 61%Reading package lists... 74%Reading package lists... 74%Reading package lists... 75%Reading package lists... 75%Reading package lists... 81%Reading package lists... 81%Reading package lists... 81%Reading package lists... 81%Reading package lists... 82%Reading package lists... 82%Reading package lists... 82%Reading package lists... 82%Reading package lists... 94%Reading package lists... 94%Reading package lists... 94%Reading package lists... 94%Reading package lists... 99%Reading package lists... 99%Reading package lists... 99%Reading package lists... 99%Reading package lists... Done
Building dependency tree... 0%Building dependency tree... 0%Building dependency tree... 50%Building dependency tree... 50%Building dependency tree       
Reading state information... 0%Reading state information... 0%Reading state information... Done
python3 is already the newest version (3.8.2-0ubuntu2).
python3 set to manually installed.
python3-pip is already the newest version (20.0.2-5ubuntu1.10).
0 upgraded, 0 newly installed, 0 to remove and 0 not upgraded.
Requirement already satisfied: pymysql in /usr/local/lib/python3.8/dist-packages (1.1.0)
Collecting git+https://github.com/your-repo/direct_redis.git
  Cloning https://github.com/your-repo/direct_redis.git to /tmp/pip-req-build-rw44435c
  Running command git clone -q https://github.com/your-repo/direct_redis.git /tmp/pip-req-build-rw44435c
[31m  ERROR: Error [Errno 2] No such file or directory: 'git' while executing command git clone -q https://github.com/your-repo/direct_redis.git /tmp/pip-req-build-rw44435c[0m
[31mERROR: Cannot find command 'git' - do you have 'git' installed and in your PATH?[0m
Requirement already satisfied: pandas in /usr/local/lib/python3.8/dist-packages (2.0.3)
Requirement already satisfied: python-dateutil>=2.8.2 in /usr/local/lib/python3.8/dist-packages (from pandas) (2.8.2)
Requirement already satisfied: pytz>=2020.1 in /usr/local/lib/python3.8/dist-packages (from pandas) (2023.3.post1)
Requirement already satisfied: numpy>=1.20.3; python_version < "3.10" in /usr/local/lib/python3.8/dist-packages (from pandas) (1.24.4)
Requirement already satisfied: tzdata>=2022.1 in /usr/local/lib/python3.8/dist-packages (from pandas) (2023.3)
Requirement already satisfied: six>=1.5 in /usr/local/lib/python3.8/dist-packages (from python-dateutil>=2.8.2->pandas) (1.16.0)
Running /platform/source/s01/v4_engoff/m20202020/m20202020_q15_t0.sh
/platform/source/s01/v4_engoff/m20202020/m20202020_q15_t0.sh: line 4: sudo: command not found
/platform/source/s01/v4_engoff/m20202020/m20202020_q15_t0.sh: line 5: sudo: command not found
/platform/source/s01/v4_engoff/m20202020/m20202020_q15_t0.sh: line 8: sudo: command not found
/platform/source/s01/v4_engoff/m20202020/m20202020_q15_t0.sh: line 9: sudo: command not found
Requirement already satisfied: pymysql in /usr/local/lib/python3.8/dist-packages (1.1.0)
Running /platform/source/s01/v4_engoff/m20202020/m20202020_q16_t0.sh
0% [Working]            Hit:1 http://ports.ubuntu.com/ubuntu-ports focal InRelease
0% [Working]0% [Waiting for headers]                        Hit:2 http://ports.ubuntu.com/ubuntu-ports focal-updates InRelease
                        0% [Working]0% [Waiting for headers]                        Hit:3 http://ports.ubuntu.com/ubuntu-ports focal-backports InRelease
                        0% [Working]0% [Waiting for headers]                        Hit:4 http://ports.ubuntu.com/ubuntu-ports focal-security InRelease
                        0% [Working]20% [Working]             Reading package lists... 0%Reading package lists... 0%Reading package lists... 0%Reading package lists... 6%Reading package lists... 6%Reading package lists... 6%Reading package lists... 6%Reading package lists... 60%Reading package lists... 60%Reading package lists... 61%Reading package lists... 61%Reading package lists... 74%Reading package lists... 74%Reading package lists... 75%Reading package lists... 75%Reading package lists... 81%Reading package lists... 81%Reading package lists... 81%Reading package lists... 81%Reading package lists... 82%Reading package lists... 82%Reading package lists... 82%Reading package lists... 82%Reading package lists... 94%Reading package lists... 94%Reading package lists... 94%Reading package lists... 94%Reading package lists... 99%Reading package lists... 99%Reading package lists... 99%Reading package lists... 99%Reading package lists... Done
Reading package lists... 0%Reading package lists... 0%Reading package lists... 0%Reading package lists... 6%Reading package lists... 6%Reading package lists... 6%Reading package lists... 6%Reading package lists... 60%Reading package lists... 60%Reading package lists... 61%Reading package lists... 61%Reading package lists... 74%Reading package lists... 74%Reading package lists... 75%Reading package lists... 75%Reading package lists... 81%Reading package lists... 81%Reading package lists... 81%Reading package lists... 81%Reading package lists... 82%Reading package lists... 82%Reading package lists... 82%Reading package lists... 82%Reading package lists... 94%Reading package lists... 94%Reading package lists... 94%Reading package lists... 94%Reading package lists... 99%Reading package lists... 99%Reading package lists... 99%Reading package lists... 99%Reading package lists... Done
Building dependency tree... 0%Building dependency tree... 0%Building dependency tree... 50%Building dependency tree... 50%Building dependency tree       
Reading state information... 0%Reading state information... 0%Reading state information... Done
python3 is already the newest version (3.8.2-0ubuntu2).
python3-pip is already the newest version (20.0.2-5ubuntu1.10).
0 upgraded, 0 newly installed, 0 to remove and 0 not upgraded.
Requirement already satisfied: pymysql in /usr/local/lib/python3.8/dist-packages (1.1.0)
Requirement already satisfied: pandas in /usr/local/lib/python3.8/dist-packages (2.0.3)
Requirement already satisfied: direct-redis in /usr/local/lib/python3.8/dist-packages (0.3.1)
Requirement already satisfied: tzdata>=2022.1 in /usr/local/lib/python3.8/dist-packages (from pandas) (2023.3)
Requirement already satisfied: pytz>=2020.1 in /usr/local/lib/python3.8/dist-packages (from pandas) (2023.3.post1)
Requirement already satisfied: python-dateutil>=2.8.2 in /usr/local/lib/python3.8/dist-packages (from pandas) (2.8.2)
Requirement already satisfied: numpy>=1.20.3; python_version < "3.10" in /usr/local/lib/python3.8/dist-packages (from pandas) (1.24.4)
Requirement already satisfied: redis==3.4.1 in /usr/local/lib/python3.8/dist-packages (from direct-redis) (3.4.1)
Requirement already satisfied: six>=1.5 in /usr/local/lib/python3.8/dist-packages (from python-dateutil>=2.8.2->pandas) (1.16.0)
Running /platform/source/s01/v4_engoff/m20202020/m20202020_q17_t0.sh
/platform/source/s01/v4_engoff/m20202020/m20202020_q17_t0.sh: line 5: sudo: command not found
/platform/source/s01/v4_engoff/m20202020/m20202020_q17_t0.sh: line 8: sudo: command not found
Requirement already satisfied: pandas in /usr/local/lib/python3.8/dist-packages (2.0.3)
Requirement already satisfied: numpy>=1.20.3; python_version < "3.10" in /usr/local/lib/python3.8/dist-packages (from pandas) (1.24.4)
Requirement already satisfied: pytz>=2020.1 in /usr/local/lib/python3.8/dist-packages (from pandas) (2023.3.post1)
Requirement already satisfied: python-dateutil>=2.8.2 in /usr/local/lib/python3.8/dist-packages (from pandas) (2.8.2)
Requirement already satisfied: tzdata>=2022.1 in /usr/local/lib/python3.8/dist-packages (from pandas) (2023.3)
Requirement already satisfied: six>=1.5 in /usr/local/lib/python3.8/dist-packages (from python-dateutil>=2.8.2->pandas) (1.16.0)
Requirement already satisfied: pymysql in /usr/local/lib/python3.8/dist-packages (1.1.0)
Requirement already satisfied: direct_redis in /usr/local/lib/python3.8/dist-packages (0.3.1)
Requirement already satisfied: redis==3.4.1 in /usr/local/lib/python3.8/dist-packages (from direct_redis) (3.4.1)
Running /platform/source/s01/v4_engoff/m20202020/m20202020_q18_t0.sh
/platform/source/s01/v4_engoff/m20202020/m20202020_q18_t0.sh: line 5: sudo: command not found
/platform/source/s01/v4_engoff/m20202020/m20202020_q18_t0.sh: line 8: sudo: command not found
Requirement already satisfied: pymysql in /usr/local/lib/python3.8/dist-packages (1.1.0)
Requirement already satisfied: pandas in /usr/local/lib/python3.8/dist-packages (2.0.3)
Requirement already satisfied: tzdata>=2022.1 in /usr/local/lib/python3.8/dist-packages (from pandas) (2023.3)
Requirement already satisfied: python-dateutil>=2.8.2 in /usr/local/lib/python3.8/dist-packages (from pandas) (2.8.2)
Requirement already satisfied: pytz>=2020.1 in /usr/local/lib/python3.8/dist-packages (from pandas) (2023.3.post1)
Requirement already satisfied: numpy>=1.20.3; python_version < "3.10" in /usr/local/lib/python3.8/dist-packages (from pandas) (1.24.4)
Requirement already satisfied: six>=1.5 in /usr/local/lib/python3.8/dist-packages (from python-dateutil>=2.8.2->pandas) (1.16.0)
Running /platform/source/s01/v4_engoff/m20202020/m20202020_q19_t0.sh
Requirement already satisfied: pymysql in /usr/local/lib/python3.8/dist-packages (1.1.0)
Requirement already satisfied: pandas in /usr/local/lib/python3.8/dist-packages (2.0.3)
Requirement already satisfied: direct-redis in /usr/local/lib/python3.8/dist-packages (0.3.1)
Requirement already satisfied: tzdata>=2022.1 in /usr/local/lib/python3.8/dist-packages (from pandas) (2023.3)
Requirement already satisfied: numpy>=1.20.3; python_version < "3.10" in /usr/local/lib/python3.8/dist-packages (from pandas) (1.24.4)
Requirement already satisfied: pytz>=2020.1 in /usr/local/lib/python3.8/dist-packages (from pandas) (2023.3.post1)
Requirement already satisfied: python-dateutil>=2.8.2 in /usr/local/lib/python3.8/dist-packages (from pandas) (2.8.2)
Requirement already satisfied: redis==3.4.1 in /usr/local/lib/python3.8/dist-packages (from direct-redis) (3.4.1)
Requirement already satisfied: six>=1.5 in /usr/local/lib/python3.8/dist-packages (from python-dateutil>=2.8.2->pandas) (1.16.0)
Running /platform/source/s01/v4_engoff/m20202020/m20202020_q1_t0.sh
Requirement already satisfied: pymysql in /usr/local/lib/python3.8/dist-packages (1.1.0)
Running /platform/source/s01/v4_engoff/m20202020/m20202020_q20_t0.sh
/platform/source/s01/v4_engoff/m20202020/m20202020_q20_t0.sh: line 4: sudo: command not found
/platform/source/s01/v4_engoff/m20202020/m20202020_q20_t0.sh: line 7: sudo: command not found
Requirement already satisfied: pymysql in /usr/local/lib/python3.8/dist-packages (1.1.0)
Requirement already satisfied: pandas in /usr/local/lib/python3.8/dist-packages (2.0.3)
Collecting sqlalchemy
  Downloading SQLAlchemy-2.0.23-cp38-cp38-manylinux_2_17_aarch64.manylinux2014_aarch64.whl (3.1 MB)
[?25l[K     |                                | 10 kB 7.6 MB/s eta 0:00:01[K     |▏                               | 20 kB 3.2 MB/s eta 0:00:01[K     |▎                               | 30 kB 4.7 MB/s eta 0:00:01[K     |▍                               | 40 kB 4.3 MB/s eta 0:00:01[K     |▌                               | 51 kB 4.0 MB/s eta 0:00:01[K     |▋                               | 61 kB 4.8 MB/s eta 0:00:01[K     |▊                               | 71 kB 4.7 MB/s eta 0:00:01[K     |▉                               | 81 kB 4.8 MB/s eta 0:00:01[K     |█                               | 92 kB 5.3 MB/s eta 0:00:01[K     |█                               | 102 kB 5.4 MB/s eta 0:00:01[K     |█▏                              | 112 kB 5.4 MB/s eta 0:00:01[K     |█▎                              | 122 kB 5.4 MB/s eta 0:00:01[K     |█▍                              | 133 kB 5.4 MB/s eta 0:00:01[K     |█▌                              | 143 kB 5.4 MB/s eta 0:00:01[K     |█▋                              | 153 kB 5.4 MB/s eta 0:00:01[K     |█▊                              | 163 kB 5.4 MB/s eta 0:00:01[K     |█▉                              | 174 kB 5.4 MB/s eta 0:00:01[K     |██                              | 184 kB 5.4 MB/s eta 0:00:01[K     |██                              | 194 kB 5.4 MB/s eta 0:00:01[K     |██▏                             | 204 kB 5.4 MB/s eta 0:00:01[K     |██▎                             | 215 kB 5.4 MB/s eta 0:00:01[K     |██▍                             | 225 kB 5.4 MB/s eta 0:00:01[K     |██▌                             | 235 kB 5.4 MB/s eta 0:00:01[K     |██▋                             | 245 kB 5.4 MB/s eta 0:00:01[K     |██▊                             | 256 kB 5.4 MB/s eta 0:00:01[K     |██▉                             | 266 kB 5.4 MB/s eta 0:00:01[K     |███                             | 276 kB 5.4 MB/s eta 0:00:01[K     |███                             | 286 kB 5.4 MB/s eta 0:00:01[K     |███                             | 296 kB 5.4 MB/s eta 0:00:01[K     |███▏                            | 307 kB 5.4 MB/s eta 0:00:01[K     |███▎                            | 317 kB 5.4 MB/s eta 0:00:01[K     |███▍                            | 327 kB 5.4 MB/s eta 0:00:01[K     |███▌                            | 337 kB 5.4 MB/s eta 0:00:01[K     |███▋                            | 348 kB 5.4 MB/s eta 0:00:01[K     |███▊                            | 358 kB 5.4 MB/s eta 0:00:01[K     |███▉                            | 368 kB 5.4 MB/s eta 0:00:01[K     |████                            | 378 kB 5.4 MB/s eta 0:00:01[K     |████                            | 389 kB 5.4 MB/s eta 0:00:01[K     |████▏                           | 399 kB 5.4 MB/s eta 0:00:01[K     |████▎                           | 409 kB 5.4 MB/s eta 0:00:01[K     |████▍                           | 419 kB 5.4 MB/s eta 0:00:01[K     |████▌                           | 430 kB 5.4 MB/s eta 0:00:01[K     |████▋                           | 440 kB 5.4 MB/s eta 0:00:01[K     |████▊                           | 450 kB 5.4 MB/s eta 0:00:01[K     |████▉                           | 460 kB 5.4 MB/s eta 0:00:01[K     |█████                           | 471 kB 5.4 MB/s eta 0:00:01[K     |█████                           | 481 kB 5.4 MB/s eta 0:00:01[K     |█████▏                          | 491 kB 5.4 MB/s eta 0:00:01[K     |█████▎                          | 501 kB 5.4 MB/s eta 0:00:01[K     |█████▍                          | 512 kB 5.4 MB/s eta 0:00:01[K     |█████▌                          | 522 kB 5.4 MB/s eta 0:00:01[K     |█████▋                          | 532 kB 5.4 MB/s eta 0:00:01[K     |█████▊                          | 542 kB 5.4 MB/s eta 0:00:01[K     |█████▉                          | 552 kB 5.4 MB/s eta 0:00:01[K     |█████▉                          | 563 kB 5.4 MB/s eta 0:00:01[K     |██████                          | 573 kB 5.4 MB/s eta 0:00:01[K     |██████                          | 583 kB 5.4 MB/s eta 0:00:01[K     |██████▏                         | 593 kB 5.4 MB/s eta 0:00:01[K     |██████▎                         | 604 kB 5.4 MB/s eta 0:00:01[K     |██████▍                         | 614 kB 5.4 MB/s eta 0:00:01[K     |██████▌                         | 624 kB 5.4 MB/s eta 0:00:01[K     |██████▋                         | 634 kB 5.4 MB/s eta 0:00:01[K     |██████▊                         | 645 kB 5.4 MB/s eta 0:00:01[K     |██████▉                         | 655 kB 5.4 MB/s eta 0:00:01[K     |███████                         | 665 kB 5.4 MB/s eta 0:00:01[K     |███████                         | 675 kB 5.4 MB/s eta 0:00:01[K     |███████▏                        | 686 kB 5.4 MB/s eta 0:00:01[K     |███████▎                        | 696 kB 5.4 MB/s eta 0:00:01[K     |███████▍                        | 706 kB 5.4 MB/s eta 0:00:01[K     |███████▌                        | 716 kB 5.4 MB/s eta 0:00:01[K     |███████▋                        | 727 kB 5.4 MB/s eta 0:00:01[K     |███████▊                        | 737 kB 5.4 MB/s eta 0:00:01[K     |███████▉                        | 747 kB 5.4 MB/s eta 0:00:01[K     |████████                        | 757 kB 5.4 MB/s eta 0:00:01[K     |████████                        | 768 kB 5.4 MB/s eta 0:00:01[K     |████████▏                       | 778 kB 5.4 MB/s eta 0:00:01[K     |████████▎                       | 788 kB 5.4 MB/s eta 0:00:01[K     |████████▍                       | 798 kB 5.4 MB/s eta 0:00:01[K     |████████▌                       | 808 kB 5.4 MB/s eta 0:00:01[K     |████████▋                       | 819 kB 5.4 MB/s eta 0:00:01[K     |████████▊                       | 829 kB 5.4 MB/s eta 0:00:01[K     |████████▉                       | 839 kB 5.4 MB/s eta 0:00:01[K     |████████▉                       | 849 kB 5.4 MB/s eta 0:00:01[K     |█████████                       | 860 kB 5.4 MB/s eta 0:00:01[K     |█████████                       | 870 kB 5.4 MB/s eta 0:00:01[K     |█████████▏                      | 880 kB 5.4 MB/s eta 0:00:01[K     |█████████▎                      | 890 kB 5.4 MB/s eta 0:00:01[K     |█████████▍                      | 901 kB 5.4 MB/s eta 0:00:01[K     |█████████▌                      | 911 kB 5.4 MB/s eta 0:00:01[K     |█████████▋                      | 921 kB 5.4 MB/s eta 0:00:01[K     |█████████▊                      | 931 kB 5.4 MB/s eta 0:00:01[K     |█████████▉                      | 942 kB 5.4 MB/s eta 0:00:01[K     |██████████                      | 952 kB 5.4 MB/s eta 0:00:01[K     |██████████                      | 962 kB 5.4 MB/s eta 0:00:01[K     |██████████▏                     | 972 kB 5.4 MB/s eta 0:00:01[K     |██████████▎                     | 983 kB 5.4 MB/s eta 0:00:01[K     |██████████▍                     | 993 kB 5.4 MB/s eta 0:00:01[K     |██████████▌                     | 1.0 MB 5.4 MB/s eta 0:00:01[K     |██████████▋                     | 1.0 MB 5.4 MB/s eta 0:00:01[K     |██████████▊                     | 1.0 MB 5.4 MB/s eta 0:00:01[K     |██████████▉                     | 1.0 MB 5.4 MB/s eta 0:00:01[K     |███████████                     | 1.0 MB 5.4 MB/s eta 0:00:01[K     |███████████                     | 1.1 MB 5.4 MB/s eta 0:00:01[K     |███████████▏                    | 1.1 MB 5.4 MB/s eta 0:00:01[K     |███████████▎                    | 1.1 MB 5.4 MB/s eta 0:00:01[K     |███████████▍                    | 1.1 MB 5.4 MB/s eta 0:00:01[K     |███████████▌                    | 1.1 MB 5.4 MB/s eta 0:00:01[K     |███████████▋                    | 1.1 MB 5.4 MB/s eta 0:00:01[K     |███████████▊                    | 1.1 MB 5.4 MB/s eta 0:00:01[K     |███████████▊                    | 1.1 MB 5.4 MB/s eta 0:00:01[K     |███████████▉                    | 1.1 MB 5.4 MB/s eta 0:00:01[K     |████████████                    | 1.1 MB 5.4 MB/s eta 0:00:01[K     |████████████                    | 1.2 MB 5.4 MB/s eta 0:00:01[K     |████████████▏                   | 1.2 MB 5.4 MB/s eta 0:00:01[K     |████████████▎                   | 1.2 MB 5.4 MB/s eta 0:00:01[K     |████████████▍                   | 1.2 MB 5.4 MB/s eta 0:00:01[K     |████████████▌                   | 1.2 MB 5.4 MB/s eta 0:00:01[K     |████████████▋                   | 1.2 MB 5.4 MB/s eta 0:00:01[K     |████████████▊                   | 1.2 MB 5.4 MB/s eta 0:00:01[K     |████████████▉                   | 1.2 MB 5.4 MB/s eta 0:00:01[K     |█████████████                   | 1.2 MB 5.4 MB/s eta 0:00:01[K     |█████████████                   | 1.2 MB 5.4 MB/s eta 0:00:01[K     |█████████████▏                  | 1.3 MB 5.4 MB/s eta 0:00:01[K     |█████████████▎                  | 1.3 MB 5.4 MB/s eta 0:00:01[K     |█████████████▍                  | 1.3 MB 5.4 MB/s eta 0:00:01[K     |█████████████▌                  | 1.3 MB 5.4 MB/s eta 0:00:01[K     |█████████████▋                  | 1.3 MB 5.4 MB/s eta 0:00:01[K     |█████████████▊                  | 1.3 MB 5.4 MB/s eta 0:00:01[K     |█████████████▉                  | 1.3 MB 5.4 MB/s eta 0:00:01[K     |██████████████                  | 1.3 MB 5.4 MB/s eta 0:00:01[K     |██████████████                  | 1.3 MB 5.4 MB/s eta 0:00:01[K     |██████████████▏                 | 1.4 MB 5.4 MB/s eta 0:00:01[K     |██████████████▎                 | 1.4 MB 5.4 MB/s eta 0:00:01[K     |██████████████▍                 | 1.4 MB 5.4 MB/s eta 0:00:01[K     |██████████████▌                 | 1.4 MB 5.4 MB/s eta 0:00:01[K     |██████████████▋                 | 1.4 MB 5.4 MB/s eta 0:00:01[K     |██████████████▋                 | 1.4 MB 5.4 MB/s eta 0:00:01[K     |██████████████▊                 | 1.4 MB 5.4 MB/s eta 0:00:01[K     |██████████████▉                 | 1.4 MB 5.4 MB/s eta 0:00:01[K     |███████████████                 | 1.4 MB 5.4 MB/s eta 0:00:01[K     |███████████████                 | 1.4 MB 5.4 MB/s eta 0:00:01[K     |███████████████▏                | 1.5 MB 5.4 MB/s eta 0:00:01[K     |███████████████▎                | 1.5 MB 5.4 MB/s eta 0:00:01[K     |███████████████▍                | 1.5 MB 5.4 MB/s eta 0:00:01[K     |███████████████▌                | 1.5 MB 5.4 MB/s eta 0:00:01[K     |███████████████▋                | 1.5 MB 5.4 MB/s eta 0:00:01[K     |███████████████▊                | 1.5 MB 5.4 MB/s eta 0:00:01[K     |███████████████▉                | 1.5 MB 5.4 MB/s eta 0:00:01[K     |████████████████                | 1.5 MB 5.4 MB/s eta 0:00:01[K     |████████████████                | 1.5 MB 5.4 MB/s eta 0:00:01[K     |████████████████▏               | 1.5 MB 5.4 MB/s eta 0:00:01[K     |████████████████▎               | 1.6 MB 5.4 MB/s eta 0:00:01[K     |████████████████▍               | 1.6 MB 5.4 MB/s eta 0:00:01[K     |████████████████▌               | 1.6 MB 5.4 MB/s eta 0:00:01[K     |████████████████▋               | 1.6 MB 5.4 MB/s eta 0:00:01[K     |████████████████▊               | 1.6 MB 5.4 MB/s eta 0:00:01[K     |████████████████▉               | 1.6 MB 5.4 MB/s eta 0:00:01[K     |█████████████████               | 1.6 MB 5.4 MB/s eta 0:00:01[K     |█████████████████               | 1.6 MB 5.4 MB/s eta 0:00:01[K     |█████████████████▏              | 1.6 MB 5.4 MB/s eta 0:00:01[K     |█████████████████▎              | 1.6 MB 5.4 MB/s eta 0:00:01[K     |█████████████████▍              | 1.7 MB 5.4 MB/s eta 0:00:01[K     |█████████████████▌              | 1.7 MB 5.4 MB/s eta 0:00:01[K     |█████████████████▋              | 1.7 MB 5.4 MB/s eta 0:00:01[K     |█████████████████▋              | 1.7 MB 5.4 MB/s eta 0:00:01[K     |█████████████████▊              | 1.7 MB 5.4 MB/s eta 0:00:01[K     |█████████████████▉              | 1.7 MB 5.4 MB/s eta 0:00:01[K     |██████████████████              | 1.7 MB 5.4 MB/s eta 0:00:01[K     |██████████████████              | 1.7 MB 5.4 MB/s eta 0:00:01[K     |██████████████████▏             | 1.7 MB 5.4 MB/s eta 0:00:01[K     |██████████████████▎             | 1.8 MB 5.4 MB/s eta 0:00:01[K     |██████████████████▍             | 1.8 MB 5.4 MB/s eta 0:00:01[K     |██████████████████▌             | 1.8 MB 5.4 MB/s eta 0:00:01[K     |██████████████████▋             | 1.8 MB 5.4 MB/s eta 0:00:01[K     |██████████████████▊             | 1.8 MB 5.4 MB/s eta 0:00:01[K     |██████████████████▉             | 1.8 MB 5.4 MB/s eta 0:00:01[K     |███████████████████             | 1.8 MB 5.4 MB/s eta 0:00:01[K     |███████████████████             | 1.8 MB 5.4 MB/s eta 0:00:01[K     |███████████████████▏            | 1.8 MB 5.4 MB/s eta 0:00:01[K     |███████████████████▎            | 1.8 MB 5.4 MB/s eta 0:00:01[K     |███████████████████▍            | 1.9 MB 5.4 MB/s eta 0:00:01[K     |███████████████████▌            | 1.9 MB 5.4 MB/s eta 0:00:01[K     |███████████████████▋            | 1.9 MB 5.4 MB/s eta 0:00:01[K     |███████████████████▊            | 1.9 MB 5.4 MB/s eta 0:00:01[K     |███████████████████▉            | 1.9 MB 5.4 MB/s eta 0:00:01[K     |████████████████████            | 1.9 MB 5.4 MB/s eta 0:00:01[K     |████████████████████            | 1.9 MB 5.4 MB/s eta 0:00:01[K     |████████████████████▏           | 1.9 MB 5.4 MB/s eta 0:00:01[K     |████████████████████▎           | 1.9 MB 5.4 MB/s eta 0:00:01[K     |████████████████████▍           | 1.9 MB 5.4 MB/s eta 0:00:01[K     |████████████████████▌           | 2.0 MB 5.4 MB/s eta 0:00:01[K     |████████████████████▌           | 2.0 MB 5.4 MB/s eta 0:00:01[K     |████████████████████▋           | 2.0 MB 5.4 MB/s eta 0:00:01[K     |████████████████████▊           | 2.0 MB 5.4 MB/s eta 0:00:01[K     |████████████████████▉           | 2.0 MB 5.4 MB/s eta 0:00:01[K     |█████████████████████           | 2.0 MB 5.4 MB/s eta 0:00:01[K     |█████████████████████           | 2.0 MB 5.4 MB/s eta 0:00:01[K     |█████████████████████▏          | 2.0 MB 5.4 MB/s eta 0:00:01[K     |█████████████████████▎          | 2.0 MB 5.4 MB/s eta 0:00:01[K     |█████████████████████▍          | 2.0 MB 5.4 MB/s eta 0:00:01[K     |█████████████████████▌          | 2.1 MB 5.4 MB/s eta 0:00:01[K     |█████████████████████▋          | 2.1 MB 5.4 MB/s eta 0:00:01[K     |█████████████████████▊          | 2.1 MB 5.4 MB/s eta 0:00:01[K     |█████████████████████▉          | 2.1 MB 5.4 MB/s eta 0:00:01[K     |██████████████████████          | 2.1 MB 5.4 MB/s eta 0:00:01[K     |██████████████████████          | 2.1 MB 5.4 MB/s eta 0:00:01[K     |██████████████████████▏         | 2.1 MB 5.4 MB/s eta 0:00:01[K     |██████████████████████▎         | 2.1 MB 5.4 MB/s eta 0:00:01[K     |██████████████████████▍         | 2.1 MB 5.4 MB/s eta 0:00:01[K     |██████████████████████▌         | 2.2 MB 5.4 MB/s eta 0:00:01[K     |██████████████████████▋         | 2.2 MB 5.4 MB/s eta 0:00:01[K     |██████████████████████▊         | 2.2 MB 5.4 MB/s eta 0:00:01[K     |██████████████████████▉         | 2.2 MB 5.4 MB/s eta 0:00:01[K     |███████████████████████         | 2.2 MB 5.4 MB/s eta 0:00:01[K     |███████████████████████         | 2.2 MB 5.4 MB/s eta 0:00:01[K     |███████████████████████▏        | 2.2 MB 5.4 MB/s eta 0:00:01[K     |███████████████████████▎        | 2.2 MB 5.4 MB/s eta 0:00:01[K     |███████████████████████▍        | 2.2 MB 5.4 MB/s eta 0:00:01[K     |███████████████████████▌        | 2.2 MB 5.4 MB/s eta 0:00:01[K     |███████████████████████▌        | 2.3 MB 5.4 MB/s eta 0:00:01[K     |███████████████████████▋        | 2.3 MB 5.4 MB/s eta 0:00:01[K     |███████████████████████▊        | 2.3 MB 5.4 MB/s eta 0:00:01[K     |███████████████████████▉        | 2.3 MB 5.4 MB/s eta 0:00:01[K     |████████████████████████        | 2.3 MB 5.4 MB/s eta 0:00:01[K     |████████████████████████        | 2.3 MB 5.4 MB/s eta 0:00:01[K     |████████████████████████▏       | 2.3 MB 5.4 MB/s eta 0:00:01[K     |████████████████████████▎       | 2.3 MB 5.4 MB/s eta 0:00:01[K     |████████████████████████▍       | 2.3 MB 5.4 MB/s eta 0:00:01[K     |████████████████████████▌       | 2.3 MB 5.4 MB/s eta 0:00:01[K     |████████████████████████▋       | 2.4 MB 5.4 MB/s eta 0:00:01[K     |████████████████████████▊       | 2.4 MB 5.4 MB/s eta 0:00:01[K     |████████████████████████▉       | 2.4 MB 5.4 MB/s eta 0:00:01[K     |█████████████████████████       | 2.4 MB 5.4 MB/s eta 0:00:01[K     |█████████████████████████       | 2.4 MB 5.4 MB/s eta 0:00:01[K     |█████████████████████████▏      | 2.4 MB 5.4 MB/s eta 0:00:01[K     |█████████████████████████▎      | 2.4 MB 5.4 MB/s eta 0:00:01[K     |█████████████████████████▍      | 2.4 MB 5.4 MB/s eta 0:00:01[K     |█████████████████████████▌      | 2.4 MB 5.4 MB/s eta 0:00:01[K     |█████████████████████████▋      | 2.4 MB 5.4 MB/s eta 0:00:01[K     |█████████████████████████▊      | 2.5 MB 5.4 MB/s eta 0:00:01[K     |█████████████████████████▉      | 2.5 MB 5.4 MB/s eta 0:00:01[K     |██████████████████████████      | 2.5 MB 5.4 MB/s eta 0:00:01[K     |██████████████████████████      | 2.5 MB 5.4 MB/s eta 0:00:01[K     |██████████████████████████▏     | 2.5 MB 5.4 MB/s eta 0:00:01[K     |██████████████████████████▎     | 2.5 MB 5.4 MB/s eta 0:00:01[K     |██████████████████████████▍     | 2.5 MB 5.4 MB/s eta 0:00:01[K     |██████████████████████████▍     | 2.5 MB 5.4 MB/s eta 0:00:01[K     |██████████████████████████▌     | 2.5 MB 5.4 MB/s eta 0:00:01[K     |██████████████████████████▋     | 2.5 MB 5.4 MB/s eta 0:00:01[K     |██████████████████████████▊     | 2.6 MB 5.4 MB/s eta 0:00:01[K     |██████████████████████████▉     | 2.6 MB 5.4 MB/s eta 0:00:01[K     |███████████████████████████     | 2.6 MB 5.4 MB/s eta 0:00:01[K     |███████████████████████████     | 2.6 MB 5.4 MB/s eta 0:00:01[K     |███████████████████████████▏    | 2.6 MB 5.4 MB/s eta 0:00:01[K     |███████████████████████████▎    | 2.6 MB 5.4 MB/s eta 0:00:01[K     |███████████████████████████▍    | 2.6 MB 5.4 MB/s eta 0:00:01[K     |███████████████████████████▌    | 2.6 MB 5.4 MB/s eta 0:00:01[K     |███████████████████████████▋    | 2.6 MB 5.4 MB/s eta 0:00:01[K     |███████████████████████████▊    | 2.7 MB 5.4 MB/s eta 0:00:01[K     |███████████████████████████▉    | 2.7 MB 5.4 MB/s eta 0:00:01[K     |████████████████████████████    | 2.7 MB 5.4 MB/s eta 0:00:01[K     |████████████████████████████    | 2.7 MB 5.4 MB/s eta 0:00:01[K     |████████████████████████████▏   | 2.7 MB 5.4 MB/s eta 0:00:01[K     |████████████████████████████▎   | 2.7 MB 5.4 MB/s eta 0:00:01[K     |████████████████████████████▍   | 2.7 MB 5.4 MB/s eta 0:00:01[K     |████████████████████████████▌   | 2.7 MB 5.4 MB/s eta 0:00:01[K     |████████████████████████████▋   | 2.7 MB 5.4 MB/s eta 0:00:01[K     |████████████████████████████▊   | 2.7 MB 5.4 MB/s eta 0:00:01[K     |████████████████████████████▉   | 2.8 MB 5.4 MB/s eta 0:00:01[K     |█████████████████████████████   | 2.8 MB 5.4 MB/s eta 0:00:01[K     |█████████████████████████████   | 2.8 MB 5.4 MB/s eta 0:00:01[K     |█████████████████████████████▏  | 2.8 MB 5.4 MB/s eta 0:00:01[K     |█████████████████████████████▎  | 2.8 MB 5.4 MB/s eta 0:00:01[K     |█████████████████████████████▎  | 2.8 MB 5.4 MB/s eta 0:00:01[K     |█████████████████████████████▍  | 2.8 MB 5.4 MB/s eta 0:00:01[K     |█████████████████████████████▌  | 2.8 MB 5.4 MB/s eta 0:00:01[K     |█████████████████████████████▋  | 2.8 MB 5.4 MB/s eta 0:00:01[K     |█████████████████████████████▊  | 2.8 MB 5.4 MB/s eta 0:00:01[K     |█████████████████████████████▉  | 2.9 MB 5.4 MB/s eta 0:00:01[K     |██████████████████████████████  | 2.9 MB 5.4 MB/s eta 0:00:01[K     |██████████████████████████████  | 2.9 MB 5.4 MB/s eta 0:00:01[K     |██████████████████████████████▏ | 2.9 MB 5.4 MB/s eta 0:00:01[K     |██████████████████████████████▎ | 2.9 MB 5.4 MB/s eta 0:00:01[K     |██████████████████████████████▍ | 2.9 MB 5.4 MB/s eta 0:00:01[K     |██████████████████████████████▌ | 2.9 MB 5.4 MB/s eta 0:00:01[K     |██████████████████████████████▋ | 2.9 MB 5.4 MB/s eta 0:00:01[K     |██████████████████████████████▊ | 2.9 MB 5.4 MB/s eta 0:00:01[K     |██████████████████████████████▉ | 2.9 MB 5.4 MB/s eta 0:00:01[K     |███████████████████████████████ | 3.0 MB 5.4 MB/s eta 0:00:01[K     |███████████████████████████████ | 3.0 MB 5.4 MB/s eta 0:00:01[K     |███████████████████████████████▏| 3.0 MB 5.4 MB/s eta 0:00:01[K     |███████████████████████████████▎| 3.0 MB 5.4 MB/s eta 0:00:01[K     |███████████████████████████████▍| 3.0 MB 5.4 MB/s eta 0:00:01[K     |███████████████████████████████▌| 3.0 MB 5.4 MB/s eta 0:00:01[K     |███████████████████████████████▋| 3.0 MB 5.4 MB/s eta 0:00:01[K     |███████████████████████████████▊| 3.0 MB 5.4 MB/s eta 0:00:01[K     |███████████████████████████████▉| 3.0 MB 5.4 MB/s eta 0:00:01[K     |████████████████████████████████| 3.1 MB 5.4 MB/s eta 0:00:01[K     |████████████████████████████████| 3.1 MB 5.4 MB/s 
[?25hRequirement already satisfied: direct-redis in /usr/local/lib/python3.8/dist-packages (0.3.1)
Requirement already satisfied: pytz>=2020.1 in /usr/local/lib/python3.8/dist-packages (from pandas) (2023.3.post1)
Requirement already satisfied: numpy>=1.20.3; python_version < "3.10" in /usr/local/lib/python3.8/dist-packages (from pandas) (1.24.4)
Requirement already satisfied: tzdata>=2022.1 in /usr/local/lib/python3.8/dist-packages (from pandas) (2023.3)
Requirement already satisfied: python-dateutil>=2.8.2 in /usr/local/lib/python3.8/dist-packages (from pandas) (2.8.2)
Collecting greenlet!=0.4.17; platform_machine == "aarch64" or (platform_machine == "ppc64le" or (platform_machine == "x86_64" or (platform_machine == "amd64" or (platform_machine == "AMD64" or (platform_machine == "win32" or platform_machine == "WIN32")))))
  Downloading greenlet-3.0.1-cp38-cp38-manylinux_2_17_aarch64.manylinux2014_aarch64.whl (654 kB)
[?25l[K     |▌                               | 10 kB 6.8 MB/s eta 0:00:01[K     |█                               | 20 kB 10.6 MB/s eta 0:00:01[K     |█▌                              | 30 kB 15.5 MB/s eta 0:00:01[K     |██                              | 40 kB 20.1 MB/s eta 0:00:01[K     |██▌                             | 51 kB 24.6 MB/s eta 0:00:01[K     |███                             | 61 kB 29.0 MB/s eta 0:00:01[K     |███▌                            | 71 kB 22.8 MB/s eta 0:00:01[K     |████                            | 81 kB 25.5 MB/s eta 0:00:01[K     |████▌                           | 92 kB 28.1 MB/s eta 0:00:01[K     |█████                           | 102 kB 30.7 MB/s eta 0:00:01[K     |█████▌                          | 112 kB 30.7 MB/s eta 0:00:01[K     |██████                          | 122 kB 30.7 MB/s eta 0:00:01[K     |██████▌                         | 133 kB 30.7 MB/s eta 0:00:01[K     |███████                         | 143 kB 30.7 MB/s eta 0:00:01[K     |███████▌                        | 153 kB 30.7 MB/s eta 0:00:01[K     |████████                        | 163 kB 30.7 MB/s eta 0:00:01[K     |████████▌                       | 174 kB 30.7 MB/s eta 0:00:01[K     |█████████                       | 184 kB 30.7 MB/s eta 0:00:01[K     |█████████▌                      | 194 kB 30.7 MB/s eta 0:00:01[K     |██████████                      | 204 kB 30.7 MB/s eta 0:00:01[K     |██████████▌                     | 215 kB 30.7 MB/s eta 0:00:01[K     |███████████                     | 225 kB 30.7 MB/s eta 0:00:01[K     |███████████▌                    | 235 kB 30.7 MB/s eta 0:00:01[K     |████████████                    | 245 kB 30.7 MB/s eta 0:00:01[K     |████████████▌                   | 256 kB 30.7 MB/s eta 0:00:01[K     |█████████████                   | 266 kB 30.7 MB/s eta 0:00:01[K     |█████████████▌                  | 276 kB 30.7 MB/s eta 0:00:01[K     |██████████████                  | 286 kB 30.7 MB/s eta 0:00:01[K     |██████████████▌                 | 296 kB 30.7 MB/s eta 0:00:01[K     |███████████████                 | 307 kB 30.7 MB/s eta 0:00:01[K     |███████████████▌                | 317 kB 30.7 MB/s eta 0:00:01[K     |████████████████                | 327 kB 30.7 MB/s eta 0:00:01[K     |████████████████▌               | 337 kB 30.7 MB/s eta 0:00:01[K     |█████████████████               | 348 kB 30.7 MB/s eta 0:00:01[K     |█████████████████▌              | 358 kB 30.7 MB/s eta 0:00:01[K     |██████████████████              | 368 kB 30.7 MB/s eta 0:00:01[K     |██████████████████▌             | 378 kB 30.7 MB/s eta 0:00:01[K     |███████████████████             | 389 kB 30.7 MB/s eta 0:00:01[K     |███████████████████▌            | 399 kB 30.7 MB/s eta 0:00:01[K     |████████████████████            | 409 kB 30.7 MB/s eta 0:00:01[K     |████████████████████▌           | 419 kB 30.7 MB/s eta 0:00:01[K     |█████████████████████           | 430 kB 30.7 MB/s eta 0:00:01[K     |█████████████████████▌          | 440 kB 30.7 MB/s eta 0:00:01[K     |██████████████████████          | 450 kB 30.7 MB/s eta 0:00:01[K     |██████████████████████▌         | 460 kB 30.7 MB/s eta 0:00:01[K     |███████████████████████         | 471 kB 30.7 MB/s eta 0:00:01[K     |███████████████████████▌        | 481 kB 30.7 MB/s eta 0:00:01[K     |████████████████████████        | 491 kB 30.7 MB/s eta 0:00:01[K     |████████████████████████▌       | 501 kB 30.7 MB/s eta 0:00:01[K     |█████████████████████████       | 512 kB 30.7 MB/s eta 0:00:01[K     |█████████████████████████▌      | 522 kB 30.7 MB/s eta 0:00:01[K     |██████████████████████████      | 532 kB 30.7 MB/s eta 0:00:01[K     |██████████████████████████▌     | 542 kB 30.7 MB/s eta 0:00:01[K     |███████████████████████████     | 552 kB 30.7 MB/s eta 0:00:01[K     |███████████████████████████▌    | 563 kB 30.7 MB/s eta 0:00:01[K     |████████████████████████████    | 573 kB 30.7 MB/s eta 0:00:01[K     |████████████████████████████▌   | 583 kB 30.7 MB/s eta 0:00:01[K     |█████████████████████████████   | 593 kB 30.7 MB/s eta 0:00:01[K     |█████████████████████████████▌  | 604 kB 30.7 MB/s eta 0:00:01[K     |██████████████████████████████  | 614 kB 30.7 MB/s eta 0:00:01[K     |██████████████████████████████▌ | 624 kB 30.7 MB/s eta 0:00:01[K     |███████████████████████████████ | 634 kB 30.7 MB/s eta 0:00:01[K     |███████████████████████████████▌| 645 kB 30.7 MB/s eta 0:00:01[K     |████████████████████████████████| 654 kB 30.7 MB/s 
[?25hRequirement already satisfied: typing-extensions>=4.2.0 in /usr/local/lib/python3.8/dist-packages (from sqlalchemy) (4.8.0)
Requirement already satisfied: redis==3.4.1 in /usr/local/lib/python3.8/dist-packages (from direct-redis) (3.4.1)
Requirement already satisfied: six>=1.5 in /usr/local/lib/python3.8/dist-packages (from python-dateutil>=2.8.2->pandas) (1.16.0)
Installing collected packages: greenlet, sqlalchemy
Successfully installed greenlet-3.0.1 sqlalchemy-2.0.23
Running /platform/source/s01/v4_engoff/m20202020/m20202020_q21_t0.sh
/platform/source/s01/v4_engoff/m20202020/m20202020_q21_t0.sh: line 4: sudo: command not found
/platform/source/s01/v4_engoff/m20202020/m20202020_q21_t0.sh: line 5: sudo: command not found
/platform/source/s01/v4_engoff/m20202020/m20202020_q21_t0.sh: line 8: sudo: command not found
/platform/source/s01/v4_engoff/m20202020/m20202020_q21_t0.sh: line 9: sudo: command not found
Requirement already satisfied: pandas in /usr/local/lib/python3.8/dist-packages (2.0.3)
Requirement already satisfied: pymysql in /usr/local/lib/python3.8/dist-packages (1.1.0)
Requirement already satisfied: redis in /usr/local/lib/python3.8/dist-packages (3.4.1)
Requirement already satisfied: pytz>=2020.1 in /usr/local/lib/python3.8/dist-packages (from pandas) (2023.3.post1)
Requirement already satisfied: python-dateutil>=2.8.2 in /usr/local/lib/python3.8/dist-packages (from pandas) (2.8.2)
Requirement already satisfied: numpy>=1.20.3; python_version < "3.10" in /usr/local/lib/python3.8/dist-packages (from pandas) (1.24.4)
Requirement already satisfied: tzdata>=2022.1 in /usr/local/lib/python3.8/dist-packages (from pandas) (2023.3)
Requirement already satisfied: six>=1.5 in /usr/local/lib/python3.8/dist-packages (from python-dateutil>=2.8.2->pandas) (1.16.0)
Requirement already satisfied: direct_redis in /usr/local/lib/python3.8/dist-packages (0.3.1)
Requirement already satisfied: redis==3.4.1 in /usr/local/lib/python3.8/dist-packages (from direct_redis) (3.4.1)
Running /platform/source/s01/v4_engoff/m20202020/m20202020_q22_t0.sh
/platform/source/s01/v4_engoff/m20202020/m20202020_q22_t0.sh: line 4: sudo: command not found
/platform/source/s01/v4_engoff/m20202020/m20202020_q22_t0.sh: line 7: sudo: command not found
Requirement already satisfied: pymysql in /usr/local/lib/python3.8/dist-packages (1.1.0)
Requirement already satisfied: pandas in /usr/local/lib/python3.8/dist-packages (2.0.3)
Requirement already satisfied: python-dateutil>=2.8.2 in /usr/local/lib/python3.8/dist-packages (from pandas) (2.8.2)
Requirement already satisfied: numpy>=1.20.3; python_version < "3.10" in /usr/local/lib/python3.8/dist-packages (from pandas) (1.24.4)
Requirement already satisfied: pytz>=2020.1 in /usr/local/lib/python3.8/dist-packages (from pandas) (2023.3.post1)
Requirement already satisfied: tzdata>=2022.1 in /usr/local/lib/python3.8/dist-packages (from pandas) (2023.3)
Requirement already satisfied: six>=1.5 in /usr/local/lib/python3.8/dist-packages (from python-dateutil>=2.8.2->pandas) (1.16.0)
Running /platform/source/s01/v4_engoff/m20202020/m20202020_q2_t0.sh
/platform/source/s01/v4_engoff/m20202020/m20202020_q2_t0.sh: line 4: sudo: command not found
/platform/source/s01/v4_engoff/m20202020/m20202020_q2_t0.sh: line 7: sudo: command not found
Requirement already satisfied: pymysql in /usr/local/lib/python3.8/dist-packages (1.1.0)
Requirement already satisfied: pandas in /usr/local/lib/python3.8/dist-packages (2.0.3)
Requirement already satisfied: python-dateutil>=2.8.2 in /usr/local/lib/python3.8/dist-packages (from pandas) (2.8.2)
Requirement already satisfied: numpy>=1.20.3; python_version < "3.10" in /usr/local/lib/python3.8/dist-packages (from pandas) (1.24.4)
Requirement already satisfied: pytz>=2020.1 in /usr/local/lib/python3.8/dist-packages (from pandas) (2023.3.post1)
Requirement already satisfied: tzdata>=2022.1 in /usr/local/lib/python3.8/dist-packages (from pandas) (2023.3)
Requirement already satisfied: six>=1.5 in /usr/local/lib/python3.8/dist-packages (from python-dateutil>=2.8.2->pandas) (1.16.0)
Requirement already satisfied: direct_redis in /usr/local/lib/python3.8/dist-packages (0.3.1)
Requirement already satisfied: redis==3.4.1 in /usr/local/lib/python3.8/dist-packages (from direct_redis) (3.4.1)
Running /platform/source/s01/v4_engoff/m20202020/m20202020_q3_t0.sh
0% [Working]            Hit:1 http://ports.ubuntu.com/ubuntu-ports focal InRelease
0% [Working]0% [Waiting for headers]                        Hit:2 http://ports.ubuntu.com/ubuntu-ports focal-updates InRelease
                        0% [Working]0% [Waiting for headers]                        Hit:3 http://ports.ubuntu.com/ubuntu-ports focal-backports InRelease
                        0% [Working]0% [Waiting for headers]                        Hit:4 http://ports.ubuntu.com/ubuntu-ports focal-security InRelease
                        0% [Working]20% [Working]             Reading package lists... 0%Reading package lists... 0%Reading package lists... 0%Reading package lists... 6%Reading package lists... 6%Reading package lists... 6%Reading package lists... 6%Reading package lists... 60%Reading package lists... 60%Reading package lists... 61%Reading package lists... 61%Reading package lists... 74%Reading package lists... 74%Reading package lists... 75%Reading package lists... 75%Reading package lists... 81%Reading package lists... 81%Reading package lists... 81%Reading package lists... 81%Reading package lists... 82%Reading package lists... 82%Reading package lists... 82%Reading package lists... 82%Reading package lists... 94%Reading package lists... 94%Reading package lists... 94%Reading package lists... 94%Reading package lists... 99%Reading package lists... 99%Reading package lists... 99%Reading package lists... 99%Reading package lists... Done
Reading package lists... 0%Reading package lists... 0%Reading package lists... 0%Reading package lists... 6%Reading package lists... 6%Reading package lists... 6%Reading package lists... 6%Reading package lists... 60%Reading package lists... 60%Reading package lists... 61%Reading package lists... 61%Reading package lists... 74%Reading package lists... 74%Reading package lists... 75%Reading package lists... 75%Reading package lists... 81%Reading package lists... 81%Reading package lists... 81%Reading package lists... 81%Reading package lists... 82%Reading package lists... 82%Reading package lists... 82%Reading package lists... 82%Reading package lists... 94%Reading package lists... 94%Reading package lists... 94%Reading package lists... 94%Reading package lists... 99%Reading package lists... 99%Reading package lists... 99%Reading package lists... 99%Reading package lists... Done
Building dependency tree... 0%Building dependency tree... 0%Building dependency tree... 50%Building dependency tree... 50%Building dependency tree       
Reading state information... 0%Reading state information... 0%Reading state information... Done
python3-pip is already the newest version (20.0.2-5ubuntu1.10).
0 upgraded, 0 newly installed, 0 to remove and 0 not upgraded.
Requirement already satisfied: pymysql in /usr/local/lib/python3.8/dist-packages (1.1.0)
Requirement already satisfied: pandas in /usr/local/lib/python3.8/dist-packages (2.0.3)
Requirement already satisfied: python-dateutil>=2.8.2 in /usr/local/lib/python3.8/dist-packages (from pandas) (2.8.2)
Requirement already satisfied: tzdata>=2022.1 in /usr/local/lib/python3.8/dist-packages (from pandas) (2023.3)
Requirement already satisfied: numpy>=1.20.3; python_version < "3.10" in /usr/local/lib/python3.8/dist-packages (from pandas) (1.24.4)
Requirement already satisfied: pytz>=2020.1 in /usr/local/lib/python3.8/dist-packages (from pandas) (2023.3.post1)
Requirement already satisfied: six>=1.5 in /usr/local/lib/python3.8/dist-packages (from python-dateutil>=2.8.2->pandas) (1.16.0)
Requirement already satisfied: direct_redis in /usr/local/lib/python3.8/dist-packages (0.3.1)
Requirement already satisfied: redis==3.4.1 in /usr/local/lib/python3.8/dist-packages (from direct_redis) (3.4.1)
Running /platform/source/s01/v4_engoff/m20202020/m20202020_q4_t0.sh
/platform/source/s01/v4_engoff/m20202020/m20202020_q4_t0.sh: line 4: sudo: command not found
/platform/source/s01/v4_engoff/m20202020/m20202020_q4_t0.sh: line 7: sudo: command not found
Requirement already satisfied: pymysql in /usr/local/lib/python3.8/dist-packages (1.1.0)
Requirement already satisfied: pandas in /usr/local/lib/python3.8/dist-packages (2.0.3)
Requirement already satisfied: direct-redis in /usr/local/lib/python3.8/dist-packages (0.3.1)
Requirement already satisfied: tzdata>=2022.1 in /usr/local/lib/python3.8/dist-packages (from pandas) (2023.3)
Requirement already satisfied: numpy>=1.20.3; python_version < "3.10" in /usr/local/lib/python3.8/dist-packages (from pandas) (1.24.4)
Requirement already satisfied: pytz>=2020.1 in /usr/local/lib/python3.8/dist-packages (from pandas) (2023.3.post1)
Requirement already satisfied: python-dateutil>=2.8.2 in /usr/local/lib/python3.8/dist-packages (from pandas) (2.8.2)
Requirement already satisfied: redis==3.4.1 in /usr/local/lib/python3.8/dist-packages (from direct-redis) (3.4.1)
Requirement already satisfied: six>=1.5 in /usr/local/lib/python3.8/dist-packages (from python-dateutil>=2.8.2->pandas) (1.16.0)
Running /platform/source/s01/v4_engoff/m20202020/m20202020_q5_t0.sh
0% [Working]            Hit:1 http://ports.ubuntu.com/ubuntu-ports focal InRelease
0% [Working]0% [Waiting for headers]                        Hit:2 http://ports.ubuntu.com/ubuntu-ports focal-updates InRelease
                        0% [Working]0% [Waiting for headers]                        Hit:3 http://ports.ubuntu.com/ubuntu-ports focal-backports InRelease
                        0% [Working]0% [Waiting for headers]                        Hit:4 http://ports.ubuntu.com/ubuntu-ports focal-security InRelease
                        0% [Working]20% [Working]             Reading package lists... 0%Reading package lists... 0%Reading package lists... 0%Reading package lists... 6%Reading package lists... 6%Reading package lists... 6%Reading package lists... 6%Reading package lists... 60%Reading package lists... 60%Reading package lists... 61%Reading package lists... 61%Reading package lists... 74%Reading package lists... 74%Reading package lists... 75%Reading package lists... 75%Reading package lists... 81%Reading package lists... 81%Reading package lists... 81%Reading package lists... 81%Reading package lists... 82%Reading package lists... 82%Reading package lists... 82%Reading package lists... 82%Reading package lists... 94%Reading package lists... 94%Reading package lists... 94%Reading package lists... 94%Reading package lists... 99%Reading package lists... 99%Reading package lists... 99%Reading package lists... 99%Reading package lists... Done
Reading package lists... 0%Reading package lists... 0%Reading package lists... 0%Reading package lists... 6%Reading package lists... 6%Reading package lists... 6%Reading package lists... 6%Reading package lists... 60%Reading package lists... 60%Reading package lists... 61%Reading package lists... 61%Reading package lists... 74%Reading package lists... 74%Reading package lists... 75%Reading package lists... 75%Reading package lists... 81%Reading package lists... 81%Reading package lists... 81%Reading package lists... 81%Reading package lists... 82%Reading package lists... 82%Reading package lists... 82%Reading package lists... 82%Reading package lists... 94%Reading package lists... 94%Reading package lists... 94%Reading package lists... 94%Reading package lists... 99%Reading package lists... 99%Reading package lists... 99%Reading package lists... 99%Reading package lists... Done
Building dependency tree... 0%Building dependency tree... 0%Building dependency tree... 50%Building dependency tree... 50%Building dependency tree       
Reading state information... 0%Reading state information... 0%Reading state information... Done
python3 is already the newest version (3.8.2-0ubuntu2).
python3-pip is already the newest version (20.0.2-5ubuntu1.10).
0 upgraded, 0 newly installed, 0 to remove and 0 not upgraded.
Requirement already satisfied: pymysql in /usr/local/lib/python3.8/dist-packages (1.1.0)
Requirement already satisfied: pandas in /usr/local/lib/python3.8/dist-packages (2.0.3)
Requirement already satisfied: direct-redis in /usr/local/lib/python3.8/dist-packages (0.3.1)
Requirement already satisfied: tzdata>=2022.1 in /usr/local/lib/python3.8/dist-packages (from pandas) (2023.3)
Requirement already satisfied: pytz>=2020.1 in /usr/local/lib/python3.8/dist-packages (from pandas) (2023.3.post1)
Requirement already satisfied: python-dateutil>=2.8.2 in /usr/local/lib/python3.8/dist-packages (from pandas) (2.8.2)
Requirement already satisfied: numpy>=1.20.3; python_version < "3.10" in /usr/local/lib/python3.8/dist-packages (from pandas) (1.24.4)
Requirement already satisfied: redis==3.4.1 in /usr/local/lib/python3.8/dist-packages (from direct-redis) (3.4.1)
Requirement already satisfied: six>=1.5 in /usr/local/lib/python3.8/dist-packages (from python-dateutil>=2.8.2->pandas) (1.16.0)
Running /platform/source/s01/v4_engoff/m20202020/m20202020_q6_t0.sh
Running /platform/source/s01/v4_engoff/m20202020/m20202020_q7_t0.sh
Requirement already satisfied: pymysql in /usr/local/lib/python3.8/dist-packages (1.1.0)
Requirement already satisfied: pandas in /usr/local/lib/python3.8/dist-packages (2.0.3)
Requirement already satisfied: sqlalchemy in /usr/local/lib/python3.8/dist-packages (2.0.23)
Requirement already satisfied: direct-redis in /usr/local/lib/python3.8/dist-packages (0.3.1)
Requirement already satisfied: python-dateutil>=2.8.2 in /usr/local/lib/python3.8/dist-packages (from pandas) (2.8.2)
Requirement already satisfied: tzdata>=2022.1 in /usr/local/lib/python3.8/dist-packages (from pandas) (2023.3)
Requirement already satisfied: pytz>=2020.1 in /usr/local/lib/python3.8/dist-packages (from pandas) (2023.3.post1)
Requirement already satisfied: numpy>=1.20.3; python_version < "3.10" in /usr/local/lib/python3.8/dist-packages (from pandas) (1.24.4)
Requirement already satisfied: greenlet!=0.4.17; platform_machine == "aarch64" or (platform_machine == "ppc64le" or (platform_machine == "x86_64" or (platform_machine == "amd64" or (platform_machine == "AMD64" or (platform_machine == "win32" or platform_machine == "WIN32"))))) in /usr/local/lib/python3.8/dist-packages (from sqlalchemy) (3.0.1)
Requirement already satisfied: typing-extensions>=4.2.0 in /usr/local/lib/python3.8/dist-packages (from sqlalchemy) (4.8.0)
Requirement already satisfied: redis==3.4.1 in /usr/local/lib/python3.8/dist-packages (from direct-redis) (3.4.1)
Requirement already satisfied: six>=1.5 in /usr/local/lib/python3.8/dist-packages (from python-dateutil>=2.8.2->pandas) (1.16.0)
Running /platform/source/s01/v4_engoff/m20202020/m20202020_q8_t0.sh
Requirement already satisfied: pymysql in /usr/local/lib/python3.8/dist-packages (1.1.0)
Requirement already satisfied: direct_redis in /usr/local/lib/python3.8/dist-packages (0.3.1)
Requirement already satisfied: pandas in /usr/local/lib/python3.8/dist-packages (2.0.3)
Requirement already satisfied: redis==3.4.1 in /usr/local/lib/python3.8/dist-packages (from direct_redis) (3.4.1)
Requirement already satisfied: numpy>=1.20.3; python_version < "3.10" in /usr/local/lib/python3.8/dist-packages (from pandas) (1.24.4)
Requirement already satisfied: pytz>=2020.1 in /usr/local/lib/python3.8/dist-packages (from pandas) (2023.3.post1)
Requirement already satisfied: tzdata>=2022.1 in /usr/local/lib/python3.8/dist-packages (from pandas) (2023.3)
Requirement already satisfied: python-dateutil>=2.8.2 in /usr/local/lib/python3.8/dist-packages (from pandas) (2.8.2)
Requirement already satisfied: six>=1.5 in /usr/local/lib/python3.8/dist-packages (from python-dateutil>=2.8.2->pandas) (1.16.0)
Running /platform/source/s01/v4_engoff/m20202020/m20202020_q9_t0.sh
/platform/source/s01/v4_engoff/m20202020/m20202020_q9_t0.sh: line 4: sudo: command not found
/platform/source/s01/v4_engoff/m20202020/m20202020_q9_t0.sh: line 7: sudo: command not found
Requirement already satisfied: pymysql in /usr/local/lib/python3.8/dist-packages (1.1.0)
Requirement already satisfied: pandas in /usr/local/lib/python3.8/dist-packages (2.0.3)
Requirement already satisfied: tzdata>=2022.1 in /usr/local/lib/python3.8/dist-packages (from pandas) (2023.3)
Requirement already satisfied: python-dateutil>=2.8.2 in /usr/local/lib/python3.8/dist-packages (from pandas) (2.8.2)
Requirement already satisfied: pytz>=2020.1 in /usr/local/lib/python3.8/dist-packages (from pandas) (2023.3.post1)
Requirement already satisfied: numpy>=1.20.3; python_version < "3.10" in /usr/local/lib/python3.8/dist-packages (from pandas) (1.24.4)
Requirement already satisfied: six>=1.5 in /usr/local/lib/python3.8/dist-packages (from python-dateutil>=2.8.2->pandas) (1.16.0)
Requirement already satisfied: direct_redis in /usr/local/lib/python3.8/dist-packages (0.3.1)
Requirement already satisfied: redis==3.4.1 in /usr/local/lib/python3.8/dist-packages (from direct_redis) (3.4.1)
python /dbknitter/dbknitter/grader.py /platform/source/s01/v4_engoff/m20202020/m20202020_q10_t0.py /platform/output/s01/v4_engoff/m20202020/m20202020_q10_t0.csv /platform/expected/s01/q10.csv
/platform/source/s01/v4_engoff/m20202020/m20202020_q10_t0.py:29: UserWarning: pandas only supports SQLAlchemy connectable (engine/connection) or database string URI or sqlite3 DBAPI2 connection. Other DBAPI2 objects are not tested. Please consider using SQLAlchemy.
  mysql_df = pd.read_sql(mysql_query, mysql_connection)
Traceback (most recent call last):
  File "/usr/local/lib/python3.8/dist-packages/pandas/io/sql.py", line 2202, in execute
    cur.execute(sql, *args)
  File "/usr/local/lib/python3.8/dist-packages/pymysql/cursors.py", line 153, in execute
    result = self._query(query)
  File "/usr/local/lib/python3.8/dist-packages/pymysql/cursors.py", line 322, in _query
    conn.query(q)
  File "/usr/local/lib/python3.8/dist-packages/pymysql/connections.py", line 558, in query
    self._affected_rows = self._read_query_result(unbuffered=unbuffered)
  File "/usr/local/lib/python3.8/dist-packages/pymysql/connections.py", line 822, in _read_query_result
    result.read()
  File "/usr/local/lib/python3.8/dist-packages/pymysql/connections.py", line 1200, in read
    first_packet = self.connection._read_packet()
  File "/usr/local/lib/python3.8/dist-packages/pymysql/connections.py", line 772, in _read_packet
    packet.raise_for_error()
  File "/usr/local/lib/python3.8/dist-packages/pymysql/protocol.py", line 221, in raise_for_error
    err.raise_mysql_exception(self._data)
  File "/usr/local/lib/python3.8/dist-packages/pymysql/err.py", line 143, in raise_mysql_exception
    raise errorclass(errno, errval)
pymysql.err.OperationalError: (1055, "Expression #2 of SELECT list is not in GROUP BY clause and contains nonaggregated column 'tpch.c.C_NAME' which is not functionally dependent on columns in GROUP BY clause; this is incompatible with sql_mode=only_full_group_by")

The above exception was the direct cause of the following exception:

Traceback (most recent call last):
  File "/platform/source/s01/v4_engoff/m20202020/m20202020_q10_t0.py", line 29, in <module>
    mysql_df = pd.read_sql(mysql_query, mysql_connection)
  File "/usr/local/lib/python3.8/dist-packages/pandas/io/sql.py", line 635, in read_sql
    return pandas_sql.read_query(
  File "/usr/local/lib/python3.8/dist-packages/pandas/io/sql.py", line 2266, in read_query
    cursor = self.execute(sql, params)
  File "/usr/local/lib/python3.8/dist-packages/pandas/io/sql.py", line 2214, in execute
    raise ex from exc
pandas.errors.DatabaseError: Execution failed on sql '
SELECT 
    c.C_CUSTKEY, c.C_NAME, c.C_ADDRESS, c.C_PHONE, c.C_ACCTBAL, c.C_COMMENT,
    SUM(l.L_EXTENDEDPRICE * (1 - l.L_DISCOUNT)) AS revenue_lost
FROM 
    customer c
JOIN 
    lineitem l ON c.C_CUSTKEY = l.L_ORDERKEY
WHERE 
    l.L_RETURNFLAG = 'R'
AND 
    l.L_SHIPDATE BETWEEN '1993-10-01' AND '1994-01-01'
GROUP BY c.C_CUSTKEY
ORDER BY revenue_lost DESC, c.C_CUSTKEY, c.C_NAME, c.C_ACCTBAL;
': (1055, "Expression #2 of SELECT list is not in GROUP BY clause and contains nonaggregated column 'tpch.c.C_NAME' which is not functionally dependent on columns in GROUP BY clause; this is incompatible with sql_mode=only_full_group_by")
Score.fail_execute
python /dbknitter/dbknitter/grader.py /platform/source/s01/v4_engoff/m20202020/m20202020_q11_t0.py /platform/output/s01/v4_engoff/m20202020/m20202020_q11_t0.csv /platform/expected/s01/q11.csv
/platform/source/s01/v4_engoff/m20202020/m20202020_q11_t0.py:19: UserWarning: pandas only supports SQLAlchemy connectable (engine/connection) or database string URI or sqlite3 DBAPI2 connection. Other DBAPI2 objects are not tested. Please consider using SQLAlchemy.
  german_suppliers = pd.read_sql(supplier_query, mysql_conn)
Traceback (most recent call last):
  File "/usr/local/lib/python3.8/dist-packages/pandas/io/sql.py", line 2202, in execute
    cur.execute(sql, *args)
  File "/usr/local/lib/python3.8/dist-packages/pymysql/cursors.py", line 153, in execute
    result = self._query(query)
  File "/usr/local/lib/python3.8/dist-packages/pymysql/cursors.py", line 322, in _query
    conn.query(q)
  File "/usr/local/lib/python3.8/dist-packages/pymysql/connections.py", line 558, in query
    self._affected_rows = self._read_query_result(unbuffered=unbuffered)
  File "/usr/local/lib/python3.8/dist-packages/pymysql/connections.py", line 822, in _read_query_result
    result.read()
  File "/usr/local/lib/python3.8/dist-packages/pymysql/connections.py", line 1200, in read
    first_packet = self.connection._read_packet()
  File "/usr/local/lib/python3.8/dist-packages/pymysql/connections.py", line 772, in _read_packet
    packet.raise_for_error()
  File "/usr/local/lib/python3.8/dist-packages/pymysql/protocol.py", line 221, in raise_for_error
    err.raise_mysql_exception(self._data)
  File "/usr/local/lib/python3.8/dist-packages/pymysql/err.py", line 143, in raise_mysql_exception
    raise errorclass(errno, errval)
pymysql.err.ProgrammingError: (1146, "Table 'tpch.nation' doesn't exist")

The above exception was the direct cause of the following exception:

Traceback (most recent call last):
  File "/platform/source/s01/v4_engoff/m20202020/m20202020_q11_t0.py", line 19, in <module>
    german_suppliers = pd.read_sql(supplier_query, mysql_conn)
  File "/usr/local/lib/python3.8/dist-packages/pandas/io/sql.py", line 635, in read_sql
    return pandas_sql.read_query(
  File "/usr/local/lib/python3.8/dist-packages/pandas/io/sql.py", line 2266, in read_query
    cursor = self.execute(sql, params)
  File "/usr/local/lib/python3.8/dist-packages/pandas/io/sql.py", line 2214, in execute
    raise ex from exc
pandas.errors.DatabaseError: Execution failed on sql '
SELECT S_SUPPKEY
FROM supplier
WHERE S_NATIONKEY = (
    SELECT N_NATIONKEY
    FROM nation
    WHERE N_NAME = 'GERMANY'
)
': (1146, "Table 'tpch.nation' doesn't exist")
Score.fail_execute
python /dbknitter/dbknitter/grader.py /platform/source/s01/v4_engoff/m20202020/m20202020_q12_t0.py /platform/output/s01/v4_engoff/m20202020/m20202020_q12_t0.csv /platform/expected/s01/q12.csv
Traceback (most recent call last):
  File "/platform/source/s01/v4_engoff/m20202020/m20202020_q12_t0.py", line 35, in <module>
    orders_df = pd.read_json(redis_conn.get('orders'))
  File "/usr/local/lib/python3.8/dist-packages/pandas/io/json/_json.py", line 760, in read_json
    json_reader = JsonReader(
  File "/usr/local/lib/python3.8/dist-packages/pandas/io/json/_json.py", line 861, in __init__
    data = self._get_data_from_filepath(filepath_or_buffer)
  File "/usr/local/lib/python3.8/dist-packages/pandas/io/json/_json.py", line 901, in _get_data_from_filepath
    self.handles = get_handle(
  File "/usr/local/lib/python3.8/dist-packages/pandas/io/common.py", line 707, in get_handle
    if _is_binary_mode(path_or_buf, mode) and "b" not in mode:
  File "/usr/local/lib/python3.8/dist-packages/pandas/io/common.py", line 1167, in _is_binary_mode
    return isinstance(handle, _get_binary_io_classes()) or "b" in getattr(
TypeError: argument of type 'method' is not iterable
Score.fail_execute
python /dbknitter/dbknitter/grader.py /platform/source/s01/v4_engoff/m20202020/m20202020_q13_t0.py /platform/output/s01/v4_engoff/m20202020/m20202020_q13_t0.csv /platform/expected/s01/q13.csv
Traceback (most recent call last):
  File "/platform/source/s01/v4_engoff/m20202020/m20202020_q13_t0.py", line 49, in <module>
    execute_query()
  File "/platform/source/s01/v4_engoff/m20202020/m20202020_q13_t0.py", line 28, in execute_query
    orders_df = pd.read_json(r.get('orders'))
  File "/usr/local/lib/python3.8/dist-packages/pandas/io/json/_json.py", line 760, in read_json
    json_reader = JsonReader(
  File "/usr/local/lib/python3.8/dist-packages/pandas/io/json/_json.py", line 861, in __init__
    data = self._get_data_from_filepath(filepath_or_buffer)
  File "/usr/local/lib/python3.8/dist-packages/pandas/io/json/_json.py", line 901, in _get_data_from_filepath
    self.handles = get_handle(
  File "/usr/local/lib/python3.8/dist-packages/pandas/io/common.py", line 707, in get_handle
    if _is_binary_mode(path_or_buf, mode) and "b" not in mode:
  File "/usr/local/lib/python3.8/dist-packages/pandas/io/common.py", line 1167, in _is_binary_mode
    return isinstance(handle, _get_binary_io_classes()) or "b" in getattr(
TypeError: argument of type 'method' is not iterable
Score.fail_execute
python /dbknitter/dbknitter/grader.py /platform/source/s01/v4_engoff/m20202020/m20202020_q14_t0.py /platform/output/s01/v4_engoff/m20202020/m20202020_q14_t0.csv /platform/expected/s01/q14.csv
/platform/source/s01/v4_engoff/m20202020/m20202020_q14_t0.py:19: UserWarning: pandas only supports SQLAlchemy connectable (engine/connection) or database string URI or sqlite3 DBAPI2 connection. Other DBAPI2 objects are not tested. Please consider using SQLAlchemy.
  lineitem_df = pd.read_sql(mysql_query, mysql_conn)
Traceback (most recent call last):
  File "/platform/source/s01/v4_engoff/m20202020/m20202020_q14_t0.py", line 45, in <module>
    merged_df = lineitem_df.merge(part_df, how='inner', on='L_PARTKEY')
  File "/usr/local/lib/python3.8/dist-packages/pandas/core/frame.py", line 9843, in merge
    return merge(
  File "/usr/local/lib/python3.8/dist-packages/pandas/core/reshape/merge.py", line 148, in merge
    op = _MergeOperation(
  File "/usr/local/lib/python3.8/dist-packages/pandas/core/reshape/merge.py", line 737, in __init__
    ) = self._get_merge_keys()
  File "/usr/local/lib/python3.8/dist-packages/pandas/core/reshape/merge.py", line 1203, in _get_merge_keys
    right_keys.append(right._get_label_or_level_values(rk))
  File "/usr/local/lib/python3.8/dist-packages/pandas/core/generic.py", line 1778, in _get_label_or_level_values
    raise KeyError(key)
KeyError: 'L_PARTKEY'
Score.fail_execute
python /dbknitter/dbknitter/grader.py /platform/source/s01/v4_engoff/m20202020/m20202020_q15_t0.py /platform/output/s01/v4_engoff/m20202020/m20202020_q15_t0.csv /platform/expected/s01/q15.csv
Query results written to query_output.csv
>>> Expected ((1, 5))
               S_ADDRESS              S_NAME          S_PHONE  S_SUPPKEY  TOTAL_REVENUE
0  8mhrffG7D2WJBSQbOGstQ  Supplier#000000677  23-290-639-3315        677   1.614410e+06

>>> Actual ((1000, 3))
          REVENUE              S_NAME  S_SUPPKEY
0    1.614410e+06  Supplier#000000677        677
1    1.480501e+06  Supplier#000000913        913
2    1.470458e+06  Supplier#000000736        736
3    1.397003e+06  Supplier#000000984        984
4    1.376314e+06  Supplier#000000634        634
..            ...                 ...        ...
995  3.327936e+05  Supplier#000000864        864
996  3.151130e+05  Supplier#000000051         51
997  2.914936e+05  Supplier#000000798        798
998  2.610677e+05  Supplier#000000010         10
999  2.123673e+05  Supplier#000000949        949

[1000 rows x 3 columns]

Score.fail_wrong_output
python /dbknitter/dbknitter/grader.py /platform/source/s01/v4_engoff/m20202020/m20202020_q16_t0.py /platform/output/s01/v4_engoff/m20202020/m20202020_q16_t0.csv /platform/expected/s01/q16.csv
Traceback (most recent call last):
  File "/platform/source/s01/v4_engoff/m20202020/m20202020_q16_t0.py", line 34, in <module>
    parts_df = pd.read_json(redis_client.get('part'), orient='records')
  File "/usr/local/lib/python3.8/dist-packages/pandas/io/json/_json.py", line 760, in read_json
    json_reader = JsonReader(
  File "/usr/local/lib/python3.8/dist-packages/pandas/io/json/_json.py", line 861, in __init__
    data = self._get_data_from_filepath(filepath_or_buffer)
  File "/usr/local/lib/python3.8/dist-packages/pandas/io/json/_json.py", line 901, in _get_data_from_filepath
    self.handles = get_handle(
  File "/usr/local/lib/python3.8/dist-packages/pandas/io/common.py", line 707, in get_handle
    if _is_binary_mode(path_or_buf, mode) and "b" not in mode:
  File "/usr/local/lib/python3.8/dist-packages/pandas/io/common.py", line 1167, in _is_binary_mode
    return isinstance(handle, _get_binary_io_classes()) or "b" in getattr(
TypeError: argument of type 'method' is not iterable
Score.fail_execute
python /dbknitter/dbknitter/grader.py /platform/source/s01/v4_engoff/m20202020/m20202020_q17_t0.py /platform/output/s01/v4_engoff/m20202020/m20202020_q17_t0.csv /platform/expected/s01/q17.csv
/platform/source/s01/v4_engoff/m20202020/m20202020_q17_t0.py:11: UserWarning: pandas only supports SQLAlchemy connectable (engine/connection) or database string URI or sqlite3 DBAPI2 connection. Other DBAPI2 objects are not tested. Please consider using SQLAlchemy.
  lineitems = pd.read_sql(lineitem_query, conn)
Traceback (most recent call last):
  File "/platform/source/s01/v4_engoff/m20202020/m20202020_q17_t0.py", line 20, in <module>
    part_pandas_bytes = bytes(part_pandas_str, encoding='utf8')
TypeError: encoding without a string argument
Score.fail_execute
python /dbknitter/dbknitter/grader.py /platform/source/s01/v4_engoff/m20202020/m20202020_q18_t0.py /platform/output/s01/v4_engoff/m20202020/m20202020_q18_t0.csv /platform/expected/s01/q18.csv
/platform/source/s01/v4_engoff/m20202020/m20202020_q18_t0.py:24: UserWarning: pandas only supports SQLAlchemy connectable (engine/connection) or database string URI or sqlite3 DBAPI2 connection. Other DBAPI2 objects are not tested. Please consider using SQLAlchemy.
  return pd.read_sql_query(query, conn)
Traceback (most recent call last):
  File "/usr/local/lib/python3.8/dist-packages/pandas/io/sql.py", line 2202, in execute
    cur.execute(sql, *args)
  File "/usr/local/lib/python3.8/dist-packages/pymysql/cursors.py", line 153, in execute
    result = self._query(query)
  File "/usr/local/lib/python3.8/dist-packages/pymysql/cursors.py", line 322, in _query
    conn.query(q)
  File "/usr/local/lib/python3.8/dist-packages/pymysql/connections.py", line 558, in query
    self._affected_rows = self._read_query_result(unbuffered=unbuffered)
  File "/usr/local/lib/python3.8/dist-packages/pymysql/connections.py", line 822, in _read_query_result
    result.read()
  File "/usr/local/lib/python3.8/dist-packages/pymysql/connections.py", line 1200, in read
    first_packet = self.connection._read_packet()
  File "/usr/local/lib/python3.8/dist-packages/pymysql/connections.py", line 772, in _read_packet
    packet.raise_for_error()
  File "/usr/local/lib/python3.8/dist-packages/pymysql/protocol.py", line 221, in raise_for_error
    err.raise_mysql_exception(self._data)
  File "/usr/local/lib/python3.8/dist-packages/pymysql/err.py", line 143, in raise_mysql_exception
    raise errorclass(errno, errval)
pymysql.err.OperationalError: (1055, "Expression #1 of SELECT list is not in GROUP BY clause and contains nonaggregated column 'tpch.c.C_NAME' which is not functionally dependent on columns in GROUP BY clause; this is incompatible with sql_mode=only_full_group_by")

The above exception was the direct cause of the following exception:

Traceback (most recent call last):
  File "/platform/source/s01/v4_engoff/m20202020/m20202020_q18_t0.py", line 47, in <module>
    main()
  File "/platform/source/s01/v4_engoff/m20202020/m20202020_q18_t0.py", line 34, in main
    mysql_data = fetch_mysql_data()
  File "/platform/source/s01/v4_engoff/m20202020/m20202020_q18_t0.py", line 24, in fetch_mysql_data
    return pd.read_sql_query(query, conn)
  File "/usr/local/lib/python3.8/dist-packages/pandas/io/sql.py", line 469, in read_sql_query
    return pandas_sql.read_query(
  File "/usr/local/lib/python3.8/dist-packages/pandas/io/sql.py", line 2266, in read_query
    cursor = self.execute(sql, params)
  File "/usr/local/lib/python3.8/dist-packages/pandas/io/sql.py", line 2214, in execute
    raise ex from exc
pandas.errors.DatabaseError: Execution failed on sql '
        SELECT
            c.C_NAME,
            c.C_CUSTKEY,
            l.L_ORDERKEY,
            SUM(l.L_QUANTITY) AS total_quantity
        FROM
            customer AS c
        JOIN
            lineitem AS l ON c.C_CUSTKEY = l.L_SUPPKEY
        GROUP BY
            c.C_CUSTKEY, l.L_ORDERKEY
        HAVING
            SUM(l.L_QUANTITY) > 300
        ': (1055, "Expression #1 of SELECT list is not in GROUP BY clause and contains nonaggregated column 'tpch.c.C_NAME' which is not functionally dependent on columns in GROUP BY clause; this is incompatible with sql_mode=only_full_group_by")
Score.fail_execute
python /dbknitter/dbknitter/grader.py /platform/source/s01/v4_engoff/m20202020/m20202020_q19_t0.py /platform/output/s01/v4_engoff/m20202020/m20202020_q19_t0.csv /platform/expected/s01/q19.csv
/platform/source/s01/v4_engoff/m20202020/m20202020_q19_t0.py:34: UserWarning: pandas only supports SQLAlchemy connectable (engine/connection) or database string URI or sqlite3 DBAPI2 connection. Other DBAPI2 objects are not tested. Please consider using SQLAlchemy.
  return pd.read_sql(query, connection)
Traceback (most recent call last):
  File "/platform/source/s01/v4_engoff/m20202020/m20202020_q19_t0.py", line 76, in <module>
    main()
  File "/platform/source/s01/v4_engoff/m20202020/m20202020_q19_t0.py", line 69, in main
    parts = fetch_part_data(redis_client)
  File "/platform/source/s01/v4_engoff/m20202020/m20202020_q19_t0.py", line 38, in fetch_part_data
    part_df = pd.read_json(part_data)
  File "/usr/local/lib/python3.8/dist-packages/pandas/io/json/_json.py", line 760, in read_json
    json_reader = JsonReader(
  File "/usr/local/lib/python3.8/dist-packages/pandas/io/json/_json.py", line 861, in __init__
    data = self._get_data_from_filepath(filepath_or_buffer)
  File "/usr/local/lib/python3.8/dist-packages/pandas/io/json/_json.py", line 901, in _get_data_from_filepath
    self.handles = get_handle(
  File "/usr/local/lib/python3.8/dist-packages/pandas/io/common.py", line 707, in get_handle
    if _is_binary_mode(path_or_buf, mode) and "b" not in mode:
  File "/usr/local/lib/python3.8/dist-packages/pandas/io/common.py", line 1167, in _is_binary_mode
    return isinstance(handle, _get_binary_io_classes()) or "b" in getattr(
TypeError: argument of type 'method' is not iterable
Score.fail_execute
python /dbknitter/dbknitter/grader.py /platform/source/s01/v4_engoff/m20202020/m20202020_q1_t0.py /platform/output/s01/v4_engoff/m20202020/m20202020_q1_t0.csv /platform/expected/s01/q1.csv
>>> Expected ((4, 10))
   AVG_DISC     AVG_PRICE    AVG_QTY  COUNT_ORDER L_LINESTATUS L_RETURNFLAG  SUM_BASE_PRICE    SUM_CHARGE  SUM_DISC_PRICE  SUM_QTY
0  0.050145  36002.123829  25.537587       147790            F            A    5.320754e+09  5.256751e+09    5.054096e+09  3774200
1  0.049394  35521.326916  25.300664         3765            F            N    1.337378e+08  1.322863e+08    1.271324e+08    95257
2  0.050096  36000.924688  25.545538       292000            O            N    1.051227e+10  1.038558e+10    9.986238e+09  7459297
3  0.049989  35994.029214  25.525944       148301            F            R    5.337951e+09  5.274406e+09    5.071819e+09  3785523

>>> Actual ((4, 10))
   AVG_DISC     AVG_PRICE    AVG_QTY  COUNT_ORDER LINESTATUS RETURNFLAG  SUM_BASE_PRICE    SUM_CHARGE  SUM_DISC_PRICE    SUM_QTY
0  0.050145  36002.123829  25.537587       147790          F          A    5.320754e+09  5.256751e+09    5.054096e+09  3774200.0
1  0.049394  35521.326916  25.300664         3765          F          N    1.337378e+08  1.322863e+08    1.271324e+08    95257.0
2  0.050097  36000.382356  25.545184       291817          O          N    1.050552e+10  1.037890e+10    9.979831e+09  7454519.0
3  0.049989  35994.029214  25.525944       148301          F          R    5.337951e+09  5.274406e+09    5.071819e+09  3785523.0

Head row similarity: 0.6733436055469953
Score.fail_wrong_output
python /dbknitter/dbknitter/grader.py /platform/source/s01/v4_engoff/m20202020/m20202020_q20_t0.py /platform/output/s01/v4_engoff/m20202020/m20202020_q20_t0.csv /platform/expected/s01/q20.csv
/platform/source/s01/v4_engoff/m20202020/m20202020_q20_t0.py:29: UserWarning: pandas only supports SQLAlchemy connectable (engine/connection) or database string URI or sqlite3 DBAPI2 connection. Other DBAPI2 objects are not tested. Please consider using SQLAlchemy.
  lineitem_df = pd.read_sql(lineitem_query, mysql_conn)
/platform/source/s01/v4_engoff/m20202020/m20202020_q20_t0.py:30: UserWarning: pandas only supports SQLAlchemy connectable (engine/connection) or database string URI or sqlite3 DBAPI2 connection. Other DBAPI2 objects are not tested. Please consider using SQLAlchemy.
  supplier_df = pd.read_sql(supplier_query, mysql_conn)
Traceback (most recent call last):
  File "/platform/source/s01/v4_engoff/m20202020/m20202020_q20_t0.py", line 33, in <module>
    nation_df = pd.read_json(r.get('nation'), orient='records')
  File "/usr/local/lib/python3.8/dist-packages/pandas/io/json/_json.py", line 760, in read_json
    json_reader = JsonReader(
  File "/usr/local/lib/python3.8/dist-packages/pandas/io/json/_json.py", line 861, in __init__
    data = self._get_data_from_filepath(filepath_or_buffer)
  File "/usr/local/lib/python3.8/dist-packages/pandas/io/json/_json.py", line 901, in _get_data_from_filepath
    self.handles = get_handle(
  File "/usr/local/lib/python3.8/dist-packages/pandas/io/common.py", line 707, in get_handle
    if _is_binary_mode(path_or_buf, mode) and "b" not in mode:
  File "/usr/local/lib/python3.8/dist-packages/pandas/io/common.py", line 1167, in _is_binary_mode
    return isinstance(handle, _get_binary_io_classes()) or "b" in getattr(
TypeError: argument of type 'method' is not iterable
Score.fail_execute
python /dbknitter/dbknitter/grader.py /platform/source/s01/v4_engoff/m20202020/m20202020_q21_t0.py /platform/output/s01/v4_engoff/m20202020/m20202020_q21_t0.csv /platform/expected/s01/q21.csv
/platform/source/s01/v4_engoff/m20202020/m20202020_q21_t0.py:14: UserWarning: pandas only supports SQLAlchemy connectable (engine/connection) or database string URI or sqlite3 DBAPI2 connection. Other DBAPI2 objects are not tested. Please consider using SQLAlchemy.
  supplier_df = pd.read_sql(supplier_query, my_conn)
Traceback (most recent call last):
  File "/usr/local/lib/python3.8/dist-packages/pandas/io/sql.py", line 2202, in execute
    cur.execute(sql, *args)
  File "/usr/local/lib/python3.8/dist-packages/pymysql/cursors.py", line 153, in execute
    result = self._query(query)
  File "/usr/local/lib/python3.8/dist-packages/pymysql/cursors.py", line 322, in _query
    conn.query(q)
  File "/usr/local/lib/python3.8/dist-packages/pymysql/connections.py", line 558, in query
    self._affected_rows = self._read_query_result(unbuffered=unbuffered)
  File "/usr/local/lib/python3.8/dist-packages/pymysql/connections.py", line 822, in _read_query_result
    result.read()
  File "/usr/local/lib/python3.8/dist-packages/pymysql/connections.py", line 1200, in read
    first_packet = self.connection._read_packet()
  File "/usr/local/lib/python3.8/dist-packages/pymysql/connections.py", line 772, in _read_packet
    packet.raise_for_error()
  File "/usr/local/lib/python3.8/dist-packages/pymysql/protocol.py", line 221, in raise_for_error
    err.raise_mysql_exception(self._data)
  File "/usr/local/lib/python3.8/dist-packages/pymysql/err.py", line 143, in raise_mysql_exception
    raise errorclass(errno, errval)
pymysql.err.ProgrammingError: (1146, "Table 'tpch.nation' doesn't exist")

The above exception was the direct cause of the following exception:

Traceback (most recent call last):
  File "/platform/source/s01/v4_engoff/m20202020/m20202020_q21_t0.py", line 14, in <module>
    supplier_df = pd.read_sql(supplier_query, my_conn)
  File "/usr/local/lib/python3.8/dist-packages/pandas/io/sql.py", line 635, in read_sql
    return pandas_sql.read_query(
  File "/usr/local/lib/python3.8/dist-packages/pandas/io/sql.py", line 2266, in read_query
    cursor = self.execute(sql, params)
  File "/usr/local/lib/python3.8/dist-packages/pandas/io/sql.py", line 2214, in execute
    raise ex from exc
pandas.errors.DatabaseError: Execution failed on sql 'SELECT * FROM supplier WHERE S_NATIONKEY = (SELECT N_NATIONKEY FROM nation WHERE N_NAME = "SAUDI ARABIA");': (1146, "Table 'tpch.nation' doesn't exist")
Score.fail_execute
python /dbknitter/dbknitter/grader.py /platform/source/s01/v4_engoff/m20202020/m20202020_q22_t0.py /platform/output/s01/v4_engoff/m20202020/m20202020_q22_t0.csv /platform/expected/s01/q22.csv
Traceback (most recent call last):
  File "/platform/source/s01/v4_engoff/m20202020/m20202020_q22_t0.py", line 28, in <module>
    orders_df = pd.read_json(orders_df_raw)
  File "/usr/local/lib/python3.8/dist-packages/pandas/io/json/_json.py", line 760, in read_json
    json_reader = JsonReader(
  File "/usr/local/lib/python3.8/dist-packages/pandas/io/json/_json.py", line 861, in __init__
    data = self._get_data_from_filepath(filepath_or_buffer)
  File "/usr/local/lib/python3.8/dist-packages/pandas/io/json/_json.py", line 901, in _get_data_from_filepath
    self.handles = get_handle(
  File "/usr/local/lib/python3.8/dist-packages/pandas/io/common.py", line 707, in get_handle
    if _is_binary_mode(path_or_buf, mode) and "b" not in mode:
  File "/usr/local/lib/python3.8/dist-packages/pandas/io/common.py", line 1167, in _is_binary_mode
    return isinstance(handle, _get_binary_io_classes()) or "b" in getattr(
TypeError: argument of type 'method' is not iterable
Score.fail_execute
python /dbknitter/dbknitter/grader.py /platform/source/s01/v4_engoff/m20202020/m20202020_q2_t0.py /platform/output/s01/v4_engoff/m20202020/m20202020_q2_t0.csv /platform/expected/s01/q2.csv
Traceback (most recent call last):
  File "/platform/source/s01/v4_engoff/m20202020/m20202020_q2_t0.py", line 14, in <module>
    cursor.execute("SELECT N_NATIONKEY FROM nation WHERE N_REGIONKEY = %s", (region_key,))
  File "/usr/local/lib/python3.8/dist-packages/pymysql/cursors.py", line 153, in execute
    result = self._query(query)
  File "/usr/local/lib/python3.8/dist-packages/pymysql/cursors.py", line 322, in _query
    conn.query(q)
  File "/usr/local/lib/python3.8/dist-packages/pymysql/connections.py", line 558, in query
    self._affected_rows = self._read_query_result(unbuffered=unbuffered)
  File "/usr/local/lib/python3.8/dist-packages/pymysql/connections.py", line 822, in _read_query_result
    result.read()
  File "/usr/local/lib/python3.8/dist-packages/pymysql/connections.py", line 1200, in read
    first_packet = self.connection._read_packet()
  File "/usr/local/lib/python3.8/dist-packages/pymysql/connections.py", line 772, in _read_packet
    packet.raise_for_error()
  File "/usr/local/lib/python3.8/dist-packages/pymysql/protocol.py", line 221, in raise_for_error
    err.raise_mysql_exception(self._data)
  File "/usr/local/lib/python3.8/dist-packages/pymysql/err.py", line 143, in raise_mysql_exception
    raise errorclass(errno, errval)
pymysql.err.ProgrammingError: (1146, "Table 'tpch.nation' doesn't exist")
Score.fail_execute
python /dbknitter/dbknitter/grader.py /platform/source/s01/v4_engoff/m20202020/m20202020_q3_t0.py /platform/output/s01/v4_engoff/m20202020/m20202020_q3_t0.csv /platform/expected/s01/q3.csv
Traceback (most recent call last):
  File "/platform/source/s01/v4_engoff/m20202020/m20202020_q3_t0.py", line 34, in <module>
    orders_df = pd.read_json(orders_data)
  File "/usr/local/lib/python3.8/dist-packages/pandas/io/json/_json.py", line 760, in read_json
    json_reader = JsonReader(
  File "/usr/local/lib/python3.8/dist-packages/pandas/io/json/_json.py", line 861, in __init__
    data = self._get_data_from_filepath(filepath_or_buffer)
  File "/usr/local/lib/python3.8/dist-packages/pandas/io/json/_json.py", line 901, in _get_data_from_filepath
    self.handles = get_handle(
  File "/usr/local/lib/python3.8/dist-packages/pandas/io/common.py", line 707, in get_handle
    if _is_binary_mode(path_or_buf, mode) and "b" not in mode:
  File "/usr/local/lib/python3.8/dist-packages/pandas/io/common.py", line 1167, in _is_binary_mode
    return isinstance(handle, _get_binary_io_classes()) or "b" in getattr(
TypeError: argument of type 'method' is not iterable
Score.fail_execute
python /dbknitter/dbknitter/grader.py /platform/source/s01/v4_engoff/m20202020/m20202020_q4_t0.py /platform/output/s01/v4_engoff/m20202020/m20202020_q4_t0.csv /platform/expected/s01/q4.csv
/platform/source/s01/v4_engoff/m20202020/m20202020_q4_t0.py:25: UserWarning: pandas only supports SQLAlchemy connectable (engine/connection) or database string URI or sqlite3 DBAPI2 connection. Other DBAPI2 objects are not tested. Please consider using SQLAlchemy.
  lineitem_df = pd.read_sql_query(mysql_query, mysql_connection)
Traceback (most recent call last):
  File "/platform/source/s01/v4_engoff/m20202020/m20202020_q4_t0.py", line 30, in <module>
    orders_df = pd.read_json(orders_data, orient='records')
  File "/usr/local/lib/python3.8/dist-packages/pandas/io/json/_json.py", line 760, in read_json
    json_reader = JsonReader(
  File "/usr/local/lib/python3.8/dist-packages/pandas/io/json/_json.py", line 861, in __init__
    data = self._get_data_from_filepath(filepath_or_buffer)
  File "/usr/local/lib/python3.8/dist-packages/pandas/io/json/_json.py", line 901, in _get_data_from_filepath
    self.handles = get_handle(
  File "/usr/local/lib/python3.8/dist-packages/pandas/io/common.py", line 707, in get_handle
    if _is_binary_mode(path_or_buf, mode) and "b" not in mode:
  File "/usr/local/lib/python3.8/dist-packages/pandas/io/common.py", line 1167, in _is_binary_mode
    return isinstance(handle, _get_binary_io_classes()) or "b" in getattr(
TypeError: argument of type 'method' is not iterable
Score.fail_execute
python /dbknitter/dbknitter/grader.py /platform/source/s01/v4_engoff/m20202020/m20202020_q5_t0.py /platform/output/s01/v4_engoff/m20202020/m20202020_q5_t0.csv /platform/expected/s01/q5.csv
Traceback (most recent call last):
  File "/platform/source/s01/v4_engoff/m20202020/m20202020_q5_t0.py", line 21, in <module>
    cursor.execute(
  File "/usr/local/lib/python3.8/dist-packages/pymysql/cursors.py", line 153, in execute
    result = self._query(query)
  File "/usr/local/lib/python3.8/dist-packages/pymysql/cursors.py", line 322, in _query
    conn.query(q)
  File "/usr/local/lib/python3.8/dist-packages/pymysql/connections.py", line 558, in query
    self._affected_rows = self._read_query_result(unbuffered=unbuffered)
  File "/usr/local/lib/python3.8/dist-packages/pymysql/connections.py", line 822, in _read_query_result
    result.read()
  File "/usr/local/lib/python3.8/dist-packages/pymysql/connections.py", line 1200, in read
    first_packet = self.connection._read_packet()
  File "/usr/local/lib/python3.8/dist-packages/pymysql/connections.py", line 772, in _read_packet
    packet.raise_for_error()
  File "/usr/local/lib/python3.8/dist-packages/pymysql/protocol.py", line 221, in raise_for_error
    err.raise_mysql_exception(self._data)
  File "/usr/local/lib/python3.8/dist-packages/pymysql/err.py", line 143, in raise_mysql_exception
    raise errorclass(errno, errval)
pymysql.err.ProgrammingError: (1146, "Table 'tpch.nation' doesn't exist")
Score.fail_execute
python /dbknitter/dbknitter/grader.py /platform/source/s01/v4_engoff/m20202020/m20202020_q6_t0.py /platform/output/s01/v4_engoff/m20202020/m20202020_q6_t0.csv /platform/expected/s01/q6.csv
Traceback (most recent call last):
  File "/platform/source/s01/v4_engoff/m20202020/m20202020_q6_t0.py", line 43, in <module>
    main()
  File "/platform/source/s01/v4_engoff/m20202020/m20202020_q6_t0.py", line 31, in main
    revenue_increase = result['revenue_increase'] if result['revenue_increase'] else 0
TypeError: tuple indices must be integers or slices, not str
Score.fail_execute
python /dbknitter/dbknitter/grader.py /platform/source/s01/v4_engoff/m20202020/m20202020_q7_t0.py /platform/output/s01/v4_engoff/m20202020/m20202020_q7_t0.csv /platform/expected/s01/q7.csv
Traceback (most recent call last):
  File "/platform/source/s01/v4_engoff/m20202020/m20202020_q7_t0.py", line 52, in <module>
    df_nation = pd.read_json(r.get('nation'))
  File "/usr/local/lib/python3.8/dist-packages/pandas/io/json/_json.py", line 760, in read_json
    json_reader = JsonReader(
  File "/usr/local/lib/python3.8/dist-packages/pandas/io/json/_json.py", line 861, in __init__
    data = self._get_data_from_filepath(filepath_or_buffer)
  File "/usr/local/lib/python3.8/dist-packages/pandas/io/json/_json.py", line 901, in _get_data_from_filepath
    self.handles = get_handle(
  File "/usr/local/lib/python3.8/dist-packages/pandas/io/common.py", line 707, in get_handle
    if _is_binary_mode(path_or_buf, mode) and "b" not in mode:
  File "/usr/local/lib/python3.8/dist-packages/pandas/io/common.py", line 1167, in _is_binary_mode
    return isinstance(handle, _get_binary_io_classes()) or "b" in getattr(
TypeError: argument of type 'method' is not iterable
Score.fail_execute
python /dbknitter/dbknitter/grader.py /platform/source/s01/v4_engoff/m20202020/m20202020_q8_t0.py /platform/output/s01/v4_engoff/m20202020/m20202020_q8_t0.csv /platform/expected/s01/q8.csv
/platform/source/s01/v4_engoff/m20202020/m20202020_q8_t0.py:26: UserWarning: pandas only supports SQLAlchemy connectable (engine/connection) or database string URI or sqlite3 DBAPI2 connection. Other DBAPI2 objects are not tested. Please consider using SQLAlchemy.
  lineitem_supplier_region_df = pd.read_sql(mysql_query, mysql_conn)
Traceback (most recent call last):
  File "/platform/source/s01/v4_engoff/m20202020/m20202020_q8_t0.py", line 43, in <module>
    merged_df = pd.merge(lineitem_supplier_region_df, india_nations, left_on='S_NATIONKEY', right_on='N_NATIONKEY')
  File "/usr/local/lib/python3.8/dist-packages/pandas/core/reshape/merge.py", line 148, in merge
    op = _MergeOperation(
  File "/usr/local/lib/python3.8/dist-packages/pandas/core/reshape/merge.py", line 737, in __init__
    ) = self._get_merge_keys()
  File "/usr/local/lib/python3.8/dist-packages/pandas/core/reshape/merge.py", line 1221, in _get_merge_keys
    left_keys.append(left._get_label_or_level_values(lk))
  File "/usr/local/lib/python3.8/dist-packages/pandas/core/generic.py", line 1778, in _get_label_or_level_values
    raise KeyError(key)
KeyError: 'S_NATIONKEY'
Score.fail_execute
python /dbknitter/dbknitter/grader.py /platform/source/s01/v4_engoff/m20202020/m20202020_q9_t0.py /platform/output/s01/v4_engoff/m20202020/m20202020_q9_t0.csv /platform/expected/s01/q9.csv
/platform/source/s01/v4_engoff/m20202020/m20202020_q9_t0.py:28: UserWarning: pandas only supports SQLAlchemy connectable (engine/connection) or database string URI or sqlite3 DBAPI2 connection. Other DBAPI2 objects are not tested. Please consider using SQLAlchemy.
  mysql_df = pd.read_sql(mysql_query, mysql_conn)
Traceback (most recent call last):
  File "/usr/local/lib/python3.8/dist-packages/pandas/io/sql.py", line 2202, in execute
    cur.execute(sql, *args)
  File "/usr/local/lib/python3.8/dist-packages/pymysql/cursors.py", line 153, in execute
    result = self._query(query)
  File "/usr/local/lib/python3.8/dist-packages/pymysql/cursors.py", line 322, in _query
    conn.query(q)
  File "/usr/local/lib/python3.8/dist-packages/pymysql/connections.py", line 558, in query
    self._affected_rows = self._read_query_result(unbuffered=unbuffered)
  File "/usr/local/lib/python3.8/dist-packages/pymysql/connections.py", line 822, in _read_query_result
    result.read()
  File "/usr/local/lib/python3.8/dist-packages/pymysql/connections.py", line 1200, in read
    first_packet = self.connection._read_packet()
  File "/usr/local/lib/python3.8/dist-packages/pymysql/connections.py", line 772, in _read_packet
    packet.raise_for_error()
  File "/usr/local/lib/python3.8/dist-packages/pymysql/protocol.py", line 221, in raise_for_error
    err.raise_mysql_exception(self._data)
  File "/usr/local/lib/python3.8/dist-packages/pymysql/err.py", line 143, in raise_mysql_exception
    raise errorclass(errno, errval)
pymysql.err.ProgrammingError: (1146, "Table 'tpch.partsupp' doesn't exist")

The above exception was the direct cause of the following exception:

Traceback (most recent call last):
  File "/platform/source/s01/v4_engoff/m20202020/m20202020_q9_t0.py", line 28, in <module>
    mysql_df = pd.read_sql(mysql_query, mysql_conn)
  File "/usr/local/lib/python3.8/dist-packages/pandas/io/sql.py", line 635, in read_sql
    return pandas_sql.read_query(
  File "/usr/local/lib/python3.8/dist-packages/pandas/io/sql.py", line 2266, in read_query
    cursor = self.execute(sql, params)
  File "/usr/local/lib/python3.8/dist-packages/pandas/io/sql.py", line 2214, in execute
    raise ex from exc
pandas.errors.DatabaseError: Execution failed on sql '
SELECT
    s.S_NATIONKEY,
    YEAR(l.L_SHIPDATE) as year,
    SUM((l.L_EXTENDEDPRICE * (1 - l.L_DISCOUNT)) - (ps.PS_SUPPLYCOST * l.L_QUANTITY)) as profit
FROM
    supplier s
JOIN
    lineitem l ON s.S_SUPPKEY = l.L_SUPPKEY
JOIN
    partsupp ps ON l.L_PARTKEY = ps.PS_PARTKEY AND l.L_SUPPKEY = ps.PS_SUPPKEY
WHERE
    l.L_PARTKEY IN (SELECT P_PARTKEY FROM part WHERE P_NAME LIKE '%dim%')
GROUP BY
    s.S_NATIONKEY, year
ORDER BY
    s.S_NATIONKEY, year DESC;
': (1146, "Table 'tpch.partsupp' doesn't exist")
Score.fail_execute
