Using MAPPING_STR=10210210, VERSION_DIR=v4_enggpt
Running /platform/source/s01/v4_enggpt/m10210210/m10210210_q10_t0.sh
Running /platform/source/s01/v4_enggpt/m10210210/m10210210_q11_t0.sh
0% [Working]            Hit:1 http://ports.ubuntu.com/ubuntu-ports focal InRelease
0% [Working]            Get:2 http://ports.ubuntu.com/ubuntu-ports focal-updates InRelease [114 kB]
0% [2 InRelease 14.3 kB/114 kB 13%]0% [2 InRelease 15.7 kB/114 kB 14%]                                   0% [Working]0% [Waiting for headers]                        Hit:3 http://ports.ubuntu.com/ubuntu-ports focal-backports InRelease
                        0% [Working]0% [Waiting for headers]                        Hit:4 http://ports.ubuntu.com/ubuntu-ports focal-security InRelease
                        0% [Working]21% [Waiting for headers]                         Get:5 http://ports.ubuntu.com/ubuntu-ports focal-updates/universe arm64 Packages [1328 kB]
21% [5 Packages 8477 B/1328 kB 1%]                                  46% [Waiting for headers]                         Get:6 http://ports.ubuntu.com/ubuntu-ports focal-updates/main arm64 Packages [2804 kB]
50% [6 Packages 187 kB/2804 kB 7%]50% [5 Packages store 0 B] [6 Packages 187 kB/2804 kB 7%]                                                         70% [6 Packages 1216 kB/2804 kB 43%]                                    99% [Working]99% [6 Packages store 0 B]                          100% [Working]              Fetched 4246 kB in 2s (2610 kB/s)
Reading package lists... 0%Reading package lists... 0%Reading package lists... 0%Reading package lists... 6%Reading package lists... 6%Reading package lists... 6%Reading package lists... 6%Reading package lists... 60%Reading package lists... 60%Reading package lists... 61%Reading package lists... 61%Reading package lists... 74%Reading package lists... 74%Reading package lists... 75%Reading package lists... 75%Reading package lists... 81%Reading package lists... 81%Reading package lists... 81%Reading package lists... 81%Reading package lists... 82%Reading package lists... 82%Reading package lists... 82%Reading package lists... 82%Reading package lists... 94%Reading package lists... 94%Reading package lists... 94%Reading package lists... 94%Reading package lists... 99%Reading package lists... 99%Reading package lists... 99%Reading package lists... 99%Reading package lists... Done
Reading package lists... 0%Reading package lists... 0%Reading package lists... 0%Reading package lists... 6%Reading package lists... 6%Reading package lists... 6%Reading package lists... 6%Reading package lists... 60%Reading package lists... 60%Reading package lists... 61%Reading package lists... 61%Reading package lists... 74%Reading package lists... 74%Reading package lists... 75%Reading package lists... 75%Reading package lists... 78%Reading package lists... 81%Reading package lists... 81%Reading package lists... 81%Reading package lists... 81%Reading package lists... 82%Reading package lists... 82%Reading package lists... 82%Reading package lists... 82%Reading package lists... 94%Reading package lists... 94%Reading package lists... 94%Reading package lists... 94%Reading package lists... 99%Reading package lists... 99%Reading package lists... 99%Reading package lists... 99%Reading package lists... Done
Building dependency tree... 0%Building dependency tree... 0%Building dependency tree... 50%Building dependency tree... 50%Building dependency tree       
Reading state information... 0%Reading state information... 0%Reading state information... Done
python3-pip is already the newest version (20.0.2-5ubuntu1.10).
0 upgraded, 0 newly installed, 0 to remove and 0 not upgraded.
Requirement already satisfied: pymysql in /usr/local/lib/python3.8/dist-packages (1.1.0)
Requirement already satisfied: pymongo in /usr/local/lib/python3.8/dist-packages (4.6.0)
Requirement already satisfied: dnspython<3.0.0,>=1.16.0 in /usr/local/lib/python3.8/dist-packages (from pymongo) (2.4.2)
Running /platform/source/s01/v4_enggpt/m10210210/m10210210_q12_t0.sh
0% [Working]            Hit:1 http://ports.ubuntu.com/ubuntu-ports focal InRelease
0% [Working]            Hit:2 http://ports.ubuntu.com/ubuntu-ports focal-updates InRelease
0% [Working]0% [Waiting for headers]0% [Waiting for headers]                        Hit:3 http://ports.ubuntu.com/ubuntu-ports focal-backports InRelease
                        0% [Working]0% [Waiting for headers]                        Hit:4 http://ports.ubuntu.com/ubuntu-ports focal-security InRelease
                        0% [Working]20% [Working]             Reading package lists... 0%Reading package lists... 0%Reading package lists... 0%Reading package lists... 6%Reading package lists... 6%Reading package lists... 6%Reading package lists... 6%Reading package lists... 60%Reading package lists... 60%Reading package lists... 61%Reading package lists... 61%Reading package lists... 74%Reading package lists... 74%Reading package lists... 75%Reading package lists... 75%Reading package lists... 81%Reading package lists... 81%Reading package lists... 81%Reading package lists... 81%Reading package lists... 82%Reading package lists... 82%Reading package lists... 82%Reading package lists... 82%Reading package lists... 94%Reading package lists... 94%Reading package lists... 94%Reading package lists... 94%Reading package lists... 99%Reading package lists... 99%Reading package lists... 99%Reading package lists... 99%Reading package lists... Done
Reading package lists... 0%Reading package lists... 0%Reading package lists... 0%Reading package lists... 6%Reading package lists... 6%Reading package lists... 6%Reading package lists... 6%Reading package lists... 60%Reading package lists... 60%Reading package lists... 61%Reading package lists... 61%Reading package lists... 74%Reading package lists... 74%Reading package lists... 75%Reading package lists... 75%Reading package lists... 81%Reading package lists... 81%Reading package lists... 81%Reading package lists... 81%Reading package lists... 82%Reading package lists... 82%Reading package lists... 82%Reading package lists... 82%Reading package lists... 94%Reading package lists... 94%Reading package lists... 94%Reading package lists... 94%Reading package lists... 99%Reading package lists... 99%Reading package lists... 99%Reading package lists... 99%Reading package lists... Done
Building dependency tree... 0%Building dependency tree... 0%Building dependency tree... 50%Building dependency tree... 50%Building dependency tree       
Reading state information... 0%Reading state information... 0%Reading state information... Done
python3 is already the newest version (3.8.2-0ubuntu2).
python3 set to manually installed.
python3-pip is already the newest version (20.0.2-5ubuntu1.10).
0 upgraded, 0 newly installed, 0 to remove and 0 not upgraded.
Requirement already satisfied: pymysql in /usr/local/lib/python3.8/dist-packages (1.1.0)
Requirement already satisfied: pymongo in /usr/local/lib/python3.8/dist-packages (4.6.0)
Requirement already satisfied: dnspython<3.0.0,>=1.16.0 in /usr/local/lib/python3.8/dist-packages (from pymongo) (2.4.2)
Running /platform/source/s01/v4_enggpt/m10210210/m10210210_q13_t0.sh
/platform/source/s01/v4_enggpt/m10210210/m10210210_q13_t0.sh: line 4: sudo: command not found
/platform/source/s01/v4_enggpt/m10210210/m10210210_q13_t0.sh: line 5: sudo: command not found
Requirement already satisfied: pymongo in /usr/local/lib/python3.8/dist-packages (4.6.0)
Requirement already satisfied: pandas in /usr/local/lib/python3.8/dist-packages (2.0.3)
Requirement already satisfied: redis in /usr/local/lib/python3.8/dist-packages (3.4.1)
Requirement already satisfied: direct_redis in /usr/local/lib/python3.8/dist-packages (0.3.1)
Requirement already satisfied: dnspython<3.0.0,>=1.16.0 in /usr/local/lib/python3.8/dist-packages (from pymongo) (2.4.2)
Requirement already satisfied: pytz>=2020.1 in /usr/local/lib/python3.8/dist-packages (from pandas) (2023.3.post1)
Requirement already satisfied: python-dateutil>=2.8.2 in /usr/local/lib/python3.8/dist-packages (from pandas) (2.8.2)
Requirement already satisfied: tzdata>=2022.1 in /usr/local/lib/python3.8/dist-packages (from pandas) (2023.3)
Requirement already satisfied: numpy>=1.20.3; python_version < "3.10" in /usr/local/lib/python3.8/dist-packages (from pandas) (1.24.4)
Requirement already satisfied: six>=1.5 in /usr/local/lib/python3.8/dist-packages (from python-dateutil>=2.8.2->pandas) (1.16.0)
Running /platform/source/s01/v4_enggpt/m10210210/m10210210_q14_t0.sh
/platform/source/s01/v4_enggpt/m10210210/m10210210_q14_t0.sh: line 4: sudo: command not found
/platform/source/s01/v4_enggpt/m10210210/m10210210_q14_t0.sh: line 5: sudo: command not found
Requirement already satisfied: pymysql in /usr/local/lib/python3.8/dist-packages (1.1.0)
Requirement already satisfied: direct_redis in /usr/local/lib/python3.8/dist-packages (0.3.1)
Requirement already satisfied: pandas in /usr/local/lib/python3.8/dist-packages (2.0.3)
Requirement already satisfied: redis==3.4.1 in /usr/local/lib/python3.8/dist-packages (from direct_redis) (3.4.1)
Requirement already satisfied: python-dateutil>=2.8.2 in /usr/local/lib/python3.8/dist-packages (from pandas) (2.8.2)
Requirement already satisfied: tzdata>=2022.1 in /usr/local/lib/python3.8/dist-packages (from pandas) (2023.3)
Requirement already satisfied: numpy>=1.20.3; python_version < "3.10" in /usr/local/lib/python3.8/dist-packages (from pandas) (1.24.4)
Requirement already satisfied: pytz>=2020.1 in /usr/local/lib/python3.8/dist-packages (from pandas) (2023.3.post1)
Requirement already satisfied: six>=1.5 in /usr/local/lib/python3.8/dist-packages (from python-dateutil>=2.8.2->pandas) (1.16.0)
Running /platform/source/s01/v4_enggpt/m10210210/m10210210_q15_t0.sh
/platform/source/s01/v4_enggpt/m10210210/m10210210_q15_t0.sh: line 4: sudo: command not found
/platform/source/s01/v4_enggpt/m10210210/m10210210_q15_t0.sh: line 7: sudo: command not found
Requirement already satisfied: pymysql in /usr/local/lib/python3.8/dist-packages (1.1.0)
Requirement already satisfied: pymongo in /usr/local/lib/python3.8/dist-packages (4.6.0)
Requirement already satisfied: dnspython<3.0.0,>=1.16.0 in /usr/local/lib/python3.8/dist-packages (from pymongo) (2.4.2)
Running /platform/source/s01/v4_enggpt/m10210210/m10210210_q16_t0.sh
/platform/source/s01/v4_enggpt/m10210210/m10210210_q16_t0.sh: line 4: sudo: command not found
/platform/source/s01/v4_enggpt/m10210210/m10210210_q16_t0.sh: line 7: sudo: command not found
Requirement already satisfied: pymysql in /usr/local/lib/python3.8/dist-packages (1.1.0)
Requirement already satisfied: pymongo in /usr/local/lib/python3.8/dist-packages (4.6.0)
Requirement already satisfied: pandas in /usr/local/lib/python3.8/dist-packages (2.0.3)
Requirement already satisfied: direct_redis in /usr/local/lib/python3.8/dist-packages (0.3.1)
Requirement already satisfied: dnspython<3.0.0,>=1.16.0 in /usr/local/lib/python3.8/dist-packages (from pymongo) (2.4.2)
Requirement already satisfied: python-dateutil>=2.8.2 in /usr/local/lib/python3.8/dist-packages (from pandas) (2.8.2)
Requirement already satisfied: pytz>=2020.1 in /usr/local/lib/python3.8/dist-packages (from pandas) (2023.3.post1)
Requirement already satisfied: tzdata>=2022.1 in /usr/local/lib/python3.8/dist-packages (from pandas) (2023.3)
Requirement already satisfied: numpy>=1.20.3; python_version < "3.10" in /usr/local/lib/python3.8/dist-packages (from pandas) (1.24.4)
Requirement already satisfied: redis==3.4.1 in /usr/local/lib/python3.8/dist-packages (from direct_redis) (3.4.1)
Requirement already satisfied: six>=1.5 in /usr/local/lib/python3.8/dist-packages (from python-dateutil>=2.8.2->pandas) (1.16.0)
Running /platform/source/s01/v4_enggpt/m10210210/m10210210_q17_t0.sh
/platform/source/s01/v4_enggpt/m10210210/m10210210_q17_t0.sh: line 3: sudo: command not found
Requirement already satisfied: pandas in /usr/local/lib/python3.8/dist-packages (2.0.3)
Requirement already satisfied: pymysql in /usr/local/lib/python3.8/dist-packages (1.1.0)
Requirement already satisfied: redis in /usr/local/lib/python3.8/dist-packages (3.4.1)
Requirement already satisfied: direct-redis in /usr/local/lib/python3.8/dist-packages (0.3.1)
Requirement already satisfied: numpy>=1.20.3; python_version < "3.10" in /usr/local/lib/python3.8/dist-packages (from pandas) (1.24.4)
Requirement already satisfied: tzdata>=2022.1 in /usr/local/lib/python3.8/dist-packages (from pandas) (2023.3)
Requirement already satisfied: pytz>=2020.1 in /usr/local/lib/python3.8/dist-packages (from pandas) (2023.3.post1)
Requirement already satisfied: python-dateutil>=2.8.2 in /usr/local/lib/python3.8/dist-packages (from pandas) (2.8.2)
Requirement already satisfied: six>=1.5 in /usr/local/lib/python3.8/dist-packages (from python-dateutil>=2.8.2->pandas) (1.16.0)
chmod: cannot access 'query_exec.py': No such file or directory
Running /platform/source/s01/v4_enggpt/m10210210/m10210210_q18_t0.sh
0% [Working]            Hit:1 http://ports.ubuntu.com/ubuntu-ports focal InRelease
0% [Working]0% [Waiting for headers]                        Hit:2 http://ports.ubuntu.com/ubuntu-ports focal-updates InRelease
                        0% [Working]0% [Waiting for headers]                        Hit:3 http://ports.ubuntu.com/ubuntu-ports focal-backports InRelease
                        0% [Working]0% [Waiting for headers]                        Hit:4 http://ports.ubuntu.com/ubuntu-ports focal-security InRelease
                        0% [Working]20% [Working]             Reading package lists... 0%Reading package lists... 0%Reading package lists... 0%Reading package lists... 6%Reading package lists... 6%Reading package lists... 6%Reading package lists... 6%Reading package lists... 60%Reading package lists... 60%Reading package lists... 61%Reading package lists... 61%Reading package lists... 74%Reading package lists... 74%Reading package lists... 75%Reading package lists... 75%Reading package lists... 81%Reading package lists... 81%Reading package lists... 81%Reading package lists... 81%Reading package lists... 82%Reading package lists... 82%Reading package lists... 82%Reading package lists... 82%Reading package lists... 94%Reading package lists... 94%Reading package lists... 94%Reading package lists... 94%Reading package lists... 99%Reading package lists... 99%Reading package lists... 99%Reading package lists... 99%Reading package lists... Done
Reading package lists... 0%Reading package lists... 0%Reading package lists... 0%Reading package lists... 6%Reading package lists... 6%Reading package lists... 6%Reading package lists... 6%Reading package lists... 60%Reading package lists... 60%Reading package lists... 61%Reading package lists... 61%Reading package lists... 74%Reading package lists... 74%Reading package lists... 75%Reading package lists... 75%Reading package lists... 81%Reading package lists... 81%Reading package lists... 81%Reading package lists... 81%Reading package lists... 82%Reading package lists... 82%Reading package lists... 82%Reading package lists... 82%Reading package lists... 94%Reading package lists... 94%Reading package lists... 94%Reading package lists... 94%Reading package lists... 99%Reading package lists... 99%Reading package lists... 99%Reading package lists... 99%Reading package lists... Done
Building dependency tree... 0%Building dependency tree... 0%Building dependency tree... 50%Building dependency tree... 50%Building dependency tree       
Reading state information... 0%Reading state information... 0%Reading state information... Done
The following NEW packages will be installed:
  default-mysql-client
0 upgraded, 1 newly installed, 0 to remove and 0 not upgraded.
Need to get 3700 B of archives.
After this operation, 10.2 kB of additional disk space will be used.
0% [Working]            Get:1 http://ports.ubuntu.com/ubuntu-ports focal/universe arm64 default-mysql-client all 1.0.5ubuntu2 [3700 B]
80% [1 default-mysql-client 3700 B/3700 B 100%]                                               100% [Working]              Fetched 3700 B in 0s (17.8 kB/s)
debconf: delaying package configuration, since apt-utils is not installed
Selecting previously unselected package default-mysql-client.
(Reading database ... (Reading database ... 5%(Reading database ... 10%(Reading database ... 15%(Reading database ... 20%(Reading database ... 25%(Reading database ... 30%(Reading database ... 35%(Reading database ... 40%(Reading database ... 45%(Reading database ... 50%(Reading database ... 55%(Reading database ... 60%(Reading database ... 65%(Reading database ... 70%(Reading database ... 75%(Reading database ... 80%(Reading database ... 85%(Reading database ... 90%(Reading database ... 95%(Reading database ... 100%(Reading database ... 14446 files and directories currently installed.)
Preparing to unpack .../default-mysql-client_1.0.5ubuntu2_all.deb ...
Unpacking default-mysql-client (1.0.5ubuntu2) ...
Setting up default-mysql-client (1.0.5ubuntu2) ...
Reading package lists... 0%Reading package lists... 0%Reading package lists... 0%Reading package lists... 6%Reading package lists... 6%Reading package lists... 6%Reading package lists... 6%Reading package lists... 60%Reading package lists... 60%Reading package lists... 61%Reading package lists... 61%Reading package lists... 74%Reading package lists... 74%Reading package lists... 75%Reading package lists... 75%Reading package lists... 81%Reading package lists... 81%Reading package lists... 81%Reading package lists... 81%Reading package lists... 82%Reading package lists... 82%Reading package lists... 82%Reading package lists... 82%Reading package lists... 94%Reading package lists... 94%Reading package lists... 94%Reading package lists... 94%Reading package lists... 99%Reading package lists... 99%Reading package lists... 99%Reading package lists... 99%Reading package lists... Done
Building dependency tree... 0%Building dependency tree... 0%Building dependency tree... 50%Building dependency tree... 50%Building dependency tree       
Reading state information... 0%Reading state information... 0%Reading state information... Done
python3 is already the newest version (3.8.2-0ubuntu2).
python3-pip is already the newest version (20.0.2-5ubuntu1.10).
0 upgraded, 0 newly installed, 0 to remove and 0 not upgraded.
Requirement already satisfied: pandas in /usr/local/lib/python3.8/dist-packages (2.0.3)
Requirement already satisfied: pymysql in /usr/local/lib/python3.8/dist-packages (1.1.0)
Requirement already satisfied: pymongo in /usr/local/lib/python3.8/dist-packages (4.6.0)
Requirement already satisfied: direct_redis in /usr/local/lib/python3.8/dist-packages (0.3.1)
Requirement already satisfied: tzdata>=2022.1 in /usr/local/lib/python3.8/dist-packages (from pandas) (2023.3)
Requirement already satisfied: python-dateutil>=2.8.2 in /usr/local/lib/python3.8/dist-packages (from pandas) (2.8.2)
Requirement already satisfied: pytz>=2020.1 in /usr/local/lib/python3.8/dist-packages (from pandas) (2023.3.post1)
Requirement already satisfied: numpy>=1.20.3; python_version < "3.10" in /usr/local/lib/python3.8/dist-packages (from pandas) (1.24.4)
Requirement already satisfied: dnspython<3.0.0,>=1.16.0 in /usr/local/lib/python3.8/dist-packages (from pymongo) (2.4.2)
Requirement already satisfied: redis==3.4.1 in /usr/local/lib/python3.8/dist-packages (from direct_redis) (3.4.1)
Requirement already satisfied: six>=1.5 in /usr/local/lib/python3.8/dist-packages (from python-dateutil>=2.8.2->pandas) (1.16.0)
Running /platform/source/s01/v4_enggpt/m10210210/m10210210_q19_t0.sh
/platform/source/s01/v4_enggpt/m10210210/m10210210_q19_t0.sh: line 4: sudo: command not found
/platform/source/s01/v4_enggpt/m10210210/m10210210_q19_t0.sh: line 7: sudo: command not found
Requirement already satisfied: pymysql in /usr/local/lib/python3.8/dist-packages (1.1.0)
Requirement already satisfied: pandas in /usr/local/lib/python3.8/dist-packages (2.0.3)
Requirement already satisfied: direct_redis in /usr/local/lib/python3.8/dist-packages (0.3.1)
Requirement already satisfied: numpy>=1.20.3; python_version < "3.10" in /usr/local/lib/python3.8/dist-packages (from pandas) (1.24.4)
Requirement already satisfied: tzdata>=2022.1 in /usr/local/lib/python3.8/dist-packages (from pandas) (2023.3)
Requirement already satisfied: python-dateutil>=2.8.2 in /usr/local/lib/python3.8/dist-packages (from pandas) (2.8.2)
Requirement already satisfied: pytz>=2020.1 in /usr/local/lib/python3.8/dist-packages (from pandas) (2023.3.post1)
Requirement already satisfied: redis==3.4.1 in /usr/local/lib/python3.8/dist-packages (from direct_redis) (3.4.1)
Requirement already satisfied: six>=1.5 in /usr/local/lib/python3.8/dist-packages (from python-dateutil>=2.8.2->pandas) (1.16.0)
Running /platform/source/s01/v4_enggpt/m10210210/m10210210_q1_t0.sh
Running /platform/source/s01/v4_enggpt/m10210210/m10210210_q20_t0.sh
/platform/source/s01/v4_enggpt/m10210210/m10210210_q20_t0.sh: line 6: sudo: command not found
/platform/source/s01/v4_enggpt/m10210210/m10210210_q20_t0.sh: line 9: sudo: command not found
Requirement already satisfied: pandas in /usr/local/lib/python3.8/dist-packages (2.0.3)
Requirement already satisfied: pymysql in /usr/local/lib/python3.8/dist-packages (1.1.0)
Requirement already satisfied: pymongo in /usr/local/lib/python3.8/dist-packages (4.6.0)
Requirement already satisfied: redis in /usr/local/lib/python3.8/dist-packages (3.4.1)
Requirement already satisfied: direct-redis in /usr/local/lib/python3.8/dist-packages (0.3.1)
Requirement already satisfied: numpy>=1.20.3; python_version < "3.10" in /usr/local/lib/python3.8/dist-packages (from pandas) (1.24.4)
Requirement already satisfied: python-dateutil>=2.8.2 in /usr/local/lib/python3.8/dist-packages (from pandas) (2.8.2)
Requirement already satisfied: pytz>=2020.1 in /usr/local/lib/python3.8/dist-packages (from pandas) (2023.3.post1)
Requirement already satisfied: tzdata>=2022.1 in /usr/local/lib/python3.8/dist-packages (from pandas) (2023.3)
Requirement already satisfied: dnspython<3.0.0,>=1.16.0 in /usr/local/lib/python3.8/dist-packages (from pymongo) (2.4.2)
Requirement already satisfied: six>=1.5 in /usr/local/lib/python3.8/dist-packages (from python-dateutil>=2.8.2->pandas) (1.16.0)
Running /platform/source/s01/v4_enggpt/m10210210/m10210210_q21_t0.sh
/platform/source/s01/v4_enggpt/m10210210/m10210210_q21_t0.sh: line 4: sudo: command not found
/platform/source/s01/v4_enggpt/m10210210/m10210210_q21_t0.sh: line 7: sudo: command not found
Requirement already satisfied: pymysql in /usr/local/lib/python3.8/dist-packages (1.1.0)
Requirement already satisfied: pymongo in /usr/local/lib/python3.8/dist-packages (4.6.0)
Requirement already satisfied: dnspython<3.0.0,>=1.16.0 in /usr/local/lib/python3.8/dist-packages (from pymongo) (2.4.2)
Running /platform/source/s01/v4_enggpt/m10210210/m10210210_q22_t0.sh
/platform/source/s01/v4_enggpt/m10210210/m10210210_q22_t0.sh: line 4: sudo: command not found
/platform/source/s01/v4_enggpt/m10210210/m10210210_q22_t0.sh: line 7: sudo: command not found
/platform/source/s01/v4_enggpt/m10210210/m10210210_q22_t0.sh: line 10: sudo: command not found
Requirement already satisfied: pymongo in /usr/local/lib/python3.8/dist-packages (4.6.0)
Requirement already satisfied: dnspython<3.0.0,>=1.16.0 in /usr/local/lib/python3.8/dist-packages (from pymongo) (2.4.2)
Requirement already satisfied: pandas in /usr/local/lib/python3.8/dist-packages (2.0.3)
Requirement already satisfied: tzdata>=2022.1 in /usr/local/lib/python3.8/dist-packages (from pandas) (2023.3)
Requirement already satisfied: pytz>=2020.1 in /usr/local/lib/python3.8/dist-packages (from pandas) (2023.3.post1)
Requirement already satisfied: python-dateutil>=2.8.2 in /usr/local/lib/python3.8/dist-packages (from pandas) (2.8.2)
Requirement already satisfied: numpy>=1.20.3; python_version < "3.10" in /usr/local/lib/python3.8/dist-packages (from pandas) (1.24.4)
Requirement already satisfied: six>=1.5 in /usr/local/lib/python3.8/dist-packages (from python-dateutil>=2.8.2->pandas) (1.16.0)
Collecting git+https://github.com/mymarilyn/direct_redis.git
  Cloning https://github.com/mymarilyn/direct_redis.git to /tmp/pip-req-build-hdbgwj8l
  Running command git clone -q https://github.com/mymarilyn/direct_redis.git /tmp/pip-req-build-hdbgwj8l
[31m  ERROR: Error [Errno 2] No such file or directory: 'git' while executing command git clone -q https://github.com/mymarilyn/direct_redis.git /tmp/pip-req-build-hdbgwj8l[0m
[31mERROR: Cannot find command 'git' - do you have 'git' installed and in your PATH?[0m
Running /platform/source/s01/v4_enggpt/m10210210/m10210210_q2_t0.sh
/platform/source/s01/v4_enggpt/m10210210/m10210210_q2_t0.sh: line 4: sudo: command not found
/platform/source/s01/v4_enggpt/m10210210/m10210210_q2_t0.sh: line 5: sudo: command not found
Requirement already satisfied: pandas in /usr/local/lib/python3.8/dist-packages (2.0.3)
Requirement already satisfied: pymysql in /usr/local/lib/python3.8/dist-packages (1.1.0)
Requirement already satisfied: pymongo in /usr/local/lib/python3.8/dist-packages (4.6.0)
Requirement already satisfied: direct_redis in /usr/local/lib/python3.8/dist-packages (0.3.1)
Requirement already satisfied: tzdata>=2022.1 in /usr/local/lib/python3.8/dist-packages (from pandas) (2023.3)
Requirement already satisfied: python-dateutil>=2.8.2 in /usr/local/lib/python3.8/dist-packages (from pandas) (2.8.2)
Requirement already satisfied: pytz>=2020.1 in /usr/local/lib/python3.8/dist-packages (from pandas) (2023.3.post1)
Requirement already satisfied: numpy>=1.20.3; python_version < "3.10" in /usr/local/lib/python3.8/dist-packages (from pandas) (1.24.4)
Requirement already satisfied: dnspython<3.0.0,>=1.16.0 in /usr/local/lib/python3.8/dist-packages (from pymongo) (2.4.2)
Requirement already satisfied: redis==3.4.1 in /usr/local/lib/python3.8/dist-packages (from direct_redis) (3.4.1)
Requirement already satisfied: six>=1.5 in /usr/local/lib/python3.8/dist-packages (from python-dateutil>=2.8.2->pandas) (1.16.0)
Running /platform/source/s01/v4_enggpt/m10210210/m10210210_q3_t0.sh
/platform/source/s01/v4_enggpt/m10210210/m10210210_q3_t0.sh: line 6: sudo: command not found
/platform/source/s01/v4_enggpt/m10210210/m10210210_q3_t0.sh: line 9: sudo: command not found
Requirement already satisfied: pymysql in /usr/local/lib/python3.8/dist-packages (1.1.0)
Requirement already satisfied: pymongo in /usr/local/lib/python3.8/dist-packages (4.6.0)
Requirement already satisfied: pandas in /usr/local/lib/python3.8/dist-packages (2.0.3)
Requirement already satisfied: direct-redis in /usr/local/lib/python3.8/dist-packages (0.3.1)
Requirement already satisfied: dnspython<3.0.0,>=1.16.0 in /usr/local/lib/python3.8/dist-packages (from pymongo) (2.4.2)
Requirement already satisfied: tzdata>=2022.1 in /usr/local/lib/python3.8/dist-packages (from pandas) (2023.3)
Requirement already satisfied: pytz>=2020.1 in /usr/local/lib/python3.8/dist-packages (from pandas) (2023.3.post1)
Requirement already satisfied: numpy>=1.20.3; python_version < "3.10" in /usr/local/lib/python3.8/dist-packages (from pandas) (1.24.4)
Requirement already satisfied: python-dateutil>=2.8.2 in /usr/local/lib/python3.8/dist-packages (from pandas) (2.8.2)
Requirement already satisfied: redis==3.4.1 in /usr/local/lib/python3.8/dist-packages (from direct-redis) (3.4.1)
Requirement already satisfied: six>=1.5 in /usr/local/lib/python3.8/dist-packages (from python-dateutil>=2.8.2->pandas) (1.16.0)
Running /platform/source/s01/v4_enggpt/m10210210/m10210210_q4_t0.sh
/platform/source/s01/v4_enggpt/m10210210/m10210210_q4_t0.sh: line 4: sudo: command not found
/platform/source/s01/v4_enggpt/m10210210/m10210210_q4_t0.sh: line 5: sudo: command not found
Requirement already satisfied: pymysql in /usr/local/lib/python3.8/dist-packages (1.1.0)
Requirement already satisfied: pymongo in /usr/local/lib/python3.8/dist-packages (4.6.0)
Requirement already satisfied: dnspython<3.0.0,>=1.16.0 in /usr/local/lib/python3.8/dist-packages (from pymongo) (2.4.2)
Running /platform/source/s01/v4_enggpt/m10210210/m10210210_q5_t0.sh
/platform/source/s01/v4_enggpt/m10210210/m10210210_q5_t0.sh: line 4: sudo: command not found
/platform/source/s01/v4_enggpt/m10210210/m10210210_q5_t0.sh: line 5: sudo: command not found
Requirement already satisfied: pandas in /usr/local/lib/python3.8/dist-packages (2.0.3)
Requirement already satisfied: pymysql in /usr/local/lib/python3.8/dist-packages (1.1.0)
Requirement already satisfied: pymongo in /usr/local/lib/python3.8/dist-packages (4.6.0)
Requirement already satisfied: redis in /usr/local/lib/python3.8/dist-packages (3.4.1)
Requirement already satisfied: direct_redis in /usr/local/lib/python3.8/dist-packages (0.3.1)
Requirement already satisfied: numpy>=1.20.3; python_version < "3.10" in /usr/local/lib/python3.8/dist-packages (from pandas) (1.24.4)
Requirement already satisfied: pytz>=2020.1 in /usr/local/lib/python3.8/dist-packages (from pandas) (2023.3.post1)
Requirement already satisfied: python-dateutil>=2.8.2 in /usr/local/lib/python3.8/dist-packages (from pandas) (2.8.2)
Requirement already satisfied: tzdata>=2022.1 in /usr/local/lib/python3.8/dist-packages (from pandas) (2023.3)
Requirement already satisfied: dnspython<3.0.0,>=1.16.0 in /usr/local/lib/python3.8/dist-packages (from pymongo) (2.4.2)
Requirement already satisfied: six>=1.5 in /usr/local/lib/python3.8/dist-packages (from python-dateutil>=2.8.2->pandas) (1.16.0)
Running /platform/source/s01/v4_enggpt/m10210210/m10210210_q6_t0.sh
Running /platform/source/s01/v4_enggpt/m10210210/m10210210_q7_t0.sh
/platform/source/s01/v4_enggpt/m10210210/m10210210_q7_t0.sh: line 6: sudo: command not found
/platform/source/s01/v4_enggpt/m10210210/m10210210_q7_t0.sh: line 7: sudo: command not found
/platform/source/s01/v4_enggpt/m10210210/m10210210_q7_t0.sh: line 8: sudo: command not found
Requirement already satisfied: pymysql in /usr/local/lib/python3.8/dist-packages (1.1.0)
Requirement already satisfied: pymongo in /usr/local/lib/python3.8/dist-packages (4.6.0)
Requirement already satisfied: pandas in /usr/local/lib/python3.8/dist-packages (2.0.3)
Requirement already satisfied: direct_redis in /usr/local/lib/python3.8/dist-packages (0.3.1)
Requirement already satisfied: dnspython<3.0.0,>=1.16.0 in /usr/local/lib/python3.8/dist-packages (from pymongo) (2.4.2)
Requirement already satisfied: numpy>=1.20.3; python_version < "3.10" in /usr/local/lib/python3.8/dist-packages (from pandas) (1.24.4)
Requirement already satisfied: pytz>=2020.1 in /usr/local/lib/python3.8/dist-packages (from pandas) (2023.3.post1)
Requirement already satisfied: python-dateutil>=2.8.2 in /usr/local/lib/python3.8/dist-packages (from pandas) (2.8.2)
Requirement already satisfied: tzdata>=2022.1 in /usr/local/lib/python3.8/dist-packages (from pandas) (2023.3)
Requirement already satisfied: redis==3.4.1 in /usr/local/lib/python3.8/dist-packages (from direct_redis) (3.4.1)
Requirement already satisfied: six>=1.5 in /usr/local/lib/python3.8/dist-packages (from python-dateutil>=2.8.2->pandas) (1.16.0)
Running /platform/source/s01/v4_enggpt/m10210210/m10210210_q8_t0.sh
/platform/source/s01/v4_enggpt/m10210210/m10210210_q8_t0.sh: line 5: sudo: command not found
/platform/source/s01/v4_enggpt/m10210210/m10210210_q8_t0.sh: line 8: sudo: command not found
Requirement already satisfied: pymysql in /usr/local/lib/python3.8/dist-packages (1.1.0)
Requirement already satisfied: pymongo in /usr/local/lib/python3.8/dist-packages (4.6.0)
Requirement already satisfied: dnspython<3.0.0,>=1.16.0 in /usr/local/lib/python3.8/dist-packages (from pymongo) (2.4.2)
Requirement already satisfied: pandas in /usr/local/lib/python3.8/dist-packages (2.0.3)
Requirement already satisfied: python-dateutil>=2.8.2 in /usr/local/lib/python3.8/dist-packages (from pandas) (2.8.2)
Requirement already satisfied: pytz>=2020.1 in /usr/local/lib/python3.8/dist-packages (from pandas) (2023.3.post1)
Requirement already satisfied: tzdata>=2022.1 in /usr/local/lib/python3.8/dist-packages (from pandas) (2023.3)
Requirement already satisfied: numpy>=1.20.3; python_version < "3.10" in /usr/local/lib/python3.8/dist-packages (from pandas) (1.24.4)
Requirement already satisfied: six>=1.5 in /usr/local/lib/python3.8/dist-packages (from python-dateutil>=2.8.2->pandas) (1.16.0)
Running /platform/source/s01/v4_enggpt/m10210210/m10210210_q9_t0.sh
/platform/source/s01/v4_enggpt/m10210210/m10210210_q9_t0.sh: line 4: sudo: command not found
/platform/source/s01/v4_enggpt/m10210210/m10210210_q9_t0.sh: line 5: sudo: command not found
Requirement already satisfied: pymysql in /usr/local/lib/python3.8/dist-packages (1.1.0)
Requirement already satisfied: pymongo in /usr/local/lib/python3.8/dist-packages (4.6.0)
Requirement already satisfied: pandas in /usr/local/lib/python3.8/dist-packages (2.0.3)
Requirement already satisfied: direct_redis in /usr/local/lib/python3.8/dist-packages (0.3.1)
Requirement already satisfied: dnspython<3.0.0,>=1.16.0 in /usr/local/lib/python3.8/dist-packages (from pymongo) (2.4.2)
Requirement already satisfied: tzdata>=2022.1 in /usr/local/lib/python3.8/dist-packages (from pandas) (2023.3)
Requirement already satisfied: pytz>=2020.1 in /usr/local/lib/python3.8/dist-packages (from pandas) (2023.3.post1)
Requirement already satisfied: numpy>=1.20.3; python_version < "3.10" in /usr/local/lib/python3.8/dist-packages (from pandas) (1.24.4)
Requirement already satisfied: python-dateutil>=2.8.2 in /usr/local/lib/python3.8/dist-packages (from pandas) (2.8.2)
Requirement already satisfied: redis==3.4.1 in /usr/local/lib/python3.8/dist-packages (from direct_redis) (3.4.1)
Requirement already satisfied: six>=1.5 in /usr/local/lib/python3.8/dist-packages (from python-dateutil>=2.8.2->pandas) (1.16.0)
python /dbknitter/dbknitter/grader.py /platform/source/s01/v4_enggpt/m10210210/m10210210_q10_t0.py /platform/output/s01/v4_enggpt/m10210210/m10210210_q10_t0.csv /platform/expected/s01/q10.csv
/platform/source/s01/v4_enggpt/m10210210/m10210210_q10_t0.py:28: UserWarning: pandas only supports SQLAlchemy connectable (engine/connection) or database string URI or sqlite3 DBAPI2 connection. Other DBAPI2 objects are not tested. Please consider using SQLAlchemy.
  lineitem_df = pd.read_sql(mysql_query, mysql_conn)
Traceback (most recent call last):
  File "/platform/source/s01/v4_enggpt/m10210210/m10210210_q10_t0.py", line 43, in <module>
    customer_df = pd.concat([pd.read_json(c) for c in customer_list])
  File "/platform/source/s01/v4_enggpt/m10210210/m10210210_q10_t0.py", line 43, in <listcomp>
    customer_df = pd.concat([pd.read_json(c) for c in customer_list])
  File "/usr/local/lib/python3.8/dist-packages/pandas/io/json/_json.py", line 760, in read_json
    json_reader = JsonReader(
  File "/usr/local/lib/python3.8/dist-packages/pandas/io/json/_json.py", line 861, in __init__
    data = self._get_data_from_filepath(filepath_or_buffer)
  File "/usr/local/lib/python3.8/dist-packages/pandas/io/json/_json.py", line 901, in _get_data_from_filepath
    self.handles = get_handle(
  File "/usr/local/lib/python3.8/dist-packages/pandas/io/common.py", line 707, in get_handle
    if _is_binary_mode(path_or_buf, mode) and "b" not in mode:
  File "/usr/local/lib/python3.8/dist-packages/pandas/io/common.py", line 1167, in _is_binary_mode
    return isinstance(handle, _get_binary_io_classes()) or "b" in getattr(
TypeError: argument of type 'method' is not iterable
Score.fail_execute
python /dbknitter/dbknitter/grader.py /platform/source/s01/v4_enggpt/m10210210/m10210210_q11_t0.py /platform/output/s01/v4_enggpt/m10210210/m10210210_q11_t0.csv /platform/expected/s01/q11.csv
>>> Expected ((2541, 2))
      PS_PARTKEY        VALUE
0          12098  16227681.21
1           5134  15709338.52
2          13334  15023662.41
3          17052  14351644.20
4           3452  14070870.14
...          ...          ...
2536       19870   1007919.36
2537       18564   1007416.20
2538       10179   1004920.00
2539         883   1004650.68
2540        3627   1004461.04

[2541 rows x 2 columns]

>>> Actual ((0, 2))
Empty DataFrame
Columns: [PS_PARTKEY, TOTAL_VALUE]
Index: []

Score.fail_wrong_output
python /dbknitter/dbknitter/grader.py /platform/source/s01/v4_enggpt/m10210210/m10210210_q12_t0.py /platform/output/s01/v4_enggpt/m10210210/m10210210_q12_t0.csv /platform/expected/s01/q12.csv
The query_output.csv file has been created.
>>> Expected ((2, 3))
   HIGH_LINE_COUNT  LOW_LINE_COUNT L_SHIPMODE
0              647             945       MAIL
1              620             943       SHIP

>>> Actual ((2, 3))
   HIGH_LINE_COUNT  LOW_LINE_COUNT SHIPPING_MODE
0              647             945          MAIL
1              620             943          SHIP

Head row similarity: 0.9540636042402827
Score.success_approx
python /dbknitter/dbknitter/grader.py /platform/source/s01/v4_enggpt/m10210210/m10210210_q13_t0.py /platform/output/s01/v4_enggpt/m10210210/m10210210_q13_t0.csv /platform/expected/s01/q13.csv
Traceback (most recent call last):
  File "/platform/source/s01/v4_enggpt/m10210210/m10210210_q13_t0.py", line 51, in <module>
    main()
  File "/platform/source/s01/v4_enggpt/m10210210/m10210210_q13_t0.py", line 18, in main
    customers_df = pd.read_json(customer_data)
  File "/usr/local/lib/python3.8/dist-packages/pandas/io/json/_json.py", line 760, in read_json
    json_reader = JsonReader(
  File "/usr/local/lib/python3.8/dist-packages/pandas/io/json/_json.py", line 861, in __init__
    data = self._get_data_from_filepath(filepath_or_buffer)
  File "/usr/local/lib/python3.8/dist-packages/pandas/io/json/_json.py", line 901, in _get_data_from_filepath
    self.handles = get_handle(
  File "/usr/local/lib/python3.8/dist-packages/pandas/io/common.py", line 707, in get_handle
    if _is_binary_mode(path_or_buf, mode) and "b" not in mode:
  File "/usr/local/lib/python3.8/dist-packages/pandas/io/common.py", line 1167, in _is_binary_mode
    return isinstance(handle, _get_binary_io_classes()) or "b" in getattr(
TypeError: argument of type 'method' is not iterable
Score.fail_execute
python /dbknitter/dbknitter/grader.py /platform/source/s01/v4_enggpt/m10210210/m10210210_q14_t0.py /platform/output/s01/v4_enggpt/m10210210/m10210210_q14_t0.csv /platform/expected/s01/q14.csv
Traceback (most recent call last):
  File "/platform/source/s01/v4_enggpt/m10210210/m10210210_q14_t0.py", line 46, in <module>
    part_df = pd.read_json(part_data)
  File "/usr/local/lib/python3.8/dist-packages/pandas/io/json/_json.py", line 760, in read_json
    json_reader = JsonReader(
  File "/usr/local/lib/python3.8/dist-packages/pandas/io/json/_json.py", line 861, in __init__
    data = self._get_data_from_filepath(filepath_or_buffer)
  File "/usr/local/lib/python3.8/dist-packages/pandas/io/json/_json.py", line 901, in _get_data_from_filepath
    self.handles = get_handle(
  File "/usr/local/lib/python3.8/dist-packages/pandas/io/common.py", line 707, in get_handle
    if _is_binary_mode(path_or_buf, mode) and "b" not in mode:
  File "/usr/local/lib/python3.8/dist-packages/pandas/io/common.py", line 1167, in _is_binary_mode
    return isinstance(handle, _get_binary_io_classes()) or "b" in getattr(
TypeError: argument of type 'method' is not iterable
Score.fail_execute
python /dbknitter/dbknitter/grader.py /platform/source/s01/v4_enggpt/m10210210/m10210210_q15_t0.py /platform/output/s01/v4_enggpt/m10210210/m10210210_q15_t0.csv /platform/expected/s01/q15.csv
>>> Expected ((1, 5))
               S_ADDRESS              S_NAME          S_PHONE  S_SUPPKEY  TOTAL_REVENUE
0  8mhrffG7D2WJBSQbOGstQ  Supplier#000000677  23-290-639-3315        677   1.614410e+06

>>> Actual ((1, 5))
               S_ADDRESS              S_NAME          S_PHONE  S_SUPPKEY  TOTAL_REVENUE
0  8mhrffG7D2WJBSQbOGstQ  Supplier#000000677  23-290-639-3315        677   1.614410e+06

Score.success
python /dbknitter/dbknitter/grader.py /platform/source/s01/v4_enggpt/m10210210/m10210210_q16_t0.py /platform/output/s01/v4_enggpt/m10210210/m10210210_q16_t0.csv /platform/expected/s01/q16.csv
>>> Expected ((2762, 4))
       P_BRAND  P_SIZE                  P_TYPE  SUPPLIER_CNT
0     Brand#14      45   SMALL ANODIZED NICKEL            12
1     Brand#22      19   SMALL BURNISHED BRASS            12
2     Brand#25      14   PROMO POLISHED COPPER            12
3     Brand#35      45    LARGE ANODIZED STEEL            12
4     Brand#35       9    PROMO BRUSHED COPPER            12
...        ...     ...                     ...           ...
2757  Brand#22      19     PROMO BRUSHED BRASS             3
2758  Brand#22      14  PROMO BURNISHED COPPER             3
2759  Brand#43      23  STANDARD BRUSHED BRASS             3
2760  Brand#44       9  MEDIUM ANODIZED NICKEL             3
2761  Brand#53      49  MEDIUM BURNISHED BRASS             3

[2762 rows x 4 columns]

>>> Actual ((2762, 4))
       P_BRAND  P_SIZE                    P_TYPE  SUPPLIER_CNT
0     Brand#14      45     SMALL ANODIZED NICKEL            12
1     Brand#22      19     SMALL BURNISHED BRASS            12
2     Brand#25      14     PROMO POLISHED COPPER            12
3     Brand#35      45      LARGE ANODIZED STEEL            12
4     Brand#35       9      PROMO BRUSHED COPPER            12
...        ...     ...                       ...           ...
2757  Brand#55      19  STANDARD POLISHED COPPER             4
2758  Brand#55      36  STANDARD POLISHED COPPER             4
2759  Brand#55      14  STANDARD POLISHED NICKEL             4
2760  Brand#55       9   STANDARD POLISHED STEEL             4
2761  Brand#55      36   STANDARD POLISHED STEEL             4

[2762 rows x 4 columns]

Head row similarity: 0.9725283501038173
Score.success_approx
python /dbknitter/dbknitter/grader.py /platform/source/s01/v4_enggpt/m10210210/m10210210_q17_t0.py /platform/output/s01/v4_enggpt/m10210210/m10210210_q17_t0.csv /platform/expected/s01/q17.csv
/platform/source/s01/v4_enggpt/m10210210/m10210210_q17_t0.py:20: UserWarning: pandas only supports SQLAlchemy connectable (engine/connection) or database string URI or sqlite3 DBAPI2 connection. Other DBAPI2 objects are not tested. Please consider using SQLAlchemy.
  lineitem_df = pd.read_sql(lineitem_query, mysql_conn)
>>> Expected ((1, 1))
     AVG_YEARLY
0  31865.742857

>>> Actual ((53, 1))
    YEARLY_AVG_EXTENDED_PRICE
0                31865.742857
1                31865.742857
2                31865.742857
3                31865.742857
4                31865.742857
5                31865.742857
6                31865.742857
7                31865.742857
8                31865.742857
9                31865.742857
10               31865.742857
11               31865.742857
12               31865.742857
13               31865.742857
14               31865.742857
15               31865.742857
16               31865.742857
17               31865.742857
18               31865.742857
19               31865.742857
20               31865.742857
21               31865.742857
22               31865.742857
23               31865.742857
24               31865.742857
25               31865.742857
26               31865.742857
27               31865.742857
28               31865.742857
29               31865.742857
30               31865.742857
31               31865.742857
32               31865.742857
33               31865.742857
34               31865.742857
35               31865.742857
36               31865.742857
37               31865.742857
38               31865.742857
39               31865.742857
40               31865.742857
41               31865.742857
42               31865.742857
43               31865.742857
44               31865.742857
45               31865.742857
46               31865.742857
47               31865.742857
48               31865.742857
49               31865.742857
50               31865.742857
51               31865.742857
52               31865.742857

Score.fail_wrong_output
python /dbknitter/dbknitter/grader.py /platform/source/s01/v4_enggpt/m10210210/m10210210_q18_t0.py /platform/output/s01/v4_enggpt/m10210210/m10210210_q18_t0.csv /platform/expected/s01/q18.csv
Traceback (most recent call last):
  File "/platform/source/s01/v4_enggpt/m10210210/m10210210_q18_t0.py", line 52, in <module>
    customer_data = pd.read_json(redis_conn.get('customer'), orient='split')
  File "/usr/local/lib/python3.8/dist-packages/pandas/io/json/_json.py", line 760, in read_json
    json_reader = JsonReader(
  File "/usr/local/lib/python3.8/dist-packages/pandas/io/json/_json.py", line 861, in __init__
    data = self._get_data_from_filepath(filepath_or_buffer)
  File "/usr/local/lib/python3.8/dist-packages/pandas/io/json/_json.py", line 901, in _get_data_from_filepath
    self.handles = get_handle(
  File "/usr/local/lib/python3.8/dist-packages/pandas/io/common.py", line 707, in get_handle
    if _is_binary_mode(path_or_buf, mode) and "b" not in mode:
  File "/usr/local/lib/python3.8/dist-packages/pandas/io/common.py", line 1167, in _is_binary_mode
    return isinstance(handle, _get_binary_io_classes()) or "b" in getattr(
TypeError: argument of type 'method' is not iterable
Score.fail_execute
python /dbknitter/dbknitter/grader.py /platform/source/s01/v4_enggpt/m10210210/m10210210_q19_t0.py /platform/output/s01/v4_enggpt/m10210210/m10210210_q19_t0.csv /platform/expected/s01/q19.csv
/platform/source/s01/v4_enggpt/m10210210/m10210210_q19_t0.py:18: UserWarning: pandas only supports SQLAlchemy connectable (engine/connection) or database string URI or sqlite3 DBAPI2 connection. Other DBAPI2 objects are not tested. Please consider using SQLAlchemy.
  lineitem_df = pd.read_sql(lineitem_query, mysql_conn)
Traceback (most recent call last):
  File "/usr/local/lib/python3.8/dist-packages/pandas/io/sql.py", line 2202, in execute
    cur.execute(sql, *args)
  File "/usr/local/lib/python3.8/dist-packages/pymysql/cursors.py", line 153, in execute
    result = self._query(query)
  File "/usr/local/lib/python3.8/dist-packages/pymysql/cursors.py", line 322, in _query
    conn.query(q)
  File "/usr/local/lib/python3.8/dist-packages/pymysql/connections.py", line 558, in query
    self._affected_rows = self._read_query_result(unbuffered=unbuffered)
  File "/usr/local/lib/python3.8/dist-packages/pymysql/connections.py", line 822, in _read_query_result
    result.read()
  File "/usr/local/lib/python3.8/dist-packages/pymysql/connections.py", line 1200, in read
    first_packet = self.connection._read_packet()
  File "/usr/local/lib/python3.8/dist-packages/pymysql/connections.py", line 772, in _read_packet
    packet.raise_for_error()
  File "/usr/local/lib/python3.8/dist-packages/pymysql/protocol.py", line 221, in raise_for_error
    err.raise_mysql_exception(self._data)
  File "/usr/local/lib/python3.8/dist-packages/pymysql/err.py", line 143, in raise_mysql_exception
    raise errorclass(errno, errval)
pymysql.err.OperationalError: (1054, "Unknown column 'L_SIZE' in 'where clause'")

The above exception was the direct cause of the following exception:

Traceback (most recent call last):
  File "/platform/source/s01/v4_enggpt/m10210210/m10210210_q19_t0.py", line 18, in <module>
    lineitem_df = pd.read_sql(lineitem_query, mysql_conn)
  File "/usr/local/lib/python3.8/dist-packages/pandas/io/sql.py", line 635, in read_sql
    return pandas_sql.read_query(
  File "/usr/local/lib/python3.8/dist-packages/pandas/io/sql.py", line 2266, in read_query
    cursor = self.execute(sql, params)
  File "/usr/local/lib/python3.8/dist-packages/pandas/io/sql.py", line 2214, in execute
    raise ex from exc
pandas.errors.DatabaseError: Execution failed on sql '
SELECT *
FROM lineitem
WHERE 
    (L_SHIPMODE = 'AIR' OR L_SHIPMODE = 'AIR REG') AND L_SHIPINSTRUCT = 'DELIVER IN PERSON'
    AND L_QUANTITY >= 1 AND (
        (L_QUANTITY <= 11 AND L_SIZE BETWEEN 1 AND 5) OR
        (L_QUANTITY BETWEEN 10 AND 20 AND L_SIZE BETWEEN 1 AND 10) OR
        (L_QUANTITY BETWEEN 20 AND 30 AND L_SIZE BETWEEN 1 AND 15)
    )
': (1054, "Unknown column 'L_SIZE' in 'where clause'")
Score.fail_execute
python /dbknitter/dbknitter/grader.py /platform/source/s01/v4_enggpt/m10210210/m10210210_q1_t0.py /platform/output/s01/v4_enggpt/m10210210/m10210210_q1_t0.csv /platform/expected/s01/q1.csv
>>> Expected ((4, 10))
   AVG_DISC     AVG_PRICE    AVG_QTY  COUNT_ORDER L_LINESTATUS L_RETURNFLAG  SUM_BASE_PRICE    SUM_CHARGE  SUM_DISC_PRICE  SUM_QTY
0  0.050145  36002.123829  25.537587       147790            F            A    5.320754e+09  5.256751e+09    5.054096e+09  3774200
1  0.049394  35521.326916  25.300664         3765            F            N    1.337378e+08  1.322863e+08    1.271324e+08    95257
2  0.050096  36000.924688  25.545538       292000            O            N    1.051227e+10  1.038558e+10    9.986238e+09  7459297
3  0.049989  35994.029214  25.525944       148301            F            R    5.337951e+09  5.274406e+09    5.071819e+09  3785523

>>> Actual ((4, 10))
   AVG_DISC     AVG_PRICE    AVG_QTY  COUNT_ORDER L_LINESTATUS L_RETURNFLAG  SUM_BASE_PRICE    SUM_CHARGE  SUM_DISC_PRICE    SUM_QTY
0  0.050145  36002.123829  25.537587       147790            F            A    5.320754e+09  5.256751e+09    5.054096e+09  3774200.0
1  0.049394  35521.326916  25.300664         3765            F            N    1.337378e+08  1.322863e+08    1.271324e+08    95257.0
2  0.050096  36000.924688  25.545538       292000            O            N    1.051227e+10  1.038558e+10    9.986238e+09  7459297.0
3  0.049989  35994.029214  25.525944       148301            F            R    5.337951e+09  5.274406e+09    5.071819e+09  3785523.0

Head row similarity: 0.992412746585736
Score.success_approx
python /dbknitter/dbknitter/grader.py /platform/source/s01/v4_enggpt/m10210210/m10210210_q20_t0.py /platform/output/s01/v4_enggpt/m10210210/m10210210_q20_t0.csv /platform/expected/s01/q20.csv
Score.fail_timeout
python /dbknitter/dbknitter/grader.py /platform/source/s01/v4_enggpt/m10210210/m10210210_q21_t0.py /platform/output/s01/v4_enggpt/m10210210/m10210210_q21_t0.csv /platform/expected/s01/q21.csv
>>> Expected ((47, 2))
    NUMWAIT              S_NAME
0        16  Supplier#000000445
1        16  Supplier#000000825
2        15  Supplier#000000709
3        15  Supplier#000000762
4        14  Supplier#000000357
5        14  Supplier#000000399
6        14  Supplier#000000496
7        13  Supplier#000000977
8        12  Supplier#000000144
9        12  Supplier#000000188
10       12  Supplier#000000415
11       12  Supplier#000000472
12       12  Supplier#000000633
13       12  Supplier#000000708
14       12  Supplier#000000889
15       11  Supplier#000000380
16       11  Supplier#000000602
17       11  Supplier#000000659
18       11  Supplier#000000821
19       11  Supplier#000000929
20       10  Supplier#000000262
21       10  Supplier#000000460
22       10  Supplier#000000486
23       10  Supplier#000000669
24       10  Supplier#000000718
25       10  Supplier#000000778
26        9  Supplier#000000167
27        9  Supplier#000000578
28        9  Supplier#000000673
29        9  Supplier#000000687
30        8  Supplier#000000074
31        8  Supplier#000000565
32        8  Supplier#000000648
33        8  Supplier#000000918
34        7  Supplier#000000427
35        7  Supplier#000000503
36        7  Supplier#000000610
37        7  Supplier#000000670
38        7  Supplier#000000811
39        6  Supplier#000000114
40        6  Supplier#000000379
41        6  Supplier#000000436
42        6  Supplier#000000500
43        6  Supplier#000000660
44        6  Supplier#000000788
45        6  Supplier#000000846
46        4  Supplier#000000920

>>> Actual ((0, 2))
Empty DataFrame
Columns: [NUMWAIT, S_NAME]
Index: []

Score.fail_wrong_output
python /dbknitter/dbknitter/grader.py /platform/source/s01/v4_enggpt/m10210210/m10210210_q22_t0.py /platform/output/s01/v4_enggpt/m10210210/m10210210_q22_t0.csv /platform/expected/s01/q22.csv
Traceback (most recent call last):
  File "/platform/source/s01/v4_enggpt/m10210210/m10210210_q22_t0.py", line 13, in <module>
    customer_data = eval(redis.get('customer'))
TypeError: eval() arg 1 must be a string, bytes or code object
Score.fail_execute
python /dbknitter/dbknitter/grader.py /platform/source/s01/v4_enggpt/m10210210/m10210210_q2_t0.py /platform/output/s01/v4_enggpt/m10210210/m10210210_q2_t0.csv /platform/expected/s01/q2.csv
/platform/source/s01/v4_enggpt/m10210210/m10210210_q2_t0.py:24: UserWarning: pandas only supports SQLAlchemy connectable (engine/connection) or database string URI or sqlite3 DBAPI2 connection. Other DBAPI2 objects are not tested. Please consider using SQLAlchemy.
  mysql_df = pd.read_sql(mysql_query, mysql_conn)
Traceback (most recent call last):
  File "/usr/local/lib/python3.8/dist-packages/pandas/io/sql.py", line 2202, in execute
    cur.execute(sql, *args)
  File "/usr/local/lib/python3.8/dist-packages/pymysql/cursors.py", line 153, in execute
    result = self._query(query)
  File "/usr/local/lib/python3.8/dist-packages/pymysql/cursors.py", line 322, in _query
    conn.query(q)
  File "/usr/local/lib/python3.8/dist-packages/pymysql/connections.py", line 558, in query
    self._affected_rows = self._read_query_result(unbuffered=unbuffered)
  File "/usr/local/lib/python3.8/dist-packages/pymysql/connections.py", line 822, in _read_query_result
    result.read()
  File "/usr/local/lib/python3.8/dist-packages/pymysql/connections.py", line 1200, in read
    first_packet = self.connection._read_packet()
  File "/usr/local/lib/python3.8/dist-packages/pymysql/connections.py", line 772, in _read_packet
    packet.raise_for_error()
  File "/usr/local/lib/python3.8/dist-packages/pymysql/protocol.py", line 221, in raise_for_error
    err.raise_mysql_exception(self._data)
  File "/usr/local/lib/python3.8/dist-packages/pymysql/err.py", line 143, in raise_mysql_exception
    raise errorclass(errno, errval)
pymysql.err.ProgrammingError: (1146, "Table 'tpch.nation' doesn't exist")

The above exception was the direct cause of the following exception:

Traceback (most recent call last):
  File "/platform/source/s01/v4_enggpt/m10210210/m10210210_q2_t0.py", line 24, in <module>
    mysql_df = pd.read_sql(mysql_query, mysql_conn)
  File "/usr/local/lib/python3.8/dist-packages/pandas/io/sql.py", line 635, in read_sql
    return pandas_sql.read_query(
  File "/usr/local/lib/python3.8/dist-packages/pandas/io/sql.py", line 2266, in read_query
    cursor = self.execute(sql, params)
  File "/usr/local/lib/python3.8/dist-packages/pandas/io/sql.py", line 2214, in execute
    raise ex from exc
pandas.errors.DatabaseError: Execution failed on sql '
SELECT r.R_NAME, ps.PS_PARTKEY, ps.PS_SUPPKEY, ps.PS_SUPPLYCOST
FROM region r
JOIN nation n ON r.R_REGIONKEY = n.N_REGIONKEY
JOIN supplier s ON n.N_NATIONKEY = s.S_NATIONKEY
JOIN partsupp ps ON s.S_SUPPKEY = ps.PS_SUPPKEY
WHERE r.R_NAME = 'EUROPE'
': (1146, "Table 'tpch.nation' doesn't exist")
Score.fail_execute
python /dbknitter/dbknitter/grader.py /platform/source/s01/v4_enggpt/m10210210/m10210210_q3_t0.py /platform/output/s01/v4_enggpt/m10210210/m10210210_q3_t0.csv /platform/expected/s01/q3.csv
/platform/source/s01/v4_enggpt/m10210210/m10210210_q3_t0.py:22: UserWarning: pandas only supports SQLAlchemy connectable (engine/connection) or database string URI or sqlite3 DBAPI2 connection. Other DBAPI2 objects are not tested. Please consider using SQLAlchemy.
  lineitem_df = pd.read_sql(lineitem_query, mysql_conn)
Traceback (most recent call last):
  File "/platform/source/s01/v4_enggpt/m10210210/m10210210_q3_t0.py", line 50, in <module>
    customer_df = pd.read_json(customer_json)
  File "/usr/local/lib/python3.8/dist-packages/pandas/io/json/_json.py", line 760, in read_json
    json_reader = JsonReader(
  File "/usr/local/lib/python3.8/dist-packages/pandas/io/json/_json.py", line 861, in __init__
    data = self._get_data_from_filepath(filepath_or_buffer)
  File "/usr/local/lib/python3.8/dist-packages/pandas/io/json/_json.py", line 901, in _get_data_from_filepath
    self.handles = get_handle(
  File "/usr/local/lib/python3.8/dist-packages/pandas/io/common.py", line 707, in get_handle
    if _is_binary_mode(path_or_buf, mode) and "b" not in mode:
  File "/usr/local/lib/python3.8/dist-packages/pandas/io/common.py", line 1167, in _is_binary_mode
    return isinstance(handle, _get_binary_io_classes()) or "b" in getattr(
TypeError: argument of type 'method' is not iterable
Score.fail_execute
python /dbknitter/dbknitter/grader.py /platform/source/s01/v4_enggpt/m10210210/m10210210_q4_t0.py /platform/output/s01/v4_enggpt/m10210210/m10210210_q4_t0.csv /platform/expected/s01/q4.csv
>>> Expected ((5, 2))
   ORDER_COUNT  O_ORDERPRIORITY
0          999         1-URGENT
1          997           2-HIGH
2         1031         3-MEDIUM
3          989  4-NOT SPECIFIED
4         1077            5-LOW

>>> Actual ((0, 2))
Empty DataFrame
Columns: [Count, Order Priority]
Index: []

Score.fail_wrong_output
python /dbknitter/dbknitter/grader.py /platform/source/s01/v4_enggpt/m10210210/m10210210_q5_t0.py /platform/output/s01/v4_enggpt/m10210210/m10210210_q5_t0.csv /platform/expected/s01/q5.csv
Traceback (most recent call last):
  File "/usr/local/lib/python3.8/dist-packages/pandas/core/internals/construction.py", line 934, in _finalize_columns_and_data
    columns = _validate_or_indexify_columns(contents, columns)
  File "/usr/local/lib/python3.8/dist-packages/pandas/core/internals/construction.py", line 981, in _validate_or_indexify_columns
    raise AssertionError(
AssertionError: 3 columns passed, passed data had 16 columns

The above exception was the direct cause of the following exception:

Traceback (most recent call last):
  File "/platform/source/s01/v4_enggpt/m10210210/m10210210_q5_t0.py", line 19, in <module>
    lineitems = pd.DataFrame(cursor.fetchall(), columns=["L_ORDERKEY", "L_EXTENDEDPRICE", "L_DISCOUNT"])
  File "/usr/local/lib/python3.8/dist-packages/pandas/core/frame.py", line 782, in __init__
    arrays, columns, index = nested_data_to_arrays(
  File "/usr/local/lib/python3.8/dist-packages/pandas/core/internals/construction.py", line 498, in nested_data_to_arrays
    arrays, columns = to_arrays(data, columns, dtype=dtype)
  File "/usr/local/lib/python3.8/dist-packages/pandas/core/internals/construction.py", line 840, in to_arrays
    content, columns = _finalize_columns_and_data(arr, columns, dtype)
  File "/usr/local/lib/python3.8/dist-packages/pandas/core/internals/construction.py", line 937, in _finalize_columns_and_data
    raise ValueError(err) from err
ValueError: 3 columns passed, passed data had 16 columns
Score.fail_execute
python /dbknitter/dbknitter/grader.py /platform/source/s01/v4_enggpt/m10210210/m10210210_q6_t0.py /platform/output/s01/v4_enggpt/m10210210/m10210210_q6_t0.csv /platform/expected/s01/q6.csv
>>> Expected ((1, 1))
        REVENUE
0  7.115407e+06

>>> Actual ((1, 1))
   total_revenue
0   1.845191e+08

Head row similarity: 0.375
Score.fail_wrong_output
python /dbknitter/dbknitter/grader.py /platform/source/s01/v4_enggpt/m10210210/m10210210_q7_t0.py /platform/output/s01/v4_enggpt/m10210210/m10210210_q7_t0.csv /platform/expected/s01/q7.csv
Traceback (most recent call last):
  File "/platform/source/s01/v4_enggpt/m10210210/m10210210_q7_t0.py", line 42, in <module>
    customer_df = pd.read_json(customer_data)
  File "/usr/local/lib/python3.8/dist-packages/pandas/io/json/_json.py", line 760, in read_json
    json_reader = JsonReader(
  File "/usr/local/lib/python3.8/dist-packages/pandas/io/json/_json.py", line 861, in __init__
    data = self._get_data_from_filepath(filepath_or_buffer)
  File "/usr/local/lib/python3.8/dist-packages/pandas/io/json/_json.py", line 901, in _get_data_from_filepath
    self.handles = get_handle(
  File "/usr/local/lib/python3.8/dist-packages/pandas/io/common.py", line 707, in get_handle
    if _is_binary_mode(path_or_buf, mode) and "b" not in mode:
  File "/usr/local/lib/python3.8/dist-packages/pandas/io/common.py", line 1167, in _is_binary_mode
    return isinstance(handle, _get_binary_io_classes()) or "b" in getattr(
TypeError: argument of type 'method' is not iterable
Score.fail_execute
python /dbknitter/dbknitter/grader.py /platform/source/s01/v4_enggpt/m10210210/m10210210_q8_t0.py /platform/output/s01/v4_enggpt/m10210210/m10210210_q8_t0.csv /platform/expected/s01/q8.csv
Traceback (most recent call last):
  File "/platform/source/s01/v4_enggpt/m10210210/m10210210_q8_t0.py", line 50, in <module>
    df_part = pd.read_json(redis_client.get('part'))
  File "/usr/local/lib/python3.8/dist-packages/direct_redis/direct_redis.py", line 22, in get
    encoded = super().get(key)
  File "/usr/local/lib/python3.8/dist-packages/redis/client.py", line 1579, in get
    return self.execute_command('GET', name)
  File "/usr/local/lib/python3.8/dist-packages/redis/client.py", line 878, in execute_command
    return self.parse_response(conn, command_name, **options)
  File "/usr/local/lib/python3.8/dist-packages/redis/client.py", line 892, in parse_response
    response = connection.read_response()
  File "/usr/local/lib/python3.8/dist-packages/redis/connection.py", line 734, in read_response
    response = self._parser.read_response()
  File "/usr/local/lib/python3.8/dist-packages/redis/connection.py", line 358, in read_response
    response = self.encoder.decode(response)
  File "/usr/local/lib/python3.8/dist-packages/redis/connection.py", line 129, in decode
    value = value.decode(self.encoding, self.encoding_errors)
UnicodeDecodeError: 'utf-8' codec can't decode byte 0x80 in position 0: invalid start byte
Score.fail_execute
python /dbknitter/dbknitter/grader.py /platform/source/s01/v4_enggpt/m10210210/m10210210_q9_t0.py /platform/output/s01/v4_enggpt/m10210210/m10210210_q9_t0.csv /platform/expected/s01/q9.csv
Traceback (most recent call last):
  File "/platform/source/s01/v4_enggpt/m10210210/m10210210_q9_t0.py", line 27, in <module>
    df_parts = load_redis_data(redis_conn, 'part')
  File "/platform/source/s01/v4_enggpt/m10210210/m10210210_q9_t0.py", line 21, in load_redis_data
    if data:
  File "/usr/local/lib/python3.8/dist-packages/pandas/core/generic.py", line 1466, in __nonzero__
    raise ValueError(
ValueError: The truth value of a DataFrame is ambiguous. Use a.empty, a.bool(), a.item(), a.any() or a.all().
Score.fail_execute
